[0.008s] Invoking command in '/home/yang/ros2_ws/build/tutorial_interfaces': CMAKE_PREFIX_PATH=${CMAKE_PREFIX_PATH}:/home/yang/ros2_ws/install/py_srvcli:/opt/ros/iron /usr/bin/cmake --build /home/yang/ros2_ws/build/tutorial_interfaces -- -j16 -l16
[0.026s] -- Found ament_cmake: 2.0.4 (/opt/ros/iron/share/ament_cmake/cmake)
[0.113s] -- Found geometry_msgs: 5.0.0 (/opt/ros/iron/share/geometry_msgs/cmake)
[0.130s] -- Found rosidl_generator_c: 4.0.1 (/opt/ros/iron/share/rosidl_generator_c/cmake)
[0.135s] -- Found rosidl_generator_cpp: 4.0.1 (/opt/ros/iron/share/rosidl_generator_cpp/cmake)
[0.143s] -- Using all available rosidl_typesupport_c: rosidl_typesupport_fastrtps_c;rosidl_typesupport_introspection_c
[0.153s] -- Using all available rosidl_typesupport_cpp: rosidl_typesupport_fastrtps_cpp;rosidl_typesupport_introspection_cpp
[0.210s] -- Found rosidl_default_generators: 1.5.0 (/opt/ros/iron/share/rosidl_default_generators/cmake)
[0.215s] -- Found rosidl_adapter: 4.0.1 (/opt/ros/iron/share/rosidl_adapter/cmake)
[0.456s] -- Found ament_cmake_ros: 0.11.2 (/opt/ros/iron/share/ament_cmake_ros/cmake)
[0.697s] -- Using all available rosidl_typesupport_c: rosidl_typesupport_fastrtps_c;rosidl_typesupport_introspection_c
[0.787s] -- Using all available rosidl_typesupport_cpp: rosidl_typesupport_fastrtps_cpp;rosidl_typesupport_introspection_cpp
[0.800s] -- Found python_cmake_module: 0.10.2 (/opt/ros/iron/share/python_cmake_module/cmake)
[0.813s] -- Using PYTHON_EXECUTABLE: /usr/bin/python3
[0.813s] -- Using PYTHON_INCLUDE_DIRS: /usr/include/python3.10
[0.813s] -- Using PYTHON_LIBRARIES: /usr/lib/x86_64-linux-gnu/libpython3.10.so
[0.836s] -- Found ament_lint_auto: 0.14.3 (/opt/ros/iron/share/ament_lint_auto/cmake)
[0.844s] -- Added test 'lint_cmake' to check CMake code style
[0.844s] -- Added test 'xmllint' to check XML markup files
[0.846s] -- Configuring done
[0.877s] -- Generating done
[0.879s] -- Build files have been written to: /home/yang/ros2_ws/build/tutorial_interfaces
[0.898s] [  1%] [34m[1mGenerating type hashes for ROS interfaces[0m
[0.905s] [  1%] Built target ament_cmake_python_copy_tutorial_interfaces
[1.041s] running egg_info
[1.041s] writing tutorial_interfaces.egg-info/PKG-INFO
[1.041s] writing dependency_links to tutorial_interfaces.egg-info/dependency_links.txt
[1.041s] writing top-level names to tutorial_interfaces.egg-info/top_level.txt
[1.043s] reading manifest file 'tutorial_interfaces.egg-info/SOURCES.txt'
[1.043s] writing manifest file 'tutorial_interfaces.egg-info/SOURCES.txt'
[1.060s] [  1%] Built target ament_cmake_python_build_tutorial_interfaces_egg
[1.066s] [  1%] Built target tutorial_interfaces__rosidl_generator_type_description
[1.072s] [  2%] [34m[1mGenerating C code for ROS interfaces[0m
[1.078s] [  3%] [34m[1mGenerating C++ code for ROS interfaces[0m
[1.465s] [  3%] Built target tutorial_interfaces__cpp
[1.571s] [35m[1mConsolidate compiler generated dependencies of target tutorial_interfaces__rosidl_generator_c[0m
[1.582s] [  7%] [32mBuilding C object CMakeFiles/tutorial_interfaces__rosidl_generator_c.dir/rosidl_generator_c/tutorial_interfaces/msg/detail/num__description.c.o[0m
[1.582s] [  7%] [32mBuilding C object CMakeFiles/tutorial_interfaces__rosidl_generator_c.dir/rosidl_generator_c/tutorial_interfaces/msg/detail/num__functions.c.o[0m
[1.582s] [  8%] [32mBuilding C object CMakeFiles/tutorial_interfaces__rosidl_generator_c.dir/rosidl_generator_c/tutorial_interfaces/msg/detail/sphere__functions.c.o[0m
[1.582s] [  9%] [32mBuilding C object CMakeFiles/tutorial_interfaces__rosidl_generator_c.dir/rosidl_generator_c/tutorial_interfaces/msg/detail/sphere__description.c.o[0m
[1.583s] [  9%] [32mBuilding C object CMakeFiles/tutorial_interfaces__rosidl_generator_c.dir/rosidl_generator_c/tutorial_interfaces/msg/detail/num__type_support.c.o[0m
[1.583s] [ 10%] [32mBuilding C object CMakeFiles/tutorial_interfaces__rosidl_generator_c.dir/rosidl_generator_c/tutorial_interfaces/msg/detail/sphere__type_support.c.o[0m
[1.583s] [ 11%] [32mBuilding C object CMakeFiles/tutorial_interfaces__rosidl_generator_c.dir/rosidl_generator_c/tutorial_interfaces/msg/detail/sample_array__functions.c.o[0m
[1.583s] [ 13%] [32mBuilding C object CMakeFiles/tutorial_interfaces__rosidl_generator_c.dir/rosidl_generator_c/tutorial_interfaces/msg/detail/sample_array__description.c.o[0m
[1.583s] [ 14%] [32mBuilding C object CMakeFiles/tutorial_interfaces__rosidl_generator_c.dir/rosidl_generator_c/tutorial_interfaces/msg/detail/sample_array__type_support.c.o[0m
[1.583s] [ 16%] [32mBuilding C object CMakeFiles/tutorial_interfaces__rosidl_generator_c.dir/rosidl_generator_c/tutorial_interfaces/srv/detail/add_three_ints__type_support.c.o[0m
[1.583s] [ 16%] [32mBuilding C object CMakeFiles/tutorial_interfaces__rosidl_generator_c.dir/rosidl_generator_c/tutorial_interfaces/srv/detail/add_three_ints__description.c.o[0m
[1.583s] [ 17%] [32mBuilding C object CMakeFiles/tutorial_interfaces__rosidl_generator_c.dir/rosidl_generator_c/tutorial_interfaces/srv/detail/add_three_ints__functions.c.o[0m
[1.584s] [ 19%] [32mBuilding C object CMakeFiles/tutorial_interfaces__rosidl_generator_c.dir/rosidl_generator_c/tutorial_interfaces/srv/detail/sensor_data__description.c.o[0m
[1.590s] [ 21%] [32mBuilding C object CMakeFiles/tutorial_interfaces__rosidl_generator_c.dir/rosidl_generator_c/tutorial_interfaces/srv/detail/sensor_data__functions.c.o[0m
[1.591s] [ 21%] [32mBuilding C object CMakeFiles/tutorial_interfaces__rosidl_generator_c.dir/rosidl_generator_c/tutorial_interfaces/srv/detail/sensor_data__type_support.c.o[0m
[1.611s] [ 22%] [32mBuilding C object CMakeFiles/tutorial_interfaces__rosidl_generator_c.dir/rosidl_generator_c/tutorial_interfaces/srv/detail/sample_request__description.c.o[0m
[1.612s] [ 23%] [32mBuilding C object CMakeFiles/tutorial_interfaces__rosidl_generator_c.dir/rosidl_generator_c/tutorial_interfaces/srv/detail/sample_request__type_support.c.o[0m
[1.614s] [ 25%] [32mBuilding C object CMakeFiles/tutorial_interfaces__rosidl_generator_c.dir/rosidl_generator_c/tutorial_interfaces/srv/detail/sample_request__functions.c.o[0m
[1.659s] [ 26%] [32m[1mLinking C shared library libtutorial_interfaces__rosidl_generator_c.so[0m
[1.682s] [ 26%] Built target tutorial_interfaces__rosidl_generator_c
[1.688s] [ 33%] [34m[1mGenerating C introspection for ROS interfaces[0m
[1.688s] [ 33%] [34m[1mGenerating C type support for eProsima Fast-RTPS[0m
[1.688s] [ 33%] [34m[1mGenerating C type support dispatch for ROS interfaces[0m
[1.688s] [ 33%] [34m[1mGenerating C++ type support dispatch for ROS interfaces[0m
[1.688s] [ 33%] [34m[1mGenerating C++ type support for eProsima Fast-RTPS[0m
[1.688s] [ 33%] [34m[1mGenerating C++ introspection for ROS interfaces[0m
[1.929s] [35m[1mConsolidate compiler generated dependencies of target tutorial_interfaces__rosidl_typesupport_c[0m
[1.938s] [ 34%] [32mBuilding CXX object CMakeFiles/tutorial_interfaces__rosidl_typesupport_c.dir/rosidl_typesupport_c/tutorial_interfaces/msg/sample_array__type_support.cpp.o[0m
[1.938s] [ 35%] [32mBuilding CXX object CMakeFiles/tutorial_interfaces__rosidl_typesupport_c.dir/rosidl_typesupport_c/tutorial_interfaces/msg/sphere__type_support.cpp.o[0m
[1.939s] [ 36%] [32mBuilding CXX object CMakeFiles/tutorial_interfaces__rosidl_typesupport_c.dir/rosidl_typesupport_c/tutorial_interfaces/msg/num__type_support.cpp.o[0m
[1.939s] [ 38%] [32mBuilding CXX object CMakeFiles/tutorial_interfaces__rosidl_typesupport_c.dir/rosidl_typesupport_c/tutorial_interfaces/srv/sensor_data__type_support.cpp.o[0m
[1.939s] [ 39%] [32mBuilding CXX object CMakeFiles/tutorial_interfaces__rosidl_typesupport_c.dir/rosidl_typesupport_c/tutorial_interfaces/srv/add_three_ints__type_support.cpp.o[0m
[1.939s] [ 40%] [32mBuilding CXX object CMakeFiles/tutorial_interfaces__rosidl_typesupport_c.dir/rosidl_typesupport_c/tutorial_interfaces/srv/sample_request__type_support.cpp.o[0m
[1.977s] [ 41%] [32m[1mLinking CXX shared library libtutorial_interfaces__rosidl_typesupport_c.so[0m
[2.002s] [ 41%] Built target tutorial_interfaces__rosidl_typesupport_c
[2.052s] [35m[1mConsolidate compiler generated dependencies of target tutorial_interfaces__rosidl_typesupport_introspection_c[0m
[2.060s] [ 42%] [32mBuilding C object CMakeFiles/tutorial_interfaces__rosidl_typesupport_introspection_c.dir/rosidl_typesupport_introspection_c/tutorial_interfaces/msg/detail/sphere__type_support.c.o[0m
[2.061s] [ 44%] [32mBuilding C object CMakeFiles/tutorial_interfaces__rosidl_typesupport_introspection_c.dir/rosidl_typesupport_introspection_c/tutorial_interfaces/srv/detail/add_three_ints__type_support.c.o[0m
[2.061s] [ 45%] [32mBuilding C object CMakeFiles/tutorial_interfaces__rosidl_typesupport_introspection_c.dir/rosidl_typesupport_introspection_c/tutorial_interfaces/msg/detail/num__type_support.c.o[0m
[2.061s] [ 46%] [32mBuilding C object CMakeFiles/tutorial_interfaces__rosidl_typesupport_introspection_c.dir/rosidl_typesupport_introspection_c/tutorial_interfaces/msg/detail/sample_array__type_support.c.o[0m
[2.062s] [ 47%] [32mBuilding C object CMakeFiles/tutorial_interfaces__rosidl_typesupport_introspection_c.dir/rosidl_typesupport_introspection_c/tutorial_interfaces/srv/detail/sensor_data__type_support.c.o[0m
[2.062s] [ 48%] [32mBuilding C object CMakeFiles/tutorial_interfaces__rosidl_typesupport_introspection_c.dir/rosidl_typesupport_introspection_c/tutorial_interfaces/srv/detail/sample_request__type_support.c.o[0m
[2.098s] [35m[1mConsolidate compiler generated dependencies of target tutorial_interfaces__rosidl_typesupport_fastrtps_c[0m
[2.102s] [ 50%] [32m[1mLinking C shared library libtutorial_interfaces__rosidl_typesupport_introspection_c.so[0m
[2.102s] [35m[1mConsolidate compiler generated dependencies of target tutorial_interfaces__rosidl_typesupport_fastrtps_cpp[0m
[2.109s] [ 51%] [32mBuilding CXX object CMakeFiles/tutorial_interfaces__rosidl_typesupport_fastrtps_c.dir/rosidl_typesupport_fastrtps_c/tutorial_interfaces/msg/detail/sphere__type_support_c.cpp.o[0m
[2.109s] [ 52%] [32mBuilding CXX object CMakeFiles/tutorial_interfaces__rosidl_typesupport_fastrtps_c.dir/rosidl_typesupport_fastrtps_c/tutorial_interfaces/msg/detail/num__type_support_c.cpp.o[0m
[2.110s] [ 53%] [32mBuilding CXX object CMakeFiles/tutorial_interfaces__rosidl_typesupport_fastrtps_c.dir/rosidl_typesupport_fastrtps_c/tutorial_interfaces/msg/detail/sample_array__type_support_c.cpp.o[0m
[2.110s] [ 54%] [32mBuilding CXX object CMakeFiles/tutorial_interfaces__rosidl_typesupport_fastrtps_c.dir/rosidl_typesupport_fastrtps_c/tutorial_interfaces/srv/detail/add_three_ints__type_support_c.cpp.o[0m
[2.110s] [ 55%] [32mBuilding CXX object CMakeFiles/tutorial_interfaces__rosidl_typesupport_fastrtps_c.dir/rosidl_typesupport_fastrtps_c/tutorial_interfaces/srv/detail/sensor_data__type_support_c.cpp.o[0m
[2.111s] [ 57%] [32mBuilding CXX object CMakeFiles/tutorial_interfaces__rosidl_typesupport_fastrtps_c.dir/rosidl_typesupport_fastrtps_c/tutorial_interfaces/srv/detail/sample_request__type_support_c.cpp.o[0m
[2.116s] [ 59%] [32mBuilding CXX object CMakeFiles/tutorial_interfaces__rosidl_typesupport_fastrtps_cpp.dir/rosidl_typesupport_fastrtps_cpp/tutorial_interfaces/msg/detail/dds_fastrtps/sphere__type_support.cpp.o[0m
[2.116s] [ 59%] [32mBuilding CXX object CMakeFiles/tutorial_interfaces__rosidl_typesupport_fastrtps_cpp.dir/rosidl_typesupport_fastrtps_cpp/tutorial_interfaces/msg/detail/dds_fastrtps/num__type_support.cpp.o[0m
[2.117s] [ 60%] [32mBuilding CXX object CMakeFiles/tutorial_interfaces__rosidl_typesupport_fastrtps_cpp.dir/rosidl_typesupport_fastrtps_cpp/tutorial_interfaces/msg/detail/dds_fastrtps/sample_array__type_support.cpp.o[0m
[2.117s] [ 63%] [32mBuilding CXX object CMakeFiles/tutorial_interfaces__rosidl_typesupport_fastrtps_cpp.dir/rosidl_typesupport_fastrtps_cpp/tutorial_interfaces/srv/detail/dds_fastrtps/sensor_data__type_support.cpp.o[0m
[2.117s] [ 63%] [32mBuilding CXX object CMakeFiles/tutorial_interfaces__rosidl_typesupport_fastrtps_cpp.dir/rosidl_typesupport_fastrtps_cpp/tutorial_interfaces/srv/detail/dds_fastrtps/add_three_ints__type_support.cpp.o[0m
[2.124s] [ 64%] [32mBuilding CXX object CMakeFiles/tutorial_interfaces__rosidl_typesupport_fastrtps_cpp.dir/rosidl_typesupport_fastrtps_cpp/tutorial_interfaces/srv/detail/dds_fastrtps/sample_request__type_support.cpp.o[0m
[2.132s] [ 64%] Built target tutorial_interfaces__rosidl_typesupport_introspection_c
[2.191s] [35m[1mConsolidate compiler generated dependencies of target tutorial_interfaces__rosidl_typesupport_cpp[0m
[2.211s] [ 65%] [32mBuilding CXX object CMakeFiles/tutorial_interfaces__rosidl_typesupport_cpp.dir/rosidl_typesupport_cpp/tutorial_interfaces/msg/num__type_support.cpp.o[0m
[2.230s] [ 66%] [32mBuilding CXX object CMakeFiles/tutorial_interfaces__rosidl_typesupport_cpp.dir/rosidl_typesupport_cpp/tutorial_interfaces/msg/sphere__type_support.cpp.o[0m
[2.279s] [ 67%] [32mBuilding CXX object CMakeFiles/tutorial_interfaces__rosidl_typesupport_cpp.dir/rosidl_typesupport_cpp/tutorial_interfaces/msg/sample_array__type_support.cpp.o[0m
[2.462s] [ 69%] [32mBuilding CXX object CMakeFiles/tutorial_interfaces__rosidl_typesupport_cpp.dir/rosidl_typesupport_cpp/tutorial_interfaces/srv/add_three_ints__type_support.cpp.o[0m
[2.471s] [ 70%] [32mBuilding CXX object CMakeFiles/tutorial_interfaces__rosidl_typesupport_cpp.dir/rosidl_typesupport_cpp/tutorial_interfaces/srv/sensor_data__type_support.cpp.o[0m
[2.473s] [ 71%] [32mBuilding CXX object CMakeFiles/tutorial_interfaces__rosidl_typesupport_cpp.dir/rosidl_typesupport_cpp/tutorial_interfaces/srv/sample_request__type_support.cpp.o[0m
[2.482s] [35m[1mConsolidate compiler generated dependencies of target tutorial_interfaces__rosidl_typesupport_introspection_cpp[0m
[2.495s] [ 73%] [32mBuilding CXX object CMakeFiles/tutorial_interfaces__rosidl_typesupport_introspection_cpp.dir/rosidl_typesupport_introspection_cpp/tutorial_interfaces/msg/detail/sphere__type_support.cpp.o[0m
[2.496s] [ 73%] [32mBuilding CXX object CMakeFiles/tutorial_interfaces__rosidl_typesupport_introspection_cpp.dir/rosidl_typesupport_introspection_cpp/tutorial_interfaces/msg/detail/num__type_support.cpp.o[0m
[2.503s] [ 75%] [32m[1mLinking CXX shared library libtutorial_interfaces__rosidl_typesupport_fastrtps_c.so[0m
[2.511s] [ 76%] [32mBuilding CXX object CMakeFiles/tutorial_interfaces__rosidl_typesupport_introspection_cpp.dir/rosidl_typesupport_introspection_cpp/tutorial_interfaces/msg/detail/sample_array__type_support.cpp.o[0m
[2.659s] [ 77%] [32mBuilding CXX object CMakeFiles/tutorial_interfaces__rosidl_typesupport_introspection_cpp.dir/rosidl_typesupport_introspection_cpp/tutorial_interfaces/srv/detail/add_three_ints__type_support.cpp.o[0m
[2.664s] [ 78%] [32mBuilding CXX object CMakeFiles/tutorial_interfaces__rosidl_typesupport_introspection_cpp.dir/rosidl_typesupport_introspection_cpp/tutorial_interfaces/srv/detail/sensor_data__type_support.cpp.o[0m
[2.673s] [ 79%] [32mBuilding CXX object CMakeFiles/tutorial_interfaces__rosidl_typesupport_introspection_cpp.dir/rosidl_typesupport_introspection_cpp/tutorial_interfaces/srv/detail/sample_request__type_support.cpp.o[0m
[2.680s] [ 79%] Built target tutorial_interfaces__rosidl_typesupport_fastrtps_c
[2.903s] [ 80%] [32m[1mLinking CXX shared library libtutorial_interfaces__rosidl_typesupport_fastrtps_cpp.so[0m
[2.949s] [ 82%] [32m[1mLinking CXX shared library libtutorial_interfaces__rosidl_typesupport_cpp.so[0m
[2.972s] [ 82%] Built target tutorial_interfaces__rosidl_typesupport_fastrtps_cpp
[3.004s] [ 82%] Built target tutorial_interfaces__rosidl_typesupport_cpp
[3.139s] [ 83%] [32m[1mLinking CXX shared library libtutorial_interfaces__rosidl_typesupport_introspection_cpp.so[0m
[3.188s] [ 83%] Built target tutorial_interfaces__rosidl_typesupport_introspection_cpp
[3.199s] [ 83%] Built target tutorial_interfaces
[3.210s] [ 84%] [34m[1mGenerating Python code for ROS interfaces[0m
[3.855s] [ 84%] Built target tutorial_interfaces__py
[3.861s] [35m[1mConsolidate compiler generated dependencies of target tutorial_interfaces__rosidl_generator_py[0m
[3.871s] [ 89%] [32mBuilding C object CMakeFiles/tutorial_interfaces__rosidl_generator_py.dir/rosidl_generator_py/tutorial_interfaces/msg/_sample_array_s.c.o[0m
[3.871s] [ 89%] [32mBuilding C object CMakeFiles/tutorial_interfaces__rosidl_generator_py.dir/rosidl_generator_py/tutorial_interfaces/srv/_add_three_ints_s.c.o[0m
[3.872s] [ 89%] [32mBuilding C object CMakeFiles/tutorial_interfaces__rosidl_generator_py.dir/rosidl_generator_py/tutorial_interfaces/msg/_num_s.c.o[0m
[3.872s] [ 89%] [32mBuilding C object CMakeFiles/tutorial_interfaces__rosidl_generator_py.dir/rosidl_generator_py/tutorial_interfaces/msg/_sphere_s.c.o[0m
[3.872s] [ 90%] [32mBuilding C object CMakeFiles/tutorial_interfaces__rosidl_generator_py.dir/rosidl_generator_py/tutorial_interfaces/srv/_sensor_data_s.c.o[0m
[3.872s] [ 91%] [32mBuilding C object CMakeFiles/tutorial_interfaces__rosidl_generator_py.dir/rosidl_generator_py/tutorial_interfaces/srv/_sample_request_s.c.o[0m
[3.950s] [ 92%] [32m[1mLinking C shared library rosidl_generator_py/tutorial_interfaces/libtutorial_interfaces__rosidl_generator_py.so[0m
[3.975s] [ 92%] Built target tutorial_interfaces__rosidl_generator_py
[3.981s] [35m[1mConsolidate compiler generated dependencies of target tutorial_interfaces__rosidl_typesupport_fastrtps_c__pyext[0m
[3.981s] [35m[1mConsolidate compiler generated dependencies of target tutorial_interfaces__rosidl_typesupport_c__pyext[0m
[3.981s] [35m[1mConsolidate compiler generated dependencies of target tutorial_interfaces__rosidl_typesupport_introspection_c__pyext[0m
[3.989s] [ 95%] [32mBuilding C object CMakeFiles/tutorial_interfaces__rosidl_typesupport_fastrtps_c__pyext.dir/rosidl_generator_py/tutorial_interfaces/_tutorial_interfaces_s.ep.rosidl_typesupport_fastrtps_c.c.o[0m
[3.989s] [ 95%] [32mBuilding C object CMakeFiles/tutorial_interfaces__rosidl_typesupport_c__pyext.dir/rosidl_generator_py/tutorial_interfaces/_tutorial_interfaces_s.ep.rosidl_typesupport_c.c.o[0m
[3.989s] [ 96%] [32mBuilding C object CMakeFiles/tutorial_interfaces__rosidl_typesupport_introspection_c__pyext.dir/rosidl_generator_py/tutorial_interfaces/_tutorial_interfaces_s.ep.rosidl_typesupport_introspection_c.c.o[0m
[4.068s] [ 98%] [32m[1mLinking C shared library rosidl_generator_py/tutorial_interfaces/tutorial_interfaces_s__rosidl_typesupport_fastrtps_c.cpython-310-x86_64-linux-gnu.so[0m
[4.068s] [ 98%] [32m[1mLinking C shared library rosidl_generator_py/tutorial_interfaces/tutorial_interfaces_s__rosidl_typesupport_introspection_c.cpython-310-x86_64-linux-gnu.so[0m
[4.071s] [100%] [32m[1mLinking C shared library rosidl_generator_py/tutorial_interfaces/tutorial_interfaces_s__rosidl_typesupport_c.cpython-310-x86_64-linux-gnu.so[0m
[4.093s] [100%] Built target tutorial_interfaces__rosidl_typesupport_introspection_c__pyext
[4.093s] [100%] Built target tutorial_interfaces__rosidl_typesupport_fastrtps_c__pyext
[4.096s] [100%] Built target tutorial_interfaces__rosidl_typesupport_c__pyext
[4.102s] Invoked command in '/home/yang/ros2_ws/build/tutorial_interfaces' returned '0': CMAKE_PREFIX_PATH=${CMAKE_PREFIX_PATH}:/home/yang/ros2_ws/install/py_srvcli:/opt/ros/iron /usr/bin/cmake --build /home/yang/ros2_ws/build/tutorial_interfaces -- -j16 -l16
[4.198s] Invoking command in '/home/yang/ros2_ws/build/tutorial_interfaces': CMAKE_PREFIX_PATH=${CMAKE_PREFIX_PATH}:/home/yang/ros2_ws/install/py_srvcli:/opt/ros/iron /usr/bin/cmake --install /home/yang/ros2_ws/build/tutorial_interfaces
[4.203s] -- Install configuration: ""
[4.203s] -- Up-to-date: /home/yang/ros2_ws/install/tutorial_interfaces/share/ament_index/resource_index/rosidl_interfaces/tutorial_interfaces
[4.203s] -- Installing: /home/yang/ros2_ws/install/tutorial_interfaces/share/tutorial_interfaces/msg/Num.json
[4.203s] -- Installing: /home/yang/ros2_ws/install/tutorial_interfaces/share/tutorial_interfaces/msg/Sphere.json
[4.203s] -- Installing: /home/yang/ros2_ws/install/tutorial_interfaces/share/tutorial_interfaces/msg/SampleArray.json
[4.203s] -- Installing: /home/yang/ros2_ws/install/tutorial_interfaces/share/tutorial_interfaces/srv/AddThreeInts.json
[4.203s] -- Installing: /home/yang/ros2_ws/install/tutorial_interfaces/share/tutorial_interfaces/srv/SensorData.json
[4.203s] -- Installing: /home/yang/ros2_ws/install/tutorial_interfaces/share/tutorial_interfaces/srv/SampleRequest.json
[4.203s] -- Up-to-date: /home/yang/ros2_ws/install/tutorial_interfaces/include/tutorial_interfaces/tutorial_interfaces
[4.203s] -- Up-to-date: /home/yang/ros2_ws/install/tutorial_interfaces/include/tutorial_interfaces/tutorial_interfaces/srv
[4.203s] -- Installing: /home/yang/ros2_ws/install/tutorial_interfaces/include/tutorial_interfaces/tutorial_interfaces/srv/add_three_ints.h
[4.203s] -- Up-to-date: /home/yang/ros2_ws/install/tutorial_interfaces/include/tutorial_interfaces/tutorial_interfaces/srv/detail
[4.203s] -- Installing: /home/yang/ros2_ws/install/tutorial_interfaces/include/tutorial_interfaces/tutorial_interfaces/srv/detail/sensor_data__description.c
[4.203s] -- Installing: /home/yang/ros2_ws/install/tutorial_interfaces/include/tutorial_interfaces/tutorial_interfaces/srv/detail/sensor_data__struct.h
[4.204s] -- Installing: /home/yang/ros2_ws/install/tutorial_interfaces/include/tutorial_interfaces/tutorial_interfaces/srv/detail/add_three_ints__functions.c
[4.204s] -- Installing: /home/yang/ros2_ws/install/tutorial_interfaces/include/tutorial_interfaces/tutorial_interfaces/srv/detail/sample_request__functions.h
[4.204s] -- Installing: /home/yang/ros2_ws/install/tutorial_interfaces/include/tutorial_interfaces/tutorial_interfaces/srv/detail/add_three_ints__type_support.c
[4.204s] -- Installing: /home/yang/ros2_ws/install/tutorial_interfaces/include/tutorial_interfaces/tutorial_interfaces/srv/detail/sample_request__type_support.c
[4.204s] -- Installing: /home/yang/ros2_ws/install/tutorial_interfaces/include/tutorial_interfaces/tutorial_interfaces/srv/detail/add_three_ints__struct.h
[4.204s] -- Installing: /home/yang/ros2_ws/install/tutorial_interfaces/include/tutorial_interfaces/tutorial_interfaces/srv/detail/sample_request__functions.c
[4.204s] -- Installing: /home/yang/ros2_ws/install/tutorial_interfaces/include/tutorial_interfaces/tutorial_interfaces/srv/detail/sample_request__struct.h
[4.204s] -- Installing: /home/yang/ros2_ws/install/tutorial_interfaces/include/tutorial_interfaces/tutorial_interfaces/srv/detail/add_three_ints__description.c
[4.204s] -- Installing: /home/yang/ros2_ws/install/tutorial_interfaces/include/tutorial_interfaces/tutorial_interfaces/srv/detail/sensor_data__functions.c
[4.204s] -- Installing: /home/yang/ros2_ws/install/tutorial_interfaces/include/tutorial_interfaces/tutorial_interfaces/srv/detail/sample_request__description.c
[4.204s] -- Installing: /home/yang/ros2_ws/install/tutorial_interfaces/include/tutorial_interfaces/tutorial_interfaces/srv/detail/add_three_ints__type_support.h
[4.204s] -- Installing: /home/yang/ros2_ws/install/tutorial_interfaces/include/tutorial_interfaces/tutorial_interfaces/srv/detail/add_three_ints__functions.h
[4.204s] -- Installing: /home/yang/ros2_ws/install/tutorial_interfaces/include/tutorial_interfaces/tutorial_interfaces/srv/detail/sensor_data__functions.h
[4.204s] -- Installing: /home/yang/ros2_ws/install/tutorial_interfaces/include/tutorial_interfaces/tutorial_interfaces/srv/detail/sensor_data__type_support.c
[4.204s] -- Installing: /home/yang/ros2_ws/install/tutorial_interfaces/include/tutorial_interfaces/tutorial_interfaces/srv/detail/sample_request__type_support.h
[4.204s] -- Installing: /home/yang/ros2_ws/install/tutorial_interfaces/include/tutorial_interfaces/tutorial_interfaces/srv/detail/sensor_data__type_support.h
[4.205s] -- Installing: /home/yang/ros2_ws/install/tutorial_interfaces/include/tutorial_interfaces/tutorial_interfaces/srv/sample_request.h
[4.205s] -- Installing: /home/yang/ros2_ws/install/tutorial_interfaces/include/tutorial_interfaces/tutorial_interfaces/srv/sensor_data.h
[4.205s] -- Up-to-date: /home/yang/ros2_ws/install/tutorial_interfaces/include/tutorial_interfaces/tutorial_interfaces/msg
[4.205s] -- Installing: /home/yang/ros2_ws/install/tutorial_interfaces/include/tutorial_interfaces/tutorial_interfaces/msg/num.h
[4.205s] -- Installing: /home/yang/ros2_ws/install/tutorial_interfaces/include/tutorial_interfaces/tutorial_interfaces/msg/sphere.h
[4.205s] -- Up-to-date: /home/yang/ros2_ws/install/tutorial_interfaces/include/tutorial_interfaces/tutorial_interfaces/msg/detail
[4.205s] -- Installing: /home/yang/ros2_ws/install/tutorial_interfaces/include/tutorial_interfaces/tutorial_interfaces/msg/detail/sphere__description.c
[4.205s] -- Installing: /home/yang/ros2_ws/install/tutorial_interfaces/include/tutorial_interfaces/tutorial_interfaces/msg/detail/sample_array__functions.c
[4.205s] -- Installing: /home/yang/ros2_ws/install/tutorial_interfaces/include/tutorial_interfaces/tutorial_interfaces/msg/detail/num__functions.h
[4.205s] -- Installing: /home/yang/ros2_ws/install/tutorial_interfaces/include/tutorial_interfaces/tutorial_interfaces/msg/detail/sphere__type_support.c
[4.205s] -- Installing: /home/yang/ros2_ws/install/tutorial_interfaces/include/tutorial_interfaces/tutorial_interfaces/msg/detail/num__description.c
[4.205s] -- Installing: /home/yang/ros2_ws/install/tutorial_interfaces/include/tutorial_interfaces/tutorial_interfaces/msg/detail/sample_array__description.c
[4.205s] -- Installing: /home/yang/ros2_ws/install/tutorial_interfaces/include/tutorial_interfaces/tutorial_interfaces/msg/detail/sphere__type_support.h
[4.205s] -- Installing: /home/yang/ros2_ws/install/tutorial_interfaces/include/tutorial_interfaces/tutorial_interfaces/msg/detail/sample_array__type_support.h
[4.205s] -- Installing: /home/yang/ros2_ws/install/tutorial_interfaces/include/tutorial_interfaces/tutorial_interfaces/msg/detail/sample_array__struct.h
[4.205s] -- Installing: /home/yang/ros2_ws/install/tutorial_interfaces/include/tutorial_interfaces/tutorial_interfaces/msg/detail/num__type_support.h
[4.205s] -- Installing: /home/yang/ros2_ws/install/tutorial_interfaces/include/tutorial_interfaces/tutorial_interfaces/msg/detail/sphere__struct.h
[4.205s] -- Installing: /home/yang/ros2_ws/install/tutorial_interfaces/include/tutorial_interfaces/tutorial_interfaces/msg/detail/sample_array__type_support.c
[4.205s] -- Installing: /home/yang/ros2_ws/install/tutorial_interfaces/include/tutorial_interfaces/tutorial_interfaces/msg/detail/num__functions.c
[4.206s] -- Installing: /home/yang/ros2_ws/install/tutorial_interfaces/include/tutorial_interfaces/tutorial_interfaces/msg/detail/sphere__functions.c
[4.206s] -- Installing: /home/yang/ros2_ws/install/tutorial_interfaces/include/tutorial_interfaces/tutorial_interfaces/msg/detail/sample_array__functions.h
[4.206s] -- Installing: /home/yang/ros2_ws/install/tutorial_interfaces/include/tutorial_interfaces/tutorial_interfaces/msg/detail/num__struct.h
[4.206s] -- Installing: /home/yang/ros2_ws/install/tutorial_interfaces/include/tutorial_interfaces/tutorial_interfaces/msg/detail/sphere__functions.h
[4.206s] -- Installing: /home/yang/ros2_ws/install/tutorial_interfaces/include/tutorial_interfaces/tutorial_interfaces/msg/detail/num__type_support.c
[4.206s] -- Up-to-date: /home/yang/ros2_ws/install/tutorial_interfaces/include/tutorial_interfaces/tutorial_interfaces/msg/rosidl_generator_c__visibility_control.h
[4.206s] -- Installing: /home/yang/ros2_ws/install/tutorial_interfaces/include/tutorial_interfaces/tutorial_interfaces/msg/sample_array.h
[4.206s] -- Up-to-date: /home/yang/ros2_ws/install/tutorial_interfaces/share/tutorial_interfaces/environment/library_path.sh
[4.206s] -- Up-to-date: /home/yang/ros2_ws/install/tutorial_interfaces/share/tutorial_interfaces/environment/library_path.dsv
[4.206s] -- Installing: /home/yang/ros2_ws/install/tutorial_interfaces/lib/libtutorial_interfaces__rosidl_generator_c.so
[4.206s] -- Set runtime path of "/home/yang/ros2_ws/install/tutorial_interfaces/lib/libtutorial_interfaces__rosidl_generator_c.so" to ""
[4.206s] -- Up-to-date: /home/yang/ros2_ws/install/tutorial_interfaces/include/tutorial_interfaces/tutorial_interfaces
[4.206s] -- Up-to-date: /home/yang/ros2_ws/install/tutorial_interfaces/include/tutorial_interfaces/tutorial_interfaces/srv
[4.206s] -- Up-to-date: /home/yang/ros2_ws/install/tutorial_interfaces/include/tutorial_interfaces/tutorial_interfaces/srv/detail
[4.207s] -- Installing: /home/yang/ros2_ws/install/tutorial_interfaces/include/tutorial_interfaces/tutorial_interfaces/srv/detail/add_three_ints__rosidl_typesupport_fastrtps_c.h
[4.207s] -- Installing: /home/yang/ros2_ws/install/tutorial_interfaces/include/tutorial_interfaces/tutorial_interfaces/srv/detail/sensor_data__rosidl_typesupport_fastrtps_c.h
[4.207s] -- Installing: /home/yang/ros2_ws/install/tutorial_interfaces/include/tutorial_interfaces/tutorial_interfaces/srv/detail/sample_request__rosidl_typesupport_fastrtps_c.h
[4.207s] -- Up-to-date: /home/yang/ros2_ws/install/tutorial_interfaces/include/tutorial_interfaces/tutorial_interfaces/msg
[4.207s] -- Up-to-date: /home/yang/ros2_ws/install/tutorial_interfaces/include/tutorial_interfaces/tutorial_interfaces/msg/rosidl_typesupport_fastrtps_c__visibility_control.h
[4.207s] -- Up-to-date: /home/yang/ros2_ws/install/tutorial_interfaces/include/tutorial_interfaces/tutorial_interfaces/msg/detail
[4.207s] -- Installing: /home/yang/ros2_ws/install/tutorial_interfaces/include/tutorial_interfaces/tutorial_interfaces/msg/detail/num__rosidl_typesupport_fastrtps_c.h
[4.207s] -- Installing: /home/yang/ros2_ws/install/tutorial_interfaces/include/tutorial_interfaces/tutorial_interfaces/msg/detail/sample_array__rosidl_typesupport_fastrtps_c.h
[4.207s] -- Installing: /home/yang/ros2_ws/install/tutorial_interfaces/include/tutorial_interfaces/tutorial_interfaces/msg/detail/sphere__rosidl_typesupport_fastrtps_c.h
[4.207s] -- Installing: /home/yang/ros2_ws/install/tutorial_interfaces/lib/libtutorial_interfaces__rosidl_typesupport_fastrtps_c.so
[4.207s] -- Set runtime path of "/home/yang/ros2_ws/install/tutorial_interfaces/lib/libtutorial_interfaces__rosidl_typesupport_fastrtps_c.so" to ""
[4.207s] -- Up-to-date: /home/yang/ros2_ws/install/tutorial_interfaces/include/tutorial_interfaces/tutorial_interfaces
[4.207s] -- Up-to-date: /home/yang/ros2_ws/install/tutorial_interfaces/include/tutorial_interfaces/tutorial_interfaces/srv
[4.207s] -- Installing: /home/yang/ros2_ws/install/tutorial_interfaces/include/tutorial_interfaces/tutorial_interfaces/srv/sample_request.hpp
[4.207s] -- Installing: /home/yang/ros2_ws/install/tutorial_interfaces/include/tutorial_interfaces/tutorial_interfaces/srv/sensor_data.hpp
[4.207s] -- Up-to-date: /home/yang/ros2_ws/install/tutorial_interfaces/include/tutorial_interfaces/tutorial_interfaces/srv/detail
[4.207s] -- Installing: /home/yang/ros2_ws/install/tutorial_interfaces/include/tutorial_interfaces/tutorial_interfaces/srv/detail/sensor_data__traits.hpp
[4.207s] -- Installing: /home/yang/ros2_ws/install/tutorial_interfaces/include/tutorial_interfaces/tutorial_interfaces/srv/detail/add_three_ints__traits.hpp
[4.207s] -- Installing: /home/yang/ros2_ws/install/tutorial_interfaces/include/tutorial_interfaces/tutorial_interfaces/srv/detail/sensor_data__builder.hpp
[4.208s] -- Installing: /home/yang/ros2_ws/install/tutorial_interfaces/include/tutorial_interfaces/tutorial_interfaces/srv/detail/sample_request__builder.hpp
[4.208s] -- Installing: /home/yang/ros2_ws/install/tutorial_interfaces/include/tutorial_interfaces/tutorial_interfaces/srv/detail/add_three_ints__builder.hpp
[4.208s] -- Installing: /home/yang/ros2_ws/install/tutorial_interfaces/include/tutorial_interfaces/tutorial_interfaces/srv/detail/sample_request__traits.hpp
[4.208s] -- Installing: /home/yang/ros2_ws/install/tutorial_interfaces/include/tutorial_interfaces/tutorial_interfaces/srv/detail/sample_request__struct.hpp
[4.208s] -- Installing: /home/yang/ros2_ws/install/tutorial_interfaces/include/tutorial_interfaces/tutorial_interfaces/srv/detail/add_three_ints__struct.hpp
[4.208s] -- Installing: /home/yang/ros2_ws/install/tutorial_interfaces/include/tutorial_interfaces/tutorial_interfaces/srv/detail/sensor_data__struct.hpp
[4.208s] -- Installing: /home/yang/ros2_ws/install/tutorial_interfaces/include/tutorial_interfaces/tutorial_interfaces/srv/add_three_ints.hpp
[4.208s] -- Up-to-date: /home/yang/ros2_ws/install/tutorial_interfaces/include/tutorial_interfaces/tutorial_interfaces/msg
[4.208s] -- Installing: /home/yang/ros2_ws/install/tutorial_interfaces/include/tutorial_interfaces/tutorial_interfaces/msg/num.hpp
[4.208s] -- Installing: /home/yang/ros2_ws/install/tutorial_interfaces/include/tutorial_interfaces/tutorial_interfaces/msg/sample_array.hpp
[4.208s] -- Installing: /home/yang/ros2_ws/install/tutorial_interfaces/include/tutorial_interfaces/tutorial_interfaces/msg/sphere.hpp
[4.208s] -- Up-to-date: /home/yang/ros2_ws/install/tutorial_interfaces/include/tutorial_interfaces/tutorial_interfaces/msg/detail
[4.208s] -- Installing: /home/yang/ros2_ws/install/tutorial_interfaces/include/tutorial_interfaces/tutorial_interfaces/msg/detail/num__struct.hpp
[4.208s] -- Installing: /home/yang/ros2_ws/install/tutorial_interfaces/include/tutorial_interfaces/tutorial_interfaces/msg/detail/sample_array__builder.hpp
[4.208s] -- Installing: /home/yang/ros2_ws/install/tutorial_interfaces/include/tutorial_interfaces/tutorial_interfaces/msg/detail/sample_array__struct.hpp
[4.208s] -- Installing: /home/yang/ros2_ws/install/tutorial_interfaces/include/tutorial_interfaces/tutorial_interfaces/msg/detail/sample_array__traits.hpp
[4.208s] -- Installing: /home/yang/ros2_ws/install/tutorial_interfaces/include/tutorial_interfaces/tutorial_interfaces/msg/detail/num__traits.hpp
[4.208s] -- Installing: /home/yang/ros2_ws/install/tutorial_interfaces/include/tutorial_interfaces/tutorial_interfaces/msg/detail/sphere__traits.hpp
[4.208s] -- Installing: /home/yang/ros2_ws/install/tutorial_interfaces/include/tutorial_interfaces/tutorial_interfaces/msg/detail/sphere__struct.hpp
[4.209s] -- Installing: /home/yang/ros2_ws/install/tutorial_interfaces/include/tutorial_interfaces/tutorial_interfaces/msg/detail/num__builder.hpp
[4.209s] -- Installing: /home/yang/ros2_ws/install/tutorial_interfaces/include/tutorial_interfaces/tutorial_interfaces/msg/detail/sphere__builder.hpp
[4.209s] -- Up-to-date: /home/yang/ros2_ws/install/tutorial_interfaces/include/tutorial_interfaces/tutorial_interfaces
[4.209s] -- Up-to-date: /home/yang/ros2_ws/install/tutorial_interfaces/include/tutorial_interfaces/tutorial_interfaces/srv
[4.209s] -- Up-to-date: /home/yang/ros2_ws/install/tutorial_interfaces/include/tutorial_interfaces/tutorial_interfaces/srv/detail
[4.209s] -- Installing: /home/yang/ros2_ws/install/tutorial_interfaces/include/tutorial_interfaces/tutorial_interfaces/srv/detail/sensor_data__rosidl_typesupport_fastrtps_cpp.hpp
[4.209s] -- Installing: /home/yang/ros2_ws/install/tutorial_interfaces/include/tutorial_interfaces/tutorial_interfaces/srv/detail/sample_request__rosidl_typesupport_fastrtps_cpp.hpp
[4.209s] -- Installing: /home/yang/ros2_ws/install/tutorial_interfaces/include/tutorial_interfaces/tutorial_interfaces/srv/detail/add_three_ints__rosidl_typesupport_fastrtps_cpp.hpp
[4.209s] -- Up-to-date: /home/yang/ros2_ws/install/tutorial_interfaces/include/tutorial_interfaces/tutorial_interfaces/srv/detail/dds_fastrtps
[4.209s] -- Up-to-date: /home/yang/ros2_ws/install/tutorial_interfaces/include/tutorial_interfaces/tutorial_interfaces/msg
[4.209s] -- Up-to-date: /home/yang/ros2_ws/install/tutorial_interfaces/include/tutorial_interfaces/tutorial_interfaces/msg/detail
[4.209s] -- Installing: /home/yang/ros2_ws/install/tutorial_interfaces/include/tutorial_interfaces/tutorial_interfaces/msg/detail/num__rosidl_typesupport_fastrtps_cpp.hpp
[4.209s] -- Installing: /home/yang/ros2_ws/install/tutorial_interfaces/include/tutorial_interfaces/tutorial_interfaces/msg/detail/sample_array__rosidl_typesupport_fastrtps_cpp.hpp
[4.209s] -- Installing: /home/yang/ros2_ws/install/tutorial_interfaces/include/tutorial_interfaces/tutorial_interfaces/msg/detail/sphere__rosidl_typesupport_fastrtps_cpp.hpp
[4.209s] -- Up-to-date: /home/yang/ros2_ws/install/tutorial_interfaces/include/tutorial_interfaces/tutorial_interfaces/msg/detail/dds_fastrtps
[4.209s] -- Up-to-date: /home/yang/ros2_ws/install/tutorial_interfaces/include/tutorial_interfaces/tutorial_interfaces/msg/rosidl_typesupport_fastrtps_cpp__visibility_control.h
[4.209s] -- Installing: /home/yang/ros2_ws/install/tutorial_interfaces/lib/libtutorial_interfaces__rosidl_typesupport_fastrtps_cpp.so
[4.210s] -- Set runtime path of "/home/yang/ros2_ws/install/tutorial_interfaces/lib/libtutorial_interfaces__rosidl_typesupport_fastrtps_cpp.so" to ""
[4.210s] -- Up-to-date: /home/yang/ros2_ws/install/tutorial_interfaces/include/tutorial_interfaces/tutorial_interfaces
[4.210s] -- Up-to-date: /home/yang/ros2_ws/install/tutorial_interfaces/include/tutorial_interfaces/tutorial_interfaces/srv
[4.210s] -- Up-to-date: /home/yang/ros2_ws/install/tutorial_interfaces/include/tutorial_interfaces/tutorial_interfaces/srv/detail
[4.210s] -- Installing: /home/yang/ros2_ws/install/tutorial_interfaces/include/tutorial_interfaces/tutorial_interfaces/srv/detail/sample_request__rosidl_typesupport_introspection_c.h
[4.210s] -- Installing: /home/yang/ros2_ws/install/tutorial_interfaces/include/tutorial_interfaces/tutorial_interfaces/srv/detail/add_three_ints__type_support.c
[4.210s] -- Installing: /home/yang/ros2_ws/install/tutorial_interfaces/include/tutorial_interfaces/tutorial_interfaces/srv/detail/sample_request__type_support.c
[4.210s] -- Installing: /home/yang/ros2_ws/install/tutorial_interfaces/include/tutorial_interfaces/tutorial_interfaces/srv/detail/sensor_data__rosidl_typesupport_introspection_c.h
[4.210s] -- Installing: /home/yang/ros2_ws/install/tutorial_interfaces/include/tutorial_interfaces/tutorial_interfaces/srv/detail/sensor_data__type_support.c
[4.210s] -- Installing: /home/yang/ros2_ws/install/tutorial_interfaces/include/tutorial_interfaces/tutorial_interfaces/srv/detail/add_three_ints__rosidl_typesupport_introspection_c.h
[4.210s] -- Up-to-date: /home/yang/ros2_ws/install/tutorial_interfaces/include/tutorial_interfaces/tutorial_interfaces/msg
[4.210s] -- Up-to-date: /home/yang/ros2_ws/install/tutorial_interfaces/include/tutorial_interfaces/tutorial_interfaces/msg/detail
[4.210s] -- Installing: /home/yang/ros2_ws/install/tutorial_interfaces/include/tutorial_interfaces/tutorial_interfaces/msg/detail/sphere__type_support.c
[4.210s] -- Installing: /home/yang/ros2_ws/install/tutorial_interfaces/include/tutorial_interfaces/tutorial_interfaces/msg/detail/sample_array__rosidl_typesupport_introspection_c.h
[4.210s] -- Installing: /home/yang/ros2_ws/install/tutorial_interfaces/include/tutorial_interfaces/tutorial_interfaces/msg/detail/sample_array__type_support.c
[4.210s] -- Installing: /home/yang/ros2_ws/install/tutorial_interfaces/include/tutorial_interfaces/tutorial_interfaces/msg/detail/sphere__rosidl_typesupport_introspection_c.h
[4.210s] -- Installing: /home/yang/ros2_ws/install/tutorial_interfaces/include/tutorial_interfaces/tutorial_interfaces/msg/detail/num__rosidl_typesupport_introspection_c.h
[4.211s] -- Installing: /home/yang/ros2_ws/install/tutorial_interfaces/include/tutorial_interfaces/tutorial_interfaces/msg/detail/num__type_support.c
[4.211s] -- Up-to-date: /home/yang/ros2_ws/install/tutorial_interfaces/include/tutorial_interfaces/tutorial_interfaces/msg/rosidl_typesupport_introspection_c__visibility_control.h
[4.211s] -- Installing: /home/yang/ros2_ws/install/tutorial_interfaces/lib/libtutorial_interfaces__rosidl_typesupport_introspection_c.so
[4.211s] -- Set runtime path of "/home/yang/ros2_ws/install/tutorial_interfaces/lib/libtutorial_interfaces__rosidl_typesupport_introspection_c.so" to ""
[4.211s] -- Installing: /home/yang/ros2_ws/install/tutorial_interfaces/lib/libtutorial_interfaces__rosidl_typesupport_c.so
[4.211s] -- Set runtime path of "/home/yang/ros2_ws/install/tutorial_interfaces/lib/libtutorial_interfaces__rosidl_typesupport_c.so" to ""
[4.211s] -- Up-to-date: /home/yang/ros2_ws/install/tutorial_interfaces/include/tutorial_interfaces/tutorial_interfaces
[4.211s] -- Up-to-date: /home/yang/ros2_ws/install/tutorial_interfaces/include/tutorial_interfaces/tutorial_interfaces/srv
[4.211s] -- Up-to-date: /home/yang/ros2_ws/install/tutorial_interfaces/include/tutorial_interfaces/tutorial_interfaces/srv/detail
[4.211s] -- Installing: /home/yang/ros2_ws/install/tutorial_interfaces/include/tutorial_interfaces/tutorial_interfaces/srv/detail/sample_request__type_support.cpp
[4.211s] -- Installing: /home/yang/ros2_ws/install/tutorial_interfaces/include/tutorial_interfaces/tutorial_interfaces/srv/detail/add_three_ints__type_support.cpp
[4.211s] -- Installing: /home/yang/ros2_ws/install/tutorial_interfaces/include/tutorial_interfaces/tutorial_interfaces/srv/detail/add_three_ints__rosidl_typesupport_introspection_cpp.hpp
[4.211s] -- Installing: /home/yang/ros2_ws/install/tutorial_interfaces/include/tutorial_interfaces/tutorial_interfaces/srv/detail/sample_request__rosidl_typesupport_introspection_cpp.hpp
[4.211s] -- Installing: /home/yang/ros2_ws/install/tutorial_interfaces/include/tutorial_interfaces/tutorial_interfaces/srv/detail/sensor_data__rosidl_typesupport_introspection_cpp.hpp
[4.211s] -- Installing: /home/yang/ros2_ws/install/tutorial_interfaces/include/tutorial_interfaces/tutorial_interfaces/srv/detail/sensor_data__type_support.cpp
[4.212s] -- Up-to-date: /home/yang/ros2_ws/install/tutorial_interfaces/include/tutorial_interfaces/tutorial_interfaces/msg
[4.212s] -- Up-to-date: /home/yang/ros2_ws/install/tutorial_interfaces/include/tutorial_interfaces/tutorial_interfaces/msg/detail
[4.212s] -- Installing: /home/yang/ros2_ws/install/tutorial_interfaces/include/tutorial_interfaces/tutorial_interfaces/msg/detail/sample_array__rosidl_typesupport_introspection_cpp.hpp
[4.212s] -- Installing: /home/yang/ros2_ws/install/tutorial_interfaces/include/tutorial_interfaces/tutorial_interfaces/msg/detail/sphere__type_support.cpp
[4.212s] -- Installing: /home/yang/ros2_ws/install/tutorial_interfaces/include/tutorial_interfaces/tutorial_interfaces/msg/detail/sphere__rosidl_typesupport_introspection_cpp.hpp
[4.212s] -- Installing: /home/yang/ros2_ws/install/tutorial_interfaces/include/tutorial_interfaces/tutorial_interfaces/msg/detail/num__rosidl_typesupport_introspection_cpp.hpp
[4.212s] -- Installing: /home/yang/ros2_ws/install/tutorial_interfaces/include/tutorial_interfaces/tutorial_interfaces/msg/detail/sample_array__type_support.cpp
[4.212s] -- Installing: /home/yang/ros2_ws/install/tutorial_interfaces/include/tutorial_interfaces/tutorial_interfaces/msg/detail/num__type_support.cpp
[4.212s] -- Installing: /home/yang/ros2_ws/install/tutorial_interfaces/lib/libtutorial_interfaces__rosidl_typesupport_introspection_cpp.so
[4.212s] -- Set runtime path of "/home/yang/ros2_ws/install/tutorial_interfaces/lib/libtutorial_interfaces__rosidl_typesupport_introspection_cpp.so" to ""
[4.212s] -- Installing: /home/yang/ros2_ws/install/tutorial_interfaces/lib/libtutorial_interfaces__rosidl_typesupport_cpp.so
[4.213s] -- Set runtime path of "/home/yang/ros2_ws/install/tutorial_interfaces/lib/libtutorial_interfaces__rosidl_typesupport_cpp.so" to ""
[4.213s] -- Up-to-date: /home/yang/ros2_ws/install/tutorial_interfaces/share/tutorial_interfaces/environment/pythonpath.sh
[4.213s] -- Up-to-date: /home/yang/ros2_ws/install/tutorial_interfaces/share/tutorial_interfaces/environment/pythonpath.dsv
[4.213s] -- Up-to-date: /home/yang/ros2_ws/install/tutorial_interfaces/lib/python3.10/site-packages/tutorial_interfaces-0.0.0-py3.10.egg-info
[4.213s] -- Installing: /home/yang/ros2_ws/install/tutorial_interfaces/lib/python3.10/site-packages/tutorial_interfaces-0.0.0-py3.10.egg-info/SOURCES.txt
[4.213s] -- Installing: /home/yang/ros2_ws/install/tutorial_interfaces/lib/python3.10/site-packages/tutorial_interfaces-0.0.0-py3.10.egg-info/PKG-INFO
[4.213s] -- Installing: /home/yang/ros2_ws/install/tutorial_interfaces/lib/python3.10/site-packages/tutorial_interfaces-0.0.0-py3.10.egg-info/dependency_links.txt
[4.213s] -- Installing: /home/yang/ros2_ws/install/tutorial_interfaces/lib/python3.10/site-packages/tutorial_interfaces-0.0.0-py3.10.egg-info/top_level.txt
[4.213s] -- Up-to-date: /home/yang/ros2_ws/install/tutorial_interfaces/lib/python3.10/site-packages/tutorial_interfaces
[4.213s] -- Installing: /home/yang/ros2_ws/install/tutorial_interfaces/lib/python3.10/site-packages/tutorial_interfaces/_tutorial_interfaces_s.ep.rosidl_typesupport_fastrtps_c.c
[4.213s] -- Installing: /home/yang/ros2_ws/install/tutorial_interfaces/lib/python3.10/site-packages/tutorial_interfaces/_tutorial_interfaces_s.ep.rosidl_typesupport_introspection_c.c
[4.213s] -- Installing: /home/yang/ros2_ws/install/tutorial_interfaces/lib/python3.10/site-packages/tutorial_interfaces/libtutorial_interfaces__rosidl_generator_py.so
[4.214s] -- Up-to-date: /home/yang/ros2_ws/install/tutorial_interfaces/lib/python3.10/site-packages/tutorial_interfaces/srv
[4.214s] -- Installing: /home/yang/ros2_ws/install/tutorial_interfaces/lib/python3.10/site-packages/tutorial_interfaces/srv/_sample_request.py
[4.214s] -- Installing: /home/yang/ros2_ws/install/tutorial_interfaces/lib/python3.10/site-packages/tutorial_interfaces/srv/_sample_request_s.c
[4.214s] -- Installing: /home/yang/ros2_ws/install/tutorial_interfaces/lib/python3.10/site-packages/tutorial_interfaces/srv/_sensor_data.py
[4.214s] -- Installing: /home/yang/ros2_ws/install/tutorial_interfaces/lib/python3.10/site-packages/tutorial_interfaces/srv/_add_three_ints.py
[4.214s] -- Installing: /home/yang/ros2_ws/install/tutorial_interfaces/lib/python3.10/site-packages/tutorial_interfaces/srv/_sensor_data_s.c
[4.214s] -- Installing: /home/yang/ros2_ws/install/tutorial_interfaces/lib/python3.10/site-packages/tutorial_interfaces/srv/_add_three_ints_s.c
[4.214s] -- Installing: /home/yang/ros2_ws/install/tutorial_interfaces/lib/python3.10/site-packages/tutorial_interfaces/srv/__init__.py
[4.214s] -- Installing: /home/yang/ros2_ws/install/tutorial_interfaces/lib/python3.10/site-packages/tutorial_interfaces/tutorial_interfaces_s__rosidl_typesupport_fastrtps_c.cpython-310-x86_64-linux-gnu.so
[4.214s] -- Up-to-date: /home/yang/ros2_ws/install/tutorial_interfaces/lib/python3.10/site-packages/tutorial_interfaces/msg
[4.214s] -- Installing: /home/yang/ros2_ws/install/tutorial_interfaces/lib/python3.10/site-packages/tutorial_interfaces/msg/_sample_array_s.c
[4.214s] -- Installing: /home/yang/ros2_ws/install/tutorial_interfaces/lib/python3.10/site-packages/tutorial_interfaces/msg/_num.py
[4.214s] -- Installing: /home/yang/ros2_ws/install/tutorial_interfaces/lib/python3.10/site-packages/tutorial_interfaces/msg/_sphere.py
[4.214s] -- Installing: /home/yang/ros2_ws/install/tutorial_interfaces/lib/python3.10/site-packages/tutorial_interfaces/msg/_sample_array.py
[4.214s] -- Installing: /home/yang/ros2_ws/install/tutorial_interfaces/lib/python3.10/site-packages/tutorial_interfaces/msg/_sphere_s.c
[4.214s] -- Installing: /home/yang/ros2_ws/install/tutorial_interfaces/lib/python3.10/site-packages/tutorial_interfaces/msg/_num_s.c
[4.215s] -- Installing: /home/yang/ros2_ws/install/tutorial_interfaces/lib/python3.10/site-packages/tutorial_interfaces/msg/__init__.py
[4.215s] -- Installing: /home/yang/ros2_ws/install/tutorial_interfaces/lib/python3.10/site-packages/tutorial_interfaces/_tutorial_interfaces_s.ep.rosidl_typesupport_c.c
[4.215s] -- Installing: /home/yang/ros2_ws/install/tutorial_interfaces/lib/python3.10/site-packages/tutorial_interfaces/tutorial_interfaces_s__rosidl_typesupport_c.cpython-310-x86_64-linux-gnu.so
[4.215s] -- Installing: /home/yang/ros2_ws/install/tutorial_interfaces/lib/python3.10/site-packages/tutorial_interfaces/__init__.py
[4.215s] -- Installing: /home/yang/ros2_ws/install/tutorial_interfaces/lib/python3.10/site-packages/tutorial_interfaces/tutorial_interfaces_s__rosidl_typesupport_introspection_c.cpython-310-x86_64-linux-gnu.so
[4.245s] Listing '/home/yang/ros2_ws/install/tutorial_interfaces/lib/python3.10/site-packages/tutorial_interfaces'...
[4.245s] Compiling '/home/yang/ros2_ws/install/tutorial_interfaces/lib/python3.10/site-packages/tutorial_interfaces/__init__.py'...
[4.245s] Listing '/home/yang/ros2_ws/install/tutorial_interfaces/lib/python3.10/site-packages/tutorial_interfaces/msg'...
[4.245s] Compiling '/home/yang/ros2_ws/install/tutorial_interfaces/lib/python3.10/site-packages/tutorial_interfaces/msg/__init__.py'...
[4.245s] Compiling '/home/yang/ros2_ws/install/tutorial_interfaces/lib/python3.10/site-packages/tutorial_interfaces/msg/_num.py'...
[4.245s] Compiling '/home/yang/ros2_ws/install/tutorial_interfaces/lib/python3.10/site-packages/tutorial_interfaces/msg/_sample_array.py'...
[4.245s] Compiling '/home/yang/ros2_ws/install/tutorial_interfaces/lib/python3.10/site-packages/tutorial_interfaces/msg/_sphere.py'...
[4.245s] Listing '/home/yang/ros2_ws/install/tutorial_interfaces/lib/python3.10/site-packages/tutorial_interfaces/srv'...
[4.245s] Compiling '/home/yang/ros2_ws/install/tutorial_interfaces/lib/python3.10/site-packages/tutorial_interfaces/srv/__init__.py'...
[4.245s] Compiling '/home/yang/ros2_ws/install/tutorial_interfaces/lib/python3.10/site-packages/tutorial_interfaces/srv/_add_three_ints.py'...
[4.245s] Compiling '/home/yang/ros2_ws/install/tutorial_interfaces/lib/python3.10/site-packages/tutorial_interfaces/srv/_sample_request.py'...
[4.245s] Compiling '/home/yang/ros2_ws/install/tutorial_interfaces/lib/python3.10/site-packages/tutorial_interfaces/srv/_sensor_data.py'...
[4.248s] -- Installing: /home/yang/ros2_ws/install/tutorial_interfaces/lib/python3.10/site-packages/tutorial_interfaces/tutorial_interfaces_s__rosidl_typesupport_fastrtps_c.cpython-310-x86_64-linux-gnu.so
[4.248s] -- Set runtime path of "/home/yang/ros2_ws/install/tutorial_interfaces/lib/python3.10/site-packages/tutorial_interfaces/tutorial_interfaces_s__rosidl_typesupport_fastrtps_c.cpython-310-x86_64-linux-gnu.so" to ""
[4.248s] -- Installing: /home/yang/ros2_ws/install/tutorial_interfaces/lib/python3.10/site-packages/tutorial_interfaces/tutorial_interfaces_s__rosidl_typesupport_introspection_c.cpython-310-x86_64-linux-gnu.so
[4.248s] -- Set runtime path of "/home/yang/ros2_ws/install/tutorial_interfaces/lib/python3.10/site-packages/tutorial_interfaces/tutorial_interfaces_s__rosidl_typesupport_introspection_c.cpython-310-x86_64-linux-gnu.so" to ""
[4.248s] -- Installing: /home/yang/ros2_ws/install/tutorial_interfaces/lib/python3.10/site-packages/tutorial_interfaces/tutorial_interfaces_s__rosidl_typesupport_c.cpython-310-x86_64-linux-gnu.so
[4.248s] -- Set runtime path of "/home/yang/ros2_ws/install/tutorial_interfaces/lib/python3.10/site-packages/tutorial_interfaces/tutorial_interfaces_s__rosidl_typesupport_c.cpython-310-x86_64-linux-gnu.so" to ""
[4.248s] -- Installing: /home/yang/ros2_ws/install/tutorial_interfaces/lib/libtutorial_interfaces__rosidl_generator_py.so
[4.248s] -- Set runtime path of "/home/yang/ros2_ws/install/tutorial_interfaces/lib/libtutorial_interfaces__rosidl_generator_py.so" to ""
[4.249s] -- Up-to-date: /home/yang/ros2_ws/install/tutorial_interfaces/share/tutorial_interfaces/msg/Num.idl
[4.249s] -- Up-to-date: /home/yang/ros2_ws/install/tutorial_interfaces/share/tutorial_interfaces/msg/Sphere.idl
[4.249s] -- Up-to-date: /home/yang/ros2_ws/install/tutorial_interfaces/share/tutorial_interfaces/msg/SampleArray.idl
[4.249s] -- Up-to-date: /home/yang/ros2_ws/install/tutorial_interfaces/share/tutorial_interfaces/srv/AddThreeInts.idl
[4.249s] -- Installing: /home/yang/ros2_ws/install/tutorial_interfaces/share/tutorial_interfaces/srv/SensorData.idl
[4.249s] -- Up-to-date: /home/yang/ros2_ws/install/tutorial_interfaces/share/tutorial_interfaces/srv/SampleRequest.idl
[4.249s] -- Up-to-date: /home/yang/ros2_ws/install/tutorial_interfaces/share/tutorial_interfaces/msg/Num.msg
[4.249s] -- Up-to-date: /home/yang/ros2_ws/install/tutorial_interfaces/share/tutorial_interfaces/msg/Sphere.msg
[4.249s] -- Up-to-date: /home/yang/ros2_ws/install/tutorial_interfaces/share/tutorial_interfaces/msg/SampleArray.msg
[4.249s] -- Up-to-date: /home/yang/ros2_ws/install/tutorial_interfaces/share/tutorial_interfaces/srv/AddThreeInts.srv
[4.249s] -- Up-to-date: /home/yang/ros2_ws/install/tutorial_interfaces/share/tutorial_interfaces/srv/AddThreeInts_Request.msg
[4.249s] -- Up-to-date: /home/yang/ros2_ws/install/tutorial_interfaces/share/tutorial_interfaces/srv/AddThreeInts_Response.msg
[4.249s] -- Installing: /home/yang/ros2_ws/install/tutorial_interfaces/share/tutorial_interfaces/srv/SensorData.srv
[4.249s] -- Up-to-date: /home/yang/ros2_ws/install/tutorial_interfaces/share/tutorial_interfaces/srv/SensorData_Request.msg
[4.249s] -- Installing: /home/yang/ros2_ws/install/tutorial_interfaces/share/tutorial_interfaces/srv/SensorData_Response.msg
[4.249s] -- Up-to-date: /home/yang/ros2_ws/install/tutorial_interfaces/share/tutorial_interfaces/srv/SampleRequest.srv
[4.249s] -- Up-to-date: /home/yang/ros2_ws/install/tutorial_interfaces/share/tutorial_interfaces/srv/SampleRequest_Request.msg
[4.249s] -- Up-to-date: /home/yang/ros2_ws/install/tutorial_interfaces/share/tutorial_interfaces/srv/SampleRequest_Response.msg
[4.249s] -- Up-to-date: /home/yang/ros2_ws/install/tutorial_interfaces/share/ament_index/resource_index/package_run_dependencies/tutorial_interfaces
[4.249s] -- Installing: /home/yang/ros2_ws/install/tutorial_interfaces/share/ament_index/resource_index/parent_prefix_path/tutorial_interfaces
[4.249s] -- Up-to-date: /home/yang/ros2_ws/install/tutorial_interfaces/share/tutorial_interfaces/environment/ament_prefix_path.sh
[4.249s] -- Up-to-date: /home/yang/ros2_ws/install/tutorial_interfaces/share/tutorial_interfaces/environment/ament_prefix_path.dsv
[4.250s] -- Up-to-date: /home/yang/ros2_ws/install/tutorial_interfaces/share/tutorial_interfaces/environment/path.sh
[4.250s] -- Up-to-date: /home/yang/ros2_ws/install/tutorial_interfaces/share/tutorial_interfaces/environment/path.dsv
[4.250s] -- Up-to-date: /home/yang/ros2_ws/install/tutorial_interfaces/share/tutorial_interfaces/local_setup.bash
[4.250s] -- Up-to-date: /home/yang/ros2_ws/install/tutorial_interfaces/share/tutorial_interfaces/local_setup.sh
[4.250s] -- Up-to-date: /home/yang/ros2_ws/install/tutorial_interfaces/share/tutorial_interfaces/local_setup.zsh
[4.250s] -- Up-to-date: /home/yang/ros2_ws/install/tutorial_interfaces/share/tutorial_interfaces/local_setup.dsv
[4.250s] -- Installing: /home/yang/ros2_ws/install/tutorial_interfaces/share/tutorial_interfaces/package.dsv
[4.250s] -- Up-to-date: /home/yang/ros2_ws/install/tutorial_interfaces/share/ament_index/resource_index/packages/tutorial_interfaces
[4.250s] -- Up-to-date: /home/yang/ros2_ws/install/tutorial_interfaces/share/tutorial_interfaces/cmake/export_tutorial_interfaces__rosidl_generator_cExport.cmake
[4.250s] -- Up-to-date: /home/yang/ros2_ws/install/tutorial_interfaces/share/tutorial_interfaces/cmake/export_tutorial_interfaces__rosidl_generator_cExport-noconfig.cmake
[4.250s] -- Up-to-date: /home/yang/ros2_ws/install/tutorial_interfaces/share/tutorial_interfaces/cmake/export_tutorial_interfaces__rosidl_typesupport_fastrtps_cExport.cmake
[4.250s] -- Up-to-date: /home/yang/ros2_ws/install/tutorial_interfaces/share/tutorial_interfaces/cmake/export_tutorial_interfaces__rosidl_typesupport_fastrtps_cExport-noconfig.cmake
[4.250s] -- Up-to-date: /home/yang/ros2_ws/install/tutorial_interfaces/share/tutorial_interfaces/cmake/export_tutorial_interfaces__rosidl_generator_cppExport.cmake
[4.250s] -- Up-to-date: /home/yang/ros2_ws/install/tutorial_interfaces/share/tutorial_interfaces/cmake/export_tutorial_interfaces__rosidl_typesupport_fastrtps_cppExport.cmake
[4.250s] -- Up-to-date: /home/yang/ros2_ws/install/tutorial_interfaces/share/tutorial_interfaces/cmake/export_tutorial_interfaces__rosidl_typesupport_fastrtps_cppExport-noconfig.cmake
[4.250s] -- Up-to-date: /home/yang/ros2_ws/install/tutorial_interfaces/share/tutorial_interfaces/cmake/tutorial_interfaces__rosidl_typesupport_introspection_cExport.cmake
[4.250s] -- Up-to-date: /home/yang/ros2_ws/install/tutorial_interfaces/share/tutorial_interfaces/cmake/tutorial_interfaces__rosidl_typesupport_introspection_cExport-noconfig.cmake
[4.250s] -- Up-to-date: /home/yang/ros2_ws/install/tutorial_interfaces/share/tutorial_interfaces/cmake/tutorial_interfaces__rosidl_typesupport_cExport.cmake
[4.250s] -- Up-to-date: /home/yang/ros2_ws/install/tutorial_interfaces/share/tutorial_interfaces/cmake/tutorial_interfaces__rosidl_typesupport_cExport-noconfig.cmake
[4.251s] -- Up-to-date: /home/yang/ros2_ws/install/tutorial_interfaces/share/tutorial_interfaces/cmake/tutorial_interfaces__rosidl_typesupport_introspection_cppExport.cmake
[4.251s] -- Up-to-date: /home/yang/ros2_ws/install/tutorial_interfaces/share/tutorial_interfaces/cmake/tutorial_interfaces__rosidl_typesupport_introspection_cppExport-noconfig.cmake
[4.251s] -- Up-to-date: /home/yang/ros2_ws/install/tutorial_interfaces/share/tutorial_interfaces/cmake/tutorial_interfaces__rosidl_typesupport_cppExport.cmake
[4.251s] -- Up-to-date: /home/yang/ros2_ws/install/tutorial_interfaces/share/tutorial_interfaces/cmake/tutorial_interfaces__rosidl_typesupport_cppExport-noconfig.cmake
[4.251s] -- Up-to-date: /home/yang/ros2_ws/install/tutorial_interfaces/share/tutorial_interfaces/cmake/export_tutorial_interfaces__rosidl_generator_pyExport.cmake
[4.251s] -- Up-to-date: /home/yang/ros2_ws/install/tutorial_interfaces/share/tutorial_interfaces/cmake/export_tutorial_interfaces__rosidl_generator_pyExport-noconfig.cmake
[4.251s] -- Up-to-date: /home/yang/ros2_ws/install/tutorial_interfaces/share/tutorial_interfaces/cmake/rosidl_cmake-extras.cmake
[4.251s] -- Up-to-date: /home/yang/ros2_ws/install/tutorial_interfaces/share/tutorial_interfaces/cmake/ament_cmake_export_dependencies-extras.cmake
[4.251s] -- Up-to-date: /home/yang/ros2_ws/install/tutorial_interfaces/share/tutorial_interfaces/cmake/ament_cmake_export_include_directories-extras.cmake
[4.251s] -- Up-to-date: /home/yang/ros2_ws/install/tutorial_interfaces/share/tutorial_interfaces/cmake/ament_cmake_export_libraries-extras.cmake
[4.251s] -- Up-to-date: /home/yang/ros2_ws/install/tutorial_interfaces/share/tutorial_interfaces/cmake/ament_cmake_export_targets-extras.cmake
[4.251s] -- Up-to-date: /home/yang/ros2_ws/install/tutorial_interfaces/share/tutorial_interfaces/cmake/rosidl_cmake_export_typesupport_targets-extras.cmake
[4.251s] -- Up-to-date: /home/yang/ros2_ws/install/tutorial_interfaces/share/tutorial_interfaces/cmake/rosidl_cmake_export_typesupport_libraries-extras.cmake
[4.251s] -- Up-to-date: /home/yang/ros2_ws/install/tutorial_interfaces/share/tutorial_interfaces/cmake/tutorial_interfacesConfig.cmake
[4.251s] -- Up-to-date: /home/yang/ros2_ws/install/tutorial_interfaces/share/tutorial_interfaces/cmake/tutorial_interfacesConfig-version.cmake
[4.251s] -- Up-to-date: /home/yang/ros2_ws/install/tutorial_interfaces/share/tutorial_interfaces/package.xml
[4.252s] Invoked command in '/home/yang/ros2_ws/build/tutorial_interfaces' returned '0': CMAKE_PREFIX_PATH=${CMAKE_PREFIX_PATH}:/home/yang/ros2_ws/install/py_srvcli:/opt/ros/iron /usr/bin/cmake --install /home/yang/ros2_ws/build/tutorial_interfaces
