[  2%] Built target cpp_sensor_server__rosidl_generator_type_description
[  2%] Built target ament_cmake_python_copy_cpp_sensor_server
[  4%] Built target cpp_sensor_server__cpp
[ 20%] Built target cpp_sensor_server__rosidl_generator_c
[ 60%] Built target cpp_sensor_server__rosidl_typesupport_introspection_c
[ 60%] Built target cpp_sensor_server__rosidl_typesupport_cpp
[ 60%] Built target cpp_sensor_server__rosidl_typesupport_fastrtps_cpp
[ 60%] Built target cpp_sensor_server__rosidl_typesupport_c
[ 60%] Built target cpp_sensor_server__rosidl_typesupport_fastrtps_c
[ 68%] Built target cpp_sensor_server__rosidl_typesupport_introspection_cpp
[ 68%] Built target cpp_sensor_server
[ 70%] Built target cpp_sensor_server__py
[ 72%] [32mBuilding CXX object CMakeFiles/sensor_client.dir/src/sensor_client.cpp.o[0m
[ 74%] [32mBuilding CXX object CMakeFiles/sensor_server.dir/src/sensor_server.cpp.o[0m
[ 76%] [32mBuilding CXX object CMakeFiles/sensor_server2.dir/src/sensor_server2.cpp.o[0m
[ 82%] Built target cpp_sensor_server__rosidl_generator_py
[ 94%] Built target cpp_sensor_server__rosidl_typesupport_introspection_c__pyext
[ 94%] Built target cpp_sensor_server__rosidl_typesupport_c__pyext
[ 94%] Built target cpp_sensor_server__rosidl_typesupport_fastrtps_c__pyext
running egg_info
writing cpp_sensor_server.egg-info/PKG-INFO
writing dependency_links to cpp_sensor_server.egg-info/dependency_links.txt
writing top-level names to cpp_sensor_server.egg-info/top_level.txt
reading manifest file 'cpp_sensor_server.egg-info/SOURCES.txt'
writing manifest file 'cpp_sensor_server.egg-info/SOURCES.txt'
[ 94%] Built target ament_cmake_python_build_cpp_sensor_server_egg
