[0.007s] Invoking command in '/home/yang/ros2_ws/build/cpp_sensor_server': CMAKE_PREFIX_PATH=/home/yang/ros2_ws/install/tutorial_interfaces:/home/yang/ros2_ws/install/cpp_sensor_server:/home/yang/ros2_ws/install/py_srvcli:/opt/ros/iron LD_LIBRARY_PATH=/home/yang/ros2_ws/install/tutorial_interfaces/lib:/home/yang/ros2_ws/install/cpp_sensor_server/lib:/opt/ros/iron/opt/rviz_ogre_vendor/lib:/opt/ros/iron/lib/x86_64-linux-gnu:/opt/ros/iron/lib PYTHONPATH=/home/yang/ros2_ws/install/tutorial_interfaces/lib/python3.10/site-packages:/home/yang/ros2_ws/install/py_srvcli/lib/python3.10/site-packages:/home/yang/ros2_ws/install/cpp_sensor_server/lib/python3.10/site-packages:/opt/ros/iron/lib/python3.10/site-packages /usr/bin/cmake --build /home/yang/ros2_ws/build/cpp_sensor_server -- -j16 -l16
[0.021s] -- Found ament_cmake: 2.0.4 (/opt/ros/iron/share/ament_cmake/cmake)
[0.100s] -- Found std_msgs: 5.0.0 (/opt/ros/iron/share/std_msgs/cmake)
[0.113s] -- Found rosidl_generator_c: 4.0.1 (/opt/ros/iron/share/rosidl_generator_c/cmake)
[0.118s] -- Found rosidl_generator_cpp: 4.0.1 (/opt/ros/iron/share/rosidl_generator_cpp/cmake)
[0.125s] -- Using all available rosidl_typesupport_c: rosidl_typesupport_fastrtps_c;rosidl_typesupport_introspection_c
[0.134s] -- Using all available rosidl_typesupport_cpp: rosidl_typesupport_fastrtps_cpp;rosidl_typesupport_introspection_cpp
[0.162s] -- Found rclcpp: 21.0.5 (/opt/ros/iron/share/rclcpp/cmake)
[0.240s] -- Found rmw_implementation_cmake: 7.1.0 (/opt/ros/iron/share/rmw_implementation_cmake/cmake)
[0.241s] -- Found rmw_fastrtps_cpp: 7.1.3 (/opt/ros/iron/share/rmw_fastrtps_cpp/cmake)
[0.302s] -- Using RMW implementation 'rmw_fastrtps_cpp' as default
[0.393s] -- Found rclcpp_components: 21.0.5 (/opt/ros/iron/share/rclcpp_components/cmake)
[0.445s] -- Found tutorial_interfaces: 0.0.0 (/home/yang/ros2_ws/install/tutorial_interfaces/share/tutorial_interfaces/cmake)
[0.537s] -- Found rosidl_default_generators: 1.5.0 (/opt/ros/iron/share/rosidl_default_generators/cmake)
[0.541s] -- Found rosidl_adapter: 4.0.1 (/opt/ros/iron/share/rosidl_adapter/cmake)
[0.546s] [0mCMake Deprecation Warning at /opt/ros/iron/share/rosidl_cmake/cmake/rosidl_target_interfaces.cmake:32 (message):
[0.546s]   Use rosidl_get_typesupport_target() and target_link_libraries() instead of
[0.546s]   rosidl_target_interfaces()
[0.546s] Call Stack (most recent call first):
[0.546s]   CMakeLists.txt:34 (rosidl_target_interfaces)
[0.546s] 
[0.546s] [0m
[0.546s] [31mCMake Error at /opt/ros/iron/share/rosidl_cmake/cmake/rosidl_target_interfaces.cmake:42 (message):
[0.546s]   rosidl_target_interfaces() the second argument 'cpp_sensor_server' must be
[0.546s]   a valid target name
[0.546s] Call Stack (most recent call first):
[0.546s]   CMakeLists.txt:34 (rosidl_target_interfaces)
[0.546s] 
[0.546s] [0m
[0.546s] -- Configuring incomplete, errors occurred!
[0.546s] See also "/home/yang/ros2_ws/build/cpp_sensor_server/CMakeFiles/CMakeOutput.log".
[0.549s] gmake: *** [Makefile:1208: cmake_check_build_system] Error 1
[0.550s] Invoked command in '/home/yang/ros2_ws/build/cpp_sensor_server' returned '2': CMAKE_PREFIX_PATH=/home/yang/ros2_ws/install/tutorial_interfaces:/home/yang/ros2_ws/install/cpp_sensor_server:/home/yang/ros2_ws/install/py_srvcli:/opt/ros/iron LD_LIBRARY_PATH=/home/yang/ros2_ws/install/tutorial_interfaces/lib:/home/yang/ros2_ws/install/cpp_sensor_server/lib:/opt/ros/iron/opt/rviz_ogre_vendor/lib:/opt/ros/iron/lib/x86_64-linux-gnu:/opt/ros/iron/lib PYTHONPATH=/home/yang/ros2_ws/install/tutorial_interfaces/lib/python3.10/site-packages:/home/yang/ros2_ws/install/py_srvcli/lib/python3.10/site-packages:/home/yang/ros2_ws/install/cpp_sensor_server/lib/python3.10/site-packages:/opt/ros/iron/lib/python3.10/site-packages /usr/bin/cmake --build /home/yang/ros2_ws/build/cpp_sensor_server -- -j16 -l16
