[0.006s] Invoking command in '/home/yang/ros2_ws/build/cpp_sensor_server': CMAKE_PREFIX_PATH=${CMAKE_PREFIX_PATH}:/home/yang/ros2_ws/install/py_srvcli:/opt/ros/iron /usr/bin/cmake --build /home/yang/ros2_ws/build/cpp_sensor_server -- -j16 -l16
[0.034s] [  2%] Built target cpp_sensor_server__rosidl_generator_type_description
[0.039s] [  2%] Built target ament_cmake_python_copy_cpp_sensor_server
[0.039s] [35m[1mConsolidate compiler generated dependencies of target cpp_sensor_server__rosidl_generator_c[0m
[0.044s] [  4%] Built target cpp_sensor_server__cpp
[0.047s] [ 20%] Built target cpp_sensor_server__rosidl_generator_c
[0.052s] [35m[1mConsolidate compiler generated dependencies of target cpp_sensor_server__rosidl_typesupport_c[0m
[0.052s] [35m[1mConsolidate compiler generated dependencies of target cpp_sensor_server__rosidl_typesupport_introspection_c[0m
[0.053s] [35m[1mConsolidate compiler generated dependencies of target cpp_sensor_server__rosidl_typesupport_cpp[0m
[0.053s] [35m[1mConsolidate compiler generated dependencies of target cpp_sensor_server__rosidl_typesupport_fastrtps_cpp[0m
[0.053s] [35m[1mConsolidate compiler generated dependencies of target cpp_sensor_server__rosidl_typesupport_fastrtps_c[0m
[0.053s] [35m[1mConsolidate compiler generated dependencies of target cpp_sensor_server__rosidl_typesupport_introspection_cpp[0m
[0.059s] [ 28%] Built target cpp_sensor_server__rosidl_typesupport_c
[0.060s] [ 36%] Built target cpp_sensor_server__rosidl_typesupport_introspection_c
[0.060s] [ 56%] Built target cpp_sensor_server__rosidl_typesupport_fastrtps_c
[0.060s] [ 58%] Built target cpp_sensor_server__rosidl_typesupport_cpp
[0.060s] [ 60%] Built target cpp_sensor_server__rosidl_typesupport_introspection_cpp
[0.061s] [ 68%] Built target cpp_sensor_server__rosidl_typesupport_fastrtps_cpp
[0.071s] [ 68%] Built target cpp_sensor_server
[0.083s] [ 70%] Built target cpp_sensor_server__py
[0.085s] [ 72%] [32mBuilding CXX object CMakeFiles/sensor_client.dir/src/sensor_client.cpp.o[0m
[0.089s] [ 74%] [32mBuilding CXX object CMakeFiles/sensor_server.dir/src/sensor_server.cpp.o[0m
[0.089s] [ 76%] [32mBuilding CXX object CMakeFiles/sensor_server2.dir/src/sensor_server2.cpp.o[0m
[0.094s] [ 80%] [32mBuilding C object CMakeFiles/cpp_sensor_server__rosidl_generator_py.dir/rosidl_generator_py/cpp_sensor_server/srv/_sample_request_s.c.o[0m
[0.094s] [ 80%] [32mBuilding C object CMakeFiles/cpp_sensor_server__rosidl_generator_py.dir/rosidl_generator_py/cpp_sensor_server/msg/_sample_array_s.c.o[0m
[0.171s] [ 82%] [32m[1mLinking C shared library rosidl_generator_py/cpp_sensor_server/libcpp_sensor_server__rosidl_generator_py.so[0m
[0.181s] running egg_info
[0.181s] writing cpp_sensor_server.egg-info/PKG-INFO
[0.182s] writing dependency_links to cpp_sensor_server.egg-info/dependency_links.txt
[0.182s] writing top-level names to cpp_sensor_server.egg-info/top_level.txt
[0.183s] reading manifest file 'cpp_sensor_server.egg-info/SOURCES.txt'
[0.183s] writing manifest file 'cpp_sensor_server.egg-info/SOURCES.txt'
[0.196s] [ 82%] Built target cpp_sensor_server__rosidl_generator_py
[0.199s] [ 82%] Built target ament_cmake_python_build_cpp_sensor_server_egg
[0.202s] [35m[1mConsolidate compiler generated dependencies of target cpp_sensor_server__rosidl_typesupport_fastrtps_c__pyext[0m
[0.202s] [35m[1mConsolidate compiler generated dependencies of target cpp_sensor_server__rosidl_typesupport_introspection_c__pyext[0m
[0.202s] [35m[1mConsolidate compiler generated dependencies of target cpp_sensor_server__rosidl_typesupport_c__pyext[0m
[0.209s] [ 88%] [32mBuilding C object CMakeFiles/cpp_sensor_server__rosidl_typesupport_introspection_c__pyext.dir/rosidl_generator_py/cpp_sensor_server/_cpp_sensor_server_s.ep.rosidl_typesupport_introspection_c.c.o[0m
[0.209s] [ 88%] [32mBuilding C object CMakeFiles/cpp_sensor_server__rosidl_typesupport_fastrtps_c__pyext.dir/rosidl_generator_py/cpp_sensor_server/_cpp_sensor_server_s.ep.rosidl_typesupport_fastrtps_c.c.o[0m
[0.209s] [ 88%] [32mBuilding C object CMakeFiles/cpp_sensor_server__rosidl_typesupport_c__pyext.dir/rosidl_generator_py/cpp_sensor_server/_cpp_sensor_server_s.ep.rosidl_typesupport_c.c.o[0m
[0.213s] [01m[K/home/yang/ros2_ws/src/cpp_sensor_server/src/sensor_client.cpp:2:10:[m[K [01;31m[Kfatal error: [m[Kcpp_sensor_server/srv/samplerequest.hpp: No such file or directory
[0.213s]     2 | #include [01;31m[K"cpp_sensor_server/srv/samplerequest.hpp"[m[K
[0.213s]       |          [01;31m[K^~~~~~~~~~~~~~~~~~~~~~~~~~~~~~~~~~~~~~~~~[m[K
[0.213s] compilation terminated.
[0.214s] gmake[2]: *** [CMakeFiles/sensor_client.dir/build.make:76: CMakeFiles/sensor_client.dir/src/sensor_client.cpp.o] Error 1
[0.214s] gmake[1]: *** [CMakeFiles/Makefile2:688: CMakeFiles/sensor_client.dir/all] Error 2
[0.214s] gmake[1]: *** Waiting for unfinished jobs....
[0.214s] [01m[K/home/yang/ros2_ws/src/cpp_sensor_server/src/sensor_server2.cpp:2:10:[m[K [01;31m[Kfatal error: [m[Kcpp_sensor_server/srv/samplerequest.hpp: No such file or directory
[0.214s]     2 | #include [01;31m[K"cpp_sensor_server/srv/samplerequest.hpp"[m[K
[0.214s]       |          [01;31m[K^~~~~~~~~~~~~~~~~~~~~~~~~~~~~~~~~~~~~~~~~[m[K
[0.214s] compilation terminated.
[0.215s] gmake[2]: *** [CMakeFiles/sensor_server2.dir/build.make:76: CMakeFiles/sensor_server2.dir/src/sensor_server2.cpp.o] Error 1
[0.216s] gmake[1]: *** [CMakeFiles/Makefile2:659: CMakeFiles/sensor_server2.dir/all] Error 2
[0.216s] [01m[K/home/yang/ros2_ws/src/cpp_sensor_server/src/sensor_server.cpp:2:10:[m[K [01;31m[Kfatal error: [m[Kcpp_sensor_server/srv/SampleRequest.hpp: No such file or directory
[0.216s]     2 | #include [01;31m[K"cpp_sensor_server/srv/SampleRequest.hpp"[m[K
[0.216s]       |          [01;31m[K^~~~~~~~~~~~~~~~~~~~~~~~~~~~~~~~~~~~~~~~~[m[K
[0.216s] compilation terminated.
[0.218s] gmake[2]: *** [CMakeFiles/sensor_server.dir/build.make:76: CMakeFiles/sensor_server.dir/src/sensor_server.cpp.o] Error 1
[0.218s] gmake[1]: *** [CMakeFiles/Makefile2:630: CMakeFiles/sensor_server.dir/all] Error 2
[0.270s] [ 94%] [32m[1mLinking C shared library rosidl_generator_py/cpp_sensor_server/cpp_sensor_server_s__rosidl_typesupport_c.cpython-310-x86_64-linux-gnu.so[0m
[0.271s] [ 94%] [32m[1mLinking C shared library rosidl_generator_py/cpp_sensor_server/cpp_sensor_server_s__rosidl_typesupport_fastrtps_c.cpython-310-x86_64-linux-gnu.so[0m
[0.271s] [ 94%] [32m[1mLinking C shared library rosidl_generator_py/cpp_sensor_server/cpp_sensor_server_s__rosidl_typesupport_introspection_c.cpython-310-x86_64-linux-gnu.so[0m
[0.293s] [ 94%] Built target cpp_sensor_server__rosidl_typesupport_c__pyext
[0.293s] [ 94%] Built target cpp_sensor_server__rosidl_typesupport_introspection_c__pyext
[0.293s] [ 94%] Built target cpp_sensor_server__rosidl_typesupport_fastrtps_c__pyext
[0.294s] gmake: *** [Makefile:146: all] Error 2
[0.295s] Invoked command in '/home/yang/ros2_ws/build/cpp_sensor_server' returned '2': CMAKE_PREFIX_PATH=${CMAKE_PREFIX_PATH}:/home/yang/ros2_ws/install/py_srvcli:/opt/ros/iron /usr/bin/cmake --build /home/yang/ros2_ws/build/cpp_sensor_server -- -j16 -l16
