[0.006s] Invoking command in '/home/yang/ros2_ws/build/cpp_sensor_server': CMAKE_PREFIX_PATH=${CMAKE_PREFIX_PATH}:/home/yang/ros2_ws/install/py_srvcli:/opt/ros/iron /usr/bin/cmake --build /home/yang/ros2_ws/build/cpp_sensor_server -- -j16 -l16
[0.018s] -- Found ament_cmake: 2.0.4 (/opt/ros/iron/share/ament_cmake/cmake)
[0.097s] -- Found rclcpp: 21.0.5 (/opt/ros/iron/share/rclcpp/cmake)
[0.113s] -- Found rosidl_generator_c: 4.0.1 (/opt/ros/iron/share/rosidl_generator_c/cmake)
[0.118s] -- Found rosidl_generator_cpp: 4.0.1 (/opt/ros/iron/share/rosidl_generator_cpp/cmake)
[0.125s] -- Using all available rosidl_typesupport_c: rosidl_typesupport_fastrtps_c;rosidl_typesupport_introspection_c
[0.134s] -- Using all available rosidl_typesupport_cpp: rosidl_typesupport_fastrtps_cpp;rosidl_typesupport_introspection_cpp
[0.221s] -- Found rmw_implementation_cmake: 7.1.0 (/opt/ros/iron/share/rmw_implementation_cmake/cmake)
[0.221s] -- Found rmw_fastrtps_cpp: 7.1.3 (/opt/ros/iron/share/rmw_fastrtps_cpp/cmake)
[0.284s] -- Using RMW implementation 'rmw_fastrtps_cpp' as default
[0.378s] -- Found rclcpp_components: 21.0.5 (/opt/ros/iron/share/rclcpp_components/cmake)
[0.430s] -- Found rosidl_default_generators: 1.5.0 (/opt/ros/iron/share/rosidl_default_generators/cmake)
[0.435s] -- Found rosidl_adapter: 4.0.1 (/opt/ros/iron/share/rosidl_adapter/cmake)
[0.613s] -- Found ament_cmake_ros: 0.11.2 (/opt/ros/iron/share/ament_cmake_ros/cmake)
[0.778s] -- Using all available rosidl_typesupport_c: rosidl_typesupport_fastrtps_c;rosidl_typesupport_introspection_c
[0.843s] -- Using all available rosidl_typesupport_cpp: rosidl_typesupport_fastrtps_cpp;rosidl_typesupport_introspection_cpp
[0.856s] -- Found python_cmake_module: 0.10.2 (/opt/ros/iron/share/python_cmake_module/cmake)
[0.868s] -- Using PYTHON_EXECUTABLE: /usr/bin/python3
[0.868s] -- Using PYTHON_INCLUDE_DIRS: /usr/include/python3.10
[0.868s] -- Using PYTHON_LIBRARIES: /usr/lib/x86_64-linux-gnu/libpython3.10.so
[0.877s] [31mCMake Error at /opt/ros/iron/share/ament_cmake_target_dependencies/cmake/ament_target_dependencies.cmake:77 (message):
[0.877s]   ament_target_dependencies() the passed package name 'std_msgs' was not
[0.877s]   found before
[0.877s] Call Stack (most recent call first):
[0.877s]   CMakeLists.txt:34 (ament_target_dependencies)
[0.877s] 
[0.877s] [0m
[0.877s] -- Configuring incomplete, errors occurred!
[0.877s] See also "/home/yang/ros2_ws/build/cpp_sensor_server/CMakeFiles/CMakeOutput.log".
[0.881s] gmake: *** [Makefile:856: cmake_check_build_system] Error 1
[0.882s] Invoked command in '/home/yang/ros2_ws/build/cpp_sensor_server' returned '2': CMAKE_PREFIX_PATH=${CMAKE_PREFIX_PATH}:/home/yang/ros2_ws/install/py_srvcli:/opt/ros/iron /usr/bin/cmake --build /home/yang/ros2_ws/build/cpp_sensor_server -- -j16 -l16
