[0.008s] Invoking command in '/home/yang/ros2_ws/build/cpp_srvcli': CMAKE_PREFIX_PATH=/home/yang/ros2_ws/install/tutorial_interfaces:/home/yang/ros2_ws/install/cpp_srvcli:/home/yang/ros2_ws/install/cpp_sensor_server:/home/yang/ros2_ws/install/py_srvcli:/opt/ros/iron LD_LIBRARY_PATH=/home/yang/ros2_ws/install/tutorial_interfaces/lib:/home/yang/ros2_ws/install/cpp_sensor_server/lib:/opt/ros/iron/opt/rviz_ogre_vendor/lib:/opt/ros/iron/lib/x86_64-linux-gnu:/opt/ros/iron/lib PYTHONPATH=/home/yang/ros2_ws/install/tutorial_interfaces/lib/python3.10/site-packages:/home/yang/ros2_ws/install/py_srvcli/lib/python3.10/site-packages:/home/yang/ros2_ws/install/cpp_sensor_server/lib/python3.10/site-packages:/opt/ros/iron/lib/python3.10/site-packages /usr/bin/cmake --build /home/yang/ros2_ws/build/cpp_srvcli -- -j16 -l16
[0.030s] [35m[1mConsolidate compiler generated dependencies of target client[0m
[0.031s] [35m[1mConsolidate compiler generated dependencies of target server[0m
[0.043s] [ 25%] [32mBuilding CXX object CMakeFiles/client.dir/src/sensor_client.cpp.o[0m
[0.047s] [ 50%] [32mBuilding CXX object CMakeFiles/server.dir/src/sensor_server.cpp.o[0m
[1.601s] [01m[K/home/yang/ros2_ws/src/cpp_srvcli/src/sensor_client.cpp:[m[K In member function ‘[01m[Kvoid SensorClient::request_data()[m[K’:
[1.601s] [01m[K/home/yang/ros2_ws/src/cpp_srvcli/src/sensor_client.cpp:37:49:[m[K [01;31m[Kerror: [m[Kno match for ‘[01m[Koperator<<[m[K’ (operand types are ‘[01m[Kstd::basic_ostream<char>[m[K’ and ‘[01m[Kstd_msgs::msg::Float64MultiArray_<std::allocator<void> >[m[K’)
[1.602s]    37 |              [32m[Kstd::cout<<"sent data to publish\r"[m[K[01;31m[K<<[m[K[34m[Kresults[m[K;
[1.602s]       |              [32m[K~~~~~~~~~~~~~~~~~~~~~~~~~~~~~~~~~~~[m[K[01;31m[K^~[m[K[34m[K~~~~~~~[m[K
[1.602s]       |                       [32m[K|[m[K                           [34m[K|[m[K
[1.602s]       |                       [32m[Kstd::basic_ostream<char>[m[K    [34m[Kstd_msgs::msg::Float64MultiArray_<std::allocator<void> >[m[K
[1.602s] In file included from [01m[K/usr/include/c++/11/iostream:39[m[K,
[1.602s]                  from [01m[K/opt/ros/iron/include/rclcpp/rclcpp/executor.hpp:22[m[K,
[1.602s]                  from [01m[K/opt/ros/iron/include/rclcpp/rclcpp/executors/multi_threaded_executor.hpp:25[m[K,
[1.602s]                  from [01m[K/opt/ros/iron/include/rclcpp/rclcpp/executors.hpp:21[m[K,
[1.602s]                  from [01m[K/opt/ros/iron/include/rclcpp/rclcpp/rclcpp.hpp:167[m[K,
[1.602s]                  from [01m[K/home/yang/ros2_ws/src/cpp_srvcli/src/sensor_client.cpp:1[m[K:
[1.602s] [01m[K/usr/include/c++/11/ostream:108:7:[m[K [01;36m[Knote: [m[Kcandidate: ‘[01m[Kstd::basic_ostream<_CharT, _Traits>::__ostream_type& std::basic_ostream<_CharT, _Traits>::operator<<(std::basic_ostream<_CharT, _Traits>::__ostream_type& (*)(std::basic_ostream<_CharT, _Traits>::__ostream_type&)) [with _CharT = char; _Traits = std::char_traits<char>; std::basic_ostream<_CharT, _Traits>::__ostream_type = std::basic_ostream<char>][m[K’
[1.602s]   108 |       [01;36m[Koperator[m[K<<(__ostream_type& (*__pf)(__ostream_type&))
[1.602s]       |       [01;36m[K^~~~~~~~[m[K
[1.602s] [01m[K/usr/include/c++/11/ostream:108:36:[m[K [01;36m[Knote: [m[K  no known conversion for argument 1 from ‘[01m[Kstd_msgs::msg::Float64MultiArray_<std::allocator<void> >[m[K’ to ‘[01m[Kstd::basic_ostream<char>::__ostream_type& (*)(std::basic_ostream<char>::__ostream_type&)[m[K’ {aka ‘[01m[Kstd::basic_ostream<char>& (*)(std::basic_ostream<char>&)[m[K’}
[1.602s]   108 |       operator<<([01;36m[K__ostream_type& (*__pf)(__ostream_type&)[m[K)
[1.602s]       |                  [01;36m[K~~~~~~~~~~~~~~~~~~^~~~~~~~~~~~~~~~~~~~~~[m[K
[1.602s] [01m[K/usr/include/c++/11/ostream:117:7:[m[K [01;36m[Knote: [m[Kcandidate: ‘[01m[Kstd::basic_ostream<_CharT, _Traits>::__ostream_type& std::basic_ostream<_CharT, _Traits>::operator<<(std::basic_ostream<_CharT, _Traits>::__ios_type& (*)(std::basic_ostream<_CharT, _Traits>::__ios_type&)) [with _CharT = char; _Traits = std::char_traits<char>; std::basic_ostream<_CharT, _Traits>::__ostream_type = std::basic_ostream<char>; std::basic_ostream<_CharT, _Traits>::__ios_type = std::basic_ios<char>][m[K’
[1.603s]   117 |       [01;36m[Koperator[m[K<<(__ios_type& (*__pf)(__ios_type&))
[1.603s]       |       [01;36m[K^~~~~~~~[m[K
[1.603s] [01m[K/usr/include/c++/11/ostream:117:32:[m[K [01;36m[Knote: [m[K  no known conversion for argument 1 from ‘[01m[Kstd_msgs::msg::Float64MultiArray_<std::allocator<void> >[m[K’ to ‘[01m[Kstd::basic_ostream<char>::__ios_type& (*)(std::basic_ostream<char>::__ios_type&)[m[K’ {aka ‘[01m[Kstd::basic_ios<char>& (*)(std::basic_ios<char>&)[m[K’}
[1.603s]   117 |       operator<<([01;36m[K__ios_type& (*__pf)(__ios_type&)[m[K)
[1.603s]       |                  [01;36m[K~~~~~~~~~~~~~~^~~~~~~~~~~~~~~~~~[m[K
[1.603s] [01m[K/usr/include/c++/11/ostream:127:7:[m[K [01;36m[Knote: [m[Kcandidate: ‘[01m[Kstd::basic_ostream<_CharT, _Traits>::__ostream_type& std::basic_ostream<_CharT, _Traits>::operator<<(std::ios_base& (*)(std::ios_base&)) [with _CharT = char; _Traits = std::char_traits<char>; std::basic_ostream<_CharT, _Traits>::__ostream_type = std::basic_ostream<char>][m[K’
[1.603s]   127 |       [01;36m[Koperator[m[K<<(ios_base& (*__pf) (ios_base&))
[1.604s]       |       [01;36m[K^~~~~~~~[m[K
[1.604s] [01m[K/usr/include/c++/11/ostream:127:30:[m[K [01;36m[Knote: [m[K  no known conversion for argument 1 from ‘[01m[Kstd_msgs::msg::Float64MultiArray_<std::allocator<void> >[m[K’ to ‘[01m[Kstd::ios_base& (*)(std::ios_base&)[m[K’
[1.604s]   127 |       operator<<([01;36m[Kios_base& (*__pf) (ios_base&)[m[K)
[1.604s]       |                  [01;36m[K~~~~~~~~~~~~^~~~~~~~~~~~~~~~~[m[K
[1.604s] [01m[K/usr/include/c++/11/ostream:166:7:[m[K [01;36m[Knote: [m[Kcandidate: ‘[01m[Kstd::basic_ostream<_CharT, _Traits>::__ostream_type& std::basic_ostream<_CharT, _Traits>::operator<<(long int) [with _CharT = char; _Traits = std::char_traits<char>; std::basic_ostream<_CharT, _Traits>::__ostream_type = std::basic_ostream<char>][m[K’
[1.604s]   166 |       [01;36m[Koperator[m[K<<(long __n)
[1.604s]       |       [01;36m[K^~~~~~~~[m[K
[1.604s] [01m[K/usr/include/c++/11/ostream:166:23:[m[K [01;36m[Knote: [m[K  no known conversion for argument 1 from ‘[01m[Kstd_msgs::msg::Float64MultiArray_<std::allocator<void> >[m[K’ to ‘[01m[Klong int[m[K’
[1.604s]   166 |       operator<<([01;36m[Klong __n[m[K)
[1.604s]       |                  [01;36m[K~~~~~^~~[m[K
[1.604s] [01m[K/usr/include/c++/11/ostream:170:7:[m[K [01;36m[Knote: [m[Kcandidate: ‘[01m[Kstd::basic_ostream<_CharT, _Traits>::__ostream_type& std::basic_ostream<_CharT, _Traits>::operator<<(long unsigned int) [with _CharT = char; _Traits = std::char_traits<char>; std::basic_ostream<_CharT, _Traits>::__ostream_type = std::basic_ostream<char>][m[K’
[1.604s]   170 |       [01;36m[Koperator[m[K<<(unsigned long __n)
[1.604s]       |       [01;36m[K^~~~~~~~[m[K
[1.604s] [01m[K/usr/include/c++/11/ostream:170:32:[m[K [01;36m[Knote: [m[K  no known conversion for argument 1 from ‘[01m[Kstd_msgs::msg::Float64MultiArray_<std::allocator<void> >[m[K’ to ‘[01m[Klong unsigned int[m[K’
[1.604s]   170 |       operator<<([01;36m[Kunsigned long __n[m[K)
[1.604s]       |                  [01;36m[K~~~~~~~~~~~~~~^~~[m[K
[1.604s] [01m[K/usr/include/c++/11/ostream:174:7:[m[K [01;36m[Knote: [m[Kcandidate: ‘[01m[Kstd::basic_ostream<_CharT, _Traits>::__ostream_type& std::basic_ostream<_CharT, _Traits>::operator<<(bool) [with _CharT = char; _Traits = std::char_traits<char>; std::basic_ostream<_CharT, _Traits>::__ostream_type = std::basic_ostream<char>][m[K’
[1.604s]   174 |       [01;36m[Koperator[m[K<<(bool __n)
[1.604s]       |       [01;36m[K^~~~~~~~[m[K
[1.604s] [01m[K/usr/include/c++/11/ostream:174:23:[m[K [01;36m[Knote: [m[K  no known conversion for argument 1 from ‘[01m[Kstd_msgs::msg::Float64MultiArray_<std::allocator<void> >[m[K’ to ‘[01m[Kbool[m[K’
[1.604s]   174 |       operator<<([01;36m[Kbool __n[m[K)
[1.604s]       |                  [01;36m[K~~~~~^~~[m[K
[1.604s] In file included from [01m[K/usr/include/c++/11/ostream:829[m[K,
[1.604s]                  from [01m[K/usr/include/c++/11/iostream:39[m[K,
[1.604s]                  from [01m[K/opt/ros/iron/include/rclcpp/rclcpp/executor.hpp:22[m[K,
[1.604s]                  from [01m[K/opt/ros/iron/include/rclcpp/rclcpp/executors/multi_threaded_executor.hpp:25[m[K,
[1.604s]                  from [01m[K/opt/ros/iron/include/rclcpp/rclcpp/executors.hpp:21[m[K,
[1.604s]                  from [01m[K/opt/ros/iron/include/rclcpp/rclcpp/rclcpp.hpp:167[m[K,
[1.604s]                  from [01m[K/home/yang/ros2_ws/src/cpp_srvcli/src/sensor_client.cpp:1[m[K:
[1.605s] [01m[K/usr/include/c++/11/bits/ostream.tcc:91:5:[m[K [01;36m[Knote: [m[Kcandidate: ‘[01m[Kstd::basic_ostream<_Ch, _Tr>& std::basic_ostream<_CharT, _Traits>::operator<<(short int) [with _CharT = char; _Traits = std::char_traits<char>][m[K’
[1.605s]    91 |     [01;36m[Kbasic_ostream<_CharT, _Traits>[m[K::
[1.605s]       |     [01;36m[K^~~~~~~~~~~~~~~~~~~~~~~~~~~~~~[m[K
[1.605s] [01m[K/usr/include/c++/11/bits/ostream.tcc:92:22:[m[K [01;36m[Knote: [m[K  no known conversion for argument 1 from ‘[01m[Kstd_msgs::msg::Float64MultiArray_<std::allocator<void> >[m[K’ to ‘[01m[Kshort int[m[K’
[1.605s]    92 |     operator<<([01;36m[Kshort __n[m[K)
[1.605s]       |                [01;36m[K~~~~~~^~~[m[K
[1.605s] In file included from [01m[K/usr/include/c++/11/iostream:39[m[K,
[1.605s]                  from [01m[K/opt/ros/iron/include/rclcpp/rclcpp/executor.hpp:22[m[K,
[1.605s]                  from [01m[K/opt/ros/iron/include/rclcpp/rclcpp/executors/multi_threaded_executor.hpp:25[m[K,
[1.605s]                  from [01m[K/opt/ros/iron/include/rclcpp/rclcpp/executors.hpp:21[m[K,
[1.605s]                  from [01m[K/opt/ros/iron/include/rclcpp/rclcpp/rclcpp.hpp:167[m[K,
[1.605s]                  from [01m[K/home/yang/ros2_ws/src/cpp_srvcli/src/sensor_client.cpp:1[m[K:
[1.605s] [01m[K/usr/include/c++/11/ostream:181:7:[m[K [01;36m[Knote: [m[Kcandidate: ‘[01m[Kstd::basic_ostream<_CharT, _Traits>::__ostream_type& std::basic_ostream<_CharT, _Traits>::operator<<(short unsigned int) [with _CharT = char; _Traits = std::char_traits<char>; std::basic_ostream<_CharT, _Traits>::__ostream_type = std::basic_ostream<char>][m[K’
[1.605s]   181 |       [01;36m[Koperator[m[K<<(unsigned short __n)
[1.605s]       |       [01;36m[K^~~~~~~~[m[K
[1.605s] [01m[K/usr/include/c++/11/ostream:181:33:[m[K [01;36m[Knote: [m[K  no known conversion for argument 1 from ‘[01m[Kstd_msgs::msg::Float64MultiArray_<std::allocator<void> >[m[K’ to ‘[01m[Kshort unsigned int[m[K’
[1.605s]   181 |       operator<<([01;36m[Kunsigned short __n[m[K)
[1.605s]       |                  [01;36m[K~~~~~~~~~~~~~~~^~~[m[K
[1.606s] In file included from [01m[K/usr/include/c++/11/ostream:829[m[K,
[1.606s]                  from [01m[K/usr/include/c++/11/iostream:39[m[K,
[1.606s]                  from [01m[K/opt/ros/iron/include/rclcpp/rclcpp/executor.hpp:22[m[K,
[1.606s]                  from [01m[K/opt/ros/iron/include/rclcpp/rclcpp/executors/multi_threaded_executor.hpp:25[m[K,
[1.606s]                  from [01m[K/opt/ros/iron/include/rclcpp/rclcpp/executors.hpp:21[m[K,
[1.606s]                  from [01m[K/opt/ros/iron/include/rclcpp/rclcpp/rclcpp.hpp:167[m[K,
[1.606s]                  from [01m[K/home/yang/ros2_ws/src/cpp_srvcli/src/sensor_client.cpp:1[m[K:
[1.606s] [01m[K/usr/include/c++/11/bits/ostream.tcc:105:5:[m[K [01;36m[Knote: [m[Kcandidate: ‘[01m[Kstd::basic_ostream<_Ch, _Tr>& std::basic_ostream<_CharT, _Traits>::operator<<(int) [with _CharT = char; _Traits = std::char_traits<char>][m[K’
[1.606s]   105 |     [01;36m[Kbasic_ostream<_CharT, _Traits>[m[K::
[1.606s]       |     [01;36m[K^~~~~~~~~~~~~~~~~~~~~~~~~~~~~~[m[K
[1.606s] [01m[K/usr/include/c++/11/bits/ostream.tcc:106:20:[m[K [01;36m[Knote: [m[K  no known conversion for argument 1 from ‘[01m[Kstd_msgs::msg::Float64MultiArray_<std::allocator<void> >[m[K’ to ‘[01m[Kint[m[K’
[1.606s]   106 |     operator<<([01;36m[Kint __n[m[K)
[1.606s]       |                [01;36m[K~~~~^~~[m[K
[1.606s] In file included from [01m[K/usr/include/c++/11/iostream:39[m[K,
[1.606s]                  from [01m[K/opt/ros/iron/include/rclcpp/rclcpp/executor.hpp:22[m[K,
[1.606s]                  from [01m[K/opt/ros/iron/include/rclcpp/rclcpp/executors/multi_threaded_executor.hpp:25[m[K,
[1.607s]                  from [01m[K/opt/ros/iron/include/rclcpp/rclcpp/executors.hpp:21[m[K,
[1.607s]                  from [01m[K/opt/ros/iron/include/rclcpp/rclcpp/rclcpp.hpp:167[m[K,
[1.607s]                  from [01m[K/home/yang/ros2_ws/src/cpp_srvcli/src/sensor_client.cpp:1[m[K:
[1.607s] [01m[K/usr/include/c++/11/ostream:192:7:[m[K [01;36m[Knote: [m[Kcandidate: ‘[01m[Kstd::basic_ostream<_CharT, _Traits>::__ostream_type& std::basic_ostream<_CharT, _Traits>::operator<<(unsigned int) [with _CharT = char; _Traits = std::char_traits<char>; std::basic_ostream<_CharT, _Traits>::__ostream_type = std::basic_ostream<char>][m[K’
[1.607s]   192 |       [01;36m[Koperator[m[K<<(unsigned int __n)
[1.607s]       |       [01;36m[K^~~~~~~~[m[K
[1.607s] [01m[K/usr/include/c++/11/ostream:192:31:[m[K [01;36m[Knote: [m[K  no known conversion for argument 1 from ‘[01m[Kstd_msgs::msg::Float64MultiArray_<std::allocator<void> >[m[K’ to ‘[01m[Kunsigned int[m[K’
[1.607s]   192 |       operator<<([01;36m[Kunsigned int __n[m[K)
[1.607s]       |                  [01;36m[K~~~~~~~~~~~~~^~~[m[K
[1.607s] [01m[K/usr/include/c++/11/ostream:201:7:[m[K [01;36m[Knote: [m[Kcandidate: ‘[01m[Kstd::basic_ostream<_CharT, _Traits>::__ostream_type& std::basic_ostream<_CharT, _Traits>::operator<<(long long int) [with _CharT = char; _Traits = std::char_traits<char>; std::basic_ostream<_CharT, _Traits>::__ostream_type = std::basic_ostream<char>][m[K’
[1.607s]   201 |       [01;36m[Koperator[m[K<<(long long __n)
[1.607s]       |       [01;36m[K^~~~~~~~[m[K
[1.607s] [01m[K/usr/include/c++/11/ostream:201:28:[m[K [01;36m[Knote: [m[K  no known conversion for argument 1 from ‘[01m[Kstd_msgs::msg::Float64MultiArray_<std::allocator<void> >[m[K’ to ‘[01m[Klong long int[m[K’
[1.607s]   201 |       operator<<([01;36m[Klong long __n[m[K)
[1.607s]       |                  [01;36m[K~~~~~~~~~~^~~[m[K
[1.607s] [01m[K/usr/include/c++/11/ostream:205:7:[m[K [01;36m[Knote: [m[Kcandidate: ‘[01m[Kstd::basic_ostream<_CharT, _Traits>::__ostream_type& std::basic_ostream<_CharT, _Traits>::operator<<(long long unsigned int) [with _CharT = char; _Traits = std::char_traits<char>; std::basic_ostream<_CharT, _Traits>::__ostream_type = std::basic_ostream<char>][m[K’
[1.607s]   205 |       [01;36m[Koperator[m[K<<(unsigned long long __n)
[1.608s]       |       [01;36m[K^~~~~~~~[m[K
[1.608s] [01m[K/usr/include/c++/11/ostream:205:37:[m[K [01;36m[Knote: [m[K  no known conversion for argument 1 from ‘[01m[Kstd_msgs::msg::Float64MultiArray_<std::allocator<void> >[m[K’ to ‘[01m[Klong long unsigned int[m[K’
[1.608s]   205 |       operator<<([01;36m[Kunsigned long long __n[m[K)
[1.608s]       |                  [01;36m[K~~~~~~~~~~~~~~~~~~~^~~[m[K
[1.608s] [01m[K/usr/include/c++/11/ostream:220:7:[m[K [01;36m[Knote: [m[Kcandidate: ‘[01m[Kstd::basic_ostream<_CharT, _Traits>::__ostream_type& std::basic_ostream<_CharT, _Traits>::operator<<(double) [with _CharT = char; _Traits = std::char_traits<char>; std::basic_ostream<_CharT, _Traits>::__ostream_type = std::basic_ostream<char>][m[K’
[1.608s]   220 |       [01;36m[Koperator[m[K<<(double __f)
[1.608s]       |       [01;36m[K^~~~~~~~[m[K
[1.608s] [01m[K/usr/include/c++/11/ostream:220:25:[m[K [01;36m[Knote: [m[K  no known conversion for argument 1 from ‘[01m[Kstd_msgs::msg::Float64MultiArray_<std::allocator<void> >[m[K’ to ‘[01m[Kdouble[m[K’
[1.608s]   220 |       operator<<([01;36m[Kdouble __f[m[K)
[1.608s]       |                  [01;36m[K~~~~~~~^~~[m[K
[1.608s] [01m[K/usr/include/c++/11/ostream:224:7:[m[K [01;36m[Knote: [m[Kcandidate: ‘[01m[Kstd::basic_ostream<_CharT, _Traits>::__ostream_type& std::basic_ostream<_CharT, _Traits>::operator<<(float) [with _CharT = char; _Traits = std::char_traits<char>; std::basic_ostream<_CharT, _Traits>::__ostream_type = std::basic_ostream<char>][m[K’
[1.608s]   224 |       [01;36m[Koperator[m[K<<(float __f)
[1.608s]       |       [01;36m[K^~~~~~~~[m[K
[1.608s] [01m[K/usr/include/c++/11/ostream:224:24:[m[K [01;36m[Knote: [m[K  no known conversion for argument 1 from ‘[01m[Kstd_msgs::msg::Float64MultiArray_<std::allocator<void> >[m[K’ to ‘[01m[Kfloat[m[K’
[1.608s]   224 |       operator<<([01;36m[Kfloat __f[m[K)
[1.608s]       |                  [01;36m[K~~~~~~^~~[m[K
[1.608s] [01m[K/usr/include/c++/11/ostream:232:7:[m[K [01;36m[Knote: [m[Kcandidate: ‘[01m[Kstd::basic_ostream<_CharT, _Traits>::__ostream_type& std::basic_ostream<_CharT, _Traits>::operator<<(long double) [with _CharT = char; _Traits = std::char_traits<char>; std::basic_ostream<_CharT, _Traits>::__ostream_type = std::basic_ostream<char>][m[K’
[1.608s]   232 |       [01;36m[Koperator[m[K<<(long double __f)
[1.608s]       |       [01;36m[K^~~~~~~~[m[K
[1.608s] [01m[K/usr/include/c++/11/ostream:232:30:[m[K [01;36m[Knote: [m[K  no known conversion for argument 1 from ‘[01m[Kstd_msgs::msg::Float64MultiArray_<std::allocator<void> >[m[K’ to ‘[01m[Klong double[m[K’
[1.608s]   232 |       operator<<([01;36m[Klong double __f[m[K)
[1.608s]       |                  [01;36m[K~~~~~~~~~~~~^~~[m[K
[1.608s] [01m[K/usr/include/c++/11/ostream:245:7:[m[K [01;36m[Knote: [m[Kcandidate: ‘[01m[Kstd::basic_ostream<_CharT, _Traits>::__ostream_type& std::basic_ostream<_CharT, _Traits>::operator<<(const void*) [with _CharT = char; _Traits = std::char_traits<char>; std::basic_ostream<_CharT, _Traits>::__ostream_type = std::basic_ostream<char>][m[K’
[1.608s]   245 |       [01;36m[Koperator[m[K<<(const void* __p)
[1.608s]       |       [01;36m[K^~~~~~~~[m[K
[1.608s] [01m[K/usr/include/c++/11/ostream:245:30:[m[K [01;36m[Knote: [m[K  no known conversion for argument 1 from ‘[01m[Kstd_msgs::msg::Float64MultiArray_<std::allocator<void> >[m[K’ to ‘[01m[Kconst void*[m[K’
[1.608s]   245 |       operator<<([01;36m[Kconst void* __p[m[K)
[1.608s]       |                  [01;36m[K~~~~~~~~~~~~^~~[m[K
[1.608s] [01m[K/usr/include/c++/11/ostream:250:7:[m[K [01;36m[Knote: [m[Kcandidate: ‘[01m[Kstd::basic_ostream<_CharT, _Traits>::__ostream_type& std::basic_ostream<_CharT, _Traits>::operator<<(std::nullptr_t) [with _CharT = char; _Traits = std::char_traits<char>; std::basic_ostream<_CharT, _Traits>::__ostream_type = std::basic_ostream<char>; std::nullptr_t = std::nullptr_t][m[K’
[1.609s]   250 |       [01;36m[Koperator[m[K<<(nullptr_t)
[1.609s]       |       [01;36m[K^~~~~~~~[m[K
[1.609s] [01m[K/usr/include/c++/11/ostream:250:18:[m[K [01;36m[Knote: [m[K  no known conversion for argument 1 from ‘[01m[Kstd_msgs::msg::Float64MultiArray_<std::allocator<void> >[m[K’ to ‘[01m[Kstd::nullptr_t[m[K’
[1.609s]   250 |       operator<<([01;36m[Knullptr_t[m[K)
[1.609s]       |                  [01;36m[K^~~~~~~~~[m[K
[1.609s] In file included from [01m[K/usr/include/c++/11/ostream:829[m[K,
[1.609s]                  from [01m[K/usr/include/c++/11/iostream:39[m[K,
[1.609s]                  from [01m[K/opt/ros/iron/include/rclcpp/rclcpp/executor.hpp:22[m[K,
[1.609s]                  from [01m[K/opt/ros/iron/include/rclcpp/rclcpp/executors/multi_threaded_executor.hpp:25[m[K,
[1.609s]                  from [01m[K/opt/ros/iron/include/rclcpp/rclcpp/executors.hpp:21[m[K,
[1.609s]                  from [01m[K/opt/ros/iron/include/rclcpp/rclcpp/rclcpp.hpp:167[m[K,
[1.609s]                  from [01m[K/home/yang/ros2_ws/src/cpp_srvcli/src/sensor_client.cpp:1[m[K:
[1.609s] [01m[K/usr/include/c++/11/bits/ostream.tcc:119:5:[m[K [01;36m[Knote: [m[Kcandidate: ‘[01m[Kstd::basic_ostream<_Ch, _Tr>& std::basic_ostream<_CharT, _Traits>::operator<<(std::basic_ostream<_CharT, _Traits>::__streambuf_type*) [with _CharT = char; _Traits = std::char_traits<char>; std::basic_ostream<_CharT, _Traits>::__streambuf_type = std::basic_streambuf<char>][m[K’
[1.609s]   119 |     [01;36m[Kbasic_ostream<_CharT, _Traits>[m[K::
[1.609s]       |     [01;36m[K^~~~~~~~~~~~~~~~~~~~~~~~~~~~~~[m[K
[1.609s] [01m[K/usr/include/c++/11/bits/ostream.tcc:120:34:[m[K [01;36m[Knote: [m[K  no known conversion for argument 1 from ‘[01m[Kstd_msgs::msg::Float64MultiArray_<std::allocator<void> >[m[K’ to ‘[01m[Kstd::basic_ostream<char>::__streambuf_type*[m[K’ {aka ‘[01m[Kstd::basic_streambuf<char>*[m[K’}
[1.609s]   120 |     operator<<([01;36m[K__streambuf_type* __sbin[m[K)
[1.609s]       |                [01;36m[K~~~~~~~~~~~~~~~~~~^~~~~~[m[K
[1.609s] In file included from [01m[K/usr/include/c++/11/memory:77[m[K,
[1.609s]                  from [01m[K/opt/ros/iron/include/rclcpp/rclcpp/rclcpp.hpp:165[m[K,
[1.609s]                  from [01m[K/home/yang/ros2_ws/src/cpp_srvcli/src/sensor_client.cpp:1[m[K:
[1.609s] [01m[K/usr/include/c++/11/bits/shared_ptr.h:70:5:[m[K [01;36m[Knote: [m[Kcandidate: ‘[01m[Ktemplate<class _Ch, class _Tr, class _Tp, __gnu_cxx::_Lock_policy _Lp> std::basic_ostream<_Ch, _Tr>& std::operator<<(std::basic_ostream<_Ch, _Tr>&, const std::__shared_ptr<_Tp, _Lp>&)[m[K’
[1.609s]    70 |     [01;36m[Koperator[m[K<<(std::basic_ostream<_Ch, _Tr>& __os,
[1.609s]       |     [01;36m[K^~~~~~~~[m[K
[1.609s] [01m[K/usr/include/c++/11/bits/shared_ptr.h:70:5:[m[K [01;36m[Knote: [m[K  template argument deduction/substitution failed:
[1.609s] [01m[K/home/yang/ros2_ws/src/cpp_srvcli/src/sensor_client.cpp:37:51:[m[K [01;36m[Knote: [m[K  ‘[01m[Kstd_msgs::msg::Float64MultiArray_<std::allocator<void> >[m[K’ is not derived from ‘[01m[Kconst std::__shared_ptr<_Tp, _Lp>[m[K’
[1.609s]    37 |              std::cout<<"sent data to publish\r"<<[01;36m[Kresults[m[K;
[1.609s]       |                                                   [01;36m[K^~~~~~~[m[K
[1.610s] In file included from [01m[K/usr/include/c++/11/bits/basic_string.h:48[m[K,
[1.610s]                  from [01m[K/usr/include/c++/11/string:55[m[K,
[1.610s]                  from [01m[K/usr/include/c++/11/stdexcept:39[m[K,
[1.610s]                  from [01m[K/usr/include/c++/11/system_error:41[m[K,
[1.610s]                  from [01m[K/usr/include/c++/11/mutex:42[m[K,
[1.610s]                  from [01m[K/usr/include/c++/11/future:38[m[K,
[1.610s]                  from [01m[K/opt/ros/iron/include/rclcpp/rclcpp/executors.hpp:18[m[K,
[1.610s]                  from [01m[K/opt/ros/iron/include/rclcpp/rclcpp/rclcpp.hpp:167[m[K,
[1.610s]                  from [01m[K/home/yang/ros2_ws/src/cpp_srvcli/src/sensor_client.cpp:1[m[K:
[1.610s] [01m[K/usr/include/c++/11/string_view:667:5:[m[K [01;36m[Knote: [m[Kcandidate: ‘[01m[Ktemplate<class _CharT, class _Traits> std::basic_ostream<_Ch, _Tr>& std::operator<<(std::basic_ostream<_Ch, _Tr>&, std::basic_string_view<_CharT, _Traits>)[m[K’
[1.610s]   667 |     [01;36m[Koperator[m[K<<(basic_ostream<_CharT, _Traits>& __os,
[1.610s]       |     [01;36m[K^~~~~~~~[m[K
[1.610s] [01m[K/usr/include/c++/11/string_view:667:5:[m[K [01;36m[Knote: [m[K  template argument deduction/substitution failed:
[1.610s] [01m[K/home/yang/ros2_ws/src/cpp_srvcli/src/sensor_client.cpp:37:51:[m[K [01;36m[Knote: [m[K  ‘[01m[Kstd_msgs::msg::Float64MultiArray_<std::allocator<void> >[m[K’ is not derived from ‘[01m[Kstd::basic_string_view<_CharT, _Traits>[m[K’
[1.610s]    37 |              std::cout<<"sent data to publish\r"<<[01;36m[Kresults[m[K;
[1.610s]       |                                                   [01;36m[K^~~~~~~[m[K
[1.610s] In file included from [01m[K/usr/include/c++/11/string:55[m[K,
[1.610s]                  from [01m[K/usr/include/c++/11/stdexcept:39[m[K,
[1.610s]                  from [01m[K/usr/include/c++/11/system_error:41[m[K,
[1.610s]                  from [01m[K/usr/include/c++/11/mutex:42[m[K,
[1.610s]                  from [01m[K/usr/include/c++/11/future:38[m[K,
[1.610s]                  from [01m[K/opt/ros/iron/include/rclcpp/rclcpp/executors.hpp:18[m[K,
[1.610s]                  from [01m[K/opt/ros/iron/include/rclcpp/rclcpp/rclcpp.hpp:167[m[K,
[1.610s]                  from [01m[K/home/yang/ros2_ws/src/cpp_srvcli/src/sensor_client.cpp:1[m[K:
[1.610s] [01m[K/usr/include/c++/11/bits/basic_string.h:6531:5:[m[K [01;36m[Knote: [m[Kcandidate: ‘[01m[Ktemplate<class _CharT, class _Traits, class _Alloc> std::basic_ostream<_Ch, _Tr>& std::operator<<(std::basic_ostream<_Ch, _Tr>&, const std::__cxx11::basic_string<_CharT, _Traits, _Allocator>&)[m[K’
[1.610s]  6531 |     [01;36m[Koperator[m[K<<(basic_ostream<_CharT, _Traits>& __os,
[1.610s]       |     [01;36m[K^~~~~~~~[m[K
[1.610s] [01m[K/usr/include/c++/11/bits/basic_string.h:6531:5:[m[K [01;36m[Knote: [m[K  template argument deduction/substitution failed:
[1.610s] [01m[K/home/yang/ros2_ws/src/cpp_srvcli/src/sensor_client.cpp:37:51:[m[K [01;36m[Knote: [m[K  ‘[01m[Kstd_msgs::msg::Float64MultiArray_<std::allocator<void> >[m[K’ is not derived from ‘[01m[Kconst std::__cxx11::basic_string<_CharT, _Traits, _Allocator>[m[K’
[1.610s]    37 |              std::cout<<"sent data to publish\r"<<[01;36m[Kresults[m[K;
[1.610s]       |                                                   [01;36m[K^~~~~~~[m[K
[1.611s] In file included from [01m[K/usr/include/c++/11/mutex:42[m[K,
[1.611s]                  from [01m[K/usr/include/c++/11/future:38[m[K,
[1.611s]                  from [01m[K/opt/ros/iron/include/rclcpp/rclcpp/executors.hpp:18[m[K,
[1.611s]                  from [01m[K/opt/ros/iron/include/rclcpp/rclcpp/rclcpp.hpp:167[m[K,
[1.611s]                  from [01m[K/home/yang/ros2_ws/src/cpp_srvcli/src/sensor_client.cpp:1[m[K:
[1.611s] [01m[K/usr/include/c++/11/system_error:279:5:[m[K [01;36m[Knote: [m[Kcandidate: ‘[01m[Ktemplate<class _CharT, class _Traits> std::basic_ostream<_Ch, _Tr>& std::operator<<(std::basic_ostream<_Ch, _Tr>&, const std::error_code&)[m[K’
[1.611s]   279 |     [01;36m[Koperator[m[K<<(basic_ostream<_CharT, _Traits>& __os, const error_code& __e)
[1.611s]       |     [01;36m[K^~~~~~~~[m[K
[1.611s] [01m[K/usr/include/c++/11/system_error:279:5:[m[K [01;36m[Knote: [m[K  template argument deduction/substitution failed:
[1.611s] [01m[K/home/yang/ros2_ws/src/cpp_srvcli/src/sensor_client.cpp:37:51:[m[K [01;36m[Knote: [m[K  cannot convert ‘[01m[Kresults[m[K’ (type ‘[01m[Kstd_msgs::msg::Float64MultiArray_<std::allocator<void> >[m[K’) to type ‘[01m[Kconst std::error_code&[m[K’
[1.611s]    37 |              std::cout<<"sent data to publish\r"<<[01;36m[Kresults[m[K;
[1.611s]       |                                                   [01;36m[K^~~~~~~[m[K
[1.611s] In file included from [01m[K/opt/ros/iron/include/rclcpp/rclcpp/executors/multi_threaded_executor.hpp:22[m[K,
[1.611s]                  from [01m[K/opt/ros/iron/include/rclcpp/rclcpp/executors.hpp:21[m[K,
[1.611s]                  from [01m[K/opt/ros/iron/include/rclcpp/rclcpp/rclcpp.hpp:167[m[K,
[1.611s]                  from [01m[K/home/yang/ros2_ws/src/cpp_srvcli/src/sensor_client.cpp:1[m[K:
[1.611s] [01m[K/usr/include/c++/11/thread:92:5:[m[K [01;36m[Knote: [m[Kcandidate: ‘[01m[Ktemplate<class _CharT, class _Traits> std::basic_ostream<_Ch, _Tr>& std::operator<<(std::basic_ostream<_Ch, _Tr>&, std::thread::id)[m[K’
[1.611s]    92 |     [01;36m[Koperator[m[K<<(basic_ostream<_CharT, _Traits>& __out, thread::id __id)
[1.611s]       |     [01;36m[K^~~~~~~~[m[K
[1.611s] [01m[K/usr/include/c++/11/thread:92:5:[m[K [01;36m[Knote: [m[K  template argument deduction/substitution failed:
[1.611s] [01m[K/home/yang/ros2_ws/src/cpp_srvcli/src/sensor_client.cpp:37:51:[m[K [01;36m[Knote: [m[K  cannot convert ‘[01m[Kresults[m[K’ (type ‘[01m[Kstd_msgs::msg::Float64MultiArray_<std::allocator<void> >[m[K’) to type ‘[01m[Kstd::thread::id[m[K’
[1.611s]    37 |              std::cout<<"sent data to publish\r"<<[01;36m[Kresults[m[K;
[1.611s]       |                                                   [01;36m[K^~~~~~~[m[K
[1.611s] In file included from [01m[K/usr/include/c++/11/iostream:39[m[K,
[1.611s]                  from [01m[K/opt/ros/iron/include/rclcpp/rclcpp/executor.hpp:22[m[K,
[1.611s]                  from [01m[K/opt/ros/iron/include/rclcpp/rclcpp/executors/multi_threaded_executor.hpp:25[m[K,
[1.611s]                  from [01m[K/opt/ros/iron/include/rclcpp/rclcpp/executors.hpp:21[m[K,
[1.611s]                  from [01m[K/opt/ros/iron/include/rclcpp/rclcpp/rclcpp.hpp:167[m[K,
[1.611s]                  from [01m[K/home/yang/ros2_ws/src/cpp_srvcli/src/sensor_client.cpp:1[m[K:
[1.611s] [01m[K/usr/include/c++/11/ostream:513:5:[m[K [01;36m[Knote: [m[Kcandidate: ‘[01m[Ktemplate<class _CharT, class _Traits> std::basic_ostream<_Ch, _Tr>& std::operator<<(std::basic_ostream<_Ch, _Tr>&, _CharT)[m[K’
[1.611s]   513 |     [01;36m[Koperator[m[K<<(basic_ostream<_CharT, _Traits>& __out, _CharT __c)
[1.611s]       |     [01;36m[K^~~~~~~~[m[K
[1.612s] [01m[K/usr/include/c++/11/ostream:513:5:[m[K [01;36m[Knote: [m[K  template argument deduction/substitution failed:
[1.612s] [01m[K/home/yang/ros2_ws/src/cpp_srvcli/src/sensor_client.cpp:37:51:[m[K [01;36m[Knote: [m[K  deduced conflicting types for parameter ‘[01m[K_CharT[m[K’ (‘[01m[Kchar[m[K’ and ‘[01m[Kstd_msgs::msg::Float64MultiArray_<std::allocator<void> >[m[K’)
[1.612s]    37 |              std::cout<<"sent data to publish\r"<<[01;36m[Kresults[m[K;
[1.612s]       |                                                   [01;36m[K^~~~~~~[m[K
[1.612s] In file included from [01m[K/usr/include/c++/11/iostream:39[m[K,
[1.612s]                  from [01m[K/opt/ros/iron/include/rclcpp/rclcpp/executor.hpp:22[m[K,
[1.612s]                  from [01m[K/opt/ros/iron/include/rclcpp/rclcpp/executors/multi_threaded_executor.hpp:25[m[K,
[1.612s]                  from [01m[K/opt/ros/iron/include/rclcpp/rclcpp/executors.hpp:21[m[K,
[1.612s]                  from [01m[K/opt/ros/iron/include/rclcpp/rclcpp/rclcpp.hpp:167[m[K,
[1.612s]                  from [01m[K/home/yang/ros2_ws/src/cpp_srvcli/src/sensor_client.cpp:1[m[K:
[1.612s] [01m[K/usr/include/c++/11/ostream:518:5:[m[K [01;36m[Knote: [m[Kcandidate: ‘[01m[Ktemplate<class _CharT, class _Traits> std::basic_ostream<_Ch, _Tr>& std::operator<<(std::basic_ostream<_Ch, _Tr>&, char)[m[K’
[1.612s]   518 |     [01;36m[Koperator[m[K<<(basic_ostream<_CharT, _Traits>& __out, char __c)
[1.612s]       |     [01;36m[K^~~~~~~~[m[K
[1.612s] [01m[K/usr/include/c++/11/ostream:518:5:[m[K [01;36m[Knote: [m[K  template argument deduction/substitution failed:
[1.612s] [01m[K/home/yang/ros2_ws/src/cpp_srvcli/src/sensor_client.cpp:37:51:[m[K [01;36m[Knote: [m[K  cannot convert ‘[01m[Kresults[m[K’ (type ‘[01m[Kstd_msgs::msg::Float64MultiArray_<std::allocator<void> >[m[K’) to type ‘[01m[Kchar[m[K’
[1.612s]    37 |              std::cout<<"sent data to publish\r"<<[01;36m[Kresults[m[K;
[1.612s]       |                                                   [01;36m[K^~~~~~~[m[K
[1.612s] In file included from [01m[K/usr/include/c++/11/iostream:39[m[K,
[1.612s]                  from [01m[K/opt/ros/iron/include/rclcpp/rclcpp/executor.hpp:22[m[K,
[1.612s]                  from [01m[K/opt/ros/iron/include/rclcpp/rclcpp/executors/multi_threaded_executor.hpp:25[m[K,
[1.612s]                  from [01m[K/opt/ros/iron/include/rclcpp/rclcpp/executors.hpp:21[m[K,
[1.612s]                  from [01m[K/opt/ros/iron/include/rclcpp/rclcpp/rclcpp.hpp:167[m[K,
[1.612s]                  from [01m[K/home/yang/ros2_ws/src/cpp_srvcli/src/sensor_client.cpp:1[m[K:
[1.612s] [01m[K/usr/include/c++/11/ostream:524:5:[m[K [01;36m[Knote: [m[Kcandidate: ‘[01m[Ktemplate<class _Traits> std::basic_ostream<char, _Traits>& std::operator<<(std::basic_ostream<char, _Traits>&, char)[m[K’
[1.612s]   524 |     [01;36m[Koperator[m[K<<(basic_ostream<char, _Traits>& __out, char __c)
[1.612s]       |     [01;36m[K^~~~~~~~[m[K
[1.612s] [01m[K/usr/include/c++/11/ostream:524:5:[m[K [01;36m[Knote: [m[K  template argument deduction/substitution failed:
[1.612s] [01m[K/home/yang/ros2_ws/src/cpp_srvcli/src/sensor_client.cpp:37:51:[m[K [01;36m[Knote: [m[K  cannot convert ‘[01m[Kresults[m[K’ (type ‘[01m[Kstd_msgs::msg::Float64MultiArray_<std::allocator<void> >[m[K’) to type ‘[01m[Kchar[m[K’
[1.612s]    37 |              std::cout<<"sent data to publish\r"<<[01;36m[Kresults[m[K;
[1.612s]       |                                                   [01;36m[K^~~~~~~[m[K
[1.613s] In file included from [01m[K/usr/include/c++/11/iostream:39[m[K,
[1.613s]                  from [01m[K/opt/ros/iron/include/rclcpp/rclcpp/executor.hpp:22[m[K,
[1.613s]                  from [01m[K/opt/ros/iron/include/rclcpp/rclcpp/executors/multi_threaded_executor.hpp:25[m[K,
[1.613s]                  from [01m[K/opt/ros/iron/include/rclcpp/rclcpp/executors.hpp:21[m[K,
[1.613s]                  from [01m[K/opt/ros/iron/include/rclcpp/rclcpp/rclcpp.hpp:167[m[K,
[1.613s]                  from [01m[K/home/yang/ros2_ws/src/cpp_srvcli/src/sensor_client.cpp:1[m[K:
[1.613s] [01m[K/usr/include/c++/11/ostream:530:5:[m[K [01;36m[Knote: [m[Kcandidate: ‘[01m[Ktemplate<class _Traits> std::basic_ostream<char, _Traits>& std::operator<<(std::basic_ostream<char, _Traits>&, signed char)[m[K’
[1.613s]   530 |     [01;36m[Koperator[m[K<<(basic_ostream<char, _Traits>& __out, signed char __c)
[1.613s]       |     [01;36m[K^~~~~~~~[m[K
[1.613s] [01m[K/usr/include/c++/11/ostream:530:5:[m[K [01;36m[Knote: [m[K  template argument deduction/substitution failed:
[1.613s] [01m[K/home/yang/ros2_ws/src/cpp_srvcli/src/sensor_client.cpp:37:51:[m[K [01;36m[Knote: [m[K  cannot convert ‘[01m[Kresults[m[K’ (type ‘[01m[Kstd_msgs::msg::Float64MultiArray_<std::allocator<void> >[m[K’) to type ‘[01m[Ksigned char[m[K’
[1.613s]    37 |              std::cout<<"sent data to publish\r"<<[01;36m[Kresults[m[K;
[1.613s]       |                                                   [01;36m[K^~~~~~~[m[K
[1.613s] In file included from [01m[K/usr/include/c++/11/iostream:39[m[K,
[1.613s]                  from [01m[K/opt/ros/iron/include/rclcpp/rclcpp/executor.hpp:22[m[K,
[1.613s]                  from [01m[K/opt/ros/iron/include/rclcpp/rclcpp/executors/multi_threaded_executor.hpp:25[m[K,
[1.613s]                  from [01m[K/opt/ros/iron/include/rclcpp/rclcpp/executors.hpp:21[m[K,
[1.613s]                  from [01m[K/opt/ros/iron/include/rclcpp/rclcpp/rclcpp.hpp:167[m[K,
[1.613s]                  from [01m[K/home/yang/ros2_ws/src/cpp_srvcli/src/sensor_client.cpp:1[m[K:
[1.613s] [01m[K/usr/include/c++/11/ostream:535:5:[m[K [01;36m[Knote: [m[Kcandidate: ‘[01m[Ktemplate<class _Traits> std::basic_ostream<char, _Traits>& std::operator<<(std::basic_ostream<char, _Traits>&, unsigned char)[m[K’
[1.613s]   535 |     [01;36m[Koperator[m[K<<(basic_ostream<char, _Traits>& __out, unsigned char __c)
[1.613s]       |     [01;36m[K^~~~~~~~[m[K
[1.613s] [01m[K/usr/include/c++/11/ostream:535:5:[m[K [01;36m[Knote: [m[K  template argument deduction/substitution failed:
[1.613s] [01m[K/home/yang/ros2_ws/src/cpp_srvcli/src/sensor_client.cpp:37:51:[m[K [01;36m[Knote: [m[K  cannot convert ‘[01m[Kresults[m[K’ (type ‘[01m[Kstd_msgs::msg::Float64MultiArray_<std::allocator<void> >[m[K’) to type ‘[01m[Kunsigned char[m[K’
[1.613s]    37 |              std::cout<<"sent data to publish\r"<<[01;36m[Kresults[m[K;
[1.613s]       |                                                   [01;36m[K^~~~~~~[m[K
[1.613s] In file included from [01m[K/usr/include/c++/11/iostream:39[m[K,
[1.613s]                  from [01m[K/opt/ros/iron/include/rclcpp/rclcpp/executor.hpp:22[m[K,
[1.613s]                  from [01m[K/opt/ros/iron/include/rclcpp/rclcpp/executors/multi_threaded_executor.hpp:25[m[K,
[1.613s]                  from [01m[K/opt/ros/iron/include/rclcpp/rclcpp/executors.hpp:21[m[K,
[1.613s]                  from [01m[K/opt/ros/iron/include/rclcpp/rclcpp/rclcpp.hpp:167[m[K,
[1.613s]                  from [01m[K/home/yang/ros2_ws/src/cpp_srvcli/src/sensor_client.cpp:1[m[K:
[1.614s] [01m[K/usr/include/c++/11/ostream:594:5:[m[K [01;36m[Knote: [m[Kcandidate: ‘[01m[Ktemplate<class _CharT, class _Traits> std::basic_ostream<_Ch, _Tr>& std::operator<<(std::basic_ostream<_Ch, _Tr>&, const _CharT*)[m[K’
[1.614s]   594 |     [01;36m[Koperator[m[K<<(basic_ostream<_CharT, _Traits>& __out, const _CharT* __s)
[1.614s]       |     [01;36m[K^~~~~~~~[m[K
[1.614s] [01m[K/usr/include/c++/11/ostream:594:5:[m[K [01;36m[Knote: [m[K  template argument deduction/substitution failed:
[1.614s] [01m[K/home/yang/ros2_ws/src/cpp_srvcli/src/sensor_client.cpp:37:51:[m[K [01;36m[Knote: [m[K  mismatched types ‘[01m[Kconst _CharT*[m[K’ and ‘[01m[Kstd_msgs::msg::Float64MultiArray_<std::allocator<void> >[m[K’
[1.614s]    37 |              std::cout<<"sent data to publish\r"<<[01;36m[Kresults[m[K;
[1.614s]       |                                                   [01;36m[K^~~~~~~[m[K
[1.614s] In file included from [01m[K/usr/include/c++/11/ostream:829[m[K,
[1.614s]                  from [01m[K/usr/include/c++/11/iostream:39[m[K,
[1.614s]                  from [01m[K/opt/ros/iron/include/rclcpp/rclcpp/executor.hpp:22[m[K,
[1.614s]                  from [01m[K/opt/ros/iron/include/rclcpp/rclcpp/executors/multi_threaded_executor.hpp:25[m[K,
[1.614s]                  from [01m[K/opt/ros/iron/include/rclcpp/rclcpp/executors.hpp:21[m[K,
[1.614s]                  from [01m[K/opt/ros/iron/include/rclcpp/rclcpp/rclcpp.hpp:167[m[K,
[1.614s]                  from [01m[K/home/yang/ros2_ws/src/cpp_srvcli/src/sensor_client.cpp:1[m[K:
[1.614s] [01m[K/usr/include/c++/11/bits/ostream.tcc:321:5:[m[K [01;36m[Knote: [m[Kcandidate: ‘[01m[Ktemplate<class _CharT, class _Traits> std::basic_ostream<_Ch, _Tr>& std::operator<<(std::basic_ostream<_Ch, _Tr>&, const char*)[m[K’
[1.614s]   321 |     [01;36m[Koperator[m[K<<(basic_ostream<_CharT, _Traits>& __out, const char* __s)
[1.614s]       |     [01;36m[K^~~~~~~~[m[K
[1.614s] [01m[K/usr/include/c++/11/bits/ostream.tcc:321:5:[m[K [01;36m[Knote: [m[K  template argument deduction/substitution failed:
[1.614s] [01m[K/home/yang/ros2_ws/src/cpp_srvcli/src/sensor_client.cpp:37:51:[m[K [01;36m[Knote: [m[K  cannot convert ‘[01m[Kresults[m[K’ (type ‘[01m[Kstd_msgs::msg::Float64MultiArray_<std::allocator<void> >[m[K’) to type ‘[01m[Kconst char*[m[K’
[1.614s]    37 |              std::cout<<"sent data to publish\r"<<[01;36m[Kresults[m[K;
[1.614s]       |                                                   [01;36m[K^~~~~~~[m[K
[1.614s] In file included from [01m[K/usr/include/c++/11/iostream:39[m[K,
[1.614s]                  from [01m[K/opt/ros/iron/include/rclcpp/rclcpp/executor.hpp:22[m[K,
[1.614s]                  from [01m[K/opt/ros/iron/include/rclcpp/rclcpp/executors/multi_threaded_executor.hpp:25[m[K,
[1.614s]                  from [01m[K/opt/ros/iron/include/rclcpp/rclcpp/executors.hpp:21[m[K,
[1.614s]                  from [01m[K/opt/ros/iron/include/rclcpp/rclcpp/rclcpp.hpp:167[m[K,
[1.614s]                  from [01m[K/home/yang/ros2_ws/src/cpp_srvcli/src/sensor_client.cpp:1[m[K:
[1.614s] [01m[K/usr/include/c++/11/ostream:611:5:[m[K [01;36m[Knote: [m[Kcandidate: ‘[01m[Ktemplate<class _Traits> std::basic_ostream<char, _Traits>& std::operator<<(std::basic_ostream<char, _Traits>&, const char*)[m[K’
[1.614s]   611 |     [01;36m[Koperator[m[K<<(basic_ostream<char, _Traits>& __out, const char* __s)
[1.614s]       |     [01;36m[K^~~~~~~~[m[K
[1.614s] [01m[K/usr/include/c++/11/ostream:611:5:[m[K [01;36m[Knote: [m[K  template argument deduction/substitution failed:
[1.615s] [01m[K/home/yang/ros2_ws/src/cpp_srvcli/src/sensor_client.cpp:37:51:[m[K [01;36m[Knote: [m[K  cannot convert ‘[01m[Kresults[m[K’ (type ‘[01m[Kstd_msgs::msg::Float64MultiArray_<std::allocator<void> >[m[K’) to type ‘[01m[Kconst char*[m[K’
[1.615s]    37 |              std::cout<<"sent data to publish\r"<<[01;36m[Kresults[m[K;
[1.615s]       |                                                   [01;36m[K^~~~~~~[m[K
[1.615s] In file included from [01m[K/usr/include/c++/11/iostream:39[m[K,
[1.615s]                  from [01m[K/opt/ros/iron/include/rclcpp/rclcpp/executor.hpp:22[m[K,
[1.615s]                  from [01m[K/opt/ros/iron/include/rclcpp/rclcpp/executors/multi_threaded_executor.hpp:25[m[K,
[1.615s]                  from [01m[K/opt/ros/iron/include/rclcpp/rclcpp/executors.hpp:21[m[K,
[1.615s]                  from [01m[K/opt/ros/iron/include/rclcpp/rclcpp/rclcpp.hpp:167[m[K,
[1.615s]                  from [01m[K/home/yang/ros2_ws/src/cpp_srvcli/src/sensor_client.cpp:1[m[K:
[1.615s] [01m[K/usr/include/c++/11/ostream:624:5:[m[K [01;36m[Knote: [m[Kcandidate: ‘[01m[Ktemplate<class _Traits> std::basic_ostream<char, _Traits>& std::operator<<(std::basic_ostream<char, _Traits>&, const signed char*)[m[K’
[1.615s]   624 |     [01;36m[Koperator[m[K<<(basic_ostream<char, _Traits>& __out, const signed char* __s)
[1.615s]       |     [01;36m[K^~~~~~~~[m[K
[1.615s] [01m[K/usr/include/c++/11/ostream:624:5:[m[K [01;36m[Knote: [m[K  template argument deduction/substitution failed:
[1.615s] [01m[K/home/yang/ros2_ws/src/cpp_srvcli/src/sensor_client.cpp:37:51:[m[K [01;36m[Knote: [m[K  cannot convert ‘[01m[Kresults[m[K’ (type ‘[01m[Kstd_msgs::msg::Float64MultiArray_<std::allocator<void> >[m[K’) to type ‘[01m[Kconst signed char*[m[K’
[1.615s]    37 |              std::cout<<"sent data to publish\r"<<[01;36m[Kresults[m[K;
[1.615s]       |                                                   [01;36m[K^~~~~~~[m[K
[1.615s] In file included from [01m[K/usr/include/c++/11/iostream:39[m[K,
[1.615s]                  from [01m[K/opt/ros/iron/include/rclcpp/rclcpp/executor.hpp:22[m[K,
[1.615s]                  from [01m[K/opt/ros/iron/include/rclcpp/rclcpp/executors/multi_threaded_executor.hpp:25[m[K,
[1.615s]                  from [01m[K/opt/ros/iron/include/rclcpp/rclcpp/executors.hpp:21[m[K,
[1.615s]                  from [01m[K/opt/ros/iron/include/rclcpp/rclcpp/rclcpp.hpp:167[m[K,
[1.615s]                  from [01m[K/home/yang/ros2_ws/src/cpp_srvcli/src/sensor_client.cpp:1[m[K:
[1.615s] [01m[K/usr/include/c++/11/ostream:629:5:[m[K [01;36m[Knote: [m[Kcandidate: ‘[01m[Ktemplate<class _Traits> std::basic_ostream<char, _Traits>& std::operator<<(std::basic_ostream<char, _Traits>&, const unsigned char*)[m[K’
[1.615s]   629 |     [01;36m[Koperator[m[K<<(basic_ostream<char, _Traits>& __out, const unsigned char* __s)
[1.615s]       |     [01;36m[K^~~~~~~~[m[K
[1.615s] [01m[K/usr/include/c++/11/ostream:629:5:[m[K [01;36m[Knote: [m[K  template argument deduction/substitution failed:
[1.615s] [01m[K/home/yang/ros2_ws/src/cpp_srvcli/src/sensor_client.cpp:37:51:[m[K [01;36m[Knote: [m[K  cannot convert ‘[01m[Kresults[m[K’ (type ‘[01m[Kstd_msgs::msg::Float64MultiArray_<std::allocator<void> >[m[K’) to type ‘[01m[Kconst unsigned char*[m[K’
[1.615s]    37 |              std::cout<<"sent data to publish\r"<<[01;36m[Kresults[m[K;
[1.615s]       |                                                   [01;36m[K^~~~~~~[m[K
[1.615s] In file included from [01m[K/usr/include/c++/11/iostream:39[m[K,
[1.616s]                  from [01m[K/opt/ros/iron/include/rclcpp/rclcpp/executor.hpp:22[m[K,
[1.616s]                  from [01m[K/opt/ros/iron/include/rclcpp/rclcpp/executors/multi_threaded_executor.hpp:25[m[K,
[1.616s]                  from [01m[K/opt/ros/iron/include/rclcpp/rclcpp/executors.hpp:21[m[K,
[1.616s]                  from [01m[K/opt/ros/iron/include/rclcpp/rclcpp/rclcpp.hpp:167[m[K,
[1.616s]                  from [01m[K/home/yang/ros2_ws/src/cpp_srvcli/src/sensor_client.cpp:1[m[K:
[1.616s] [01m[K/usr/include/c++/11/ostream:750:5:[m[K [01;36m[Knote: [m[Kcandidate: ‘[01m[Ktemplate<class _Ostream, class _Tp> _Ostream&& std::operator<<(_Ostream&&, const _Tp&)[m[K’
[1.616s]   750 |     [01;36m[Koperator[m[K<<(_Ostream&& __os, const _Tp& __x)
[1.616s]       |     [01;36m[K^~~~~~~~[m[K
[1.616s] [01m[K/usr/include/c++/11/ostream:750:5:[m[K [01;36m[Knote: [m[K  template argument deduction/substitution failed:
[1.616s] /usr/include/c++/11/ostream: In substitution of ‘[01m[Ktemplate<class _Ostream, class _Tp> _Ostream&& std::operator<<(_Ostream&&, const _Tp&) [with _Ostream = std::basic_ostream<char>&; _Tp = std_msgs::msg::Float64MultiArray_<std::allocator<void> >][m[K’:
[1.616s] [01m[K/home/yang/ros2_ws/src/cpp_srvcli/src/sensor_client.cpp:37:51:[m[K   required from here
[1.616s] [01m[K/usr/include/c++/11/ostream:750:5:[m[K [01;31m[Kerror: [m[Kno type named ‘[01m[Ktype[m[K’ in ‘[01m[Kstruct std::enable_if<false, void>[m[K’
[1.616s] In file included from [01m[K/opt/ros/iron/include/rosidl_runtime_cpp/rosidl_runtime_cpp/traits.hpp:19[m[K,
[1.616s]                  from [01m[K/opt/ros/iron/include/builtin_interfaces/builtin_interfaces/msg/detail/time__traits.hpp:15[m[K,
[1.616s]                  from [01m[K/opt/ros/iron/include/builtin_interfaces/builtin_interfaces/msg/time.hpp:9[m[K,
[1.616s]                  from [01m[K/opt/ros/iron/include/rclcpp/rclcpp/time.hpp:18[m[K,
[1.616s]                  from [01m[K/opt/ros/iron/include/rclcpp/rclcpp/clock.hpp:24[m[K,
[1.616s]                  from [01m[K/opt/ros/iron/include/rclcpp/rclcpp/client.hpp:38[m[K,
[1.616s]                  from [01m[K/opt/ros/iron/include/rclcpp/rclcpp/callback_group.hpp:24[m[K,
[1.616s]                  from [01m[K/opt/ros/iron/include/rclcpp/rclcpp/any_executable.hpp:20[m[K,
[1.616s]                  from [01m[K/opt/ros/iron/include/rclcpp/rclcpp/memory_strategy.hpp:25[m[K,
[1.616s]                  from [01m[K/opt/ros/iron/include/rclcpp/rclcpp/memory_strategies.hpp:18[m[K,
[1.616s]                  from [01m[K/opt/ros/iron/include/rclcpp/rclcpp/executor_options.hpp:20[m[K,
[1.616s]                  from [01m[K/opt/ros/iron/include/rclcpp/rclcpp/executor.hpp:37[m[K,
[1.616s]                  from [01m[K/opt/ros/iron/include/rclcpp/rclcpp/executors/multi_threaded_executor.hpp:25[m[K,
[1.616s]                  from [01m[K/opt/ros/iron/include/rclcpp/rclcpp/executors.hpp:21[m[K,
[1.616s]                  from [01m[K/opt/ros/iron/include/rclcpp/rclcpp/rclcpp.hpp:167[m[K,
[1.616s]                  from [01m[K/home/yang/ros2_ws/src/cpp_srvcli/src/sensor_client.cpp:1[m[K:
[1.616s] [01m[K/usr/include/c++/11/iomanip:79:5:[m[K [01;36m[Knote: [m[Kcandidate: ‘[01m[Ktemplate<class _CharT, class _Traits> std::basic_ostream<_Ch, _Tr>& std::operator<<(std::basic_ostream<_Ch, _Tr>&, std::_Resetiosflags)[m[K’
[1.616s]    79 |     [01;36m[Koperator[m[K<<(basic_ostream<_CharT, _Traits>& __os, _Resetiosflags __f)
[1.616s]       |     [01;36m[K^~~~~~~~[m[K
[1.617s] [01m[K/usr/include/c++/11/iomanip:79:5:[m[K [01;36m[Knote: [m[K  template argument deduction/substitution failed:
[1.617s] [01m[K/home/yang/ros2_ws/src/cpp_srvcli/src/sensor_client.cpp:37:51:[m[K [01;36m[Knote: [m[K  cannot convert ‘[01m[Kresults[m[K’ (type ‘[01m[Kstd_msgs::msg::Float64MultiArray_<std::allocator<void> >[m[K’) to type ‘[01m[Kstd::_Resetiosflags[m[K’
[1.617s]    37 |              std::cout<<"sent data to publish\r"<<[01;36m[Kresults[m[K;
[1.617s]       |                                                   [01;36m[K^~~~~~~[m[K
[1.617s] In file included from [01m[K/opt/ros/iron/include/rosidl_runtime_cpp/rosidl_runtime_cpp/traits.hpp:19[m[K,
[1.617s]                  from [01m[K/opt/ros/iron/include/builtin_interfaces/builtin_interfaces/msg/detail/time__traits.hpp:15[m[K,
[1.617s]                  from [01m[K/opt/ros/iron/include/builtin_interfaces/builtin_interfaces/msg/time.hpp:9[m[K,
[1.617s]                  from [01m[K/opt/ros/iron/include/rclcpp/rclcpp/time.hpp:18[m[K,
[1.617s]                  from [01m[K/opt/ros/iron/include/rclcpp/rclcpp/clock.hpp:24[m[K,
[1.617s]                  from [01m[K/opt/ros/iron/include/rclcpp/rclcpp/client.hpp:38[m[K,
[1.617s]                  from [01m[K/opt/ros/iron/include/rclcpp/rclcpp/callback_group.hpp:24[m[K,
[1.617s]                  from [01m[K/opt/ros/iron/include/rclcpp/rclcpp/any_executable.hpp:20[m[K,
[1.617s]                  from [01m[K/opt/ros/iron/include/rclcpp/rclcpp/memory_strategy.hpp:25[m[K,
[1.617s]                  from [01m[K/opt/ros/iron/include/rclcpp/rclcpp/memory_strategies.hpp:18[m[K,
[1.617s]                  from [01m[K/opt/ros/iron/include/rclcpp/rclcpp/executor_options.hpp:20[m[K,
[1.617s]                  from [01m[K/opt/ros/iron/include/rclcpp/rclcpp/executor.hpp:37[m[K,
[1.617s]                  from [01m[K/opt/ros/iron/include/rclcpp/rclcpp/executors/multi_threaded_executor.hpp:25[m[K,
[1.617s]                  from [01m[K/opt/ros/iron/include/rclcpp/rclcpp/executors.hpp:21[m[K,
[1.617s]                  from [01m[K/opt/ros/iron/include/rclcpp/rclcpp/rclcpp.hpp:167[m[K,
[1.617s]                  from [01m[K/home/yang/ros2_ws/src/cpp_srvcli/src/sensor_client.cpp:1[m[K:
[1.617s] [01m[K/usr/include/c++/11/iomanip:109:5:[m[K [01;36m[Knote: [m[Kcandidate: ‘[01m[Ktemplate<class _CharT, class _Traits> std::basic_ostream<_Ch, _Tr>& std::operator<<(std::basic_ostream<_Ch, _Tr>&, std::_Setiosflags)[m[K’
[1.617s]   109 |     [01;36m[Koperator[m[K<<(basic_ostream<_CharT, _Traits>& __os, _Setiosflags __f)
[1.617s]       |     [01;36m[K^~~~~~~~[m[K
[1.617s] [01m[K/usr/include/c++/11/iomanip:109:5:[m[K [01;36m[Knote: [m[K  template argument deduction/substitution failed:
[1.617s] [01m[K/home/yang/ros2_ws/src/cpp_srvcli/src/sensor_client.cpp:37:51:[m[K [01;36m[Knote: [m[K  cannot convert ‘[01m[Kresults[m[K’ (type ‘[01m[Kstd_msgs::msg::Float64MultiArray_<std::allocator<void> >[m[K’) to type ‘[01m[Kstd::_Setiosflags[m[K’
[1.617s]    37 |              std::cout<<"sent data to publish\r"<<[01;36m[Kresults[m[K;
[1.617s]       |                                                   [01;36m[K^~~~~~~[m[K
[1.617s] In file included from [01m[K/opt/ros/iron/include/rosidl_runtime_cpp/rosidl_runtime_cpp/traits.hpp:19[m[K,
[1.617s]                  from [01m[K/opt/ros/iron/include/builtin_interfaces/builtin_interfaces/msg/detail/time__traits.hpp:15[m[K,
[1.617s]                  from [01m[K/opt/ros/iron/include/builtin_interfaces/builtin_interfaces/msg/time.hpp:9[m[K,
[1.617s]                  from [01m[K/opt/ros/iron/include/rclcpp/rclcpp/time.hpp:18[m[K,
[1.617s]                  from [01m[K/opt/ros/iron/include/rclcpp/rclcpp/clock.hpp:24[m[K,
[1.618s]                  from [01m[K/opt/ros/iron/include/rclcpp/rclcpp/client.hpp:38[m[K,
[1.618s]                  from [01m[K/opt/ros/iron/include/rclcpp/rclcpp/callback_group.hpp:24[m[K,
[1.618s]                  from [01m[K/opt/ros/iron/include/rclcpp/rclcpp/any_executable.hpp:20[m[K,
[1.618s]                  from [01m[K/opt/ros/iron/include/rclcpp/rclcpp/memory_strategy.hpp:25[m[K,
[1.618s]                  from [01m[K/opt/ros/iron/include/rclcpp/rclcpp/memory_strategies.hpp:18[m[K,
[1.618s]                  from [01m[K/opt/ros/iron/include/rclcpp/rclcpp/executor_options.hpp:20[m[K,
[1.618s]                  from [01m[K/opt/ros/iron/include/rclcpp/rclcpp/executor.hpp:37[m[K,
[1.618s]                  from [01m[K/opt/ros/iron/include/rclcpp/rclcpp/executors/multi_threaded_executor.hpp:25[m[K,
[1.618s]                  from [01m[K/opt/ros/iron/include/rclcpp/rclcpp/executors.hpp:21[m[K,
[1.618s]                  from [01m[K/opt/ros/iron/include/rclcpp/rclcpp/rclcpp.hpp:167[m[K,
[1.618s]                  from [01m[K/home/yang/ros2_ws/src/cpp_srvcli/src/sensor_client.cpp:1[m[K:
[1.618s] [01m[K/usr/include/c++/11/iomanip:143:5:[m[K [01;36m[Knote: [m[Kcandidate: ‘[01m[Ktemplate<class _CharT, class _Traits> std::basic_ostream<_Ch, _Tr>& std::operator<<(std::basic_ostream<_Ch, _Tr>&, std::_Setbase)[m[K’
[1.618s]   143 |     [01;36m[Koperator[m[K<<(basic_ostream<_CharT, _Traits>& __os, _Setbase __f)
[1.618s]       |     [01;36m[K^~~~~~~~[m[K
[1.618s] [01m[K/usr/include/c++/11/iomanip:143:5:[m[K [01;36m[Knote: [m[K  template argument deduction/substitution failed:
[1.618s] [01m[K/home/yang/ros2_ws/src/cpp_srvcli/src/sensor_client.cpp:37:51:[m[K [01;36m[Knote: [m[K  cannot convert ‘[01m[Kresults[m[K’ (type ‘[01m[Kstd_msgs::msg::Float64MultiArray_<std::allocator<void> >[m[K’) to type ‘[01m[Kstd::_Setbase[m[K’
[1.618s]    37 |              std::cout<<"sent data to publish\r"<<[01;36m[Kresults[m[K;
[1.618s]       |                                                   [01;36m[K^~~~~~~[m[K
[1.618s] In file included from [01m[K/opt/ros/iron/include/rosidl_runtime_cpp/rosidl_runtime_cpp/traits.hpp:19[m[K,
[1.618s]                  from [01m[K/opt/ros/iron/include/builtin_interfaces/builtin_interfaces/msg/detail/time__traits.hpp:15[m[K,
[1.618s]                  from [01m[K/opt/ros/iron/include/builtin_interfaces/builtin_interfaces/msg/time.hpp:9[m[K,
[1.618s]                  from [01m[K/opt/ros/iron/include/rclcpp/rclcpp/time.hpp:18[m[K,
[1.618s]                  from [01m[K/opt/ros/iron/include/rclcpp/rclcpp/clock.hpp:24[m[K,
[1.618s]                  from [01m[K/opt/ros/iron/include/rclcpp/rclcpp/client.hpp:38[m[K,
[1.618s]                  from [01m[K/opt/ros/iron/include/rclcpp/rclcpp/callback_group.hpp:24[m[K,
[1.618s]                  from [01m[K/opt/ros/iron/include/rclcpp/rclcpp/any_executable.hpp:20[m[K,
[1.618s]                  from [01m[K/opt/ros/iron/include/rclcpp/rclcpp/memory_strategy.hpp:25[m[K,
[1.618s]                  from [01m[K/opt/ros/iron/include/rclcpp/rclcpp/memory_strategies.hpp:18[m[K,
[1.618s]                  from [01m[K/opt/ros/iron/include/rclcpp/rclcpp/executor_options.hpp:20[m[K,
[1.618s]                  from [01m[K/opt/ros/iron/include/rclcpp/rclcpp/executor.hpp:37[m[K,
[1.618s]                  from [01m[K/opt/ros/iron/include/rclcpp/rclcpp/executors/multi_threaded_executor.hpp:25[m[K,
[1.619s]                  from [01m[K/opt/ros/iron/include/rclcpp/rclcpp/executors.hpp:21[m[K,
[1.619s]                  from [01m[K/opt/ros/iron/include/rclcpp/rclcpp/rclcpp.hpp:167[m[K,
[1.619s]                  from [01m[K/home/yang/ros2_ws/src/cpp_srvcli/src/sensor_client.cpp:1[m[K:
[1.619s] [01m[K/usr/include/c++/11/iomanip:178:5:[m[K [01;36m[Knote: [m[Kcandidate: ‘[01m[Ktemplate<class _CharT, class _Traits> std::basic_ostream<_Ch, _Tr>& std::operator<<(std::basic_ostream<_Ch, _Tr>&, std::_Setfill<_CharT>)[m[K’
[1.619s]   178 |     [01;36m[Koperator[m[K<<(basic_ostream<_CharT, _Traits>& __os, _Setfill<_CharT> __f)
[1.619s]       |     [01;36m[K^~~~~~~~[m[K
[1.619s] [01m[K/usr/include/c++/11/iomanip:178:5:[m[K [01;36m[Knote: [m[K  template argument deduction/substitution failed:
[1.619s] [01m[K/home/yang/ros2_ws/src/cpp_srvcli/src/sensor_client.cpp:37:51:[m[K [01;36m[Knote: [m[K  ‘[01m[Kstd_msgs::msg::Float64MultiArray_<std::allocator<void> >[m[K’ is not derived from ‘[01m[Kstd::_Setfill<_CharT>[m[K’
[1.619s]    37 |              std::cout<<"sent data to publish\r"<<[01;36m[Kresults[m[K;
[1.619s]       |                                                   [01;36m[K^~~~~~~[m[K
[1.619s] In file included from [01m[K/opt/ros/iron/include/rosidl_runtime_cpp/rosidl_runtime_cpp/traits.hpp:19[m[K,
[1.619s]                  from [01m[K/opt/ros/iron/include/builtin_interfaces/builtin_interfaces/msg/detail/time__traits.hpp:15[m[K,
[1.619s]                  from [01m[K/opt/ros/iron/include/builtin_interfaces/builtin_interfaces/msg/time.hpp:9[m[K,
[1.619s]                  from [01m[K/opt/ros/iron/include/rclcpp/rclcpp/time.hpp:18[m[K,
[1.619s]                  from [01m[K/opt/ros/iron/include/rclcpp/rclcpp/clock.hpp:24[m[K,
[1.619s]                  from [01m[K/opt/ros/iron/include/rclcpp/rclcpp/client.hpp:38[m[K,
[1.619s]                  from [01m[K/opt/ros/iron/include/rclcpp/rclcpp/callback_group.hpp:24[m[K,
[1.619s]                  from [01m[K/opt/ros/iron/include/rclcpp/rclcpp/any_executable.hpp:20[m[K,
[1.619s]                  from [01m[K/opt/ros/iron/include/rclcpp/rclcpp/memory_strategy.hpp:25[m[K,
[1.619s]                  from [01m[K/opt/ros/iron/include/rclcpp/rclcpp/memory_strategies.hpp:18[m[K,
[1.619s]                  from [01m[K/opt/ros/iron/include/rclcpp/rclcpp/executor_options.hpp:20[m[K,
[1.619s]                  from [01m[K/opt/ros/iron/include/rclcpp/rclcpp/executor.hpp:37[m[K,
[1.619s]                  from [01m[K/opt/ros/iron/include/rclcpp/rclcpp/executors/multi_threaded_executor.hpp:25[m[K,
[1.619s]                  from [01m[K/opt/ros/iron/include/rclcpp/rclcpp/executors.hpp:21[m[K,
[1.619s]                  from [01m[K/opt/ros/iron/include/rclcpp/rclcpp/rclcpp.hpp:167[m[K,
[1.619s]                  from [01m[K/home/yang/ros2_ws/src/cpp_srvcli/src/sensor_client.cpp:1[m[K:
[1.619s] [01m[K/usr/include/c++/11/iomanip:208:5:[m[K [01;36m[Knote: [m[Kcandidate: ‘[01m[Ktemplate<class _CharT, class _Traits> std::basic_ostream<_Ch, _Tr>& std::operator<<(std::basic_ostream<_Ch, _Tr>&, std::_Setprecision)[m[K’
[1.619s]   208 |     [01;36m[Koperator[m[K<<(basic_ostream<_CharT, _Traits>& __os, _Setprecision __f)
[1.619s]       |     [01;36m[K^~~~~~~~[m[K
[1.619s] [01m[K/usr/include/c++/11/iomanip:208:5:[m[K [01;36m[Knote: [m[K  template argument deduction/substitution failed:
[1.619s] [01m[K/home/yang/ros2_ws/src/cpp_srvcli/src/sensor_client.cpp:37:51:[m[K [01;36m[Knote: [m[K  cannot convert ‘[01m[Kresults[m[K’ (type ‘[01m[Kstd_msgs::msg::Float64MultiArray_<std::allocator<void> >[m[K’) to type ‘[01m[Kstd::_Setprecision[m[K’
[1.620s]    37 |              std::cout<<"sent data to publish\r"<<[01;36m[Kresults[m[K;
[1.620s]       |                                                   [01;36m[K^~~~~~~[m[K
[1.620s] In file included from [01m[K/opt/ros/iron/include/rosidl_runtime_cpp/rosidl_runtime_cpp/traits.hpp:19[m[K,
[1.620s]                  from [01m[K/opt/ros/iron/include/builtin_interfaces/builtin_interfaces/msg/detail/time__traits.hpp:15[m[K,
[1.620s]                  from [01m[K/opt/ros/iron/include/builtin_interfaces/builtin_interfaces/msg/time.hpp:9[m[K,
[1.620s]                  from [01m[K/opt/ros/iron/include/rclcpp/rclcpp/time.hpp:18[m[K,
[1.620s]                  from [01m[K/opt/ros/iron/include/rclcpp/rclcpp/clock.hpp:24[m[K,
[1.620s]                  from [01m[K/opt/ros/iron/include/rclcpp/rclcpp/client.hpp:38[m[K,
[1.620s]                  from [01m[K/opt/ros/iron/include/rclcpp/rclcpp/callback_group.hpp:24[m[K,
[1.620s]                  from [01m[K/opt/ros/iron/include/rclcpp/rclcpp/any_executable.hpp:20[m[K,
[1.620s]                  from [01m[K/opt/ros/iron/include/rclcpp/rclcpp/memory_strategy.hpp:25[m[K,
[1.620s]                  from [01m[K/opt/ros/iron/include/rclcpp/rclcpp/memory_strategies.hpp:18[m[K,
[1.620s]                  from [01m[K/opt/ros/iron/include/rclcpp/rclcpp/executor_options.hpp:20[m[K,
[1.620s]                  from [01m[K/opt/ros/iron/include/rclcpp/rclcpp/executor.hpp:37[m[K,
[1.620s]                  from [01m[K/opt/ros/iron/include/rclcpp/rclcpp/executors/multi_threaded_executor.hpp:25[m[K,
[1.620s]                  from [01m[K/opt/ros/iron/include/rclcpp/rclcpp/executors.hpp:21[m[K,
[1.620s]                  from [01m[K/opt/ros/iron/include/rclcpp/rclcpp/rclcpp.hpp:167[m[K,
[1.620s]                  from [01m[K/home/yang/ros2_ws/src/cpp_srvcli/src/sensor_client.cpp:1[m[K:
[1.620s] [01m[K/usr/include/c++/11/iomanip:238:5:[m[K [01;36m[Knote: [m[Kcandidate: ‘[01m[Ktemplate<class _CharT, class _Traits> std::basic_ostream<_Ch, _Tr>& std::operator<<(std::basic_ostream<_Ch, _Tr>&, std::_Setw)[m[K’
[1.620s]   238 |     [01;36m[Koperator[m[K<<(basic_ostream<_CharT, _Traits>& __os, _Setw __f)
[1.620s]       |     [01;36m[K^~~~~~~~[m[K
[1.620s] [01m[K/usr/include/c++/11/iomanip:238:5:[m[K [01;36m[Knote: [m[K  template argument deduction/substitution failed:
[1.620s] [01m[K/home/yang/ros2_ws/src/cpp_srvcli/src/sensor_client.cpp:37:51:[m[K [01;36m[Knote: [m[K  cannot convert ‘[01m[Kresults[m[K’ (type ‘[01m[Kstd_msgs::msg::Float64MultiArray_<std::allocator<void> >[m[K’) to type ‘[01m[Kstd::_Setw[m[K’
[1.620s]    37 |              std::cout<<"sent data to publish\r"<<[01;36m[Kresults[m[K;
[1.620s]       |                                                   [01;36m[K^~~~~~~[m[K
[1.620s] In file included from [01m[K/opt/ros/iron/include/rosidl_runtime_cpp/rosidl_runtime_cpp/traits.hpp:19[m[K,
[1.620s]                  from [01m[K/opt/ros/iron/include/builtin_interfaces/builtin_interfaces/msg/detail/time__traits.hpp:15[m[K,
[1.620s]                  from [01m[K/opt/ros/iron/include/builtin_interfaces/builtin_interfaces/msg/time.hpp:9[m[K,
[1.620s]                  from [01m[K/opt/ros/iron/include/rclcpp/rclcpp/time.hpp:18[m[K,
[1.620s]                  from [01m[K/opt/ros/iron/include/rclcpp/rclcpp/clock.hpp:24[m[K,
[1.621s]                  from [01m[K/opt/ros/iron/include/rclcpp/rclcpp/client.hpp:38[m[K,
[1.621s]                  from [01m[K/opt/ros/iron/include/rclcpp/rclcpp/callback_group.hpp:24[m[K,
[1.621s]                  from [01m[K/opt/ros/iron/include/rclcpp/rclcpp/any_executable.hpp:20[m[K,
[1.621s]                  from [01m[K/opt/ros/iron/include/rclcpp/rclcpp/memory_strategy.hpp:25[m[K,
[1.621s]                  from [01m[K/opt/ros/iron/include/rclcpp/rclcpp/memory_strategies.hpp:18[m[K,
[1.621s]                  from [01m[K/opt/ros/iron/include/rclcpp/rclcpp/executor_options.hpp:20[m[K,
[1.621s]                  from [01m[K/opt/ros/iron/include/rclcpp/rclcpp/executor.hpp:37[m[K,
[1.621s]                  from [01m[K/opt/ros/iron/include/rclcpp/rclcpp/executors/multi_threaded_executor.hpp:25[m[K,
[1.621s]                  from [01m[K/opt/ros/iron/include/rclcpp/rclcpp/executors.hpp:21[m[K,
[1.621s]                  from [01m[K/opt/ros/iron/include/rclcpp/rclcpp/rclcpp.hpp:167[m[K,
[1.621s]                  from [01m[K/home/yang/ros2_ws/src/cpp_srvcli/src/sensor_client.cpp:1[m[K:
[1.621s] [01m[K/usr/include/c++/11/iomanip:311:5:[m[K [01;36m[Knote: [m[Kcandidate: ‘[01m[Ktemplate<class _CharT, class _Traits, class _MoneyT> std::basic_ostream<_Ch, _Tr>& std::operator<<(std::basic_ostream<_Ch, _Tr>&, std::_Put_money<_MoneyT>)[m[K’
[1.621s]   311 |     [01;36m[Koperator[m[K<<(basic_ostream<_CharT, _Traits>& __os, _Put_money<_MoneyT> __f)
[1.621s]       |     [01;36m[K^~~~~~~~[m[K
[1.621s] [01m[K/usr/include/c++/11/iomanip:311:5:[m[K [01;36m[Knote: [m[K  template argument deduction/substitution failed:
[1.621s] [01m[K/home/yang/ros2_ws/src/cpp_srvcli/src/sensor_client.cpp:37:51:[m[K [01;36m[Knote: [m[K  ‘[01m[Kstd_msgs::msg::Float64MultiArray_<std::allocator<void> >[m[K’ is not derived from ‘[01m[Kstd::_Put_money<_MoneyT>[m[K’
[1.621s]    37 |              std::cout<<"sent data to publish\r"<<[01;36m[Kresults[m[K;
[1.621s]       |                                                   [01;36m[K^~~~~~~[m[K
[1.621s] In file included from [01m[K/opt/ros/iron/include/rosidl_runtime_cpp/rosidl_runtime_cpp/traits.hpp:19[m[K,
[1.621s]                  from [01m[K/opt/ros/iron/include/builtin_interfaces/builtin_interfaces/msg/detail/time__traits.hpp:15[m[K,
[1.621s]                  from [01m[K/opt/ros/iron/include/builtin_interfaces/builtin_interfaces/msg/time.hpp:9[m[K,
[1.621s]                  from [01m[K/opt/ros/iron/include/rclcpp/rclcpp/time.hpp:18[m[K,
[1.621s]                  from [01m[K/opt/ros/iron/include/rclcpp/rclcpp/clock.hpp:24[m[K,
[1.621s]                  from [01m[K/opt/ros/iron/include/rclcpp/rclcpp/client.hpp:38[m[K,
[1.621s]                  from [01m[K/opt/ros/iron/include/rclcpp/rclcpp/callback_group.hpp:24[m[K,
[1.621s]                  from [01m[K/opt/ros/iron/include/rclcpp/rclcpp/any_executable.hpp:20[m[K,
[1.621s]                  from [01m[K/opt/ros/iron/include/rclcpp/rclcpp/memory_strategy.hpp:25[m[K,
[1.622s]                  from [01m[K/opt/ros/iron/include/rclcpp/rclcpp/memory_strategies.hpp:18[m[K,
[1.622s]                  from [01m[K/opt/ros/iron/include/rclcpp/rclcpp/executor_options.hpp:20[m[K,
[1.622s]                  from [01m[K/opt/ros/iron/include/rclcpp/rclcpp/executor.hpp:37[m[K,
[1.622s]                  from [01m[K/opt/ros/iron/include/rclcpp/rclcpp/executors/multi_threaded_executor.hpp:25[m[K,
[1.622s]                  from [01m[K/opt/ros/iron/include/rclcpp/rclcpp/executors.hpp:21[m[K,
[1.622s]                  from [01m[K/opt/ros/iron/include/rclcpp/rclcpp/rclcpp.hpp:167[m[K,
[1.622s]                  from [01m[K/home/yang/ros2_ws/src/cpp_srvcli/src/sensor_client.cpp:1[m[K:
[1.622s] [01m[K/usr/include/c++/11/iomanip:363:5:[m[K [01;36m[Knote: [m[Kcandidate: ‘[01m[Ktemplate<class _CharT, class _Traits> std::basic_ostream<_Ch, _Tr>& std::operator<<(std::basic_ostream<_Ch, _Tr>&, std::_Put_time<_CharT>)[m[K’
[1.622s]   363 |     [01;36m[Koperator[m[K<<(basic_ostream<_CharT, _Traits>& __os, _Put_time<_CharT> __f)
[1.622s]       |     [01;36m[K^~~~~~~~[m[K
[1.622s] [01m[K/usr/include/c++/11/iomanip:363:5:[m[K [01;36m[Knote: [m[K  template argument deduction/substitution failed:
[1.622s] [01m[K/home/yang/ros2_ws/src/cpp_srvcli/src/sensor_client.cpp:37:51:[m[K [01;36m[Knote: [m[K  ‘[01m[Kstd_msgs::msg::Float64MultiArray_<std::allocator<void> >[m[K’ is not derived from ‘[01m[Kstd::_Put_time<_CharT>[m[K’
[1.622s]    37 |              std::cout<<"sent data to publish\r"<<[01;36m[Kresults[m[K;
[1.622s]       |                                                   [01;36m[K^~~~~~~[m[K
[2.272s] [01m[K/home/yang/ros2_ws/src/cpp_srvcli/src/sensor_server.cpp:[m[K In member function ‘[01m[Kvoid SensorService::handle_service(std::shared_ptr<tutorial_interfaces::srv::SampleRequest_Request_<std::allocator<void> > >, std::shared_ptr<tutorial_interfaces::srv::SampleRequest_Response_<std::allocator<void> > >)[m[K’:
[2.272s] [01m[K/home/yang/ros2_ws/src/cpp_srvcli/src/sensor_server.cpp:58:38:[m[K [01;31m[Kerror: [m[K‘[01m[Ktorecv_buf[m[K’ is not a member of ‘[01m[Kstd[m[K’
[2.272s]    58 |         std::cout<<"got buf: "<<std::[01;31m[Ktorecv_buf[m[K.data()<<", len: "<<len<<"\r";
[2.272s]       |                                      [01;31m[K^~~~~~~~~~[m[K
[2.388s] gmake[2]: *** [CMakeFiles/client.dir/build.make:76: CMakeFiles/client.dir/src/sensor_client.cpp.o] Error 1
[2.388s] gmake[1]: *** [CMakeFiles/Makefile2:165: CMakeFiles/client.dir/all] Error 2
[2.388s] gmake[1]: *** Waiting for unfinished jobs....
[2.930s] gmake[2]: *** [CMakeFiles/server.dir/build.make:76: CMakeFiles/server.dir/src/sensor_server.cpp.o] Error 1
[2.930s] gmake[1]: *** [CMakeFiles/Makefile2:139: CMakeFiles/server.dir/all] Error 2
[2.930s] gmake: *** [Makefile:146: all] Error 2
[2.931s] Invoked command in '/home/yang/ros2_ws/build/cpp_srvcli' returned '2': CMAKE_PREFIX_PATH=/home/yang/ros2_ws/install/tutorial_interfaces:/home/yang/ros2_ws/install/cpp_srvcli:/home/yang/ros2_ws/install/cpp_sensor_server:/home/yang/ros2_ws/install/py_srvcli:/opt/ros/iron LD_LIBRARY_PATH=/home/yang/ros2_ws/install/tutorial_interfaces/lib:/home/yang/ros2_ws/install/cpp_sensor_server/lib:/opt/ros/iron/opt/rviz_ogre_vendor/lib:/opt/ros/iron/lib/x86_64-linux-gnu:/opt/ros/iron/lib PYTHONPATH=/home/yang/ros2_ws/install/tutorial_interfaces/lib/python3.10/site-packages:/home/yang/ros2_ws/install/py_srvcli/lib/python3.10/site-packages:/home/yang/ros2_ws/install/cpp_sensor_server/lib/python3.10/site-packages:/opt/ros/iron/lib/python3.10/site-packages /usr/bin/cmake --build /home/yang/ros2_ws/build/cpp_srvcli -- -j16 -l16
