[0.006s] Invoking command in '/home/yang/ros2_ws/build/sensor_interfaces': CMAKE_PREFIX_PATH=${CMAKE_PREFIX_PATH}:/home/yang/ros2_ws/install/py_srvcli:/opt/ros/iron /usr/bin/cmake --build /home/yang/ros2_ws/build/sensor_interfaces -- -j16 -l16
[0.019s] -- Found ament_cmake: 2.0.4 (/opt/ros/iron/share/ament_cmake/cmake)
[0.098s] -- Found geometry_msgs: 5.0.0 (/opt/ros/iron/share/geometry_msgs/cmake)
[0.111s] -- Found rosidl_generator_c: 4.0.1 (/opt/ros/iron/share/rosidl_generator_c/cmake)
[0.116s] -- Found rosidl_generator_cpp: 4.0.1 (/opt/ros/iron/share/rosidl_generator_cpp/cmake)
[0.123s] -- Using all available rosidl_typesupport_c: rosidl_typesupport_fastrtps_c;rosidl_typesupport_introspection_c
[0.131s] -- Using all available rosidl_typesupport_cpp: rosidl_typesupport_fastrtps_cpp;rosidl_typesupport_introspection_cpp
[0.185s] -- Found rosidl_default_generators: 1.5.0 (/opt/ros/iron/share/rosidl_default_generators/cmake)
[0.189s] -- Found rosidl_adapter: 4.0.1 (/opt/ros/iron/share/rosidl_adapter/cmake)
[0.191s] [31mCMake Error at /opt/ros/iron/share/rosidl_cmake/cmake/rosidl_generate_interfaces.cmake:95 (message):
[0.191s]   rosidl_generate_interfaces() the passed file 'msg/Num.msg' doesn't exist
[0.192s]   relative to the CMAKE_CURRENT_SOURCE_DIR
[0.192s]   '/home/yang/ros2_ws/src/sensor_interfaces'
[0.192s] Call Stack (most recent call first):
[0.192s]   CMakeLists.txt:16 (rosidl_generate_interfaces)
[0.192s] 
[0.192s] [0m
[0.192s] -- Configuring incomplete, errors occurred!
[0.192s] See also "/home/yang/ros2_ws/build/sensor_interfaces/CMakeFiles/CMakeOutput.log".
[0.194s] gmake: *** [Makefile:2165: cmake_check_build_system] Error 1
[0.195s] Invoked command in '/home/yang/ros2_ws/build/sensor_interfaces' returned '2': CMAKE_PREFIX_PATH=${CMAKE_PREFIX_PATH}:/home/yang/ros2_ws/install/py_srvcli:/opt/ros/iron /usr/bin/cmake --build /home/yang/ros2_ws/build/sensor_interfaces -- -j16 -l16
