[0.006s] Invoking command in '/home/yang/ros2_ws/build/cpp_sensor_server': CMAKE_PREFIX_PATH=${CMAKE_PREFIX_PATH}:/home/yang/ros2_ws/install/py_srvcli:/opt/ros/iron /usr/bin/cmake --build /home/yang/ros2_ws/build/cpp_sensor_server -- -j16 -l16
[0.032s] [  2%] Built target cpp_sensor_server__rosidl_generator_type_description
[0.037s] [  2%] Built target ament_cmake_python_copy_cpp_sensor_server
[0.042s] [  5%] Built target cpp_sensor_server__cpp
[0.042s] [ 17%] Built target cpp_sensor_server__rosidl_generator_c
[0.055s] [ 42%] Built target cpp_sensor_server__rosidl_typesupport_c
[0.055s] [ 42%] Built target cpp_sensor_server__rosidl_typesupport_cpp
[0.055s] [ 42%] Built target cpp_sensor_server__rosidl_typesupport_introspection_c
[0.055s] [ 47%] Built target cpp_sensor_server__rosidl_typesupport_fastrtps_c
[0.055s] [ 55%] Built target cpp_sensor_server__rosidl_typesupport_introspection_cpp
[0.055s] [ 62%] Built target cpp_sensor_server__rosidl_typesupport_fastrtps_cpp
[0.065s] [ 62%] Built target cpp_sensor_server
[0.072s] [35m[1mConsolidate compiler generated dependencies of target sensor_client[0m
[0.076s] [ 65%] Built target cpp_sensor_server__py
[0.083s] [ 72%] Built target sensor_client
[0.083s] [ 75%] [32mBuilding CXX object CMakeFiles/sensor_server.dir/src/sensor_server.cpp.o[0m
[0.083s] [ 77%] Built target sensor_server2
[0.088s] [ 82%] Built target cpp_sensor_server__rosidl_generator_py
[0.101s] [ 97%] Built target cpp_sensor_server__rosidl_typesupport_introspection_c__pyext
[0.101s] [ 97%] Built target cpp_sensor_server__rosidl_typesupport_c__pyext
[0.101s] [ 97%] Built target cpp_sensor_server__rosidl_typesupport_fastrtps_c__pyext
[0.177s] running egg_info
[0.177s] writing cpp_sensor_server.egg-info/PKG-INFO
[0.177s] writing dependency_links to cpp_sensor_server.egg-info/dependency_links.txt
[0.177s] writing top-level names to cpp_sensor_server.egg-info/top_level.txt
[0.179s] reading manifest file 'cpp_sensor_server.egg-info/SOURCES.txt'
[0.179s] writing manifest file 'cpp_sensor_server.egg-info/SOURCES.txt'
[0.193s] [ 97%] Built target ament_cmake_python_build_cpp_sensor_server_egg
[2.141s] [01m[K/home/yang/ros2_ws/src/cpp_sensor_server/src/sensor_server.cpp:[m[K In member function ‘[01m[Kvoid SensorServer::handle_sensor_data(std::shared_ptr<cpp_sensor_server::srv::SensorData_Request_<std::allocator<void> > >, std::shared_ptr<cpp_sensor_server::srv::SensorData_Response_<std::allocator<void> > >)[m[K’:
[2.141s] [01m[K/home/yang/ros2_ws/src/cpp_sensor_server/src/sensor_server.cpp:24:12:[m[K [01;35m[Kwarning: [m[Kunused variable ‘[01m[Klen[m[K’ [[01;35m[K]8;;https://gcc.gnu.org/onlinedocs/gcc/Warning-Options.html#index-Wunused-variable-Wunused-variable]8;;[m[K]
[2.141s]    24 |     size_t [01;35m[Klen[m[K = socket_.read_some(asio::buffer(buffer), ignored_error);
[2.141s]       |            [01;35m[K^~~[m[K
[3.468s] [100%] [32m[1mLinking CXX executable sensor_server[0m
[3.579s] [100%] Built target sensor_server
[3.585s] Invoked command in '/home/yang/ros2_ws/build/cpp_sensor_server' returned '0': CMAKE_PREFIX_PATH=${CMAKE_PREFIX_PATH}:/home/yang/ros2_ws/install/py_srvcli:/opt/ros/iron /usr/bin/cmake --build /home/yang/ros2_ws/build/cpp_sensor_server -- -j16 -l16
[3.626s] Invoking command in '/home/yang/ros2_ws/build/cpp_sensor_server': CMAKE_PREFIX_PATH=${CMAKE_PREFIX_PATH}:/home/yang/ros2_ws/install/py_srvcli:/opt/ros/iron /usr/bin/cmake --install /home/yang/ros2_ws/build/cpp_sensor_server
[3.631s] -- Install configuration: ""
[3.631s] -- Up-to-date: /home/yang/ros2_ws/install/cpp_sensor_server/share/ament_index/resource_index/rosidl_interfaces/cpp_sensor_server
[3.631s] -- Up-to-date: /home/yang/ros2_ws/install/cpp_sensor_server/share/cpp_sensor_server/srv/SensorData.json
[3.631s] -- Up-to-date: /home/yang/ros2_ws/install/cpp_sensor_server/include/cpp_sensor_server/cpp_sensor_server
[3.631s] -- Up-to-date: /home/yang/ros2_ws/install/cpp_sensor_server/include/cpp_sensor_server/cpp_sensor_server/srv
[3.631s] -- Up-to-date: /home/yang/ros2_ws/install/cpp_sensor_server/include/cpp_sensor_server/cpp_sensor_server/srv/detail
[3.631s] -- Up-to-date: /home/yang/ros2_ws/install/cpp_sensor_server/include/cpp_sensor_server/cpp_sensor_server/srv/detail/sensor_data__description.c
[3.631s] -- Up-to-date: /home/yang/ros2_ws/install/cpp_sensor_server/include/cpp_sensor_server/cpp_sensor_server/srv/detail/sensor_data__struct.h
[3.631s] -- Up-to-date: /home/yang/ros2_ws/install/cpp_sensor_server/include/cpp_sensor_server/cpp_sensor_server/srv/detail/sensor_data__functions.c
[3.631s] -- Up-to-date: /home/yang/ros2_ws/install/cpp_sensor_server/include/cpp_sensor_server/cpp_sensor_server/srv/detail/sensor_data__functions.h
[3.631s] -- Up-to-date: /home/yang/ros2_ws/install/cpp_sensor_server/include/cpp_sensor_server/cpp_sensor_server/srv/detail/sensor_data__type_support.c
[3.631s] -- Up-to-date: /home/yang/ros2_ws/install/cpp_sensor_server/include/cpp_sensor_server/cpp_sensor_server/srv/detail/sensor_data__type_support.h
[3.631s] -- Up-to-date: /home/yang/ros2_ws/install/cpp_sensor_server/include/cpp_sensor_server/cpp_sensor_server/srv/sensor_data.h
[3.631s] -- Up-to-date: /home/yang/ros2_ws/install/cpp_sensor_server/include/cpp_sensor_server/cpp_sensor_server/msg
[3.631s] -- Up-to-date: /home/yang/ros2_ws/install/cpp_sensor_server/include/cpp_sensor_server/cpp_sensor_server/msg/rosidl_generator_c__visibility_control.h
[3.631s] -- Up-to-date: /home/yang/ros2_ws/install/cpp_sensor_server/share/cpp_sensor_server/environment/library_path.sh
[3.631s] -- Up-to-date: /home/yang/ros2_ws/install/cpp_sensor_server/share/cpp_sensor_server/environment/library_path.dsv
[3.631s] -- Up-to-date: /home/yang/ros2_ws/install/cpp_sensor_server/lib/libcpp_sensor_server__rosidl_generator_c.so
[3.631s] -- Up-to-date: /home/yang/ros2_ws/install/cpp_sensor_server/include/cpp_sensor_server/cpp_sensor_server
[3.631s] -- Up-to-date: /home/yang/ros2_ws/install/cpp_sensor_server/include/cpp_sensor_server/cpp_sensor_server/srv
[3.631s] -- Up-to-date: /home/yang/ros2_ws/install/cpp_sensor_server/include/cpp_sensor_server/cpp_sensor_server/srv/detail
[3.631s] -- Up-to-date: /home/yang/ros2_ws/install/cpp_sensor_server/include/cpp_sensor_server/cpp_sensor_server/srv/detail/sensor_data__rosidl_typesupport_fastrtps_c.h
[3.631s] -- Up-to-date: /home/yang/ros2_ws/install/cpp_sensor_server/include/cpp_sensor_server/cpp_sensor_server/msg
[3.632s] -- Up-to-date: /home/yang/ros2_ws/install/cpp_sensor_server/include/cpp_sensor_server/cpp_sensor_server/msg/rosidl_typesupport_fastrtps_c__visibility_control.h
[3.632s] -- Up-to-date: /home/yang/ros2_ws/install/cpp_sensor_server/lib/libcpp_sensor_server__rosidl_typesupport_fastrtps_c.so
[3.632s] -- Up-to-date: /home/yang/ros2_ws/install/cpp_sensor_server/include/cpp_sensor_server/cpp_sensor_server
[3.632s] -- Up-to-date: /home/yang/ros2_ws/install/cpp_sensor_server/include/cpp_sensor_server/cpp_sensor_server/srv
[3.632s] -- Up-to-date: /home/yang/ros2_ws/install/cpp_sensor_server/include/cpp_sensor_server/cpp_sensor_server/srv/sensor_data.hpp
[3.632s] -- Up-to-date: /home/yang/ros2_ws/install/cpp_sensor_server/include/cpp_sensor_server/cpp_sensor_server/srv/detail
[3.632s] -- Up-to-date: /home/yang/ros2_ws/install/cpp_sensor_server/include/cpp_sensor_server/cpp_sensor_server/srv/detail/sensor_data__traits.hpp
[3.632s] -- Up-to-date: /home/yang/ros2_ws/install/cpp_sensor_server/include/cpp_sensor_server/cpp_sensor_server/srv/detail/sensor_data__builder.hpp
[3.632s] -- Up-to-date: /home/yang/ros2_ws/install/cpp_sensor_server/include/cpp_sensor_server/cpp_sensor_server/srv/detail/sensor_data__struct.hpp
[3.632s] -- Up-to-date: /home/yang/ros2_ws/install/cpp_sensor_server/include/cpp_sensor_server/cpp_sensor_server
[3.632s] -- Up-to-date: /home/yang/ros2_ws/install/cpp_sensor_server/include/cpp_sensor_server/cpp_sensor_server/srv
[3.632s] -- Up-to-date: /home/yang/ros2_ws/install/cpp_sensor_server/include/cpp_sensor_server/cpp_sensor_server/srv/detail
[3.632s] -- Up-to-date: /home/yang/ros2_ws/install/cpp_sensor_server/include/cpp_sensor_server/cpp_sensor_server/srv/detail/sensor_data__rosidl_typesupport_fastrtps_cpp.hpp
[3.632s] -- Up-to-date: /home/yang/ros2_ws/install/cpp_sensor_server/include/cpp_sensor_server/cpp_sensor_server/srv/detail/dds_fastrtps
[3.632s] -- Up-to-date: /home/yang/ros2_ws/install/cpp_sensor_server/include/cpp_sensor_server/cpp_sensor_server/msg
[3.632s] -- Up-to-date: /home/yang/ros2_ws/install/cpp_sensor_server/include/cpp_sensor_server/cpp_sensor_server/msg/rosidl_typesupport_fastrtps_cpp__visibility_control.h
[3.632s] -- Up-to-date: /home/yang/ros2_ws/install/cpp_sensor_server/lib/libcpp_sensor_server__rosidl_typesupport_fastrtps_cpp.so
[3.632s] -- Up-to-date: /home/yang/ros2_ws/install/cpp_sensor_server/include/cpp_sensor_server/cpp_sensor_server
[3.632s] -- Up-to-date: /home/yang/ros2_ws/install/cpp_sensor_server/include/cpp_sensor_server/cpp_sensor_server/srv
[3.632s] -- Up-to-date: /home/yang/ros2_ws/install/cpp_sensor_server/include/cpp_sensor_server/cpp_sensor_server/srv/detail
[3.632s] -- Up-to-date: /home/yang/ros2_ws/install/cpp_sensor_server/include/cpp_sensor_server/cpp_sensor_server/srv/detail/sensor_data__rosidl_typesupport_introspection_c.h
[3.632s] -- Up-to-date: /home/yang/ros2_ws/install/cpp_sensor_server/include/cpp_sensor_server/cpp_sensor_server/srv/detail/sensor_data__type_support.c
[3.632s] -- Up-to-date: /home/yang/ros2_ws/install/cpp_sensor_server/include/cpp_sensor_server/cpp_sensor_server/msg
[3.632s] -- Up-to-date: /home/yang/ros2_ws/install/cpp_sensor_server/include/cpp_sensor_server/cpp_sensor_server/msg/rosidl_typesupport_introspection_c__visibility_control.h
[3.632s] -- Up-to-date: /home/yang/ros2_ws/install/cpp_sensor_server/lib/libcpp_sensor_server__rosidl_typesupport_introspection_c.so
[3.632s] -- Up-to-date: /home/yang/ros2_ws/install/cpp_sensor_server/lib/libcpp_sensor_server__rosidl_typesupport_c.so
[3.632s] -- Up-to-date: /home/yang/ros2_ws/install/cpp_sensor_server/include/cpp_sensor_server/cpp_sensor_server
[3.633s] -- Up-to-date: /home/yang/ros2_ws/install/cpp_sensor_server/include/cpp_sensor_server/cpp_sensor_server/srv
[3.633s] -- Up-to-date: /home/yang/ros2_ws/install/cpp_sensor_server/include/cpp_sensor_server/cpp_sensor_server/srv/detail
[3.633s] -- Up-to-date: /home/yang/ros2_ws/install/cpp_sensor_server/include/cpp_sensor_server/cpp_sensor_server/srv/detail/sensor_data__rosidl_typesupport_introspection_cpp.hpp
[3.633s] -- Up-to-date: /home/yang/ros2_ws/install/cpp_sensor_server/include/cpp_sensor_server/cpp_sensor_server/srv/detail/sensor_data__type_support.cpp
[3.633s] -- Up-to-date: /home/yang/ros2_ws/install/cpp_sensor_server/lib/libcpp_sensor_server__rosidl_typesupport_introspection_cpp.so
[3.633s] -- Up-to-date: /home/yang/ros2_ws/install/cpp_sensor_server/lib/libcpp_sensor_server__rosidl_typesupport_cpp.so
[3.633s] -- Up-to-date: /home/yang/ros2_ws/install/cpp_sensor_server/share/cpp_sensor_server/environment/pythonpath.sh
[3.633s] -- Up-to-date: /home/yang/ros2_ws/install/cpp_sensor_server/share/cpp_sensor_server/environment/pythonpath.dsv
[3.633s] -- Up-to-date: /home/yang/ros2_ws/install/cpp_sensor_server/lib/python3.10/site-packages/cpp_sensor_server-0.0.0-py3.10.egg-info
[3.633s] -- Installing: /home/yang/ros2_ws/install/cpp_sensor_server/lib/python3.10/site-packages/cpp_sensor_server-0.0.0-py3.10.egg-info/SOURCES.txt
[3.633s] -- Installing: /home/yang/ros2_ws/install/cpp_sensor_server/lib/python3.10/site-packages/cpp_sensor_server-0.0.0-py3.10.egg-info/PKG-INFO
[3.633s] -- Installing: /home/yang/ros2_ws/install/cpp_sensor_server/lib/python3.10/site-packages/cpp_sensor_server-0.0.0-py3.10.egg-info/dependency_links.txt
[3.633s] -- Installing: /home/yang/ros2_ws/install/cpp_sensor_server/lib/python3.10/site-packages/cpp_sensor_server-0.0.0-py3.10.egg-info/top_level.txt
[3.633s] -- Up-to-date: /home/yang/ros2_ws/install/cpp_sensor_server/lib/python3.10/site-packages/cpp_sensor_server
[3.633s] -- Up-to-date: /home/yang/ros2_ws/install/cpp_sensor_server/lib/python3.10/site-packages/cpp_sensor_server/_cpp_sensor_server_s.ep.rosidl_typesupport_c.c
[3.633s] -- Up-to-date: /home/yang/ros2_ws/install/cpp_sensor_server/lib/python3.10/site-packages/cpp_sensor_server/_cpp_sensor_server_s.ep.rosidl_typesupport_fastrtps_c.c
[3.633s] -- Up-to-date: /home/yang/ros2_ws/install/cpp_sensor_server/lib/python3.10/site-packages/cpp_sensor_server/_cpp_sensor_server_s.ep.rosidl_typesupport_introspection_c.c
[3.633s] -- Up-to-date: /home/yang/ros2_ws/install/cpp_sensor_server/lib/python3.10/site-packages/cpp_sensor_server/srv
[3.633s] -- Up-to-date: /home/yang/ros2_ws/install/cpp_sensor_server/lib/python3.10/site-packages/cpp_sensor_server/srv/_sensor_data.py
[3.633s] -- Up-to-date: /home/yang/ros2_ws/install/cpp_sensor_server/lib/python3.10/site-packages/cpp_sensor_server/srv/_sensor_data_s.c
[3.634s] -- Up-to-date: /home/yang/ros2_ws/install/cpp_sensor_server/lib/python3.10/site-packages/cpp_sensor_server/srv/__init__.py
[3.634s] -- Up-to-date: /home/yang/ros2_ws/install/cpp_sensor_server/lib/python3.10/site-packages/cpp_sensor_server/cpp_sensor_server_s__rosidl_typesupport_introspection_c.cpython-310-x86_64-linux-gnu.so
[3.634s] -- Up-to-date: /home/yang/ros2_ws/install/cpp_sensor_server/lib/python3.10/site-packages/cpp_sensor_server/cpp_sensor_server_s__rosidl_typesupport_fastrtps_c.cpython-310-x86_64-linux-gnu.so
[3.634s] -- Up-to-date: /home/yang/ros2_ws/install/cpp_sensor_server/lib/python3.10/site-packages/cpp_sensor_server/cpp_sensor_server_s__rosidl_typesupport_c.cpython-310-x86_64-linux-gnu.so
[3.634s] -- Up-to-date: /home/yang/ros2_ws/install/cpp_sensor_server/lib/python3.10/site-packages/cpp_sensor_server/libcpp_sensor_server__rosidl_generator_py.so
[3.634s] -- Up-to-date: /home/yang/ros2_ws/install/cpp_sensor_server/lib/python3.10/site-packages/cpp_sensor_server/__init__.py
[3.650s] Listing '/home/yang/ros2_ws/install/cpp_sensor_server/lib/python3.10/site-packages/cpp_sensor_server'...
[3.651s] Listing '/home/yang/ros2_ws/install/cpp_sensor_server/lib/python3.10/site-packages/cpp_sensor_server/srv'...
[3.653s] -- Up-to-date: /home/yang/ros2_ws/install/cpp_sensor_server/lib/python3.10/site-packages/cpp_sensor_server/cpp_sensor_server_s__rosidl_typesupport_fastrtps_c.cpython-310-x86_64-linux-gnu.so
[3.653s] -- Up-to-date: /home/yang/ros2_ws/install/cpp_sensor_server/lib/python3.10/site-packages/cpp_sensor_server/cpp_sensor_server_s__rosidl_typesupport_introspection_c.cpython-310-x86_64-linux-gnu.so
[3.653s] -- Up-to-date: /home/yang/ros2_ws/install/cpp_sensor_server/lib/python3.10/site-packages/cpp_sensor_server/cpp_sensor_server_s__rosidl_typesupport_c.cpython-310-x86_64-linux-gnu.so
[3.653s] -- Up-to-date: /home/yang/ros2_ws/install/cpp_sensor_server/lib/libcpp_sensor_server__rosidl_generator_py.so
[3.653s] -- Up-to-date: /home/yang/ros2_ws/install/cpp_sensor_server/share/cpp_sensor_server/srv/SensorData.idl
[3.653s] -- Up-to-date: /home/yang/ros2_ws/install/cpp_sensor_server/share/cpp_sensor_server/srv/SensorData.srv
[3.653s] -- Up-to-date: /home/yang/ros2_ws/install/cpp_sensor_server/share/cpp_sensor_server/srv/SensorData_Request.msg
[3.653s] -- Up-to-date: /home/yang/ros2_ws/install/cpp_sensor_server/share/cpp_sensor_server/srv/SensorData_Response.msg
[3.653s] -- Installing: /home/yang/ros2_ws/install/cpp_sensor_server/lib/cpp_sensor_server/sensor_server
[3.655s] -- Set runtime path of "/home/yang/ros2_ws/install/cpp_sensor_server/lib/cpp_sensor_server/sensor_server" to ""
[3.655s] -- Up-to-date: /home/yang/ros2_ws/install/cpp_sensor_server/lib/cpp_sensor_server/sensor_server2
[3.655s] -- Up-to-date: /home/yang/ros2_ws/install/cpp_sensor_server/lib/cpp_sensor_server/sensor_client
[3.655s] -- Up-to-date: /home/yang/ros2_ws/install/cpp_sensor_server/share/ament_index/resource_index/package_run_dependencies/cpp_sensor_server
[3.655s] -- Up-to-date: /home/yang/ros2_ws/install/cpp_sensor_server/share/ament_index/resource_index/parent_prefix_path/cpp_sensor_server
[3.655s] -- Up-to-date: /home/yang/ros2_ws/install/cpp_sensor_server/share/cpp_sensor_server/environment/ament_prefix_path.sh
[3.655s] -- Up-to-date: /home/yang/ros2_ws/install/cpp_sensor_server/share/cpp_sensor_server/environment/ament_prefix_path.dsv
[3.655s] -- Up-to-date: /home/yang/ros2_ws/install/cpp_sensor_server/share/cpp_sensor_server/environment/path.sh
[3.655s] -- Up-to-date: /home/yang/ros2_ws/install/cpp_sensor_server/share/cpp_sensor_server/environment/path.dsv
[3.655s] -- Up-to-date: /home/yang/ros2_ws/install/cpp_sensor_server/share/cpp_sensor_server/local_setup.bash
[3.655s] -- Up-to-date: /home/yang/ros2_ws/install/cpp_sensor_server/share/cpp_sensor_server/local_setup.sh
[3.655s] -- Up-to-date: /home/yang/ros2_ws/install/cpp_sensor_server/share/cpp_sensor_server/local_setup.zsh
[3.655s] -- Up-to-date: /home/yang/ros2_ws/install/cpp_sensor_server/share/cpp_sensor_server/local_setup.dsv
[3.655s] -- Installing: /home/yang/ros2_ws/install/cpp_sensor_server/share/cpp_sensor_server/package.dsv
[3.655s] -- Up-to-date: /home/yang/ros2_ws/install/cpp_sensor_server/share/ament_index/resource_index/packages/cpp_sensor_server
[3.655s] -- Up-to-date: /home/yang/ros2_ws/install/cpp_sensor_server/share/cpp_sensor_server/cmake/export_cpp_sensor_server__rosidl_generator_cExport.cmake
[3.655s] -- Up-to-date: /home/yang/ros2_ws/install/cpp_sensor_server/share/cpp_sensor_server/cmake/export_cpp_sensor_server__rosidl_generator_cExport-noconfig.cmake
[3.655s] -- Up-to-date: /home/yang/ros2_ws/install/cpp_sensor_server/share/cpp_sensor_server/cmake/export_cpp_sensor_server__rosidl_typesupport_fastrtps_cExport.cmake
[3.655s] -- Up-to-date: /home/yang/ros2_ws/install/cpp_sensor_server/share/cpp_sensor_server/cmake/export_cpp_sensor_server__rosidl_typesupport_fastrtps_cExport-noconfig.cmake
[3.655s] -- Up-to-date: /home/yang/ros2_ws/install/cpp_sensor_server/share/cpp_sensor_server/cmake/export_cpp_sensor_server__rosidl_generator_cppExport.cmake
[3.656s] -- Up-to-date: /home/yang/ros2_ws/install/cpp_sensor_server/share/cpp_sensor_server/cmake/export_cpp_sensor_server__rosidl_typesupport_fastrtps_cppExport.cmake
[3.656s] -- Up-to-date: /home/yang/ros2_ws/install/cpp_sensor_server/share/cpp_sensor_server/cmake/export_cpp_sensor_server__rosidl_typesupport_fastrtps_cppExport-noconfig.cmake
[3.656s] -- Up-to-date: /home/yang/ros2_ws/install/cpp_sensor_server/share/cpp_sensor_server/cmake/cpp_sensor_server__rosidl_typesupport_introspection_cExport.cmake
[3.656s] -- Up-to-date: /home/yang/ros2_ws/install/cpp_sensor_server/share/cpp_sensor_server/cmake/cpp_sensor_server__rosidl_typesupport_introspection_cExport-noconfig.cmake
[3.656s] -- Up-to-date: /home/yang/ros2_ws/install/cpp_sensor_server/share/cpp_sensor_server/cmake/cpp_sensor_server__rosidl_typesupport_cExport.cmake
[3.656s] -- Up-to-date: /home/yang/ros2_ws/install/cpp_sensor_server/share/cpp_sensor_server/cmake/cpp_sensor_server__rosidl_typesupport_cExport-noconfig.cmake
[3.656s] -- Up-to-date: /home/yang/ros2_ws/install/cpp_sensor_server/share/cpp_sensor_server/cmake/cpp_sensor_server__rosidl_typesupport_introspection_cppExport.cmake
[3.656s] -- Up-to-date: /home/yang/ros2_ws/install/cpp_sensor_server/share/cpp_sensor_server/cmake/cpp_sensor_server__rosidl_typesupport_introspection_cppExport-noconfig.cmake
[3.656s] -- Up-to-date: /home/yang/ros2_ws/install/cpp_sensor_server/share/cpp_sensor_server/cmake/cpp_sensor_server__rosidl_typesupport_cppExport.cmake
[3.656s] -- Up-to-date: /home/yang/ros2_ws/install/cpp_sensor_server/share/cpp_sensor_server/cmake/cpp_sensor_server__rosidl_typesupport_cppExport-noconfig.cmake
[3.656s] -- Up-to-date: /home/yang/ros2_ws/install/cpp_sensor_server/share/cpp_sensor_server/cmake/export_cpp_sensor_server__rosidl_generator_pyExport.cmake
[3.656s] -- Up-to-date: /home/yang/ros2_ws/install/cpp_sensor_server/share/cpp_sensor_server/cmake/export_cpp_sensor_server__rosidl_generator_pyExport-noconfig.cmake
[3.656s] -- Up-to-date: /home/yang/ros2_ws/install/cpp_sensor_server/share/cpp_sensor_server/cmake/rosidl_cmake-extras.cmake
[3.656s] -- Up-to-date: /home/yang/ros2_ws/install/cpp_sensor_server/share/cpp_sensor_server/cmake/ament_cmake_export_dependencies-extras.cmake
[3.656s] -- Up-to-date: /home/yang/ros2_ws/install/cpp_sensor_server/share/cpp_sensor_server/cmake/ament_cmake_export_include_directories-extras.cmake
[3.656s] -- Up-to-date: /home/yang/ros2_ws/install/cpp_sensor_server/share/cpp_sensor_server/cmake/ament_cmake_export_libraries-extras.cmake
[3.656s] -- Up-to-date: /home/yang/ros2_ws/install/cpp_sensor_server/share/cpp_sensor_server/cmake/ament_cmake_export_targets-extras.cmake
[3.656s] -- Up-to-date: /home/yang/ros2_ws/install/cpp_sensor_server/share/cpp_sensor_server/cmake/rosidl_cmake_export_typesupport_targets-extras.cmake
[3.656s] -- Up-to-date: /home/yang/ros2_ws/install/cpp_sensor_server/share/cpp_sensor_server/cmake/rosidl_cmake_export_typesupport_libraries-extras.cmake
[3.656s] -- Up-to-date: /home/yang/ros2_ws/install/cpp_sensor_server/share/cpp_sensor_server/cmake/cpp_sensor_serverConfig.cmake
[3.656s] -- Up-to-date: /home/yang/ros2_ws/install/cpp_sensor_server/share/cpp_sensor_server/cmake/cpp_sensor_serverConfig-version.cmake
[3.656s] -- Up-to-date: /home/yang/ros2_ws/install/cpp_sensor_server/share/cpp_sensor_server/package.xml
[3.657s] Invoked command in '/home/yang/ros2_ws/build/cpp_sensor_server' returned '0': CMAKE_PREFIX_PATH=${CMAKE_PREFIX_PATH}:/home/yang/ros2_ws/install/py_srvcli:/opt/ros/iron /usr/bin/cmake --install /home/yang/ros2_ws/build/cpp_sensor_server
