[  2%] Built target cpp_sensor_server__rosidl_generator_type_description
[  2%] Built target ament_cmake_python_copy_cpp_sensor_server
[  5%] Built target cpp_sensor_server__cpp
[ 17%] Built target cpp_sensor_server__rosidl_generator_c
[ 57%] Built target cpp_sensor_server__rosidl_typesupport_fastrtps_c
[ 57%] Built target cpp_sensor_server__rosidl_typesupport_introspection_c
[ 57%] Built target cpp_sensor_server__rosidl_typesupport_c
[ 57%] Built target cpp_sensor_server__rosidl_typesupport_introspection_cpp
[ 57%] Built target cpp_sensor_server__rosidl_typesupport_cpp
[ 62%] Built target cpp_sensor_server__rosidl_typesupport_fastrtps_cpp
[ 62%] Built target cpp_sensor_server
[35m[1mConsolidate compiler generated dependencies of target sensor_server2[0m
[ 65%] Built target cpp_sensor_server__py
[ 70%] Built target sensor_client
[ 75%] Built target sensor_server
[ 77%] [32mBuilding CXX object CMakeFiles/sensor_server2.dir/src/sensor_server2.cpp.o[0m
[ 82%] Built target cpp_sensor_server__rosidl_generator_py
[ 97%] Built target cpp_sensor_server__rosidl_typesupport_c__pyext
[ 97%] Built target cpp_sensor_server__rosidl_typesupport_fastrtps_c__pyext
[ 97%] Built target cpp_sensor_server__rosidl_typesupport_introspection_c__pyext
running egg_info
writing cpp_sensor_server.egg-info/PKG-INFO
writing dependency_links to cpp_sensor_server.egg-info/dependency_links.txt
writing top-level names to cpp_sensor_server.egg-info/top_level.txt
reading manifest file 'cpp_sensor_server.egg-info/SOURCES.txt'
writing manifest file 'cpp_sensor_server.egg-info/SOURCES.txt'
[ 97%] Built target ament_cmake_python_build_cpp_sensor_server_egg
