[0.006s] Invoking command in '/home/yang/ros2_ws/build/cpp_sensor_server': CMAKE_PREFIX_PATH=${CMAKE_PREFIX_PATH}:/home/yang/ros2_ws/install/py_srvcli:/opt/ros/iron /usr/bin/cmake --build /home/yang/ros2_ws/build/cpp_sensor_server -- -j16 -l16
[0.020s] -- Found ament_cmake: 2.0.4 (/opt/ros/iron/share/ament_cmake/cmake)
[0.103s] -- Found rclcpp: 21.0.5 (/opt/ros/iron/share/rclcpp/cmake)
[0.119s] -- Found rosidl_generator_c: 4.0.1 (/opt/ros/iron/share/rosidl_generator_c/cmake)
[0.124s] -- Found rosidl_generator_cpp: 4.0.1 (/opt/ros/iron/share/rosidl_generator_cpp/cmake)
[0.131s] -- Using all available rosidl_typesupport_c: rosidl_typesupport_fastrtps_c;rosidl_typesupport_introspection_c
[0.140s] -- Using all available rosidl_typesupport_cpp: rosidl_typesupport_fastrtps_cpp;rosidl_typesupport_introspection_cpp
[0.224s] -- Found rmw_implementation_cmake: 7.1.0 (/opt/ros/iron/share/rmw_implementation_cmake/cmake)
[0.225s] -- Found rmw_fastrtps_cpp: 7.1.3 (/opt/ros/iron/share/rmw_fastrtps_cpp/cmake)
[0.287s] -- Using RMW implementation 'rmw_fastrtps_cpp' as default
[0.379s] -- Found rclcpp_components: 21.0.5 (/opt/ros/iron/share/rclcpp_components/cmake)
[0.430s] -- Found rosidl_default_generators: 1.5.0 (/opt/ros/iron/share/rosidl_default_generators/cmake)
[0.435s] -- Found rosidl_adapter: 4.0.1 (/opt/ros/iron/share/rosidl_adapter/cmake)
[0.441s] -- Found std_msgs: 5.0.0 (/opt/ros/iron/share/std_msgs/cmake)
[0.629s] -- Found ament_cmake_ros: 0.11.2 (/opt/ros/iron/share/ament_cmake_ros/cmake)
[0.801s] -- Using all available rosidl_typesupport_c: rosidl_typesupport_fastrtps_c;rosidl_typesupport_introspection_c
[0.868s] -- Using all available rosidl_typesupport_cpp: rosidl_typesupport_fastrtps_cpp;rosidl_typesupport_introspection_cpp
[0.881s] -- Found python_cmake_module: 0.10.2 (/opt/ros/iron/share/python_cmake_module/cmake)
[0.894s] -- Using PYTHON_EXECUTABLE: /usr/bin/python3
[0.894s] -- Using PYTHON_INCLUDE_DIRS: /usr/include/python3.10
[0.894s] -- Using PYTHON_LIBRARIES: /usr/lib/x86_64-linux-gnu/libpython3.10.so
[0.905s] [0mCMake Deprecation Warning at /opt/ros/iron/share/rosidl_cmake/cmake/rosidl_target_interfaces.cmake:32 (message):
[0.905s]   Use rosidl_get_typesupport_target() and target_link_libraries() instead of
[0.905s]   rosidl_target_interfaces()
[0.905s] Call Stack (most recent call first):
[0.905s]   CMakeLists.txt:36 (rosidl_target_interfaces)
[0.905s] 
[0.905s] [0m
[0.905s] [0mCMake Deprecation Warning at /opt/ros/iron/share/rosidl_cmake/cmake/rosidl_target_interfaces.cmake:32 (message):
[0.905s]   Use rosidl_get_typesupport_target() and target_link_libraries() instead of
[0.905s]   rosidl_target_interfaces()
[0.905s] Call Stack (most recent call first):
[0.905s]   CMakeLists.txt:37 (rosidl_target_interfaces)
[0.905s] 
[0.905s] [0m
[0.905s] [0mCMake Deprecation Warning at /opt/ros/iron/share/rosidl_cmake/cmake/rosidl_target_interfaces.cmake:32 (message):
[0.905s]   Use rosidl_get_typesupport_target() and target_link_libraries() instead of
[0.905s]   rosidl_target_interfaces()
[0.905s] Call Stack (most recent call first):
[0.905s]   CMakeLists.txt:38 (rosidl_target_interfaces)
[0.905s] 
[0.905s] [0m
[0.911s] -- Configuring done
[0.915s] [31mCMake Error at CMakeLists.txt:29 (add_executable):
[0.915s]   Cannot find source file:
[0.915s] 
[0.915s]     src/sensor_server2.cpp
[0.915s] 
[0.915s]   Tried extensions .c .C .c++ .cc .cpp .cxx .cu .mpp .m .M .mm .ixx .cppm .h
[0.915s]   .hh .h++ .hm .hpp .hxx .in .txx .f .F .for .f77 .f90 .f95 .f03 .hip .ispc
[0.915s] 
[0.915s] [0m
[0.917s] [31mCMake Error at CMakeLists.txt:29 (add_executable):
[0.917s]   No SOURCES given to target: sensor_server2
[0.917s] 
[0.917s] [0m
[0.917s] [0mCMake Generate step failed.  Build files cannot be regenerated correctly.[0m
[0.922s] gmake: *** [Makefile:938: cmake_check_build_system] Error 1
[0.923s] Invoked command in '/home/yang/ros2_ws/build/cpp_sensor_server' returned '2': CMAKE_PREFIX_PATH=${CMAKE_PREFIX_PATH}:/home/yang/ros2_ws/install/py_srvcli:/opt/ros/iron /usr/bin/cmake --build /home/yang/ros2_ws/build/cpp_sensor_server -- -j16 -l16
