-- Found ament_cmake: 2.0.4 (/opt/ros/iron/share/ament_cmake/cmake)
-- Found rclcpp: 21.0.5 (/opt/ros/iron/share/rclcpp/cmake)
-- Found rosidl_generator_c: 4.0.1 (/opt/ros/iron/share/rosidl_generator_c/cmake)
-- Found rosidl_generator_cpp: 4.0.1 (/opt/ros/iron/share/rosidl_generator_cpp/cmake)
-- Using all available rosidl_typesupport_c: rosidl_typesupport_fastrtps_c;rosidl_typesupport_introspection_c
-- Using all available rosidl_typesupport_cpp: rosidl_typesupport_fastrtps_cpp;rosidl_typesupport_introspection_cpp
-- Found rmw_implementation_cmake: 7.1.0 (/opt/ros/iron/share/rmw_implementation_cmake/cmake)
-- Found rmw_fastrtps_cpp: 7.1.3 (/opt/ros/iron/share/rmw_fastrtps_cpp/cmake)
-- Using RMW implementation 'rmw_fastrtps_cpp' as default
-- Found rclcpp_components: 21.0.5 (/opt/ros/iron/share/rclcpp_components/cmake)
-- Found rosidl_default_generators: 1.5.0 (/opt/ros/iron/share/rosidl_default_generators/cmake)
-- Found rosidl_adapter: 4.0.1 (/opt/ros/iron/share/rosidl_adapter/cmake)
-- Found std_msgs: 5.0.0 (/opt/ros/iron/share/std_msgs/cmake)
-- Found ament_cmake_ros: 0.11.2 (/opt/ros/iron/share/ament_cmake_ros/cmake)
-- Using all available rosidl_typesupport_c: rosidl_typesupport_fastrtps_c;rosidl_typesupport_introspection_c
-- Using all available rosidl_typesupport_cpp: rosidl_typesupport_fastrtps_cpp;rosidl_typesupport_introspection_cpp
-- Found python_cmake_module: 0.10.2 (/opt/ros/iron/share/python_cmake_module/cmake)
-- Using PYTHON_EXECUTABLE: /usr/bin/python3
-- Using PYTHON_INCLUDE_DIRS: /usr/include/python3.10
-- Using PYTHON_LIBRARIES: /usr/lib/x86_64-linux-gnu/libpython3.10.so
-- Configuring done
-- Generating done
-- Build files have been written to: /home/yang/ros2_ws/build/cpp_sensor_server
[  2%] [34m[1mGenerating type hashes for ROS interfaces[0m
[  2%] Built target ament_cmake_python_copy_cpp_sensor_server
[  2%] Built target cpp_sensor_server__rosidl_generator_type_description
[  5%] [34m[1mGenerating C code for ROS interfaces[0m
[  7%] [34m[1mGenerating C++ code for ROS interfaces[0m
running egg_info
writing cpp_sensor_server.egg-info/PKG-INFO
writing dependency_links to cpp_sensor_server.egg-info/dependency_links.txt
writing top-level names to cpp_sensor_server.egg-info/top_level.txt
reading manifest file 'cpp_sensor_server.egg-info/SOURCES.txt'
writing manifest file 'cpp_sensor_server.egg-info/SOURCES.txt'
[  7%] Built target ament_cmake_python_build_cpp_sensor_server_egg
[  7%] Built target cpp_sensor_server__cpp
[35m[1mConsolidate compiler generated dependencies of target cpp_sensor_server__rosidl_generator_c[0m
[ 15%] [32mBuilding C object CMakeFiles/cpp_sensor_server__rosidl_generator_c.dir/rosidl_generator_c/cpp_sensor_server/srv/detail/sensor_data__functions.c.o[0m
[ 15%] [32mBuilding C object CMakeFiles/cpp_sensor_server__rosidl_generator_c.dir/rosidl_generator_c/cpp_sensor_server/srv/detail/sensor_data__description.c.o[0m
[ 15%] [32mBuilding C object CMakeFiles/cpp_sensor_server__rosidl_generator_c.dir/rosidl_generator_c/cpp_sensor_server/srv/detail/sensor_data__type_support.c.o[0m
[ 17%] [32m[1mLinking C shared library libcpp_sensor_server__rosidl_generator_c.so[0m
[ 17%] Built target cpp_sensor_server__rosidl_generator_c
[ 25%] [34m[1mGenerating C++ type support dispatch for ROS interfaces[0m
[ 27%] [34m[1mGenerating C++ type support for eProsima Fast-RTPS[0m
[ 27%] [34m[1mGenerating C introspection for ROS interfaces[0m
[ 25%] [34m[1mGenerating C type support for eProsima Fast-RTPS[0m
[ 30%] [34m[1mGenerating C type support dispatch for ROS interfaces[0m
[ 32%] [34m[1mGenerating C++ introspection for ROS interfaces[0m
[35m[1mConsolidate compiler generated dependencies of target cpp_sensor_server__rosidl_typesupport_c[0m
[35m[1mConsolidate compiler generated dependencies of target cpp_sensor_server__rosidl_typesupport_cpp[0m
[ 35%] [32mBuilding CXX object CMakeFiles/cpp_sensor_server__rosidl_typesupport_c.dir/rosidl_typesupport_c/cpp_sensor_server/srv/sensor_data__type_support.cpp.o[0m
[ 37%] [32mBuilding CXX object CMakeFiles/cpp_sensor_server__rosidl_typesupport_cpp.dir/rosidl_typesupport_cpp/cpp_sensor_server/srv/sensor_data__type_support.cpp.o[0m
[35m[1mConsolidate compiler generated dependencies of target cpp_sensor_server__rosidl_typesupport_introspection_cpp[0m
[35m[1mConsolidate compiler generated dependencies of target cpp_sensor_server__rosidl_typesupport_introspection_c[0m
[ 40%] [32mBuilding CXX object CMakeFiles/cpp_sensor_server__rosidl_typesupport_introspection_cpp.dir/rosidl_typesupport_introspection_cpp/cpp_sensor_server/srv/detail/sensor_data__type_support.cpp.o[0m
[35m[1mConsolidate compiler generated dependencies of target cpp_sensor_server__rosidl_typesupport_fastrtps_c[0m
[35m[1mConsolidate compiler generated dependencies of target cpp_sensor_server__rosidl_typesupport_fastrtps_cpp[0m
[ 42%] [32mBuilding C object CMakeFiles/cpp_sensor_server__rosidl_typesupport_introspection_c.dir/rosidl_typesupport_introspection_c/cpp_sensor_server/srv/detail/sensor_data__type_support.c.o[0m
[ 45%] [32mBuilding CXX object CMakeFiles/cpp_sensor_server__rosidl_typesupport_fastrtps_c.dir/rosidl_typesupport_fastrtps_c/cpp_sensor_server/srv/detail/sensor_data__type_support_c.cpp.o[0m
[ 47%] [32mBuilding CXX object CMakeFiles/cpp_sensor_server__rosidl_typesupport_fastrtps_cpp.dir/rosidl_typesupport_fastrtps_cpp/cpp_sensor_server/srv/detail/dds_fastrtps/sensor_data__type_support.cpp.o[0m
[ 50%] [32m[1mLinking CXX shared library libcpp_sensor_server__rosidl_typesupport_c.so[0m
[ 52%] [32m[1mLinking C shared library libcpp_sensor_server__rosidl_typesupport_introspection_c.so[0m
[ 52%] Built target cpp_sensor_server__rosidl_typesupport_c
[ 52%] Built target cpp_sensor_server__rosidl_typesupport_introspection_c
[ 55%] [32m[1mLinking CXX shared library libcpp_sensor_server__rosidl_typesupport_fastrtps_c.so[0m
[ 55%] Built target cpp_sensor_server__rosidl_typesupport_fastrtps_c
[ 57%] [32m[1mLinking CXX shared library libcpp_sensor_server__rosidl_typesupport_cpp.so[0m
[ 57%] Built target cpp_sensor_server__rosidl_typesupport_cpp
[ 60%] [32m[1mLinking CXX shared library libcpp_sensor_server__rosidl_typesupport_introspection_cpp.so[0m
[ 60%] Built target cpp_sensor_server__rosidl_typesupport_introspection_cpp
[ 62%] [32m[1mLinking CXX shared library libcpp_sensor_server__rosidl_typesupport_fastrtps_cpp.so[0m
[ 62%] Built target cpp_sensor_server__rosidl_typesupport_fastrtps_cpp
[ 62%] Built target cpp_sensor_server
[35m[1mConsolidate compiler generated dependencies of target sensor_client[0m
[35m[1mConsolidate compiler generated dependencies of target sensor_server2[0m
[35m[1mConsolidate compiler generated dependencies of target sensor_server[0m
[ 65%] [34m[1mGenerating Python code for ROS interfaces[0m
[ 67%] [32mBuilding CXX object CMakeFiles/sensor_client.dir/src/sensor_client.cpp.o[0m
[ 72%] [32mBuilding CXX object CMakeFiles/sensor_server.dir/src/sensor_server.cpp.o[0m
[ 72%] [32mBuilding CXX object CMakeFiles/sensor_server2.dir/src/sensor_server2.cpp.o[0m
[ 72%] Built target cpp_sensor_server__py
