[0.005s] Invoking command in '/home/yang/ros2_ws/build/cpp_sensor_server': CMAKE_PREFIX_PATH=${CMAKE_PREFIX_PATH}:/home/yang/ros2_ws/install/py_srvcli:/opt/ros/iron /usr/bin/cmake --build /home/yang/ros2_ws/build/cpp_sensor_server -- -j16 -l16
[0.018s] -- Found ament_cmake: 2.0.4 (/opt/ros/iron/share/ament_cmake/cmake)
[0.096s] -- Found rclcpp: 21.0.5 (/opt/ros/iron/share/rclcpp/cmake)
[0.112s] -- Found rosidl_generator_c: 4.0.1 (/opt/ros/iron/share/rosidl_generator_c/cmake)
[0.117s] -- Found rosidl_generator_cpp: 4.0.1 (/opt/ros/iron/share/rosidl_generator_cpp/cmake)
[0.124s] -- Using all available rosidl_typesupport_c: rosidl_typesupport_fastrtps_c;rosidl_typesupport_introspection_c
[0.133s] -- Using all available rosidl_typesupport_cpp: rosidl_typesupport_fastrtps_cpp;rosidl_typesupport_introspection_cpp
[0.220s] -- Found rmw_implementation_cmake: 7.1.0 (/opt/ros/iron/share/rmw_implementation_cmake/cmake)
[0.221s] -- Found rmw_fastrtps_cpp: 7.1.3 (/opt/ros/iron/share/rmw_fastrtps_cpp/cmake)
[0.285s] -- Using RMW implementation 'rmw_fastrtps_cpp' as default
[0.376s] -- Found rclcpp_components: 21.0.5 (/opt/ros/iron/share/rclcpp_components/cmake)
[0.428s] -- Found rosidl_default_generators: 1.5.0 (/opt/ros/iron/share/rosidl_default_generators/cmake)
[0.432s] -- Found rosidl_adapter: 4.0.1 (/opt/ros/iron/share/rosidl_adapter/cmake)
[0.438s] -- Found std_msgs: 5.0.0 (/opt/ros/iron/share/std_msgs/cmake)
[0.622s] -- Found ament_cmake_ros: 0.11.2 (/opt/ros/iron/share/ament_cmake_ros/cmake)
[0.788s] -- Using all available rosidl_typesupport_c: rosidl_typesupport_fastrtps_c;rosidl_typesupport_introspection_c
[0.853s] -- Using all available rosidl_typesupport_cpp: rosidl_typesupport_fastrtps_cpp;rosidl_typesupport_introspection_cpp
[0.865s] -- Found python_cmake_module: 0.10.2 (/opt/ros/iron/share/python_cmake_module/cmake)
[0.878s] -- Using PYTHON_EXECUTABLE: /usr/bin/python3
[0.878s] -- Using PYTHON_INCLUDE_DIRS: /usr/include/python3.10
[0.878s] -- Using PYTHON_LIBRARIES: /usr/lib/x86_64-linux-gnu/libpython3.10.so
[0.886s] [0mCMake Deprecation Warning at /opt/ros/iron/share/rosidl_cmake/cmake/rosidl_target_interfaces.cmake:32 (message):
[0.886s]   Use rosidl_get_typesupport_target() and target_link_libraries() instead of
[0.886s]   rosidl_target_interfaces()
[0.886s] Call Stack (most recent call first):
[0.886s]   CMakeLists.txt:35 (rosidl_target_interfaces)
[0.886s] 
[0.886s] [0m
[0.889s] -- Configuring done
[0.907s] -- Generating done
[0.909s] -- Build files have been written to: /home/yang/ros2_ws/build/cpp_sensor_server
[0.928s] [  2%] Built target cpp_sensor_server__rosidl_generator_type_description
[0.933s] [  2%] Built target ament_cmake_python_copy_cpp_sensor_server
[0.934s] [35m[1mConsolidate compiler generated dependencies of target cpp_sensor_server__rosidl_generator_c[0m
[0.939s] [  5%] Built target cpp_sensor_server__cpp
[0.941s] [ 19%] Built target cpp_sensor_server__rosidl_generator_c
[0.946s] [35m[1mConsolidate compiler generated dependencies of target cpp_sensor_server__rosidl_typesupport_introspection_c[0m
[0.947s] [35m[1mConsolidate compiler generated dependencies of target cpp_sensor_server__rosidl_typesupport_cpp[0m
[0.947s] [35m[1mConsolidate compiler generated dependencies of target cpp_sensor_server__rosidl_typesupport_c[0m
[0.947s] [35m[1mConsolidate compiler generated dependencies of target cpp_sensor_server__rosidl_typesupport_fastrtps_c[0m
[0.947s] [35m[1mConsolidate compiler generated dependencies of target cpp_sensor_server__rosidl_typesupport_fastrtps_cpp[0m
[0.947s] [35m[1mConsolidate compiler generated dependencies of target cpp_sensor_server__rosidl_typesupport_introspection_cpp[0m
[0.953s] [ 36%] Built target cpp_sensor_server__rosidl_typesupport_c
[0.953s] [ 36%] Built target cpp_sensor_server__rosidl_typesupport_introspection_c
[0.953s] [ 44%] Built target cpp_sensor_server__rosidl_typesupport_cpp
[0.953s] [ 52%] Built target cpp_sensor_server__rosidl_typesupport_fastrtps_c
[0.953s] [ 61%] Built target cpp_sensor_server__rosidl_typesupport_introspection_cpp
[0.955s] [ 69%] Built target cpp_sensor_server__rosidl_typesupport_fastrtps_cpp
[0.965s] [ 69%] Built target cpp_sensor_server
[0.971s] [35m[1mConsolidate compiler generated dependencies of target sensor_server[0m
[0.976s] [ 72%] Built target cpp_sensor_server__py
[0.982s] [35m[1mConsolidate compiler generated dependencies of target cpp_sensor_server__rosidl_generator_py[0m
[0.987s] [ 77%] Built target sensor_server
[0.989s] [ 83%] Built target cpp_sensor_server__rosidl_generator_py
[0.995s] [35m[1mConsolidate compiler generated dependencies of target cpp_sensor_server__rosidl_typesupport_introspection_c__pyext[0m
[0.995s] [35m[1mConsolidate compiler generated dependencies of target cpp_sensor_server__rosidl_typesupport_c__pyext[0m
[0.995s] [35m[1mConsolidate compiler generated dependencies of target cpp_sensor_server__rosidl_typesupport_fastrtps_c__pyext[0m
[1.002s] [ 97%] Built target cpp_sensor_server__rosidl_typesupport_introspection_c__pyext
[1.002s] [ 97%] Built target cpp_sensor_server__rosidl_typesupport_c__pyext
[1.002s] [100%] Built target cpp_sensor_server__rosidl_typesupport_fastrtps_c__pyext
[1.079s] running egg_info
[1.079s] writing cpp_sensor_server.egg-info/PKG-INFO
[1.079s] writing dependency_links to cpp_sensor_server.egg-info/dependency_links.txt
[1.080s] writing top-level names to cpp_sensor_server.egg-info/top_level.txt
[1.081s] reading manifest file 'cpp_sensor_server.egg-info/SOURCES.txt'
[1.081s] writing manifest file 'cpp_sensor_server.egg-info/SOURCES.txt'
[1.094s] [100%] Built target ament_cmake_python_build_cpp_sensor_server_egg
[1.100s] Invoked command in '/home/yang/ros2_ws/build/cpp_sensor_server' returned '0': CMAKE_PREFIX_PATH=${CMAKE_PREFIX_PATH}:/home/yang/ros2_ws/install/py_srvcli:/opt/ros/iron /usr/bin/cmake --build /home/yang/ros2_ws/build/cpp_sensor_server -- -j16 -l16
[1.138s] Invoking command in '/home/yang/ros2_ws/build/cpp_sensor_server': CMAKE_PREFIX_PATH=${CMAKE_PREFIX_PATH}:/home/yang/ros2_ws/install/py_srvcli:/opt/ros/iron /usr/bin/cmake --install /home/yang/ros2_ws/build/cpp_sensor_server
[1.143s] -- Install configuration: ""
[1.143s] -- Up-to-date: /home/yang/ros2_ws/install/cpp_sensor_server/share/ament_index/resource_index/rosidl_interfaces/cpp_sensor_server
[1.143s] -- Up-to-date: /home/yang/ros2_ws/install/cpp_sensor_server/share/cpp_sensor_server/srv/SensorData.json
[1.143s] -- Up-to-date: /home/yang/ros2_ws/install/cpp_sensor_server/include/cpp_sensor_server/cpp_sensor_server
[1.143s] -- Up-to-date: /home/yang/ros2_ws/install/cpp_sensor_server/include/cpp_sensor_server/cpp_sensor_server/srv
[1.143s] -- Up-to-date: /home/yang/ros2_ws/install/cpp_sensor_server/include/cpp_sensor_server/cpp_sensor_server/srv/detail
[1.143s] -- Up-to-date: /home/yang/ros2_ws/install/cpp_sensor_server/include/cpp_sensor_server/cpp_sensor_server/srv/detail/sensor_data__description.c
[1.143s] -- Up-to-date: /home/yang/ros2_ws/install/cpp_sensor_server/include/cpp_sensor_server/cpp_sensor_server/srv/detail/sensor_data__struct.h
[1.143s] -- Up-to-date: /home/yang/ros2_ws/install/cpp_sensor_server/include/cpp_sensor_server/cpp_sensor_server/srv/detail/sensor_data__functions.c
[1.143s] -- Up-to-date: /home/yang/ros2_ws/install/cpp_sensor_server/include/cpp_sensor_server/cpp_sensor_server/srv/detail/sensor_data__functions.h
[1.143s] -- Up-to-date: /home/yang/ros2_ws/install/cpp_sensor_server/include/cpp_sensor_server/cpp_sensor_server/srv/detail/sensor_data__type_support.c
[1.143s] -- Up-to-date: /home/yang/ros2_ws/install/cpp_sensor_server/include/cpp_sensor_server/cpp_sensor_server/srv/detail/sensor_data__type_support.h
[1.143s] -- Up-to-date: /home/yang/ros2_ws/install/cpp_sensor_server/include/cpp_sensor_server/cpp_sensor_server/srv/sensor_data.h
[1.143s] -- Up-to-date: /home/yang/ros2_ws/install/cpp_sensor_server/include/cpp_sensor_server/cpp_sensor_server/msg
[1.143s] -- Up-to-date: /home/yang/ros2_ws/install/cpp_sensor_server/include/cpp_sensor_server/cpp_sensor_server/msg/rosidl_generator_c__visibility_control.h
[1.143s] -- Up-to-date: /home/yang/ros2_ws/install/cpp_sensor_server/share/cpp_sensor_server/environment/library_path.sh
[1.143s] -- Up-to-date: /home/yang/ros2_ws/install/cpp_sensor_server/share/cpp_sensor_server/environment/library_path.dsv
[1.143s] -- Up-to-date: /home/yang/ros2_ws/install/cpp_sensor_server/lib/libcpp_sensor_server__rosidl_generator_c.so
[1.143s] -- Up-to-date: /home/yang/ros2_ws/install/cpp_sensor_server/include/cpp_sensor_server/cpp_sensor_server
[1.144s] -- Up-to-date: /home/yang/ros2_ws/install/cpp_sensor_server/include/cpp_sensor_server/cpp_sensor_server/srv
[1.144s] -- Up-to-date: /home/yang/ros2_ws/install/cpp_sensor_server/include/cpp_sensor_server/cpp_sensor_server/srv/detail
[1.144s] -- Up-to-date: /home/yang/ros2_ws/install/cpp_sensor_server/include/cpp_sensor_server/cpp_sensor_server/srv/detail/sensor_data__rosidl_typesupport_fastrtps_c.h
[1.144s] -- Up-to-date: /home/yang/ros2_ws/install/cpp_sensor_server/include/cpp_sensor_server/cpp_sensor_server/msg
[1.144s] -- Up-to-date: /home/yang/ros2_ws/install/cpp_sensor_server/include/cpp_sensor_server/cpp_sensor_server/msg/rosidl_typesupport_fastrtps_c__visibility_control.h
[1.144s] -- Up-to-date: /home/yang/ros2_ws/install/cpp_sensor_server/lib/libcpp_sensor_server__rosidl_typesupport_fastrtps_c.so
[1.144s] -- Up-to-date: /home/yang/ros2_ws/install/cpp_sensor_server/include/cpp_sensor_server/cpp_sensor_server
[1.144s] -- Up-to-date: /home/yang/ros2_ws/install/cpp_sensor_server/include/cpp_sensor_server/cpp_sensor_server/srv
[1.144s] -- Up-to-date: /home/yang/ros2_ws/install/cpp_sensor_server/include/cpp_sensor_server/cpp_sensor_server/srv/sensor_data.hpp
[1.144s] -- Up-to-date: /home/yang/ros2_ws/install/cpp_sensor_server/include/cpp_sensor_server/cpp_sensor_server/srv/detail
[1.144s] -- Up-to-date: /home/yang/ros2_ws/install/cpp_sensor_server/include/cpp_sensor_server/cpp_sensor_server/srv/detail/sensor_data__traits.hpp
[1.144s] -- Up-to-date: /home/yang/ros2_ws/install/cpp_sensor_server/include/cpp_sensor_server/cpp_sensor_server/srv/detail/sensor_data__builder.hpp
[1.144s] -- Up-to-date: /home/yang/ros2_ws/install/cpp_sensor_server/include/cpp_sensor_server/cpp_sensor_server/srv/detail/sensor_data__struct.hpp
[1.144s] -- Up-to-date: /home/yang/ros2_ws/install/cpp_sensor_server/include/cpp_sensor_server/cpp_sensor_server
[1.144s] -- Up-to-date: /home/yang/ros2_ws/install/cpp_sensor_server/include/cpp_sensor_server/cpp_sensor_server/srv
[1.144s] -- Up-to-date: /home/yang/ros2_ws/install/cpp_sensor_server/include/cpp_sensor_server/cpp_sensor_server/srv/detail
[1.144s] -- Up-to-date: /home/yang/ros2_ws/install/cpp_sensor_server/include/cpp_sensor_server/cpp_sensor_server/srv/detail/sensor_data__rosidl_typesupport_fastrtps_cpp.hpp
[1.144s] -- Up-to-date: /home/yang/ros2_ws/install/cpp_sensor_server/include/cpp_sensor_server/cpp_sensor_server/srv/detail/dds_fastrtps
[1.144s] -- Up-to-date: /home/yang/ros2_ws/install/cpp_sensor_server/include/cpp_sensor_server/cpp_sensor_server/msg
[1.144s] -- Up-to-date: /home/yang/ros2_ws/install/cpp_sensor_server/include/cpp_sensor_server/cpp_sensor_server/msg/rosidl_typesupport_fastrtps_cpp__visibility_control.h
[1.144s] -- Up-to-date: /home/yang/ros2_ws/install/cpp_sensor_server/lib/libcpp_sensor_server__rosidl_typesupport_fastrtps_cpp.so
[1.144s] -- Up-to-date: /home/yang/ros2_ws/install/cpp_sensor_server/include/cpp_sensor_server/cpp_sensor_server
[1.144s] -- Up-to-date: /home/yang/ros2_ws/install/cpp_sensor_server/include/cpp_sensor_server/cpp_sensor_server/srv
[1.144s] -- Up-to-date: /home/yang/ros2_ws/install/cpp_sensor_server/include/cpp_sensor_server/cpp_sensor_server/srv/detail
[1.144s] -- Up-to-date: /home/yang/ros2_ws/install/cpp_sensor_server/include/cpp_sensor_server/cpp_sensor_server/srv/detail/sensor_data__rosidl_typesupport_introspection_c.h
[1.144s] -- Up-to-date: /home/yang/ros2_ws/install/cpp_sensor_server/include/cpp_sensor_server/cpp_sensor_server/srv/detail/sensor_data__type_support.c
[1.145s] -- Up-to-date: /home/yang/ros2_ws/install/cpp_sensor_server/include/cpp_sensor_server/cpp_sensor_server/msg
[1.145s] -- Up-to-date: /home/yang/ros2_ws/install/cpp_sensor_server/include/cpp_sensor_server/cpp_sensor_server/msg/rosidl_typesupport_introspection_c__visibility_control.h
[1.145s] -- Up-to-date: /home/yang/ros2_ws/install/cpp_sensor_server/lib/libcpp_sensor_server__rosidl_typesupport_introspection_c.so
[1.145s] -- Up-to-date: /home/yang/ros2_ws/install/cpp_sensor_server/lib/libcpp_sensor_server__rosidl_typesupport_c.so
[1.145s] -- Up-to-date: /home/yang/ros2_ws/install/cpp_sensor_server/include/cpp_sensor_server/cpp_sensor_server
[1.145s] -- Up-to-date: /home/yang/ros2_ws/install/cpp_sensor_server/include/cpp_sensor_server/cpp_sensor_server/srv
[1.145s] -- Up-to-date: /home/yang/ros2_ws/install/cpp_sensor_server/include/cpp_sensor_server/cpp_sensor_server/srv/detail
[1.145s] -- Up-to-date: /home/yang/ros2_ws/install/cpp_sensor_server/include/cpp_sensor_server/cpp_sensor_server/srv/detail/sensor_data__rosidl_typesupport_introspection_cpp.hpp
[1.145s] -- Up-to-date: /home/yang/ros2_ws/install/cpp_sensor_server/include/cpp_sensor_server/cpp_sensor_server/srv/detail/sensor_data__type_support.cpp
[1.145s] -- Up-to-date: /home/yang/ros2_ws/install/cpp_sensor_server/lib/libcpp_sensor_server__rosidl_typesupport_introspection_cpp.so
[1.145s] -- Up-to-date: /home/yang/ros2_ws/install/cpp_sensor_server/lib/libcpp_sensor_server__rosidl_typesupport_cpp.so
[1.145s] -- Up-to-date: /home/yang/ros2_ws/install/cpp_sensor_server/share/cpp_sensor_server/environment/pythonpath.sh
[1.145s] -- Up-to-date: /home/yang/ros2_ws/install/cpp_sensor_server/share/cpp_sensor_server/environment/pythonpath.dsv
[1.145s] -- Up-to-date: /home/yang/ros2_ws/install/cpp_sensor_server/lib/python3.10/site-packages/cpp_sensor_server-0.0.0-py3.10.egg-info
[1.145s] -- Installing: /home/yang/ros2_ws/install/cpp_sensor_server/lib/python3.10/site-packages/cpp_sensor_server-0.0.0-py3.10.egg-info/SOURCES.txt
[1.145s] -- Installing: /home/yang/ros2_ws/install/cpp_sensor_server/lib/python3.10/site-packages/cpp_sensor_server-0.0.0-py3.10.egg-info/PKG-INFO
[1.145s] -- Installing: /home/yang/ros2_ws/install/cpp_sensor_server/lib/python3.10/site-packages/cpp_sensor_server-0.0.0-py3.10.egg-info/dependency_links.txt
[1.145s] -- Installing: /home/yang/ros2_ws/install/cpp_sensor_server/lib/python3.10/site-packages/cpp_sensor_server-0.0.0-py3.10.egg-info/top_level.txt
[1.145s] -- Up-to-date: /home/yang/ros2_ws/install/cpp_sensor_server/lib/python3.10/site-packages/cpp_sensor_server
[1.145s] -- Up-to-date: /home/yang/ros2_ws/install/cpp_sensor_server/lib/python3.10/site-packages/cpp_sensor_server/_cpp_sensor_server_s.ep.rosidl_typesupport_c.c
[1.145s] -- Up-to-date: /home/yang/ros2_ws/install/cpp_sensor_server/lib/python3.10/site-packages/cpp_sensor_server/_cpp_sensor_server_s.ep.rosidl_typesupport_fastrtps_c.c
[1.145s] -- Up-to-date: /home/yang/ros2_ws/install/cpp_sensor_server/lib/python3.10/site-packages/cpp_sensor_server/_cpp_sensor_server_s.ep.rosidl_typesupport_introspection_c.c
[1.145s] -- Up-to-date: /home/yang/ros2_ws/install/cpp_sensor_server/lib/python3.10/site-packages/cpp_sensor_server/srv
[1.145s] -- Up-to-date: /home/yang/ros2_ws/install/cpp_sensor_server/lib/python3.10/site-packages/cpp_sensor_server/srv/_sensor_data.py
[1.145s] -- Up-to-date: /home/yang/ros2_ws/install/cpp_sensor_server/lib/python3.10/site-packages/cpp_sensor_server/srv/_sensor_data_s.c
[1.145s] -- Up-to-date: /home/yang/ros2_ws/install/cpp_sensor_server/lib/python3.10/site-packages/cpp_sensor_server/srv/__init__.py
[1.145s] -- Up-to-date: /home/yang/ros2_ws/install/cpp_sensor_server/lib/python3.10/site-packages/cpp_sensor_server/cpp_sensor_server_s__rosidl_typesupport_introspection_c.cpython-310-x86_64-linux-gnu.so
[1.145s] -- Up-to-date: /home/yang/ros2_ws/install/cpp_sensor_server/lib/python3.10/site-packages/cpp_sensor_server/cpp_sensor_server_s__rosidl_typesupport_fastrtps_c.cpython-310-x86_64-linux-gnu.so
[1.145s] -- Up-to-date: /home/yang/ros2_ws/install/cpp_sensor_server/lib/python3.10/site-packages/cpp_sensor_server/cpp_sensor_server_s__rosidl_typesupport_c.cpython-310-x86_64-linux-gnu.so
[1.146s] -- Up-to-date: /home/yang/ros2_ws/install/cpp_sensor_server/lib/python3.10/site-packages/cpp_sensor_server/libcpp_sensor_server__rosidl_generator_py.so
[1.146s] -- Installing: /home/yang/ros2_ws/install/cpp_sensor_server/lib/python3.10/site-packages/cpp_sensor_server/__init__.py
[1.163s] Listing '/home/yang/ros2_ws/install/cpp_sensor_server/lib/python3.10/site-packages/cpp_sensor_server'...
[1.163s] Compiling '/home/yang/ros2_ws/install/cpp_sensor_server/lib/python3.10/site-packages/cpp_sensor_server/__init__.py'...
[1.163s] Listing '/home/yang/ros2_ws/install/cpp_sensor_server/lib/python3.10/site-packages/cpp_sensor_server/srv'...
[1.165s] -- Up-to-date: /home/yang/ros2_ws/install/cpp_sensor_server/lib/python3.10/site-packages/cpp_sensor_server/cpp_sensor_server_s__rosidl_typesupport_fastrtps_c.cpython-310-x86_64-linux-gnu.so
[1.165s] -- Up-to-date: /home/yang/ros2_ws/install/cpp_sensor_server/lib/python3.10/site-packages/cpp_sensor_server/cpp_sensor_server_s__rosidl_typesupport_introspection_c.cpython-310-x86_64-linux-gnu.so
[1.165s] -- Up-to-date: /home/yang/ros2_ws/install/cpp_sensor_server/lib/python3.10/site-packages/cpp_sensor_server/cpp_sensor_server_s__rosidl_typesupport_c.cpython-310-x86_64-linux-gnu.so
[1.165s] -- Up-to-date: /home/yang/ros2_ws/install/cpp_sensor_server/lib/libcpp_sensor_server__rosidl_generator_py.so
[1.165s] -- Up-to-date: /home/yang/ros2_ws/install/cpp_sensor_server/share/cpp_sensor_server/srv/SensorData.idl
[1.165s] -- Up-to-date: /home/yang/ros2_ws/install/cpp_sensor_server/share/cpp_sensor_server/srv/SensorData.srv
[1.165s] -- Up-to-date: /home/yang/ros2_ws/install/cpp_sensor_server/share/cpp_sensor_server/srv/SensorData_Request.msg
[1.165s] -- Up-to-date: /home/yang/ros2_ws/install/cpp_sensor_server/share/cpp_sensor_server/srv/SensorData_Response.msg
[1.166s] -- Up-to-date: /home/yang/ros2_ws/install/cpp_sensor_server/lib/cpp_sensor_server/sensor_server
[1.166s] -- Up-to-date: /home/yang/ros2_ws/install/cpp_sensor_server/share/ament_index/resource_index/package_run_dependencies/cpp_sensor_server
[1.166s] -- Up-to-date: /home/yang/ros2_ws/install/cpp_sensor_server/share/ament_index/resource_index/parent_prefix_path/cpp_sensor_server
[1.166s] -- Up-to-date: /home/yang/ros2_ws/install/cpp_sensor_server/share/cpp_sensor_server/environment/ament_prefix_path.sh
[1.166s] -- Up-to-date: /home/yang/ros2_ws/install/cpp_sensor_server/share/cpp_sensor_server/environment/ament_prefix_path.dsv
[1.166s] -- Up-to-date: /home/yang/ros2_ws/install/cpp_sensor_server/share/cpp_sensor_server/environment/path.sh
[1.166s] -- Up-to-date: /home/yang/ros2_ws/install/cpp_sensor_server/share/cpp_sensor_server/environment/path.dsv
[1.166s] -- Up-to-date: /home/yang/ros2_ws/install/cpp_sensor_server/share/cpp_sensor_server/local_setup.bash
[1.166s] -- Up-to-date: /home/yang/ros2_ws/install/cpp_sensor_server/share/cpp_sensor_server/local_setup.sh
[1.166s] -- Up-to-date: /home/yang/ros2_ws/install/cpp_sensor_server/share/cpp_sensor_server/local_setup.zsh
[1.166s] -- Up-to-date: /home/yang/ros2_ws/install/cpp_sensor_server/share/cpp_sensor_server/local_setup.dsv
[1.166s] -- Installing: /home/yang/ros2_ws/install/cpp_sensor_server/share/cpp_sensor_server/package.dsv
[1.166s] -- Up-to-date: /home/yang/ros2_ws/install/cpp_sensor_server/share/ament_index/resource_index/packages/cpp_sensor_server
[1.166s] -- Up-to-date: /home/yang/ros2_ws/install/cpp_sensor_server/share/cpp_sensor_server/cmake/export_cpp_sensor_server__rosidl_generator_cExport.cmake
[1.166s] -- Up-to-date: /home/yang/ros2_ws/install/cpp_sensor_server/share/cpp_sensor_server/cmake/export_cpp_sensor_server__rosidl_generator_cExport-noconfig.cmake
[1.166s] -- Up-to-date: /home/yang/ros2_ws/install/cpp_sensor_server/share/cpp_sensor_server/cmake/export_cpp_sensor_server__rosidl_typesupport_fastrtps_cExport.cmake
[1.166s] -- Up-to-date: /home/yang/ros2_ws/install/cpp_sensor_server/share/cpp_sensor_server/cmake/export_cpp_sensor_server__rosidl_typesupport_fastrtps_cExport-noconfig.cmake
[1.166s] -- Up-to-date: /home/yang/ros2_ws/install/cpp_sensor_server/share/cpp_sensor_server/cmake/export_cpp_sensor_server__rosidl_generator_cppExport.cmake
[1.166s] -- Up-to-date: /home/yang/ros2_ws/install/cpp_sensor_server/share/cpp_sensor_server/cmake/export_cpp_sensor_server__rosidl_typesupport_fastrtps_cppExport.cmake
[1.166s] -- Up-to-date: /home/yang/ros2_ws/install/cpp_sensor_server/share/cpp_sensor_server/cmake/export_cpp_sensor_server__rosidl_typesupport_fastrtps_cppExport-noconfig.cmake
[1.166s] -- Up-to-date: /home/yang/ros2_ws/install/cpp_sensor_server/share/cpp_sensor_server/cmake/cpp_sensor_server__rosidl_typesupport_introspection_cExport.cmake
[1.166s] -- Up-to-date: /home/yang/ros2_ws/install/cpp_sensor_server/share/cpp_sensor_server/cmake/cpp_sensor_server__rosidl_typesupport_introspection_cExport-noconfig.cmake
[1.166s] -- Up-to-date: /home/yang/ros2_ws/install/cpp_sensor_server/share/cpp_sensor_server/cmake/cpp_sensor_server__rosidl_typesupport_cExport.cmake
[1.166s] -- Up-to-date: /home/yang/ros2_ws/install/cpp_sensor_server/share/cpp_sensor_server/cmake/cpp_sensor_server__rosidl_typesupport_cExport-noconfig.cmake
[1.166s] -- Up-to-date: /home/yang/ros2_ws/install/cpp_sensor_server/share/cpp_sensor_server/cmake/cpp_sensor_server__rosidl_typesupport_introspection_cppExport.cmake
[1.167s] -- Up-to-date: /home/yang/ros2_ws/install/cpp_sensor_server/share/cpp_sensor_server/cmake/cpp_sensor_server__rosidl_typesupport_introspection_cppExport-noconfig.cmake
[1.167s] -- Up-to-date: /home/yang/ros2_ws/install/cpp_sensor_server/share/cpp_sensor_server/cmake/cpp_sensor_server__rosidl_typesupport_cppExport.cmake
[1.167s] -- Up-to-date: /home/yang/ros2_ws/install/cpp_sensor_server/share/cpp_sensor_server/cmake/cpp_sensor_server__rosidl_typesupport_cppExport-noconfig.cmake
[1.167s] -- Up-to-date: /home/yang/ros2_ws/install/cpp_sensor_server/share/cpp_sensor_server/cmake/export_cpp_sensor_server__rosidl_generator_pyExport.cmake
[1.167s] -- Up-to-date: /home/yang/ros2_ws/install/cpp_sensor_server/share/cpp_sensor_server/cmake/export_cpp_sensor_server__rosidl_generator_pyExport-noconfig.cmake
[1.167s] -- Up-to-date: /home/yang/ros2_ws/install/cpp_sensor_server/share/cpp_sensor_server/cmake/rosidl_cmake-extras.cmake
[1.167s] -- Up-to-date: /home/yang/ros2_ws/install/cpp_sensor_server/share/cpp_sensor_server/cmake/ament_cmake_export_dependencies-extras.cmake
[1.167s] -- Up-to-date: /home/yang/ros2_ws/install/cpp_sensor_server/share/cpp_sensor_server/cmake/ament_cmake_export_include_directories-extras.cmake
[1.167s] -- Up-to-date: /home/yang/ros2_ws/install/cpp_sensor_server/share/cpp_sensor_server/cmake/ament_cmake_export_libraries-extras.cmake
[1.167s] -- Up-to-date: /home/yang/ros2_ws/install/cpp_sensor_server/share/cpp_sensor_server/cmake/ament_cmake_export_targets-extras.cmake
[1.167s] -- Up-to-date: /home/yang/ros2_ws/install/cpp_sensor_server/share/cpp_sensor_server/cmake/rosidl_cmake_export_typesupport_targets-extras.cmake
[1.167s] -- Up-to-date: /home/yang/ros2_ws/install/cpp_sensor_server/share/cpp_sensor_server/cmake/rosidl_cmake_export_typesupport_libraries-extras.cmake
[1.167s] -- Up-to-date: /home/yang/ros2_ws/install/cpp_sensor_server/share/cpp_sensor_server/cmake/cpp_sensor_serverConfig.cmake
[1.167s] -- Up-to-date: /home/yang/ros2_ws/install/cpp_sensor_server/share/cpp_sensor_server/cmake/cpp_sensor_serverConfig-version.cmake
[1.167s] -- Up-to-date: /home/yang/ros2_ws/install/cpp_sensor_server/share/cpp_sensor_server/package.xml
[1.168s] Invoked command in '/home/yang/ros2_ws/build/cpp_sensor_server' returned '0': CMAKE_PREFIX_PATH=${CMAKE_PREFIX_PATH}:/home/yang/ros2_ws/install/py_srvcli:/opt/ros/iron /usr/bin/cmake --install /home/yang/ros2_ws/build/cpp_sensor_server
