[0.005s] Invoking command in '/home/yang/ros2_ws/build/sensor_interfaces': CMAKE_PREFIX_PATH=${CMAKE_PREFIX_PATH}:/home/yang/ros2_ws/install/py_srvcli:/opt/ros/iron /usr/bin/cmake /home/yang/ros2_ws/src/sensor_interfaces -DCMAKE_INSTALL_PREFIX=/home/yang/ros2_ws/install/sensor_interfaces
[0.042s] -- The C compiler identification is GNU 11.4.0
[0.071s] -- The CXX compiler identification is GNU 11.4.0
[0.076s] -- Detecting C compiler ABI info
[0.112s] -- Detecting C compiler ABI info - done
[0.116s] -- Check for working C compiler: /usr/bin/cc - skipped
[0.116s] -- Detecting C compile features
[0.117s] -- Detecting C compile features - done
[0.118s] -- Detecting CXX compiler ABI info
[0.161s] -- Detecting CXX compiler ABI info - done
[0.165s] -- Check for working CXX compiler: /usr/bin/c++ - skipped
[0.165s] -- Detecting CXX compile features
[0.165s] -- Detecting CXX compile features - done
[0.167s] -- Found ament_cmake: 2.0.4 (/opt/ros/iron/share/ament_cmake/cmake)
[0.261s] -- Found Python3: /usr/bin/python3.10 (found version "3.10.12") found components: Interpreter 
[0.311s] -- Found geometry_msgs: 5.0.0 (/opt/ros/iron/share/geometry_msgs/cmake)
[0.332s] -- Found rosidl_generator_c: 4.0.1 (/opt/ros/iron/share/rosidl_generator_c/cmake)
[0.339s] -- Found rosidl_generator_cpp: 4.0.1 (/opt/ros/iron/share/rosidl_generator_cpp/cmake)
[0.348s] -- Using all available rosidl_typesupport_c: rosidl_typesupport_fastrtps_c;rosidl_typesupport_introspection_c
[0.359s] -- Using all available rosidl_typesupport_cpp: rosidl_typesupport_fastrtps_cpp;rosidl_typesupport_introspection_cpp
[0.419s] -- Found rosidl_default_generators: 1.5.0 (/opt/ros/iron/share/rosidl_default_generators/cmake)
[0.429s] -- Found rosidl_adapter: 4.0.1 (/opt/ros/iron/share/rosidl_adapter/cmake)
[0.666s] -- Found ament_cmake_ros: 0.11.2 (/opt/ros/iron/share/ament_cmake_ros/cmake)
[0.894s] -- Using all available rosidl_typesupport_c: rosidl_typesupport_fastrtps_c;rosidl_typesupport_introspection_c
[0.983s] -- Using all available rosidl_typesupport_cpp: rosidl_typesupport_fastrtps_cpp;rosidl_typesupport_introspection_cpp
[0.996s] -- Found PythonInterp: /usr/bin/python3 (found suitable version "3.10.12", minimum required is "3.6") 
[0.997s] -- Found python_cmake_module: 0.10.2 (/opt/ros/iron/share/python_cmake_module/cmake)
[1.011s] -- Found PythonLibs: /usr/lib/x86_64-linux-gnu/libpython3.10.so (found suitable version "3.10.12", minimum required is "3.5") 
[1.011s] -- Using PYTHON_EXECUTABLE: /usr/bin/python3
[1.011s] -- Using PYTHON_INCLUDE_DIRS: /usr/include/python3.10
[1.011s] -- Using PYTHON_LIBRARIES: /usr/lib/x86_64-linux-gnu/libpython3.10.so
[1.023s] -- Found PythonExtra: .so  
[1.057s] -- Found ament_lint_auto: 0.14.3 (/opt/ros/iron/share/ament_lint_auto/cmake)
[1.071s] -- Added test 'lint_cmake' to check CMake code style
[1.073s] -- Added test 'xmllint' to check XML markup files
[1.075s] -- Configuring done
[1.100s] -- Generating done
[1.102s] -- Build files have been written to: /home/yang/ros2_ws/build/sensor_interfaces
[1.107s] Invoked command in '/home/yang/ros2_ws/build/sensor_interfaces' returned '0': CMAKE_PREFIX_PATH=${CMAKE_PREFIX_PATH}:/home/yang/ros2_ws/install/py_srvcli:/opt/ros/iron /usr/bin/cmake /home/yang/ros2_ws/src/sensor_interfaces -DCMAKE_INSTALL_PREFIX=/home/yang/ros2_ws/install/sensor_interfaces
[1.108s] Invoking command in '/home/yang/ros2_ws/build/sensor_interfaces': CMAKE_PREFIX_PATH=${CMAKE_PREFIX_PATH}:/home/yang/ros2_ws/install/py_srvcli:/opt/ros/iron /usr/bin/cmake --build /home/yang/ros2_ws/build/sensor_interfaces -- -j16 -l16
[1.134s] [  1%] [34m[1mGenerating type hashes for ROS interfaces[0m
[1.139s] [  1%] Built target ament_cmake_python_copy_sensor_interfaces
[1.267s] running egg_info
[1.268s] creating sensor_interfaces.egg-info
[1.268s] writing sensor_interfaces.egg-info/PKG-INFO
[1.268s] writing dependency_links to sensor_interfaces.egg-info/dependency_links.txt
[1.268s] writing top-level names to sensor_interfaces.egg-info/top_level.txt
[1.268s] writing manifest file 'sensor_interfaces.egg-info/SOURCES.txt'
[1.269s] reading manifest file 'sensor_interfaces.egg-info/SOURCES.txt'
[1.270s] writing manifest file 'sensor_interfaces.egg-info/SOURCES.txt'
[1.285s] [  1%] Built target ament_cmake_python_build_sensor_interfaces_egg
[1.297s] [  1%] Built target sensor_interfaces__rosidl_generator_type_description
[1.303s] [  2%] [34m[1mGenerating C code for ROS interfaces[0m
[1.308s] [  3%] [34m[1mGenerating C++ code for ROS interfaces[0m
[1.676s] [  3%] Built target sensor_interfaces__cpp
[1.809s] [  7%] [32mBuilding C object CMakeFiles/sensor_interfaces__rosidl_generator_c.dir/rosidl_generator_c/sensor_interfaces/msg/detail/num__functions.c.o[0m
[1.809s] [  7%] [32mBuilding C object CMakeFiles/sensor_interfaces__rosidl_generator_c.dir/rosidl_generator_c/sensor_interfaces/msg/detail/num__description.c.o[0m
[1.809s] [  9%] [32mBuilding C object CMakeFiles/sensor_interfaces__rosidl_generator_c.dir/rosidl_generator_c/sensor_interfaces/msg/detail/sphere__description.c.o[0m
[1.809s] [ 10%] [32mBuilding C object CMakeFiles/sensor_interfaces__rosidl_generator_c.dir/rosidl_generator_c/sensor_interfaces/msg/detail/sphere__functions.c.o[0m
[1.810s] [ 10%] [32mBuilding C object CMakeFiles/sensor_interfaces__rosidl_generator_c.dir/rosidl_generator_c/sensor_interfaces/msg/detail/sphere__type_support.c.o[0m
[1.810s] [ 11%] [32mBuilding C object CMakeFiles/sensor_interfaces__rosidl_generator_c.dir/rosidl_generator_c/sensor_interfaces/msg/detail/sample_array__description.c.o[0m
[1.810s] [ 13%] [32mBuilding C object CMakeFiles/sensor_interfaces__rosidl_generator_c.dir/rosidl_generator_c/sensor_interfaces/msg/detail/sample_array__type_support.c.o[0m
[1.810s] [ 14%] [32mBuilding C object CMakeFiles/sensor_interfaces__rosidl_generator_c.dir/rosidl_generator_c/sensor_interfaces/srv/detail/add_three_ints__description.c.o[0m
[1.810s] [ 15%] [32mBuilding C object CMakeFiles/sensor_interfaces__rosidl_generator_c.dir/rosidl_generator_c/sensor_interfaces/srv/detail/add_three_ints__functions.c.o[0m
[1.810s] [ 17%] [32mBuilding C object CMakeFiles/sensor_interfaces__rosidl_generator_c.dir/rosidl_generator_c/sensor_interfaces/srv/detail/sensor_data__type_support.c.o[0m
[1.810s] [ 17%] [32mBuilding C object CMakeFiles/sensor_interfaces__rosidl_generator_c.dir/rosidl_generator_c/sensor_interfaces/srv/detail/sensor_data__functions.c.o[0m
[1.810s] [ 19%] [32mBuilding C object CMakeFiles/sensor_interfaces__rosidl_generator_c.dir/rosidl_generator_c/sensor_interfaces/srv/detail/add_three_ints__type_support.c.o[0m
[1.811s] [ 21%] [32mBuilding C object CMakeFiles/sensor_interfaces__rosidl_generator_c.dir/rosidl_generator_c/sensor_interfaces/msg/detail/sample_array__functions.c.o[0m
[1.811s] [ 21%] [32mBuilding C object CMakeFiles/sensor_interfaces__rosidl_generator_c.dir/rosidl_generator_c/sensor_interfaces/srv/detail/sensor_data__description.c.o[0m
[1.811s] [ 22%] [32mBuilding C object CMakeFiles/sensor_interfaces__rosidl_generator_c.dir/rosidl_generator_c/sensor_interfaces/srv/detail/sample_request__description.c.o[0m
[1.811s] [ 22%] [32mBuilding C object CMakeFiles/sensor_interfaces__rosidl_generator_c.dir/rosidl_generator_c/sensor_interfaces/msg/detail/num__type_support.c.o[0m
[1.836s] [ 25%] [32mBuilding C object CMakeFiles/sensor_interfaces__rosidl_generator_c.dir/rosidl_generator_c/sensor_interfaces/srv/detail/sample_request__functions.c.o[0m
[1.836s] [ 25%] [32mBuilding C object CMakeFiles/sensor_interfaces__rosidl_generator_c.dir/rosidl_generator_c/sensor_interfaces/srv/detail/sample_request__type_support.c.o[0m
[1.879s] [ 26%] [32m[1mLinking C shared library libsensor_interfaces__rosidl_generator_c.so[0m
[1.902s] [ 26%] Built target sensor_interfaces__rosidl_generator_c
[1.908s] [ 30%] [34m[1mGenerating C++ type support dispatch for ROS interfaces[0m
[1.908s] [ 30%] [34m[1mGenerating C++ type support for eProsima Fast-RTPS[0m
[1.908s] [ 30%] [34m[1mGenerating C introspection for ROS interfaces[0m
[1.908s] [ 30%] [34m[1mGenerating C type support for eProsima Fast-RTPS[0m
[1.908s] [ 32%] [34m[1mGenerating C type support dispatch for ROS interfaces[0m
[1.908s] [ 33%] [34m[1mGenerating C++ introspection for ROS interfaces[0m
[2.153s] [ 35%] [32mBuilding CXX object CMakeFiles/sensor_interfaces__rosidl_typesupport_c.dir/rosidl_typesupport_c/sensor_interfaces/msg/sample_array__type_support.cpp.o[0m
[2.154s] [ 35%] [32mBuilding CXX object CMakeFiles/sensor_interfaces__rosidl_typesupport_c.dir/rosidl_typesupport_c/sensor_interfaces/msg/num__type_support.cpp.o[0m
[2.154s] [ 36%] [32mBuilding CXX object CMakeFiles/sensor_interfaces__rosidl_typesupport_c.dir/rosidl_typesupport_c/sensor_interfaces/srv/sample_request__type_support.cpp.o[0m
[2.155s] [ 38%] [32mBuilding CXX object CMakeFiles/sensor_interfaces__rosidl_typesupport_c.dir/rosidl_typesupport_c/sensor_interfaces/msg/sphere__type_support.cpp.o[0m
[2.155s] [ 39%] [32mBuilding CXX object CMakeFiles/sensor_interfaces__rosidl_typesupport_c.dir/rosidl_typesupport_c/sensor_interfaces/srv/add_three_ints__type_support.cpp.o[0m
[2.155s] [ 40%] [32mBuilding CXX object CMakeFiles/sensor_interfaces__rosidl_typesupport_c.dir/rosidl_typesupport_c/sensor_interfaces/srv/sensor_data__type_support.cpp.o[0m
[2.184s] [ 41%] [32mBuilding CXX object CMakeFiles/sensor_interfaces__rosidl_typesupport_cpp.dir/rosidl_typesupport_cpp/sensor_interfaces/msg/sphere__type_support.cpp.o[0m
[2.184s] [ 42%] [32mBuilding CXX object CMakeFiles/sensor_interfaces__rosidl_typesupport_cpp.dir/rosidl_typesupport_cpp/sensor_interfaces/msg/num__type_support.cpp.o[0m
[2.184s] [ 44%] [32mBuilding CXX object CMakeFiles/sensor_interfaces__rosidl_typesupport_cpp.dir/rosidl_typesupport_cpp/sensor_interfaces/msg/sample_array__type_support.cpp.o[0m
[2.184s] [ 45%] [32mBuilding CXX object CMakeFiles/sensor_interfaces__rosidl_typesupport_cpp.dir/rosidl_typesupport_cpp/sensor_interfaces/srv/sensor_data__type_support.cpp.o[0m
[2.184s] [ 47%] [32mBuilding CXX object CMakeFiles/sensor_interfaces__rosidl_typesupport_cpp.dir/rosidl_typesupport_cpp/sensor_interfaces/srv/add_three_ints__type_support.cpp.o[0m
[2.185s] [ 47%] [32mBuilding CXX object CMakeFiles/sensor_interfaces__rosidl_typesupport_cpp.dir/rosidl_typesupport_cpp/sensor_interfaces/srv/sample_request__type_support.cpp.o[0m
[2.197s] [ 48%] [32m[1mLinking CXX shared library libsensor_interfaces__rosidl_typesupport_c.so[0m
[2.237s] [ 48%] Built target sensor_interfaces__rosidl_typesupport_c
[2.245s] [ 51%] [32mBuilding CXX object CMakeFiles/sensor_interfaces__rosidl_typesupport_introspection_cpp.dir/rosidl_typesupport_introspection_cpp/sensor_interfaces/msg/detail/sphere__type_support.cpp.o[0m
[2.245s] [ 53%] [32mBuilding CXX object CMakeFiles/sensor_interfaces__rosidl_typesupport_introspection_cpp.dir/rosidl_typesupport_introspection_cpp/sensor_interfaces/srv/detail/sensor_data__type_support.cpp.o[0m
[2.245s] [ 53%] [32mBuilding CXX object CMakeFiles/sensor_interfaces__rosidl_typesupport_introspection_cpp.dir/rosidl_typesupport_introspection_cpp/sensor_interfaces/srv/detail/add_three_ints__type_support.cpp.o[0m
[2.245s] [ 54%] [32mBuilding CXX object CMakeFiles/sensor_interfaces__rosidl_typesupport_introspection_cpp.dir/rosidl_typesupport_introspection_cpp/sensor_interfaces/srv/detail/sample_request__type_support.cpp.o[0m
[2.245s] [ 54%] [32mBuilding CXX object CMakeFiles/sensor_interfaces__rosidl_typesupport_introspection_cpp.dir/rosidl_typesupport_introspection_cpp/sensor_interfaces/msg/detail/num__type_support.cpp.o[0m
[2.246s] [ 55%] [32mBuilding CXX object CMakeFiles/sensor_interfaces__rosidl_typesupport_introspection_cpp.dir/rosidl_typesupport_introspection_cpp/sensor_interfaces/msg/detail/sample_array__type_support.cpp.o[0m
[2.322s] [ 57%] [32mBuilding C object CMakeFiles/sensor_interfaces__rosidl_typesupport_introspection_c.dir/rosidl_typesupport_introspection_c/sensor_interfaces/msg/detail/num__type_support.c.o[0m
[2.332s] [ 58%] [32mBuilding C object CMakeFiles/sensor_interfaces__rosidl_typesupport_introspection_c.dir/rosidl_typesupport_introspection_c/sensor_interfaces/msg/detail/sphere__type_support.c.o[0m
[2.366s] [ 59%] [32mBuilding C object CMakeFiles/sensor_interfaces__rosidl_typesupport_introspection_c.dir/rosidl_typesupport_introspection_c/sensor_interfaces/msg/detail/sample_array__type_support.c.o[0m
[2.373s] [ 60%] [32mBuilding C object CMakeFiles/sensor_interfaces__rosidl_typesupport_introspection_c.dir/rosidl_typesupport_introspection_c/sensor_interfaces/srv/detail/add_three_ints__type_support.c.o[0m
[2.381s] [ 61%] [32mBuilding CXX object CMakeFiles/sensor_interfaces__rosidl_typesupport_fastrtps_c.dir/rosidl_typesupport_fastrtps_c/sensor_interfaces/msg/detail/num__type_support_c.cpp.o[0m
[2.420s] [ 63%] [32mBuilding CXX object CMakeFiles/sensor_interfaces__rosidl_typesupport_fastrtps_c.dir/rosidl_typesupport_fastrtps_c/sensor_interfaces/msg/detail/sphere__type_support_c.cpp.o[0m
[2.428s] [ 64%] [32mBuilding C object CMakeFiles/sensor_interfaces__rosidl_typesupport_introspection_c.dir/rosidl_typesupport_introspection_c/sensor_interfaces/srv/detail/sensor_data__type_support.c.o[0m
[2.432s] [ 65%] [32mBuilding CXX object CMakeFiles/sensor_interfaces__rosidl_typesupport_fastrtps_cpp.dir/rosidl_typesupport_fastrtps_cpp/sensor_interfaces/msg/detail/dds_fastrtps/num__type_support.cpp.o[0m
[2.478s] [ 66%] [32mBuilding C object CMakeFiles/sensor_interfaces__rosidl_typesupport_introspection_c.dir/rosidl_typesupport_introspection_c/sensor_interfaces/srv/detail/sample_request__type_support.c.o[0m
[2.526s] [ 67%] [32m[1mLinking C shared library libsensor_interfaces__rosidl_typesupport_introspection_c.so[0m
[2.544s] [ 69%] [32mBuilding CXX object CMakeFiles/sensor_interfaces__rosidl_typesupport_fastrtps_cpp.dir/rosidl_typesupport_fastrtps_cpp/sensor_interfaces/msg/detail/dds_fastrtps/sphere__type_support.cpp.o[0m
[2.561s] [ 70%] [32mBuilding CXX object CMakeFiles/sensor_interfaces__rosidl_typesupport_fastrtps_cpp.dir/rosidl_typesupport_fastrtps_cpp/sensor_interfaces/msg/detail/dds_fastrtps/sample_array__type_support.cpp.o[0m
[2.569s] [ 70%] Built target sensor_interfaces__rosidl_typesupport_introspection_c
[2.578s] [ 71%] [32mBuilding CXX object CMakeFiles/sensor_interfaces__rosidl_typesupport_fastrtps_c.dir/rosidl_typesupport_fastrtps_c/sensor_interfaces/msg/detail/sample_array__type_support_c.cpp.o[0m
[2.588s] [ 72%] [32mBuilding CXX object CMakeFiles/sensor_interfaces__rosidl_typesupport_fastrtps_cpp.dir/rosidl_typesupport_fastrtps_cpp/sensor_interfaces/srv/detail/dds_fastrtps/add_three_ints__type_support.cpp.o[0m
[2.606s] [ 73%] [32mBuilding CXX object CMakeFiles/sensor_interfaces__rosidl_typesupport_fastrtps_cpp.dir/rosidl_typesupport_fastrtps_cpp/sensor_interfaces/srv/detail/dds_fastrtps/sensor_data__type_support.cpp.o[0m
[2.628s] [ 75%] [32mBuilding CXX object CMakeFiles/sensor_interfaces__rosidl_typesupport_fastrtps_cpp.dir/rosidl_typesupport_fastrtps_cpp/sensor_interfaces/srv/detail/dds_fastrtps/sample_request__type_support.cpp.o[0m
[2.643s] [ 76%] [32mBuilding CXX object CMakeFiles/sensor_interfaces__rosidl_typesupport_fastrtps_c.dir/rosidl_typesupport_fastrtps_c/sensor_interfaces/srv/detail/add_three_ints__type_support_c.cpp.o[0m
[2.682s] [ 77%] [32mBuilding CXX object CMakeFiles/sensor_interfaces__rosidl_typesupport_fastrtps_c.dir/rosidl_typesupport_fastrtps_c/sensor_interfaces/srv/detail/sensor_data__type_support_c.cpp.o[0m
[2.702s] [ 78%] [32mBuilding CXX object CMakeFiles/sensor_interfaces__rosidl_typesupport_fastrtps_c.dir/rosidl_typesupport_fastrtps_c/sensor_interfaces/srv/detail/sample_request__type_support_c.cpp.o[0m
[2.702s] [ 79%] [32m[1mLinking CXX shared library libsensor_interfaces__rosidl_typesupport_cpp.so[0m
[2.800s] [ 79%] Built target sensor_interfaces__rosidl_typesupport_cpp
[2.853s] [ 80%] [32m[1mLinking CXX shared library libsensor_interfaces__rosidl_typesupport_introspection_cpp.so[0m
[2.925s] [ 80%] Built target sensor_interfaces__rosidl_typesupport_introspection_cpp
[3.023s] [ 82%] [32m[1mLinking CXX shared library libsensor_interfaces__rosidl_typesupport_fastrtps_c.so[0m
[3.070s] [ 82%] Built target sensor_interfaces__rosidl_typesupport_fastrtps_c
[3.184s] [ 83%] [32m[1mLinking CXX shared library libsensor_interfaces__rosidl_typesupport_fastrtps_cpp.so[0m
[3.231s] [ 83%] Built target sensor_interfaces__rosidl_typesupport_fastrtps_cpp
[3.243s] [ 83%] Built target sensor_interfaces
[3.253s] [ 84%] [34m[1mGenerating Python code for ROS interfaces[0m
[3.884s] [ 84%] Built target sensor_interfaces__py
[3.894s] [ 88%] [32mBuilding C object CMakeFiles/sensor_interfaces__rosidl_generator_py.dir/rosidl_generator_py/sensor_interfaces/msg/_sphere_s.c.o[0m
[3.894s] [ 88%] [32mBuilding C object CMakeFiles/sensor_interfaces__rosidl_generator_py.dir/rosidl_generator_py/sensor_interfaces/msg/_sample_array_s.c.o[0m
[3.894s] [ 88%] [32mBuilding C object CMakeFiles/sensor_interfaces__rosidl_generator_py.dir/rosidl_generator_py/sensor_interfaces/msg/_num_s.c.o[0m
[3.894s] [ 89%] [32mBuilding C object CMakeFiles/sensor_interfaces__rosidl_generator_py.dir/rosidl_generator_py/sensor_interfaces/srv/_add_three_ints_s.c.o[0m
[3.894s] [ 90%] [32mBuilding C object CMakeFiles/sensor_interfaces__rosidl_generator_py.dir/rosidl_generator_py/sensor_interfaces/srv/_sensor_data_s.c.o[0m
[3.894s] [ 91%] [32mBuilding C object CMakeFiles/sensor_interfaces__rosidl_generator_py.dir/rosidl_generator_py/sensor_interfaces/srv/_sample_request_s.c.o[0m
[3.966s] [ 92%] [32m[1mLinking C shared library rosidl_generator_py/sensor_interfaces/libsensor_interfaces__rosidl_generator_py.so[0m
[3.990s] [ 92%] Built target sensor_interfaces__rosidl_generator_py
[4.001s] [ 96%] [32mBuilding C object CMakeFiles/sensor_interfaces__rosidl_typesupport_c__pyext.dir/rosidl_generator_py/sensor_interfaces/_sensor_interfaces_s.ep.rosidl_typesupport_c.c.o[0m
[4.001s] [ 96%] [32mBuilding C object CMakeFiles/sensor_interfaces__rosidl_typesupport_introspection_c__pyext.dir/rosidl_generator_py/sensor_interfaces/_sensor_interfaces_s.ep.rosidl_typesupport_introspection_c.c.o[0m
[4.001s] [ 96%] [32mBuilding C object CMakeFiles/sensor_interfaces__rosidl_typesupport_fastrtps_c__pyext.dir/rosidl_generator_py/sensor_interfaces/_sensor_interfaces_s.ep.rosidl_typesupport_fastrtps_c.c.o[0m
[4.077s] [ 98%] [32m[1mLinking C shared library rosidl_generator_py/sensor_interfaces/sensor_interfaces_s__rosidl_typesupport_c.cpython-310-x86_64-linux-gnu.so[0m
[4.078s] [ 98%] [32m[1mLinking C shared library rosidl_generator_py/sensor_interfaces/sensor_interfaces_s__rosidl_typesupport_introspection_c.cpython-310-x86_64-linux-gnu.so[0m
[4.078s] [100%] [32m[1mLinking C shared library rosidl_generator_py/sensor_interfaces/sensor_interfaces_s__rosidl_typesupport_fastrtps_c.cpython-310-x86_64-linux-gnu.so[0m
[4.102s] [100%] Built target sensor_interfaces__rosidl_typesupport_introspection_c__pyext
[4.102s] [100%] Built target sensor_interfaces__rosidl_typesupport_c__pyext
[4.102s] [100%] Built target sensor_interfaces__rosidl_typesupport_fastrtps_c__pyext
[4.108s] Invoked command in '/home/yang/ros2_ws/build/sensor_interfaces' returned '0': CMAKE_PREFIX_PATH=${CMAKE_PREFIX_PATH}:/home/yang/ros2_ws/install/py_srvcli:/opt/ros/iron /usr/bin/cmake --build /home/yang/ros2_ws/build/sensor_interfaces -- -j16 -l16
[4.206s] Invoking command in '/home/yang/ros2_ws/build/sensor_interfaces': CMAKE_PREFIX_PATH=${CMAKE_PREFIX_PATH}:/home/yang/ros2_ws/install/py_srvcli:/opt/ros/iron /usr/bin/cmake --install /home/yang/ros2_ws/build/sensor_interfaces
[4.210s] -- Install configuration: ""
[4.210s] -- Installing: /home/yang/ros2_ws/install/sensor_interfaces/share/ament_index/resource_index/rosidl_interfaces/sensor_interfaces
[4.210s] -- Installing: /home/yang/ros2_ws/install/sensor_interfaces/share/sensor_interfaces/msg/Num.json
[4.210s] -- Installing: /home/yang/ros2_ws/install/sensor_interfaces/share/sensor_interfaces/msg/Sphere.json
[4.211s] -- Installing: /home/yang/ros2_ws/install/sensor_interfaces/share/sensor_interfaces/msg/SampleArray.json
[4.211s] -- Installing: /home/yang/ros2_ws/install/sensor_interfaces/share/sensor_interfaces/srv/AddThreeInts.json
[4.211s] -- Installing: /home/yang/ros2_ws/install/sensor_interfaces/share/sensor_interfaces/srv/SensorData.json
[4.211s] -- Installing: /home/yang/ros2_ws/install/sensor_interfaces/share/sensor_interfaces/srv/SampleRequest.json
[4.211s] -- Installing: /home/yang/ros2_ws/install/sensor_interfaces/include/sensor_interfaces/sensor_interfaces
[4.211s] -- Installing: /home/yang/ros2_ws/install/sensor_interfaces/include/sensor_interfaces/sensor_interfaces/srv
[4.211s] -- Installing: /home/yang/ros2_ws/install/sensor_interfaces/include/sensor_interfaces/sensor_interfaces/srv/add_three_ints.h
[4.211s] -- Installing: /home/yang/ros2_ws/install/sensor_interfaces/include/sensor_interfaces/sensor_interfaces/srv/detail
[4.211s] -- Installing: /home/yang/ros2_ws/install/sensor_interfaces/include/sensor_interfaces/sensor_interfaces/srv/detail/sensor_data__description.c
[4.211s] -- Installing: /home/yang/ros2_ws/install/sensor_interfaces/include/sensor_interfaces/sensor_interfaces/srv/detail/sensor_data__struct.h
[4.211s] -- Installing: /home/yang/ros2_ws/install/sensor_interfaces/include/sensor_interfaces/sensor_interfaces/srv/detail/add_three_ints__functions.c
[4.211s] -- Installing: /home/yang/ros2_ws/install/sensor_interfaces/include/sensor_interfaces/sensor_interfaces/srv/detail/sample_request__functions.h
[4.211s] -- Installing: /home/yang/ros2_ws/install/sensor_interfaces/include/sensor_interfaces/sensor_interfaces/srv/detail/add_three_ints__type_support.c
[4.211s] -- Installing: /home/yang/ros2_ws/install/sensor_interfaces/include/sensor_interfaces/sensor_interfaces/srv/detail/sample_request__type_support.c
[4.211s] -- Installing: /home/yang/ros2_ws/install/sensor_interfaces/include/sensor_interfaces/sensor_interfaces/srv/detail/add_three_ints__struct.h
[4.211s] -- Installing: /home/yang/ros2_ws/install/sensor_interfaces/include/sensor_interfaces/sensor_interfaces/srv/detail/sample_request__functions.c
[4.211s] -- Installing: /home/yang/ros2_ws/install/sensor_interfaces/include/sensor_interfaces/sensor_interfaces/srv/detail/sample_request__struct.h
[4.211s] -- Installing: /home/yang/ros2_ws/install/sensor_interfaces/include/sensor_interfaces/sensor_interfaces/srv/detail/add_three_ints__description.c
[4.211s] -- Installing: /home/yang/ros2_ws/install/sensor_interfaces/include/sensor_interfaces/sensor_interfaces/srv/detail/sensor_data__functions.c
[4.211s] -- Installing: /home/yang/ros2_ws/install/sensor_interfaces/include/sensor_interfaces/sensor_interfaces/srv/detail/sample_request__description.c
[4.212s] -- Installing: /home/yang/ros2_ws/install/sensor_interfaces/include/sensor_interfaces/sensor_interfaces/srv/detail/add_three_ints__type_support.h
[4.212s] -- Installing: /home/yang/ros2_ws/install/sensor_interfaces/include/sensor_interfaces/sensor_interfaces/srv/detail/add_three_ints__functions.h
[4.212s] -- Installing: /home/yang/ros2_ws/install/sensor_interfaces/include/sensor_interfaces/sensor_interfaces/srv/detail/sensor_data__functions.h
[4.212s] -- Installing: /home/yang/ros2_ws/install/sensor_interfaces/include/sensor_interfaces/sensor_interfaces/srv/detail/sensor_data__type_support.c
[4.212s] -- Installing: /home/yang/ros2_ws/install/sensor_interfaces/include/sensor_interfaces/sensor_interfaces/srv/detail/sample_request__type_support.h
[4.212s] -- Installing: /home/yang/ros2_ws/install/sensor_interfaces/include/sensor_interfaces/sensor_interfaces/srv/detail/sensor_data__type_support.h
[4.212s] -- Installing: /home/yang/ros2_ws/install/sensor_interfaces/include/sensor_interfaces/sensor_interfaces/srv/sample_request.h
[4.212s] -- Installing: /home/yang/ros2_ws/install/sensor_interfaces/include/sensor_interfaces/sensor_interfaces/srv/sensor_data.h
[4.212s] -- Installing: /home/yang/ros2_ws/install/sensor_interfaces/include/sensor_interfaces/sensor_interfaces/msg
[4.212s] -- Installing: /home/yang/ros2_ws/install/sensor_interfaces/include/sensor_interfaces/sensor_interfaces/msg/num.h
[4.212s] -- Installing: /home/yang/ros2_ws/install/sensor_interfaces/include/sensor_interfaces/sensor_interfaces/msg/sphere.h
[4.212s] -- Installing: /home/yang/ros2_ws/install/sensor_interfaces/include/sensor_interfaces/sensor_interfaces/msg/detail
[4.212s] -- Installing: /home/yang/ros2_ws/install/sensor_interfaces/include/sensor_interfaces/sensor_interfaces/msg/detail/sphere__description.c
[4.212s] -- Installing: /home/yang/ros2_ws/install/sensor_interfaces/include/sensor_interfaces/sensor_interfaces/msg/detail/sample_array__functions.c
[4.212s] -- Installing: /home/yang/ros2_ws/install/sensor_interfaces/include/sensor_interfaces/sensor_interfaces/msg/detail/num__functions.h
[4.212s] -- Installing: /home/yang/ros2_ws/install/sensor_interfaces/include/sensor_interfaces/sensor_interfaces/msg/detail/sphere__type_support.c
[4.212s] -- Installing: /home/yang/ros2_ws/install/sensor_interfaces/include/sensor_interfaces/sensor_interfaces/msg/detail/num__description.c
[4.212s] -- Installing: /home/yang/ros2_ws/install/sensor_interfaces/include/sensor_interfaces/sensor_interfaces/msg/detail/sample_array__description.c
[4.212s] -- Installing: /home/yang/ros2_ws/install/sensor_interfaces/include/sensor_interfaces/sensor_interfaces/msg/detail/sphere__type_support.h
[4.212s] -- Installing: /home/yang/ros2_ws/install/sensor_interfaces/include/sensor_interfaces/sensor_interfaces/msg/detail/sample_array__type_support.h
[4.212s] -- Installing: /home/yang/ros2_ws/install/sensor_interfaces/include/sensor_interfaces/sensor_interfaces/msg/detail/sample_array__struct.h
[4.212s] -- Installing: /home/yang/ros2_ws/install/sensor_interfaces/include/sensor_interfaces/sensor_interfaces/msg/detail/num__type_support.h
[4.213s] -- Installing: /home/yang/ros2_ws/install/sensor_interfaces/include/sensor_interfaces/sensor_interfaces/msg/detail/sphere__struct.h
[4.213s] -- Installing: /home/yang/ros2_ws/install/sensor_interfaces/include/sensor_interfaces/sensor_interfaces/msg/detail/sample_array__type_support.c
[4.213s] -- Installing: /home/yang/ros2_ws/install/sensor_interfaces/include/sensor_interfaces/sensor_interfaces/msg/detail/num__functions.c
[4.213s] -- Installing: /home/yang/ros2_ws/install/sensor_interfaces/include/sensor_interfaces/sensor_interfaces/msg/detail/sphere__functions.c
[4.213s] -- Installing: /home/yang/ros2_ws/install/sensor_interfaces/include/sensor_interfaces/sensor_interfaces/msg/detail/sample_array__functions.h
[4.213s] -- Installing: /home/yang/ros2_ws/install/sensor_interfaces/include/sensor_interfaces/sensor_interfaces/msg/detail/num__struct.h
[4.213s] -- Installing: /home/yang/ros2_ws/install/sensor_interfaces/include/sensor_interfaces/sensor_interfaces/msg/detail/sphere__functions.h
[4.213s] -- Installing: /home/yang/ros2_ws/install/sensor_interfaces/include/sensor_interfaces/sensor_interfaces/msg/detail/num__type_support.c
[4.213s] -- Installing: /home/yang/ros2_ws/install/sensor_interfaces/include/sensor_interfaces/sensor_interfaces/msg/rosidl_generator_c__visibility_control.h
[4.213s] -- Installing: /home/yang/ros2_ws/install/sensor_interfaces/include/sensor_interfaces/sensor_interfaces/msg/sample_array.h
[4.213s] -- Installing: /home/yang/ros2_ws/install/sensor_interfaces/share/sensor_interfaces/environment/library_path.sh
[4.213s] -- Installing: /home/yang/ros2_ws/install/sensor_interfaces/share/sensor_interfaces/environment/library_path.dsv
[4.213s] -- Installing: /home/yang/ros2_ws/install/sensor_interfaces/lib/libsensor_interfaces__rosidl_generator_c.so
[4.213s] -- Set runtime path of "/home/yang/ros2_ws/install/sensor_interfaces/lib/libsensor_interfaces__rosidl_generator_c.so" to ""
[4.213s] -- Up-to-date: /home/yang/ros2_ws/install/sensor_interfaces/include/sensor_interfaces/sensor_interfaces
[4.213s] -- Up-to-date: /home/yang/ros2_ws/install/sensor_interfaces/include/sensor_interfaces/sensor_interfaces/srv
[4.214s] -- Up-to-date: /home/yang/ros2_ws/install/sensor_interfaces/include/sensor_interfaces/sensor_interfaces/srv/detail
[4.214s] -- Installing: /home/yang/ros2_ws/install/sensor_interfaces/include/sensor_interfaces/sensor_interfaces/srv/detail/add_three_ints__rosidl_typesupport_fastrtps_c.h
[4.214s] -- Installing: /home/yang/ros2_ws/install/sensor_interfaces/include/sensor_interfaces/sensor_interfaces/srv/detail/sensor_data__rosidl_typesupport_fastrtps_c.h
[4.214s] -- Installing: /home/yang/ros2_ws/install/sensor_interfaces/include/sensor_interfaces/sensor_interfaces/srv/detail/sample_request__rosidl_typesupport_fastrtps_c.h
[4.214s] -- Up-to-date: /home/yang/ros2_ws/install/sensor_interfaces/include/sensor_interfaces/sensor_interfaces/msg
[4.214s] -- Installing: /home/yang/ros2_ws/install/sensor_interfaces/include/sensor_interfaces/sensor_interfaces/msg/rosidl_typesupport_fastrtps_c__visibility_control.h
[4.214s] -- Up-to-date: /home/yang/ros2_ws/install/sensor_interfaces/include/sensor_interfaces/sensor_interfaces/msg/detail
[4.214s] -- Installing: /home/yang/ros2_ws/install/sensor_interfaces/include/sensor_interfaces/sensor_interfaces/msg/detail/num__rosidl_typesupport_fastrtps_c.h
[4.214s] -- Installing: /home/yang/ros2_ws/install/sensor_interfaces/include/sensor_interfaces/sensor_interfaces/msg/detail/sample_array__rosidl_typesupport_fastrtps_c.h
[4.214s] -- Installing: /home/yang/ros2_ws/install/sensor_interfaces/include/sensor_interfaces/sensor_interfaces/msg/detail/sphere__rosidl_typesupport_fastrtps_c.h
[4.214s] -- Installing: /home/yang/ros2_ws/install/sensor_interfaces/lib/libsensor_interfaces__rosidl_typesupport_fastrtps_c.so
[4.214s] -- Set runtime path of "/home/yang/ros2_ws/install/sensor_interfaces/lib/libsensor_interfaces__rosidl_typesupport_fastrtps_c.so" to ""
[4.214s] -- Up-to-date: /home/yang/ros2_ws/install/sensor_interfaces/include/sensor_interfaces/sensor_interfaces
[4.214s] -- Up-to-date: /home/yang/ros2_ws/install/sensor_interfaces/include/sensor_interfaces/sensor_interfaces/srv
[4.214s] -- Installing: /home/yang/ros2_ws/install/sensor_interfaces/include/sensor_interfaces/sensor_interfaces/srv/sample_request.hpp
[4.214s] -- Installing: /home/yang/ros2_ws/install/sensor_interfaces/include/sensor_interfaces/sensor_interfaces/srv/sensor_data.hpp
[4.214s] -- Up-to-date: /home/yang/ros2_ws/install/sensor_interfaces/include/sensor_interfaces/sensor_interfaces/srv/detail
[4.214s] -- Installing: /home/yang/ros2_ws/install/sensor_interfaces/include/sensor_interfaces/sensor_interfaces/srv/detail/sensor_data__traits.hpp
[4.214s] -- Installing: /home/yang/ros2_ws/install/sensor_interfaces/include/sensor_interfaces/sensor_interfaces/srv/detail/add_three_ints__traits.hpp
[4.214s] -- Installing: /home/yang/ros2_ws/install/sensor_interfaces/include/sensor_interfaces/sensor_interfaces/srv/detail/sensor_data__builder.hpp
[4.214s] -- Installing: /home/yang/ros2_ws/install/sensor_interfaces/include/sensor_interfaces/sensor_interfaces/srv/detail/sample_request__builder.hpp
[4.214s] -- Installing: /home/yang/ros2_ws/install/sensor_interfaces/include/sensor_interfaces/sensor_interfaces/srv/detail/add_three_ints__builder.hpp
[4.214s] -- Installing: /home/yang/ros2_ws/install/sensor_interfaces/include/sensor_interfaces/sensor_interfaces/srv/detail/sample_request__traits.hpp
[4.214s] -- Installing: /home/yang/ros2_ws/install/sensor_interfaces/include/sensor_interfaces/sensor_interfaces/srv/detail/sample_request__struct.hpp
[4.215s] -- Installing: /home/yang/ros2_ws/install/sensor_interfaces/include/sensor_interfaces/sensor_interfaces/srv/detail/add_three_ints__struct.hpp
[4.215s] -- Installing: /home/yang/ros2_ws/install/sensor_interfaces/include/sensor_interfaces/sensor_interfaces/srv/detail/sensor_data__struct.hpp
[4.215s] -- Installing: /home/yang/ros2_ws/install/sensor_interfaces/include/sensor_interfaces/sensor_interfaces/srv/add_three_ints.hpp
[4.215s] -- Up-to-date: /home/yang/ros2_ws/install/sensor_interfaces/include/sensor_interfaces/sensor_interfaces/msg
[4.215s] -- Installing: /home/yang/ros2_ws/install/sensor_interfaces/include/sensor_interfaces/sensor_interfaces/msg/num.hpp
[4.215s] -- Installing: /home/yang/ros2_ws/install/sensor_interfaces/include/sensor_interfaces/sensor_interfaces/msg/sample_array.hpp
[4.215s] -- Installing: /home/yang/ros2_ws/install/sensor_interfaces/include/sensor_interfaces/sensor_interfaces/msg/sphere.hpp
[4.215s] -- Up-to-date: /home/yang/ros2_ws/install/sensor_interfaces/include/sensor_interfaces/sensor_interfaces/msg/detail
[4.215s] -- Installing: /home/yang/ros2_ws/install/sensor_interfaces/include/sensor_interfaces/sensor_interfaces/msg/detail/num__struct.hpp
[4.215s] -- Installing: /home/yang/ros2_ws/install/sensor_interfaces/include/sensor_interfaces/sensor_interfaces/msg/detail/sample_array__builder.hpp
[4.215s] -- Installing: /home/yang/ros2_ws/install/sensor_interfaces/include/sensor_interfaces/sensor_interfaces/msg/detail/sample_array__struct.hpp
[4.215s] -- Installing: /home/yang/ros2_ws/install/sensor_interfaces/include/sensor_interfaces/sensor_interfaces/msg/detail/sample_array__traits.hpp
[4.215s] -- Installing: /home/yang/ros2_ws/install/sensor_interfaces/include/sensor_interfaces/sensor_interfaces/msg/detail/num__traits.hpp
[4.215s] -- Installing: /home/yang/ros2_ws/install/sensor_interfaces/include/sensor_interfaces/sensor_interfaces/msg/detail/sphere__traits.hpp
[4.215s] -- Installing: /home/yang/ros2_ws/install/sensor_interfaces/include/sensor_interfaces/sensor_interfaces/msg/detail/sphere__struct.hpp
[4.215s] -- Installing: /home/yang/ros2_ws/install/sensor_interfaces/include/sensor_interfaces/sensor_interfaces/msg/detail/num__builder.hpp
[4.215s] -- Installing: /home/yang/ros2_ws/install/sensor_interfaces/include/sensor_interfaces/sensor_interfaces/msg/detail/sphere__builder.hpp
[4.215s] -- Up-to-date: /home/yang/ros2_ws/install/sensor_interfaces/include/sensor_interfaces/sensor_interfaces
[4.215s] -- Up-to-date: /home/yang/ros2_ws/install/sensor_interfaces/include/sensor_interfaces/sensor_interfaces/srv
[4.215s] -- Up-to-date: /home/yang/ros2_ws/install/sensor_interfaces/include/sensor_interfaces/sensor_interfaces/srv/detail
[4.215s] -- Installing: /home/yang/ros2_ws/install/sensor_interfaces/include/sensor_interfaces/sensor_interfaces/srv/detail/sensor_data__rosidl_typesupport_fastrtps_cpp.hpp
[4.215s] -- Installing: /home/yang/ros2_ws/install/sensor_interfaces/include/sensor_interfaces/sensor_interfaces/srv/detail/sample_request__rosidl_typesupport_fastrtps_cpp.hpp
[4.215s] -- Installing: /home/yang/ros2_ws/install/sensor_interfaces/include/sensor_interfaces/sensor_interfaces/srv/detail/add_three_ints__rosidl_typesupport_fastrtps_cpp.hpp
[4.215s] -- Installing: /home/yang/ros2_ws/install/sensor_interfaces/include/sensor_interfaces/sensor_interfaces/srv/detail/dds_fastrtps
[4.216s] -- Up-to-date: /home/yang/ros2_ws/install/sensor_interfaces/include/sensor_interfaces/sensor_interfaces/msg
[4.216s] -- Up-to-date: /home/yang/ros2_ws/install/sensor_interfaces/include/sensor_interfaces/sensor_interfaces/msg/detail
[4.216s] -- Installing: /home/yang/ros2_ws/install/sensor_interfaces/include/sensor_interfaces/sensor_interfaces/msg/detail/num__rosidl_typesupport_fastrtps_cpp.hpp
[4.216s] -- Installing: /home/yang/ros2_ws/install/sensor_interfaces/include/sensor_interfaces/sensor_interfaces/msg/detail/sample_array__rosidl_typesupport_fastrtps_cpp.hpp
[4.216s] -- Installing: /home/yang/ros2_ws/install/sensor_interfaces/include/sensor_interfaces/sensor_interfaces/msg/detail/sphere__rosidl_typesupport_fastrtps_cpp.hpp
[4.216s] -- Installing: /home/yang/ros2_ws/install/sensor_interfaces/include/sensor_interfaces/sensor_interfaces/msg/detail/dds_fastrtps
[4.216s] -- Installing: /home/yang/ros2_ws/install/sensor_interfaces/include/sensor_interfaces/sensor_interfaces/msg/rosidl_typesupport_fastrtps_cpp__visibility_control.h
[4.216s] -- Installing: /home/yang/ros2_ws/install/sensor_interfaces/lib/libsensor_interfaces__rosidl_typesupport_fastrtps_cpp.so
[4.216s] -- Set runtime path of "/home/yang/ros2_ws/install/sensor_interfaces/lib/libsensor_interfaces__rosidl_typesupport_fastrtps_cpp.so" to ""
[4.216s] -- Up-to-date: /home/yang/ros2_ws/install/sensor_interfaces/include/sensor_interfaces/sensor_interfaces
[4.216s] -- Up-to-date: /home/yang/ros2_ws/install/sensor_interfaces/include/sensor_interfaces/sensor_interfaces/srv
[4.216s] -- Up-to-date: /home/yang/ros2_ws/install/sensor_interfaces/include/sensor_interfaces/sensor_interfaces/srv/detail
[4.216s] -- Installing: /home/yang/ros2_ws/install/sensor_interfaces/include/sensor_interfaces/sensor_interfaces/srv/detail/sample_request__rosidl_typesupport_introspection_c.h
[4.216s] -- Up-to-date: /home/yang/ros2_ws/install/sensor_interfaces/include/sensor_interfaces/sensor_interfaces/srv/detail/add_three_ints__type_support.c
[4.216s] -- Up-to-date: /home/yang/ros2_ws/install/sensor_interfaces/include/sensor_interfaces/sensor_interfaces/srv/detail/sample_request__type_support.c
[4.216s] -- Installing: /home/yang/ros2_ws/install/sensor_interfaces/include/sensor_interfaces/sensor_interfaces/srv/detail/sensor_data__rosidl_typesupport_introspection_c.h
[4.216s] -- Up-to-date: /home/yang/ros2_ws/install/sensor_interfaces/include/sensor_interfaces/sensor_interfaces/srv/detail/sensor_data__type_support.c
[4.216s] -- Installing: /home/yang/ros2_ws/install/sensor_interfaces/include/sensor_interfaces/sensor_interfaces/srv/detail/add_three_ints__rosidl_typesupport_introspection_c.h
[4.216s] -- Up-to-date: /home/yang/ros2_ws/install/sensor_interfaces/include/sensor_interfaces/sensor_interfaces/msg
[4.216s] -- Up-to-date: /home/yang/ros2_ws/install/sensor_interfaces/include/sensor_interfaces/sensor_interfaces/msg/detail
[4.216s] -- Up-to-date: /home/yang/ros2_ws/install/sensor_interfaces/include/sensor_interfaces/sensor_interfaces/msg/detail/sphere__type_support.c
[4.217s] -- Installing: /home/yang/ros2_ws/install/sensor_interfaces/include/sensor_interfaces/sensor_interfaces/msg/detail/sample_array__rosidl_typesupport_introspection_c.h
[4.217s] -- Up-to-date: /home/yang/ros2_ws/install/sensor_interfaces/include/sensor_interfaces/sensor_interfaces/msg/detail/sample_array__type_support.c
[4.217s] -- Installing: /home/yang/ros2_ws/install/sensor_interfaces/include/sensor_interfaces/sensor_interfaces/msg/detail/sphere__rosidl_typesupport_introspection_c.h
[4.217s] -- Installing: /home/yang/ros2_ws/install/sensor_interfaces/include/sensor_interfaces/sensor_interfaces/msg/detail/num__rosidl_typesupport_introspection_c.h
[4.217s] -- Up-to-date: /home/yang/ros2_ws/install/sensor_interfaces/include/sensor_interfaces/sensor_interfaces/msg/detail/num__type_support.c
[4.217s] -- Installing: /home/yang/ros2_ws/install/sensor_interfaces/include/sensor_interfaces/sensor_interfaces/msg/rosidl_typesupport_introspection_c__visibility_control.h
[4.217s] -- Installing: /home/yang/ros2_ws/install/sensor_interfaces/lib/libsensor_interfaces__rosidl_typesupport_introspection_c.so
[4.217s] -- Set runtime path of "/home/yang/ros2_ws/install/sensor_interfaces/lib/libsensor_interfaces__rosidl_typesupport_introspection_c.so" to ""
[4.217s] -- Installing: /home/yang/ros2_ws/install/sensor_interfaces/lib/libsensor_interfaces__rosidl_typesupport_c.so
[4.217s] -- Set runtime path of "/home/yang/ros2_ws/install/sensor_interfaces/lib/libsensor_interfaces__rosidl_typesupport_c.so" to ""
[4.217s] -- Up-to-date: /home/yang/ros2_ws/install/sensor_interfaces/include/sensor_interfaces/sensor_interfaces
[4.217s] -- Up-to-date: /home/yang/ros2_ws/install/sensor_interfaces/include/sensor_interfaces/sensor_interfaces/srv
[4.217s] -- Up-to-date: /home/yang/ros2_ws/install/sensor_interfaces/include/sensor_interfaces/sensor_interfaces/srv/detail
[4.217s] -- Installing: /home/yang/ros2_ws/install/sensor_interfaces/include/sensor_interfaces/sensor_interfaces/srv/detail/sample_request__type_support.cpp
[4.217s] -- Installing: /home/yang/ros2_ws/install/sensor_interfaces/include/sensor_interfaces/sensor_interfaces/srv/detail/add_three_ints__type_support.cpp
[4.217s] -- Installing: /home/yang/ros2_ws/install/sensor_interfaces/include/sensor_interfaces/sensor_interfaces/srv/detail/add_three_ints__rosidl_typesupport_introspection_cpp.hpp
[4.217s] -- Installing: /home/yang/ros2_ws/install/sensor_interfaces/include/sensor_interfaces/sensor_interfaces/srv/detail/sample_request__rosidl_typesupport_introspection_cpp.hpp
[4.217s] -- Installing: /home/yang/ros2_ws/install/sensor_interfaces/include/sensor_interfaces/sensor_interfaces/srv/detail/sensor_data__rosidl_typesupport_introspection_cpp.hpp
[4.217s] -- Installing: /home/yang/ros2_ws/install/sensor_interfaces/include/sensor_interfaces/sensor_interfaces/srv/detail/sensor_data__type_support.cpp
[4.217s] -- Up-to-date: /home/yang/ros2_ws/install/sensor_interfaces/include/sensor_interfaces/sensor_interfaces/msg
[4.217s] -- Up-to-date: /home/yang/ros2_ws/install/sensor_interfaces/include/sensor_interfaces/sensor_interfaces/msg/detail
[4.217s] -- Installing: /home/yang/ros2_ws/install/sensor_interfaces/include/sensor_interfaces/sensor_interfaces/msg/detail/sample_array__rosidl_typesupport_introspection_cpp.hpp
[4.217s] -- Installing: /home/yang/ros2_ws/install/sensor_interfaces/include/sensor_interfaces/sensor_interfaces/msg/detail/sphere__type_support.cpp
[4.217s] -- Installing: /home/yang/ros2_ws/install/sensor_interfaces/include/sensor_interfaces/sensor_interfaces/msg/detail/sphere__rosidl_typesupport_introspection_cpp.hpp
[4.217s] -- Installing: /home/yang/ros2_ws/install/sensor_interfaces/include/sensor_interfaces/sensor_interfaces/msg/detail/num__rosidl_typesupport_introspection_cpp.hpp
[4.218s] -- Installing: /home/yang/ros2_ws/install/sensor_interfaces/include/sensor_interfaces/sensor_interfaces/msg/detail/sample_array__type_support.cpp
[4.218s] -- Installing: /home/yang/ros2_ws/install/sensor_interfaces/include/sensor_interfaces/sensor_interfaces/msg/detail/num__type_support.cpp
[4.218s] -- Installing: /home/yang/ros2_ws/install/sensor_interfaces/lib/libsensor_interfaces__rosidl_typesupport_introspection_cpp.so
[4.218s] -- Set runtime path of "/home/yang/ros2_ws/install/sensor_interfaces/lib/libsensor_interfaces__rosidl_typesupport_introspection_cpp.so" to ""
[4.218s] -- Installing: /home/yang/ros2_ws/install/sensor_interfaces/lib/libsensor_interfaces__rosidl_typesupport_cpp.so
[4.218s] -- Set runtime path of "/home/yang/ros2_ws/install/sensor_interfaces/lib/libsensor_interfaces__rosidl_typesupport_cpp.so" to ""
[4.218s] -- Installing: /home/yang/ros2_ws/install/sensor_interfaces/share/sensor_interfaces/environment/pythonpath.sh
[4.218s] -- Installing: /home/yang/ros2_ws/install/sensor_interfaces/share/sensor_interfaces/environment/pythonpath.dsv
[4.218s] -- Installing: /home/yang/ros2_ws/install/sensor_interfaces/lib/python3.10/site-packages/sensor_interfaces-0.0.0-py3.10.egg-info
[4.218s] -- Installing: /home/yang/ros2_ws/install/sensor_interfaces/lib/python3.10/site-packages/sensor_interfaces-0.0.0-py3.10.egg-info/SOURCES.txt
[4.218s] -- Installing: /home/yang/ros2_ws/install/sensor_interfaces/lib/python3.10/site-packages/sensor_interfaces-0.0.0-py3.10.egg-info/PKG-INFO
[4.218s] -- Installing: /home/yang/ros2_ws/install/sensor_interfaces/lib/python3.10/site-packages/sensor_interfaces-0.0.0-py3.10.egg-info/dependency_links.txt
[4.218s] -- Installing: /home/yang/ros2_ws/install/sensor_interfaces/lib/python3.10/site-packages/sensor_interfaces-0.0.0-py3.10.egg-info/top_level.txt
[4.218s] -- Installing: /home/yang/ros2_ws/install/sensor_interfaces/lib/python3.10/site-packages/sensor_interfaces
[4.219s] -- Installing: /home/yang/ros2_ws/install/sensor_interfaces/lib/python3.10/site-packages/sensor_interfaces/sensor_interfaces_s__rosidl_typesupport_introspection_c.cpython-310-x86_64-linux-gnu.so
[4.219s] -- Installing: /home/yang/ros2_ws/install/sensor_interfaces/lib/python3.10/site-packages/sensor_interfaces/sensor_interfaces_s__rosidl_typesupport_fastrtps_c.cpython-310-x86_64-linux-gnu.so
[4.219s] -- Installing: /home/yang/ros2_ws/install/sensor_interfaces/lib/python3.10/site-packages/sensor_interfaces/srv
[4.219s] -- Installing: /home/yang/ros2_ws/install/sensor_interfaces/lib/python3.10/site-packages/sensor_interfaces/srv/_sample_request.py
[4.219s] -- Installing: /home/yang/ros2_ws/install/sensor_interfaces/lib/python3.10/site-packages/sensor_interfaces/srv/_sample_request_s.c
[4.219s] -- Installing: /home/yang/ros2_ws/install/sensor_interfaces/lib/python3.10/site-packages/sensor_interfaces/srv/_sensor_data.py
[4.219s] -- Installing: /home/yang/ros2_ws/install/sensor_interfaces/lib/python3.10/site-packages/sensor_interfaces/srv/_add_three_ints.py
[4.219s] -- Installing: /home/yang/ros2_ws/install/sensor_interfaces/lib/python3.10/site-packages/sensor_interfaces/srv/_sensor_data_s.c
[4.219s] -- Installing: /home/yang/ros2_ws/install/sensor_interfaces/lib/python3.10/site-packages/sensor_interfaces/srv/_add_three_ints_s.c
[4.219s] -- Installing: /home/yang/ros2_ws/install/sensor_interfaces/lib/python3.10/site-packages/sensor_interfaces/srv/__init__.py
[4.219s] -- Installing: /home/yang/ros2_ws/install/sensor_interfaces/lib/python3.10/site-packages/sensor_interfaces/sensor_interfaces_s__rosidl_typesupport_c.cpython-310-x86_64-linux-gnu.so
[4.219s] -- Installing: /home/yang/ros2_ws/install/sensor_interfaces/lib/python3.10/site-packages/sensor_interfaces/_sensor_interfaces_s.ep.rosidl_typesupport_c.c
[4.219s] -- Installing: /home/yang/ros2_ws/install/sensor_interfaces/lib/python3.10/site-packages/sensor_interfaces/msg
[4.219s] -- Installing: /home/yang/ros2_ws/install/sensor_interfaces/lib/python3.10/site-packages/sensor_interfaces/msg/_sample_array_s.c
[4.219s] -- Installing: /home/yang/ros2_ws/install/sensor_interfaces/lib/python3.10/site-packages/sensor_interfaces/msg/_num.py
[4.219s] -- Installing: /home/yang/ros2_ws/install/sensor_interfaces/lib/python3.10/site-packages/sensor_interfaces/msg/_sphere.py
[4.219s] -- Installing: /home/yang/ros2_ws/install/sensor_interfaces/lib/python3.10/site-packages/sensor_interfaces/msg/_sample_array.py
[4.219s] -- Installing: /home/yang/ros2_ws/install/sensor_interfaces/lib/python3.10/site-packages/sensor_interfaces/msg/_sphere_s.c
[4.219s] -- Installing: /home/yang/ros2_ws/install/sensor_interfaces/lib/python3.10/site-packages/sensor_interfaces/msg/_num_s.c
[4.220s] -- Installing: /home/yang/ros2_ws/install/sensor_interfaces/lib/python3.10/site-packages/sensor_interfaces/msg/__init__.py
[4.220s] -- Installing: /home/yang/ros2_ws/install/sensor_interfaces/lib/python3.10/site-packages/sensor_interfaces/_sensor_interfaces_s.ep.rosidl_typesupport_introspection_c.c
[4.220s] -- Installing: /home/yang/ros2_ws/install/sensor_interfaces/lib/python3.10/site-packages/sensor_interfaces/libsensor_interfaces__rosidl_generator_py.so
[4.220s] -- Installing: /home/yang/ros2_ws/install/sensor_interfaces/lib/python3.10/site-packages/sensor_interfaces/_sensor_interfaces_s.ep.rosidl_typesupport_fastrtps_c.c
[4.220s] -- Installing: /home/yang/ros2_ws/install/sensor_interfaces/lib/python3.10/site-packages/sensor_interfaces/__init__.py
[4.245s] Listing '/home/yang/ros2_ws/install/sensor_interfaces/lib/python3.10/site-packages/sensor_interfaces'...
[4.245s] Compiling '/home/yang/ros2_ws/install/sensor_interfaces/lib/python3.10/site-packages/sensor_interfaces/__init__.py'...
[4.245s] Listing '/home/yang/ros2_ws/install/sensor_interfaces/lib/python3.10/site-packages/sensor_interfaces/msg'...
[4.245s] Compiling '/home/yang/ros2_ws/install/sensor_interfaces/lib/python3.10/site-packages/sensor_interfaces/msg/__init__.py'...
[4.245s] Compiling '/home/yang/ros2_ws/install/sensor_interfaces/lib/python3.10/site-packages/sensor_interfaces/msg/_num.py'...
[4.245s] Compiling '/home/yang/ros2_ws/install/sensor_interfaces/lib/python3.10/site-packages/sensor_interfaces/msg/_sample_array.py'...
[4.245s] Compiling '/home/yang/ros2_ws/install/sensor_interfaces/lib/python3.10/site-packages/sensor_interfaces/msg/_sphere.py'...
[4.245s] Listing '/home/yang/ros2_ws/install/sensor_interfaces/lib/python3.10/site-packages/sensor_interfaces/srv'...
[4.245s] Compiling '/home/yang/ros2_ws/install/sensor_interfaces/lib/python3.10/site-packages/sensor_interfaces/srv/__init__.py'...
[4.245s] Compiling '/home/yang/ros2_ws/install/sensor_interfaces/lib/python3.10/site-packages/sensor_interfaces/srv/_add_three_ints.py'...
[4.245s] Compiling '/home/yang/ros2_ws/install/sensor_interfaces/lib/python3.10/site-packages/sensor_interfaces/srv/_sample_request.py'...
[4.245s] Compiling '/home/yang/ros2_ws/install/sensor_interfaces/lib/python3.10/site-packages/sensor_interfaces/srv/_sensor_data.py'...
[4.248s] -- Installing: /home/yang/ros2_ws/install/sensor_interfaces/lib/python3.10/site-packages/sensor_interfaces/sensor_interfaces_s__rosidl_typesupport_fastrtps_c.cpython-310-x86_64-linux-gnu.so
[4.248s] -- Set runtime path of "/home/yang/ros2_ws/install/sensor_interfaces/lib/python3.10/site-packages/sensor_interfaces/sensor_interfaces_s__rosidl_typesupport_fastrtps_c.cpython-310-x86_64-linux-gnu.so" to ""
[4.248s] -- Installing: /home/yang/ros2_ws/install/sensor_interfaces/lib/python3.10/site-packages/sensor_interfaces/sensor_interfaces_s__rosidl_typesupport_introspection_c.cpython-310-x86_64-linux-gnu.so
[4.248s] -- Set runtime path of "/home/yang/ros2_ws/install/sensor_interfaces/lib/python3.10/site-packages/sensor_interfaces/sensor_interfaces_s__rosidl_typesupport_introspection_c.cpython-310-x86_64-linux-gnu.so" to ""
[4.248s] -- Installing: /home/yang/ros2_ws/install/sensor_interfaces/lib/python3.10/site-packages/sensor_interfaces/sensor_interfaces_s__rosidl_typesupport_c.cpython-310-x86_64-linux-gnu.so
[4.248s] -- Set runtime path of "/home/yang/ros2_ws/install/sensor_interfaces/lib/python3.10/site-packages/sensor_interfaces/sensor_interfaces_s__rosidl_typesupport_c.cpython-310-x86_64-linux-gnu.so" to ""
[4.248s] -- Installing: /home/yang/ros2_ws/install/sensor_interfaces/lib/libsensor_interfaces__rosidl_generator_py.so
[4.248s] -- Set runtime path of "/home/yang/ros2_ws/install/sensor_interfaces/lib/libsensor_interfaces__rosidl_generator_py.so" to ""
[4.249s] -- Installing: /home/yang/ros2_ws/install/sensor_interfaces/share/sensor_interfaces/msg/Num.idl
[4.249s] -- Installing: /home/yang/ros2_ws/install/sensor_interfaces/share/sensor_interfaces/msg/Sphere.idl
[4.249s] -- Installing: /home/yang/ros2_ws/install/sensor_interfaces/share/sensor_interfaces/msg/SampleArray.idl
[4.249s] -- Installing: /home/yang/ros2_ws/install/sensor_interfaces/share/sensor_interfaces/srv/AddThreeInts.idl
[4.249s] -- Installing: /home/yang/ros2_ws/install/sensor_interfaces/share/sensor_interfaces/srv/SensorData.idl
[4.249s] -- Installing: /home/yang/ros2_ws/install/sensor_interfaces/share/sensor_interfaces/srv/SampleRequest.idl
[4.249s] -- Installing: /home/yang/ros2_ws/install/sensor_interfaces/share/sensor_interfaces/msg/Num.msg
[4.249s] -- Installing: /home/yang/ros2_ws/install/sensor_interfaces/share/sensor_interfaces/msg/Sphere.msg
[4.249s] -- Installing: /home/yang/ros2_ws/install/sensor_interfaces/share/sensor_interfaces/msg/SampleArray.msg
[4.249s] -- Installing: /home/yang/ros2_ws/install/sensor_interfaces/share/sensor_interfaces/srv/AddThreeInts.srv
[4.249s] -- Installing: /home/yang/ros2_ws/install/sensor_interfaces/share/sensor_interfaces/srv/AddThreeInts_Request.msg
[4.249s] -- Installing: /home/yang/ros2_ws/install/sensor_interfaces/share/sensor_interfaces/srv/AddThreeInts_Response.msg
[4.249s] -- Installing: /home/yang/ros2_ws/install/sensor_interfaces/share/sensor_interfaces/srv/SensorData.srv
[4.249s] -- Installing: /home/yang/ros2_ws/install/sensor_interfaces/share/sensor_interfaces/srv/SensorData_Request.msg
[4.249s] -- Installing: /home/yang/ros2_ws/install/sensor_interfaces/share/sensor_interfaces/srv/SensorData_Response.msg
[4.249s] -- Installing: /home/yang/ros2_ws/install/sensor_interfaces/share/sensor_interfaces/srv/SampleRequest.srv
[4.249s] -- Installing: /home/yang/ros2_ws/install/sensor_interfaces/share/sensor_interfaces/srv/SampleRequest_Request.msg
[4.250s] -- Installing: /home/yang/ros2_ws/install/sensor_interfaces/share/sensor_interfaces/srv/SampleRequest_Response.msg
[4.250s] -- Installing: /home/yang/ros2_ws/install/sensor_interfaces/share/ament_index/resource_index/package_run_dependencies/sensor_interfaces
[4.250s] -- Installing: /home/yang/ros2_ws/install/sensor_interfaces/share/ament_index/resource_index/parent_prefix_path/sensor_interfaces
[4.250s] -- Installing: /home/yang/ros2_ws/install/sensor_interfaces/share/sensor_interfaces/environment/ament_prefix_path.sh
[4.250s] -- Installing: /home/yang/ros2_ws/install/sensor_interfaces/share/sensor_interfaces/environment/ament_prefix_path.dsv
[4.250s] -- Installing: /home/yang/ros2_ws/install/sensor_interfaces/share/sensor_interfaces/environment/path.sh
[4.250s] -- Installing: /home/yang/ros2_ws/install/sensor_interfaces/share/sensor_interfaces/environment/path.dsv
[4.250s] -- Installing: /home/yang/ros2_ws/install/sensor_interfaces/share/sensor_interfaces/local_setup.bash
[4.250s] -- Installing: /home/yang/ros2_ws/install/sensor_interfaces/share/sensor_interfaces/local_setup.sh
[4.250s] -- Installing: /home/yang/ros2_ws/install/sensor_interfaces/share/sensor_interfaces/local_setup.zsh
[4.250s] -- Installing: /home/yang/ros2_ws/install/sensor_interfaces/share/sensor_interfaces/local_setup.dsv
[4.250s] -- Installing: /home/yang/ros2_ws/install/sensor_interfaces/share/sensor_interfaces/package.dsv
[4.250s] -- Installing: /home/yang/ros2_ws/install/sensor_interfaces/share/ament_index/resource_index/packages/sensor_interfaces
[4.250s] -- Installing: /home/yang/ros2_ws/install/sensor_interfaces/share/sensor_interfaces/cmake/export_sensor_interfaces__rosidl_generator_cExport.cmake
[4.250s] -- Installing: /home/yang/ros2_ws/install/sensor_interfaces/share/sensor_interfaces/cmake/export_sensor_interfaces__rosidl_generator_cExport-noconfig.cmake
[4.251s] -- Installing: /home/yang/ros2_ws/install/sensor_interfaces/share/sensor_interfaces/cmake/export_sensor_interfaces__rosidl_typesupport_fastrtps_cExport.cmake
[4.251s] -- Installing: /home/yang/ros2_ws/install/sensor_interfaces/share/sensor_interfaces/cmake/export_sensor_interfaces__rosidl_typesupport_fastrtps_cExport-noconfig.cmake
[4.251s] -- Installing: /home/yang/ros2_ws/install/sensor_interfaces/share/sensor_interfaces/cmake/export_sensor_interfaces__rosidl_generator_cppExport.cmake
[4.251s] -- Installing: /home/yang/ros2_ws/install/sensor_interfaces/share/sensor_interfaces/cmake/export_sensor_interfaces__rosidl_typesupport_fastrtps_cppExport.cmake
[4.251s] -- Installing: /home/yang/ros2_ws/install/sensor_interfaces/share/sensor_interfaces/cmake/export_sensor_interfaces__rosidl_typesupport_fastrtps_cppExport-noconfig.cmake
[4.251s] -- Installing: /home/yang/ros2_ws/install/sensor_interfaces/share/sensor_interfaces/cmake/sensor_interfaces__rosidl_typesupport_introspection_cExport.cmake
[4.251s] -- Installing: /home/yang/ros2_ws/install/sensor_interfaces/share/sensor_interfaces/cmake/sensor_interfaces__rosidl_typesupport_introspection_cExport-noconfig.cmake
[4.251s] -- Installing: /home/yang/ros2_ws/install/sensor_interfaces/share/sensor_interfaces/cmake/sensor_interfaces__rosidl_typesupport_cExport.cmake
[4.251s] -- Installing: /home/yang/ros2_ws/install/sensor_interfaces/share/sensor_interfaces/cmake/sensor_interfaces__rosidl_typesupport_cExport-noconfig.cmake
[4.251s] -- Installing: /home/yang/ros2_ws/install/sensor_interfaces/share/sensor_interfaces/cmake/sensor_interfaces__rosidl_typesupport_introspection_cppExport.cmake
[4.251s] -- Installing: /home/yang/ros2_ws/install/sensor_interfaces/share/sensor_interfaces/cmake/sensor_interfaces__rosidl_typesupport_introspection_cppExport-noconfig.cmake
[4.251s] -- Installing: /home/yang/ros2_ws/install/sensor_interfaces/share/sensor_interfaces/cmake/sensor_interfaces__rosidl_typesupport_cppExport.cmake
[4.251s] -- Installing: /home/yang/ros2_ws/install/sensor_interfaces/share/sensor_interfaces/cmake/sensor_interfaces__rosidl_typesupport_cppExport-noconfig.cmake
[4.251s] -- Installing: /home/yang/ros2_ws/install/sensor_interfaces/share/sensor_interfaces/cmake/export_sensor_interfaces__rosidl_generator_pyExport.cmake
[4.251s] -- Installing: /home/yang/ros2_ws/install/sensor_interfaces/share/sensor_interfaces/cmake/export_sensor_interfaces__rosidl_generator_pyExport-noconfig.cmake
[4.252s] -- Installing: /home/yang/ros2_ws/install/sensor_interfaces/share/sensor_interfaces/cmake/rosidl_cmake-extras.cmake
[4.252s] -- Installing: /home/yang/ros2_ws/install/sensor_interfaces/share/sensor_interfaces/cmake/ament_cmake_export_dependencies-extras.cmake
[4.252s] -- Installing: /home/yang/ros2_ws/install/sensor_interfaces/share/sensor_interfaces/cmake/ament_cmake_export_include_directories-extras.cmake
[4.252s] -- Installing: /home/yang/ros2_ws/install/sensor_interfaces/share/sensor_interfaces/cmake/ament_cmake_export_libraries-extras.cmake
[4.252s] -- Installing: /home/yang/ros2_ws/install/sensor_interfaces/share/sensor_interfaces/cmake/ament_cmake_export_targets-extras.cmake
[4.252s] -- Installing: /home/yang/ros2_ws/install/sensor_interfaces/share/sensor_interfaces/cmake/rosidl_cmake_export_typesupport_targets-extras.cmake
[4.252s] -- Installing: /home/yang/ros2_ws/install/sensor_interfaces/share/sensor_interfaces/cmake/rosidl_cmake_export_typesupport_libraries-extras.cmake
[4.252s] -- Installing: /home/yang/ros2_ws/install/sensor_interfaces/share/sensor_interfaces/cmake/sensor_interfacesConfig.cmake
[4.252s] -- Installing: /home/yang/ros2_ws/install/sensor_interfaces/share/sensor_interfaces/cmake/sensor_interfacesConfig-version.cmake
[4.252s] -- Installing: /home/yang/ros2_ws/install/sensor_interfaces/share/sensor_interfaces/package.xml
[4.254s] Invoked command in '/home/yang/ros2_ws/build/sensor_interfaces' returned '0': CMAKE_PREFIX_PATH=${CMAKE_PREFIX_PATH}:/home/yang/ros2_ws/install/py_srvcli:/opt/ros/iron /usr/bin/cmake --install /home/yang/ros2_ws/build/sensor_interfaces
