[0.006s] Invoking command in '/home/yang/ros2_ws/build/sensor_interfaces': CMAKE_PREFIX_PATH=${CMAKE_PREFIX_PATH}:/home/yang/ros2_ws/install/py_srvcli:/opt/ros/iron /usr/bin/cmake --build /home/yang/ros2_ws/build/sensor_interfaces -- -j16 -l16
[0.019s] -- Found ament_cmake: 2.0.4 (/opt/ros/iron/share/ament_cmake/cmake)
[0.098s] -- Found geometry_msgs: 5.0.0 (/opt/ros/iron/share/geometry_msgs/cmake)
[0.111s] -- Found rosidl_generator_c: 4.0.1 (/opt/ros/iron/share/rosidl_generator_c/cmake)
[0.116s] -- Found rosidl_generator_cpp: 4.0.1 (/opt/ros/iron/share/rosidl_generator_cpp/cmake)
[0.123s] -- Using all available rosidl_typesupport_c: rosidl_typesupport_fastrtps_c;rosidl_typesupport_introspection_c
[0.132s] -- Using all available rosidl_typesupport_cpp: rosidl_typesupport_fastrtps_cpp;rosidl_typesupport_introspection_cpp
[0.186s] -- Found rosidl_default_generators: 1.5.0 (/opt/ros/iron/share/rosidl_default_generators/cmake)
[0.190s] -- Found rosidl_adapter: 4.0.1 (/opt/ros/iron/share/rosidl_adapter/cmake)
[0.406s] -- Found ament_cmake_ros: 0.11.2 (/opt/ros/iron/share/ament_cmake_ros/cmake)
[0.640s] -- Using all available rosidl_typesupport_c: rosidl_typesupport_fastrtps_c;rosidl_typesupport_introspection_c
[0.729s] -- Using all available rosidl_typesupport_cpp: rosidl_typesupport_fastrtps_cpp;rosidl_typesupport_introspection_cpp
[0.742s] -- Found python_cmake_module: 0.10.2 (/opt/ros/iron/share/python_cmake_module/cmake)
[0.754s] -- Using PYTHON_EXECUTABLE: /usr/bin/python3
[0.754s] -- Using PYTHON_INCLUDE_DIRS: /usr/include/python3.10
[0.754s] -- Using PYTHON_LIBRARIES: /usr/lib/x86_64-linux-gnu/libpython3.10.so
[0.777s] -- Found ament_lint_auto: 0.14.3 (/opt/ros/iron/share/ament_lint_auto/cmake)
[0.781s] -- Added test 'lint_cmake' to check CMake code style
[0.782s] -- Added test 'xmllint' to check XML markup files
[0.783s] -- Configuring done
[0.803s] -- Generating done
[0.804s] -- Build files have been written to: /home/yang/ros2_ws/build/sensor_interfaces
[0.822s] [  2%] Built target sensor_interfaces__rosidl_generator_type_description
[0.827s] [  2%] Built target ament_cmake_python_copy_sensor_interfaces
[0.833s] [  4%] Built target sensor_interfaces__cpp
[0.834s] [35m[1mConsolidate compiler generated dependencies of target sensor_interfaces__rosidl_generator_c[0m
[0.841s] [ 11%] [32mBuilding C object CMakeFiles/sensor_interfaces__rosidl_generator_c.dir/rosidl_generator_c/sensor_interfaces/msg/detail/sample_array__functions.c.o[0m
[0.841s] [ 11%] [32mBuilding C object CMakeFiles/sensor_interfaces__rosidl_generator_c.dir/rosidl_generator_c/sensor_interfaces/msg/detail/sample_array__type_support.c.o[0m
[0.841s] [ 11%] [32mBuilding C object CMakeFiles/sensor_interfaces__rosidl_generator_c.dir/rosidl_generator_c/sensor_interfaces/msg/detail/sample_array__description.c.o[0m
[0.868s] [ 13%] [32m[1mLinking C shared library libsensor_interfaces__rosidl_generator_c.so[0m
[0.888s] [ 22%] Built target sensor_interfaces__rosidl_generator_c
[0.894s] [35m[1mConsolidate compiler generated dependencies of target sensor_interfaces__rosidl_typesupport_c[0m
[0.894s] [35m[1mConsolidate compiler generated dependencies of target sensor_interfaces__rosidl_typesupport_cpp[0m
[0.894s] [35m[1mConsolidate compiler generated dependencies of target sensor_interfaces__rosidl_typesupport_fastrtps_cpp[0m
[0.894s] [35m[1mConsolidate compiler generated dependencies of target sensor_interfaces__rosidl_typesupport_introspection_cpp[0m
[0.899s] [35m[1mConsolidate compiler generated dependencies of target sensor_interfaces__rosidl_typesupport_introspection_c[0m
[0.899s] [35m[1mConsolidate compiler generated dependencies of target sensor_interfaces__rosidl_typesupport_fastrtps_c[0m
[0.902s] [ 25%] [32mBuilding CXX object CMakeFiles/sensor_interfaces__rosidl_typesupport_c.dir/rosidl_typesupport_c/sensor_interfaces/msg/sample_array__type_support.cpp.o[0m
[0.902s] [ 29%] [32mBuilding CXX object CMakeFiles/sensor_interfaces__rosidl_typesupport_cpp.dir/rosidl_typesupport_cpp/sensor_interfaces/msg/sample_array__type_support.cpp.o[0m
[0.902s] [ 29%] [32mBuilding CXX object CMakeFiles/sensor_interfaces__rosidl_typesupport_introspection_cpp.dir/rosidl_typesupport_introspection_cpp/sensor_interfaces/msg/detail/sample_array__type_support.cpp.o[0m
[0.902s] [ 31%] [32mBuilding CXX object CMakeFiles/sensor_interfaces__rosidl_typesupport_fastrtps_cpp.dir/rosidl_typesupport_fastrtps_cpp/sensor_interfaces/msg/detail/dds_fastrtps/sample_array__type_support.cpp.o[0m
[0.907s] [ 34%] [32mBuilding CXX object CMakeFiles/sensor_interfaces__rosidl_typesupport_fastrtps_c.dir/rosidl_typesupport_fastrtps_c/sensor_interfaces/msg/detail/sample_array__type_support_c.cpp.o[0m
[0.907s] [ 38%] [32mBuilding C object CMakeFiles/sensor_interfaces__rosidl_typesupport_introspection_c.dir/rosidl_typesupport_introspection_c/sensor_interfaces/srv/detail/sensor_data__type_support.c.o[0m
[0.907s] [ 38%] [32mBuilding C object CMakeFiles/sensor_interfaces__rosidl_typesupport_introspection_c.dir/rosidl_typesupport_introspection_c/sensor_interfaces/msg/detail/sample_array__type_support.c.o[0m
[0.909s] [ 40%] [32mBuilding CXX object CMakeFiles/sensor_interfaces__rosidl_typesupport_fastrtps_c.dir/rosidl_typesupport_fastrtps_c/sensor_interfaces/srv/detail/sensor_data__type_support_c.cpp.o[0m
[0.925s] [ 43%] [32m[1mLinking CXX shared library libsensor_interfaces__rosidl_typesupport_c.so[0m
[0.950s] [ 45%] [32m[1mLinking C shared library libsensor_interfaces__rosidl_typesupport_introspection_c.so[0m
[0.951s] [ 50%] Built target sensor_interfaces__rosidl_typesupport_c
[0.970s] running egg_info
[0.970s] writing sensor_interfaces.egg-info/PKG-INFO
[0.970s] writing dependency_links to sensor_interfaces.egg-info/dependency_links.txt
[0.970s] writing top-level names to sensor_interfaces.egg-info/top_level.txt
[0.972s] reading manifest file 'sensor_interfaces.egg-info/SOURCES.txt'
[0.972s] [ 52%] Built target sensor_interfaces__rosidl_typesupport_introspection_c
[0.972s] writing manifest file 'sensor_interfaces.egg-info/SOURCES.txt'
[0.989s] [ 52%] Built target ament_cmake_python_build_sensor_interfaces_egg
[1.144s] [ 54%] [32m[1mLinking CXX shared library libsensor_interfaces__rosidl_typesupport_fastrtps_c.so[0m
[1.145s] [ 56%] [32m[1mLinking CXX shared library libsensor_interfaces__rosidl_typesupport_cpp.so[0m
[1.160s] [ 59%] [32m[1mLinking CXX shared library libsensor_interfaces__rosidl_typesupport_introspection_cpp.so[0m
[1.194s] [ 61%] Built target sensor_interfaces__rosidl_typesupport_fastrtps_c
[1.196s] [ 65%] Built target sensor_interfaces__rosidl_typesupport_cpp
[1.211s] [ 70%] Built target sensor_interfaces__rosidl_typesupport_introspection_cpp
[1.218s] [ 72%] [32m[1mLinking CXX shared library libsensor_interfaces__rosidl_typesupport_fastrtps_cpp.so[0m
[1.259s] [ 77%] Built target sensor_interfaces__rosidl_typesupport_fastrtps_cpp
[1.270s] [ 77%] Built target sensor_interfaces
[1.281s] [ 79%] Built target sensor_interfaces__py
[1.286s] [35m[1mConsolidate compiler generated dependencies of target sensor_interfaces__rosidl_generator_py[0m
[1.293s] [ 81%] [32mBuilding C object CMakeFiles/sensor_interfaces__rosidl_generator_py.dir/rosidl_generator_py/sensor_interfaces/msg/_sample_array_s.c.o[0m
[1.347s] [ 84%] [32m[1mLinking C shared library rosidl_generator_py/sensor_interfaces/libsensor_interfaces__rosidl_generator_py.so[0m
[1.370s] [ 86%] Built target sensor_interfaces__rosidl_generator_py
[1.375s] [35m[1mConsolidate compiler generated dependencies of target sensor_interfaces__rosidl_typesupport_c__pyext[0m
[1.375s] [35m[1mConsolidate compiler generated dependencies of target sensor_interfaces__rosidl_typesupport_introspection_c__pyext[0m
[1.375s] [35m[1mConsolidate compiler generated dependencies of target sensor_interfaces__rosidl_typesupport_fastrtps_c__pyext[0m
[1.383s] [ 93%] [32mBuilding C object CMakeFiles/sensor_interfaces__rosidl_typesupport_c__pyext.dir/rosidl_generator_py/sensor_interfaces/_sensor_interfaces_s.ep.rosidl_typesupport_c.c.o[0m
[1.383s] [ 93%] [32mBuilding C object CMakeFiles/sensor_interfaces__rosidl_typesupport_introspection_c__pyext.dir/rosidl_generator_py/sensor_interfaces/_sensor_interfaces_s.ep.rosidl_typesupport_introspection_c.c.o[0m
[1.383s] [ 93%] [32mBuilding C object CMakeFiles/sensor_interfaces__rosidl_typesupport_fastrtps_c__pyext.dir/rosidl_generator_py/sensor_interfaces/_sensor_interfaces_s.ep.rosidl_typesupport_fastrtps_c.c.o[0m
[1.459s] [100%] [32m[1mLinking C shared library rosidl_generator_py/sensor_interfaces/sensor_interfaces_s__rosidl_typesupport_fastrtps_c.cpython-310-x86_64-linux-gnu.so[0m
[1.459s] [100%] [32m[1mLinking C shared library rosidl_generator_py/sensor_interfaces/sensor_interfaces_s__rosidl_typesupport_introspection_c.cpython-310-x86_64-linux-gnu.so[0m
[1.459s] [100%] [32m[1mLinking C shared library rosidl_generator_py/sensor_interfaces/sensor_interfaces_s__rosidl_typesupport_c.cpython-310-x86_64-linux-gnu.so[0m
[1.483s] [100%] Built target sensor_interfaces__rosidl_typesupport_fastrtps_c__pyext
[1.483s] [100%] Built target sensor_interfaces__rosidl_typesupport_introspection_c__pyext
[1.483s] [100%] Built target sensor_interfaces__rosidl_typesupport_c__pyext
[1.489s] Invoked command in '/home/yang/ros2_ws/build/sensor_interfaces' returned '0': CMAKE_PREFIX_PATH=${CMAKE_PREFIX_PATH}:/home/yang/ros2_ws/install/py_srvcli:/opt/ros/iron /usr/bin/cmake --build /home/yang/ros2_ws/build/sensor_interfaces -- -j16 -l16
[1.540s] Invoking command in '/home/yang/ros2_ws/build/sensor_interfaces': CMAKE_PREFIX_PATH=${CMAKE_PREFIX_PATH}:/home/yang/ros2_ws/install/py_srvcli:/opt/ros/iron /usr/bin/cmake --install /home/yang/ros2_ws/build/sensor_interfaces
[1.544s] -- Install configuration: ""
[1.544s] -- Installing: /home/yang/ros2_ws/install/sensor_interfaces/share/ament_index/resource_index/rosidl_interfaces/sensor_interfaces
[1.544s] -- Up-to-date: /home/yang/ros2_ws/install/sensor_interfaces/share/sensor_interfaces/msg/SampleArray.json
[1.544s] -- Up-to-date: /home/yang/ros2_ws/install/sensor_interfaces/share/sensor_interfaces/srv/SensorData.json
[1.544s] -- Up-to-date: /home/yang/ros2_ws/install/sensor_interfaces/include/sensor_interfaces/sensor_interfaces
[1.544s] -- Up-to-date: /home/yang/ros2_ws/install/sensor_interfaces/include/sensor_interfaces/sensor_interfaces/srv
[1.545s] -- Up-to-date: /home/yang/ros2_ws/install/sensor_interfaces/include/sensor_interfaces/sensor_interfaces/srv/add_three_ints.h
[1.545s] -- Up-to-date: /home/yang/ros2_ws/install/sensor_interfaces/include/sensor_interfaces/sensor_interfaces/srv/detail
[1.545s] -- Up-to-date: /home/yang/ros2_ws/install/sensor_interfaces/include/sensor_interfaces/sensor_interfaces/srv/detail/sensor_data__description.c
[1.545s] -- Up-to-date: /home/yang/ros2_ws/install/sensor_interfaces/include/sensor_interfaces/sensor_interfaces/srv/detail/sensor_data__struct.h
[1.545s] -- Up-to-date: /home/yang/ros2_ws/install/sensor_interfaces/include/sensor_interfaces/sensor_interfaces/srv/detail/add_three_ints__functions.c
[1.545s] -- Up-to-date: /home/yang/ros2_ws/install/sensor_interfaces/include/sensor_interfaces/sensor_interfaces/srv/detail/sample_request__functions.h
[1.545s] -- Up-to-date: /home/yang/ros2_ws/install/sensor_interfaces/include/sensor_interfaces/sensor_interfaces/srv/detail/add_three_ints__type_support.c
[1.545s] -- Up-to-date: /home/yang/ros2_ws/install/sensor_interfaces/include/sensor_interfaces/sensor_interfaces/srv/detail/sample_request__type_support.c
[1.545s] -- Up-to-date: /home/yang/ros2_ws/install/sensor_interfaces/include/sensor_interfaces/sensor_interfaces/srv/detail/add_three_ints__struct.h
[1.545s] -- Up-to-date: /home/yang/ros2_ws/install/sensor_interfaces/include/sensor_interfaces/sensor_interfaces/srv/detail/sample_request__functions.c
[1.545s] -- Up-to-date: /home/yang/ros2_ws/install/sensor_interfaces/include/sensor_interfaces/sensor_interfaces/srv/detail/sample_request__struct.h
[1.545s] -- Up-to-date: /home/yang/ros2_ws/install/sensor_interfaces/include/sensor_interfaces/sensor_interfaces/srv/detail/add_three_ints__description.c
[1.545s] -- Up-to-date: /home/yang/ros2_ws/install/sensor_interfaces/include/sensor_interfaces/sensor_interfaces/srv/detail/sensor_data__functions.c
[1.545s] -- Up-to-date: /home/yang/ros2_ws/install/sensor_interfaces/include/sensor_interfaces/sensor_interfaces/srv/detail/sample_request__description.c
[1.545s] -- Up-to-date: /home/yang/ros2_ws/install/sensor_interfaces/include/sensor_interfaces/sensor_interfaces/srv/detail/add_three_ints__type_support.h
[1.545s] -- Up-to-date: /home/yang/ros2_ws/install/sensor_interfaces/include/sensor_interfaces/sensor_interfaces/srv/detail/add_three_ints__functions.h
[1.545s] -- Up-to-date: /home/yang/ros2_ws/install/sensor_interfaces/include/sensor_interfaces/sensor_interfaces/srv/detail/sensor_data__functions.h
[1.545s] -- Up-to-date: /home/yang/ros2_ws/install/sensor_interfaces/include/sensor_interfaces/sensor_interfaces/srv/detail/sensor_data__type_support.c
[1.545s] -- Up-to-date: /home/yang/ros2_ws/install/sensor_interfaces/include/sensor_interfaces/sensor_interfaces/srv/detail/sample_request__type_support.h
[1.545s] -- Up-to-date: /home/yang/ros2_ws/install/sensor_interfaces/include/sensor_interfaces/sensor_interfaces/srv/detail/sensor_data__type_support.h
[1.545s] -- Up-to-date: /home/yang/ros2_ws/install/sensor_interfaces/include/sensor_interfaces/sensor_interfaces/srv/sample_request.h
[1.545s] -- Installing: /home/yang/ros2_ws/install/sensor_interfaces/include/sensor_interfaces/sensor_interfaces/srv/sensor_data.h
[1.545s] -- Up-to-date: /home/yang/ros2_ws/install/sensor_interfaces/include/sensor_interfaces/sensor_interfaces/msg
[1.545s] -- Up-to-date: /home/yang/ros2_ws/install/sensor_interfaces/include/sensor_interfaces/sensor_interfaces/msg/num.h
[1.546s] -- Up-to-date: /home/yang/ros2_ws/install/sensor_interfaces/include/sensor_interfaces/sensor_interfaces/msg/sphere.h
[1.546s] -- Up-to-date: /home/yang/ros2_ws/install/sensor_interfaces/include/sensor_interfaces/sensor_interfaces/msg/detail
[1.546s] -- Up-to-date: /home/yang/ros2_ws/install/sensor_interfaces/include/sensor_interfaces/sensor_interfaces/msg/detail/sphere__description.c
[1.546s] -- Installing: /home/yang/ros2_ws/install/sensor_interfaces/include/sensor_interfaces/sensor_interfaces/msg/detail/sample_array__functions.c
[1.546s] -- Up-to-date: /home/yang/ros2_ws/install/sensor_interfaces/include/sensor_interfaces/sensor_interfaces/msg/detail/num__functions.h
[1.546s] -- Up-to-date: /home/yang/ros2_ws/install/sensor_interfaces/include/sensor_interfaces/sensor_interfaces/msg/detail/sphere__type_support.c
[1.546s] -- Up-to-date: /home/yang/ros2_ws/install/sensor_interfaces/include/sensor_interfaces/sensor_interfaces/msg/detail/num__description.c
[1.546s] -- Installing: /home/yang/ros2_ws/install/sensor_interfaces/include/sensor_interfaces/sensor_interfaces/msg/detail/sample_array__description.c
[1.546s] -- Up-to-date: /home/yang/ros2_ws/install/sensor_interfaces/include/sensor_interfaces/sensor_interfaces/msg/detail/sphere__type_support.h
[1.546s] -- Installing: /home/yang/ros2_ws/install/sensor_interfaces/include/sensor_interfaces/sensor_interfaces/msg/detail/sample_array__type_support.h
[1.546s] -- Installing: /home/yang/ros2_ws/install/sensor_interfaces/include/sensor_interfaces/sensor_interfaces/msg/detail/sample_array__struct.h
[1.546s] -- Up-to-date: /home/yang/ros2_ws/install/sensor_interfaces/include/sensor_interfaces/sensor_interfaces/msg/detail/num__type_support.h
[1.546s] -- Up-to-date: /home/yang/ros2_ws/install/sensor_interfaces/include/sensor_interfaces/sensor_interfaces/msg/detail/sphere__struct.h
[1.546s] -- Installing: /home/yang/ros2_ws/install/sensor_interfaces/include/sensor_interfaces/sensor_interfaces/msg/detail/sample_array__type_support.c
[1.546s] -- Up-to-date: /home/yang/ros2_ws/install/sensor_interfaces/include/sensor_interfaces/sensor_interfaces/msg/detail/num__functions.c
[1.546s] -- Up-to-date: /home/yang/ros2_ws/install/sensor_interfaces/include/sensor_interfaces/sensor_interfaces/msg/detail/sphere__functions.c
[1.546s] -- Installing: /home/yang/ros2_ws/install/sensor_interfaces/include/sensor_interfaces/sensor_interfaces/msg/detail/sample_array__functions.h
[1.546s] -- Up-to-date: /home/yang/ros2_ws/install/sensor_interfaces/include/sensor_interfaces/sensor_interfaces/msg/detail/num__struct.h
[1.546s] -- Up-to-date: /home/yang/ros2_ws/install/sensor_interfaces/include/sensor_interfaces/sensor_interfaces/msg/detail/sphere__functions.h
[1.546s] -- Up-to-date: /home/yang/ros2_ws/install/sensor_interfaces/include/sensor_interfaces/sensor_interfaces/msg/detail/num__type_support.c
[1.546s] -- Up-to-date: /home/yang/ros2_ws/install/sensor_interfaces/include/sensor_interfaces/sensor_interfaces/msg/rosidl_generator_c__visibility_control.h
[1.546s] -- Up-to-date: /home/yang/ros2_ws/install/sensor_interfaces/include/sensor_interfaces/sensor_interfaces/msg/sample_array.h
[1.546s] -- Up-to-date: /home/yang/ros2_ws/install/sensor_interfaces/share/sensor_interfaces/environment/library_path.sh
[1.546s] -- Up-to-date: /home/yang/ros2_ws/install/sensor_interfaces/share/sensor_interfaces/environment/library_path.dsv
[1.547s] -- Installing: /home/yang/ros2_ws/install/sensor_interfaces/lib/libsensor_interfaces__rosidl_generator_c.so
[1.547s] -- Set runtime path of "/home/yang/ros2_ws/install/sensor_interfaces/lib/libsensor_interfaces__rosidl_generator_c.so" to ""
[1.547s] -- Up-to-date: /home/yang/ros2_ws/install/sensor_interfaces/include/sensor_interfaces/sensor_interfaces
[1.547s] -- Up-to-date: /home/yang/ros2_ws/install/sensor_interfaces/include/sensor_interfaces/sensor_interfaces/srv
[1.547s] -- Up-to-date: /home/yang/ros2_ws/install/sensor_interfaces/include/sensor_interfaces/sensor_interfaces/srv/detail
[1.547s] -- Up-to-date: /home/yang/ros2_ws/install/sensor_interfaces/include/sensor_interfaces/sensor_interfaces/srv/detail/add_three_ints__rosidl_typesupport_fastrtps_c.h
[1.547s] -- Up-to-date: /home/yang/ros2_ws/install/sensor_interfaces/include/sensor_interfaces/sensor_interfaces/srv/detail/sensor_data__rosidl_typesupport_fastrtps_c.h
[1.547s] -- Up-to-date: /home/yang/ros2_ws/install/sensor_interfaces/include/sensor_interfaces/sensor_interfaces/srv/detail/sample_request__rosidl_typesupport_fastrtps_c.h
[1.547s] -- Up-to-date: /home/yang/ros2_ws/install/sensor_interfaces/include/sensor_interfaces/sensor_interfaces/msg
[1.547s] -- Up-to-date: /home/yang/ros2_ws/install/sensor_interfaces/include/sensor_interfaces/sensor_interfaces/msg/rosidl_typesupport_fastrtps_c__visibility_control.h
[1.547s] -- Up-to-date: /home/yang/ros2_ws/install/sensor_interfaces/include/sensor_interfaces/sensor_interfaces/msg/detail
[1.547s] -- Up-to-date: /home/yang/ros2_ws/install/sensor_interfaces/include/sensor_interfaces/sensor_interfaces/msg/detail/num__rosidl_typesupport_fastrtps_c.h
[1.547s] -- Up-to-date: /home/yang/ros2_ws/install/sensor_interfaces/include/sensor_interfaces/sensor_interfaces/msg/detail/sample_array__rosidl_typesupport_fastrtps_c.h
[1.547s] -- Up-to-date: /home/yang/ros2_ws/install/sensor_interfaces/include/sensor_interfaces/sensor_interfaces/msg/detail/sphere__rosidl_typesupport_fastrtps_c.h
[1.547s] -- Installing: /home/yang/ros2_ws/install/sensor_interfaces/lib/libsensor_interfaces__rosidl_typesupport_fastrtps_c.so
[1.547s] -- Set runtime path of "/home/yang/ros2_ws/install/sensor_interfaces/lib/libsensor_interfaces__rosidl_typesupport_fastrtps_c.so" to ""
[1.547s] -- Up-to-date: /home/yang/ros2_ws/install/sensor_interfaces/include/sensor_interfaces/sensor_interfaces
[1.547s] -- Up-to-date: /home/yang/ros2_ws/install/sensor_interfaces/include/sensor_interfaces/sensor_interfaces/srv
[1.547s] -- Up-to-date: /home/yang/ros2_ws/install/sensor_interfaces/include/sensor_interfaces/sensor_interfaces/srv/sample_request.hpp
[1.547s] -- Up-to-date: /home/yang/ros2_ws/install/sensor_interfaces/include/sensor_interfaces/sensor_interfaces/srv/sensor_data.hpp
[1.547s] -- Up-to-date: /home/yang/ros2_ws/install/sensor_interfaces/include/sensor_interfaces/sensor_interfaces/srv/detail
[1.547s] -- Up-to-date: /home/yang/ros2_ws/install/sensor_interfaces/include/sensor_interfaces/sensor_interfaces/srv/detail/sensor_data__traits.hpp
[1.547s] -- Up-to-date: /home/yang/ros2_ws/install/sensor_interfaces/include/sensor_interfaces/sensor_interfaces/srv/detail/add_three_ints__traits.hpp
[1.547s] -- Up-to-date: /home/yang/ros2_ws/install/sensor_interfaces/include/sensor_interfaces/sensor_interfaces/srv/detail/sensor_data__builder.hpp
[1.547s] -- Up-to-date: /home/yang/ros2_ws/install/sensor_interfaces/include/sensor_interfaces/sensor_interfaces/srv/detail/sample_request__builder.hpp
[1.547s] -- Up-to-date: /home/yang/ros2_ws/install/sensor_interfaces/include/sensor_interfaces/sensor_interfaces/srv/detail/add_three_ints__builder.hpp
[1.547s] -- Up-to-date: /home/yang/ros2_ws/install/sensor_interfaces/include/sensor_interfaces/sensor_interfaces/srv/detail/sample_request__traits.hpp
[1.548s] -- Up-to-date: /home/yang/ros2_ws/install/sensor_interfaces/include/sensor_interfaces/sensor_interfaces/srv/detail/sample_request__struct.hpp
[1.548s] -- Up-to-date: /home/yang/ros2_ws/install/sensor_interfaces/include/sensor_interfaces/sensor_interfaces/srv/detail/add_three_ints__struct.hpp
[1.548s] -- Up-to-date: /home/yang/ros2_ws/install/sensor_interfaces/include/sensor_interfaces/sensor_interfaces/srv/detail/sensor_data__struct.hpp
[1.548s] -- Up-to-date: /home/yang/ros2_ws/install/sensor_interfaces/include/sensor_interfaces/sensor_interfaces/srv/add_three_ints.hpp
[1.548s] -- Up-to-date: /home/yang/ros2_ws/install/sensor_interfaces/include/sensor_interfaces/sensor_interfaces/msg
[1.548s] -- Up-to-date: /home/yang/ros2_ws/install/sensor_interfaces/include/sensor_interfaces/sensor_interfaces/msg/num.hpp
[1.548s] -- Up-to-date: /home/yang/ros2_ws/install/sensor_interfaces/include/sensor_interfaces/sensor_interfaces/msg/sample_array.hpp
[1.548s] -- Up-to-date: /home/yang/ros2_ws/install/sensor_interfaces/include/sensor_interfaces/sensor_interfaces/msg/sphere.hpp
[1.548s] -- Up-to-date: /home/yang/ros2_ws/install/sensor_interfaces/include/sensor_interfaces/sensor_interfaces/msg/detail
[1.548s] -- Up-to-date: /home/yang/ros2_ws/install/sensor_interfaces/include/sensor_interfaces/sensor_interfaces/msg/detail/num__struct.hpp
[1.548s] -- Up-to-date: /home/yang/ros2_ws/install/sensor_interfaces/include/sensor_interfaces/sensor_interfaces/msg/detail/sample_array__builder.hpp
[1.548s] -- Up-to-date: /home/yang/ros2_ws/install/sensor_interfaces/include/sensor_interfaces/sensor_interfaces/msg/detail/sample_array__struct.hpp
[1.548s] -- Up-to-date: /home/yang/ros2_ws/install/sensor_interfaces/include/sensor_interfaces/sensor_interfaces/msg/detail/sample_array__traits.hpp
[1.548s] -- Up-to-date: /home/yang/ros2_ws/install/sensor_interfaces/include/sensor_interfaces/sensor_interfaces/msg/detail/num__traits.hpp
[1.548s] -- Up-to-date: /home/yang/ros2_ws/install/sensor_interfaces/include/sensor_interfaces/sensor_interfaces/msg/detail/sphere__traits.hpp
[1.548s] -- Up-to-date: /home/yang/ros2_ws/install/sensor_interfaces/include/sensor_interfaces/sensor_interfaces/msg/detail/sphere__struct.hpp
[1.548s] -- Up-to-date: /home/yang/ros2_ws/install/sensor_interfaces/include/sensor_interfaces/sensor_interfaces/msg/detail/num__builder.hpp
[1.548s] -- Up-to-date: /home/yang/ros2_ws/install/sensor_interfaces/include/sensor_interfaces/sensor_interfaces/msg/detail/sphere__builder.hpp
[1.548s] -- Up-to-date: /home/yang/ros2_ws/install/sensor_interfaces/include/sensor_interfaces/sensor_interfaces
[1.548s] -- Up-to-date: /home/yang/ros2_ws/install/sensor_interfaces/include/sensor_interfaces/sensor_interfaces/srv
[1.548s] -- Up-to-date: /home/yang/ros2_ws/install/sensor_interfaces/include/sensor_interfaces/sensor_interfaces/srv/detail
[1.548s] -- Up-to-date: /home/yang/ros2_ws/install/sensor_interfaces/include/sensor_interfaces/sensor_interfaces/srv/detail/sensor_data__rosidl_typesupport_fastrtps_cpp.hpp
[1.548s] -- Up-to-date: /home/yang/ros2_ws/install/sensor_interfaces/include/sensor_interfaces/sensor_interfaces/srv/detail/sample_request__rosidl_typesupport_fastrtps_cpp.hpp
[1.548s] -- Up-to-date: /home/yang/ros2_ws/install/sensor_interfaces/include/sensor_interfaces/sensor_interfaces/srv/detail/add_three_ints__rosidl_typesupport_fastrtps_cpp.hpp
[1.548s] -- Up-to-date: /home/yang/ros2_ws/install/sensor_interfaces/include/sensor_interfaces/sensor_interfaces/srv/detail/dds_fastrtps
[1.548s] -- Up-to-date: /home/yang/ros2_ws/install/sensor_interfaces/include/sensor_interfaces/sensor_interfaces/msg
[1.548s] -- Up-to-date: /home/yang/ros2_ws/install/sensor_interfaces/include/sensor_interfaces/sensor_interfaces/msg/detail
[1.548s] -- Up-to-date: /home/yang/ros2_ws/install/sensor_interfaces/include/sensor_interfaces/sensor_interfaces/msg/detail/num__rosidl_typesupport_fastrtps_cpp.hpp
[1.549s] -- Up-to-date: /home/yang/ros2_ws/install/sensor_interfaces/include/sensor_interfaces/sensor_interfaces/msg/detail/sample_array__rosidl_typesupport_fastrtps_cpp.hpp
[1.549s] -- Up-to-date: /home/yang/ros2_ws/install/sensor_interfaces/include/sensor_interfaces/sensor_interfaces/msg/detail/sphere__rosidl_typesupport_fastrtps_cpp.hpp
[1.549s] -- Up-to-date: /home/yang/ros2_ws/install/sensor_interfaces/include/sensor_interfaces/sensor_interfaces/msg/detail/dds_fastrtps
[1.549s] -- Up-to-date: /home/yang/ros2_ws/install/sensor_interfaces/include/sensor_interfaces/sensor_interfaces/msg/rosidl_typesupport_fastrtps_cpp__visibility_control.h
[1.549s] -- Installing: /home/yang/ros2_ws/install/sensor_interfaces/lib/libsensor_interfaces__rosidl_typesupport_fastrtps_cpp.so
[1.549s] -- Set runtime path of "/home/yang/ros2_ws/install/sensor_interfaces/lib/libsensor_interfaces__rosidl_typesupport_fastrtps_cpp.so" to ""
[1.549s] -- Up-to-date: /home/yang/ros2_ws/install/sensor_interfaces/include/sensor_interfaces/sensor_interfaces
[1.549s] -- Up-to-date: /home/yang/ros2_ws/install/sensor_interfaces/include/sensor_interfaces/sensor_interfaces/srv
[1.549s] -- Up-to-date: /home/yang/ros2_ws/install/sensor_interfaces/include/sensor_interfaces/sensor_interfaces/srv/detail
[1.549s] -- Up-to-date: /home/yang/ros2_ws/install/sensor_interfaces/include/sensor_interfaces/sensor_interfaces/srv/detail/sample_request__rosidl_typesupport_introspection_c.h
[1.549s] -- Up-to-date: /home/yang/ros2_ws/install/sensor_interfaces/include/sensor_interfaces/sensor_interfaces/srv/detail/add_three_ints__type_support.c
[1.549s] -- Up-to-date: /home/yang/ros2_ws/install/sensor_interfaces/include/sensor_interfaces/sensor_interfaces/srv/detail/sample_request__type_support.c
[1.549s] -- Up-to-date: /home/yang/ros2_ws/install/sensor_interfaces/include/sensor_interfaces/sensor_interfaces/srv/detail/sensor_data__rosidl_typesupport_introspection_c.h
[1.549s] -- Installing: /home/yang/ros2_ws/install/sensor_interfaces/include/sensor_interfaces/sensor_interfaces/srv/detail/sensor_data__type_support.c
[1.549s] -- Up-to-date: /home/yang/ros2_ws/install/sensor_interfaces/include/sensor_interfaces/sensor_interfaces/srv/detail/add_three_ints__rosidl_typesupport_introspection_c.h
[1.549s] -- Up-to-date: /home/yang/ros2_ws/install/sensor_interfaces/include/sensor_interfaces/sensor_interfaces/msg
[1.549s] -- Up-to-date: /home/yang/ros2_ws/install/sensor_interfaces/include/sensor_interfaces/sensor_interfaces/msg/detail
[1.549s] -- Up-to-date: /home/yang/ros2_ws/install/sensor_interfaces/include/sensor_interfaces/sensor_interfaces/msg/detail/sphere__type_support.c
[1.549s] -- Up-to-date: /home/yang/ros2_ws/install/sensor_interfaces/include/sensor_interfaces/sensor_interfaces/msg/detail/sample_array__rosidl_typesupport_introspection_c.h
[1.549s] -- Installing: /home/yang/ros2_ws/install/sensor_interfaces/include/sensor_interfaces/sensor_interfaces/msg/detail/sample_array__type_support.c
[1.549s] -- Up-to-date: /home/yang/ros2_ws/install/sensor_interfaces/include/sensor_interfaces/sensor_interfaces/msg/detail/sphere__rosidl_typesupport_introspection_c.h
[1.549s] -- Up-to-date: /home/yang/ros2_ws/install/sensor_interfaces/include/sensor_interfaces/sensor_interfaces/msg/detail/num__rosidl_typesupport_introspection_c.h
[1.549s] -- Up-to-date: /home/yang/ros2_ws/install/sensor_interfaces/include/sensor_interfaces/sensor_interfaces/msg/detail/num__type_support.c
[1.550s] -- Up-to-date: /home/yang/ros2_ws/install/sensor_interfaces/include/sensor_interfaces/sensor_interfaces/msg/rosidl_typesupport_introspection_c__visibility_control.h
[1.550s] -- Installing: /home/yang/ros2_ws/install/sensor_interfaces/lib/libsensor_interfaces__rosidl_typesupport_introspection_c.so
[1.550s] -- Set runtime path of "/home/yang/ros2_ws/install/sensor_interfaces/lib/libsensor_interfaces__rosidl_typesupport_introspection_c.so" to ""
[1.550s] -- Installing: /home/yang/ros2_ws/install/sensor_interfaces/lib/libsensor_interfaces__rosidl_typesupport_c.so
[1.550s] -- Set runtime path of "/home/yang/ros2_ws/install/sensor_interfaces/lib/libsensor_interfaces__rosidl_typesupport_c.so" to ""
[1.550s] -- Up-to-date: /home/yang/ros2_ws/install/sensor_interfaces/include/sensor_interfaces/sensor_interfaces
[1.550s] -- Up-to-date: /home/yang/ros2_ws/install/sensor_interfaces/include/sensor_interfaces/sensor_interfaces/srv
[1.550s] -- Up-to-date: /home/yang/ros2_ws/install/sensor_interfaces/include/sensor_interfaces/sensor_interfaces/srv/detail
[1.550s] -- Up-to-date: /home/yang/ros2_ws/install/sensor_interfaces/include/sensor_interfaces/sensor_interfaces/srv/detail/sample_request__type_support.cpp
[1.550s] -- Up-to-date: /home/yang/ros2_ws/install/sensor_interfaces/include/sensor_interfaces/sensor_interfaces/srv/detail/add_three_ints__type_support.cpp
[1.550s] -- Up-to-date: /home/yang/ros2_ws/install/sensor_interfaces/include/sensor_interfaces/sensor_interfaces/srv/detail/add_three_ints__rosidl_typesupport_introspection_cpp.hpp
[1.550s] -- Up-to-date: /home/yang/ros2_ws/install/sensor_interfaces/include/sensor_interfaces/sensor_interfaces/srv/detail/sample_request__rosidl_typesupport_introspection_cpp.hpp
[1.550s] -- Up-to-date: /home/yang/ros2_ws/install/sensor_interfaces/include/sensor_interfaces/sensor_interfaces/srv/detail/sensor_data__rosidl_typesupport_introspection_cpp.hpp
[1.550s] -- Up-to-date: /home/yang/ros2_ws/install/sensor_interfaces/include/sensor_interfaces/sensor_interfaces/srv/detail/sensor_data__type_support.cpp
[1.550s] -- Up-to-date: /home/yang/ros2_ws/install/sensor_interfaces/include/sensor_interfaces/sensor_interfaces/msg
[1.550s] -- Up-to-date: /home/yang/ros2_ws/install/sensor_interfaces/include/sensor_interfaces/sensor_interfaces/msg/detail
[1.550s] -- Up-to-date: /home/yang/ros2_ws/install/sensor_interfaces/include/sensor_interfaces/sensor_interfaces/msg/detail/sample_array__rosidl_typesupport_introspection_cpp.hpp
[1.550s] -- Up-to-date: /home/yang/ros2_ws/install/sensor_interfaces/include/sensor_interfaces/sensor_interfaces/msg/detail/sphere__type_support.cpp
[1.550s] -- Up-to-date: /home/yang/ros2_ws/install/sensor_interfaces/include/sensor_interfaces/sensor_interfaces/msg/detail/sphere__rosidl_typesupport_introspection_cpp.hpp
[1.550s] -- Up-to-date: /home/yang/ros2_ws/install/sensor_interfaces/include/sensor_interfaces/sensor_interfaces/msg/detail/num__rosidl_typesupport_introspection_cpp.hpp
[1.550s] -- Up-to-date: /home/yang/ros2_ws/install/sensor_interfaces/include/sensor_interfaces/sensor_interfaces/msg/detail/sample_array__type_support.cpp
[1.550s] -- Up-to-date: /home/yang/ros2_ws/install/sensor_interfaces/include/sensor_interfaces/sensor_interfaces/msg/detail/num__type_support.cpp
[1.550s] -- Installing: /home/yang/ros2_ws/install/sensor_interfaces/lib/libsensor_interfaces__rosidl_typesupport_introspection_cpp.so
[1.550s] -- Set runtime path of "/home/yang/ros2_ws/install/sensor_interfaces/lib/libsensor_interfaces__rosidl_typesupport_introspection_cpp.so" to ""
[1.550s] -- Installing: /home/yang/ros2_ws/install/sensor_interfaces/lib/libsensor_interfaces__rosidl_typesupport_cpp.so
[1.550s] -- Set runtime path of "/home/yang/ros2_ws/install/sensor_interfaces/lib/libsensor_interfaces__rosidl_typesupport_cpp.so" to ""
[1.550s] -- Up-to-date: /home/yang/ros2_ws/install/sensor_interfaces/share/sensor_interfaces/environment/pythonpath.sh
[1.550s] -- Up-to-date: /home/yang/ros2_ws/install/sensor_interfaces/share/sensor_interfaces/environment/pythonpath.dsv
[1.550s] -- Installing: /home/yang/ros2_ws/install/sensor_interfaces/lib/python3.10/site-packages/sensor_interfaces-0.0.1-py3.10.egg-info
[1.550s] -- Installing: /home/yang/ros2_ws/install/sensor_interfaces/lib/python3.10/site-packages/sensor_interfaces-0.0.1-py3.10.egg-info/SOURCES.txt
[1.551s] -- Installing: /home/yang/ros2_ws/install/sensor_interfaces/lib/python3.10/site-packages/sensor_interfaces-0.0.1-py3.10.egg-info/PKG-INFO
[1.551s] -- Installing: /home/yang/ros2_ws/install/sensor_interfaces/lib/python3.10/site-packages/sensor_interfaces-0.0.1-py3.10.egg-info/dependency_links.txt
[1.551s] -- Installing: /home/yang/ros2_ws/install/sensor_interfaces/lib/python3.10/site-packages/sensor_interfaces-0.0.1-py3.10.egg-info/top_level.txt
[1.551s] -- Up-to-date: /home/yang/ros2_ws/install/sensor_interfaces/lib/python3.10/site-packages/sensor_interfaces
[1.551s] -- Installing: /home/yang/ros2_ws/install/sensor_interfaces/lib/python3.10/site-packages/sensor_interfaces/sensor_interfaces_s__rosidl_typesupport_introspection_c.cpython-310-x86_64-linux-gnu.so
[1.551s] -- Installing: /home/yang/ros2_ws/install/sensor_interfaces/lib/python3.10/site-packages/sensor_interfaces/sensor_interfaces_s__rosidl_typesupport_fastrtps_c.cpython-310-x86_64-linux-gnu.so
[1.551s] -- Up-to-date: /home/yang/ros2_ws/install/sensor_interfaces/lib/python3.10/site-packages/sensor_interfaces/srv
[1.551s] -- Up-to-date: /home/yang/ros2_ws/install/sensor_interfaces/lib/python3.10/site-packages/sensor_interfaces/srv/_sample_request.py
[1.551s] -- Up-to-date: /home/yang/ros2_ws/install/sensor_interfaces/lib/python3.10/site-packages/sensor_interfaces/srv/_sample_request_s.c
[1.551s] -- Up-to-date: /home/yang/ros2_ws/install/sensor_interfaces/lib/python3.10/site-packages/sensor_interfaces/srv/_sensor_data.py
[1.551s] -- Up-to-date: /home/yang/ros2_ws/install/sensor_interfaces/lib/python3.10/site-packages/sensor_interfaces/srv/_add_three_ints.py
[1.551s] -- Up-to-date: /home/yang/ros2_ws/install/sensor_interfaces/lib/python3.10/site-packages/sensor_interfaces/srv/_sensor_data_s.c
[1.551s] -- Up-to-date: /home/yang/ros2_ws/install/sensor_interfaces/lib/python3.10/site-packages/sensor_interfaces/srv/_add_three_ints_s.c
[1.551s] -- Up-to-date: /home/yang/ros2_ws/install/sensor_interfaces/lib/python3.10/site-packages/sensor_interfaces/srv/__init__.py
[1.551s] -- Installing: /home/yang/ros2_ws/install/sensor_interfaces/lib/python3.10/site-packages/sensor_interfaces/sensor_interfaces_s__rosidl_typesupport_c.cpython-310-x86_64-linux-gnu.so
[1.551s] -- Up-to-date: /home/yang/ros2_ws/install/sensor_interfaces/lib/python3.10/site-packages/sensor_interfaces/_sensor_interfaces_s.ep.rosidl_typesupport_c.c
[1.551s] -- Up-to-date: /home/yang/ros2_ws/install/sensor_interfaces/lib/python3.10/site-packages/sensor_interfaces/msg
[1.551s] -- Up-to-date: /home/yang/ros2_ws/install/sensor_interfaces/lib/python3.10/site-packages/sensor_interfaces/msg/_sample_array_s.c
[1.551s] -- Up-to-date: /home/yang/ros2_ws/install/sensor_interfaces/lib/python3.10/site-packages/sensor_interfaces/msg/_num.py
[1.551s] -- Up-to-date: /home/yang/ros2_ws/install/sensor_interfaces/lib/python3.10/site-packages/sensor_interfaces/msg/_sphere.py
[1.551s] -- Up-to-date: /home/yang/ros2_ws/install/sensor_interfaces/lib/python3.10/site-packages/sensor_interfaces/msg/_sample_array.py
[1.551s] -- Up-to-date: /home/yang/ros2_ws/install/sensor_interfaces/lib/python3.10/site-packages/sensor_interfaces/msg/_sphere_s.c
[1.551s] -- Up-to-date: /home/yang/ros2_ws/install/sensor_interfaces/lib/python3.10/site-packages/sensor_interfaces/msg/_num_s.c
[1.551s] -- Up-to-date: /home/yang/ros2_ws/install/sensor_interfaces/lib/python3.10/site-packages/sensor_interfaces/msg/__init__.py
[1.551s] -- Up-to-date: /home/yang/ros2_ws/install/sensor_interfaces/lib/python3.10/site-packages/sensor_interfaces/_sensor_interfaces_s.ep.rosidl_typesupport_introspection_c.c
[1.551s] -- Installing: /home/yang/ros2_ws/install/sensor_interfaces/lib/python3.10/site-packages/sensor_interfaces/libsensor_interfaces__rosidl_generator_py.so
[1.551s] -- Up-to-date: /home/yang/ros2_ws/install/sensor_interfaces/lib/python3.10/site-packages/sensor_interfaces/_sensor_interfaces_s.ep.rosidl_typesupport_fastrtps_c.c
[1.551s] -- Installing: /home/yang/ros2_ws/install/sensor_interfaces/lib/python3.10/site-packages/sensor_interfaces/__init__.py
[1.568s] Listing '/home/yang/ros2_ws/install/sensor_interfaces/lib/python3.10/site-packages/sensor_interfaces'...
[1.568s] Compiling '/home/yang/ros2_ws/install/sensor_interfaces/lib/python3.10/site-packages/sensor_interfaces/__init__.py'...
[1.568s] Listing '/home/yang/ros2_ws/install/sensor_interfaces/lib/python3.10/site-packages/sensor_interfaces/msg'...
[1.568s] Listing '/home/yang/ros2_ws/install/sensor_interfaces/lib/python3.10/site-packages/sensor_interfaces/srv'...
[1.571s] -- Installing: /home/yang/ros2_ws/install/sensor_interfaces/lib/python3.10/site-packages/sensor_interfaces/sensor_interfaces_s__rosidl_typesupport_fastrtps_c.cpython-310-x86_64-linux-gnu.so
[1.571s] -- Set runtime path of "/home/yang/ros2_ws/install/sensor_interfaces/lib/python3.10/site-packages/sensor_interfaces/sensor_interfaces_s__rosidl_typesupport_fastrtps_c.cpython-310-x86_64-linux-gnu.so" to ""
[1.571s] -- Installing: /home/yang/ros2_ws/install/sensor_interfaces/lib/python3.10/site-packages/sensor_interfaces/sensor_interfaces_s__rosidl_typesupport_introspection_c.cpython-310-x86_64-linux-gnu.so
[1.571s] -- Set runtime path of "/home/yang/ros2_ws/install/sensor_interfaces/lib/python3.10/site-packages/sensor_interfaces/sensor_interfaces_s__rosidl_typesupport_introspection_c.cpython-310-x86_64-linux-gnu.so" to ""
[1.571s] -- Installing: /home/yang/ros2_ws/install/sensor_interfaces/lib/python3.10/site-packages/sensor_interfaces/sensor_interfaces_s__rosidl_typesupport_c.cpython-310-x86_64-linux-gnu.so
[1.571s] -- Set runtime path of "/home/yang/ros2_ws/install/sensor_interfaces/lib/python3.10/site-packages/sensor_interfaces/sensor_interfaces_s__rosidl_typesupport_c.cpython-310-x86_64-linux-gnu.so" to ""
[1.571s] -- Installing: /home/yang/ros2_ws/install/sensor_interfaces/lib/libsensor_interfaces__rosidl_generator_py.so
[1.572s] -- Set runtime path of "/home/yang/ros2_ws/install/sensor_interfaces/lib/libsensor_interfaces__rosidl_generator_py.so" to ""
[1.572s] -- Up-to-date: /home/yang/ros2_ws/install/sensor_interfaces/share/sensor_interfaces/msg/SampleArray.idl
[1.572s] -- Up-to-date: /home/yang/ros2_ws/install/sensor_interfaces/share/sensor_interfaces/srv/SensorData.idl
[1.572s] -- Up-to-date: /home/yang/ros2_ws/install/sensor_interfaces/share/sensor_interfaces/msg/SampleArray.msg
[1.572s] -- Up-to-date: /home/yang/ros2_ws/install/sensor_interfaces/share/sensor_interfaces/srv/SensorData.srv
[1.572s] -- Up-to-date: /home/yang/ros2_ws/install/sensor_interfaces/share/sensor_interfaces/srv/SensorData_Request.msg
[1.572s] -- Up-to-date: /home/yang/ros2_ws/install/sensor_interfaces/share/sensor_interfaces/srv/SensorData_Response.msg
[1.572s] -- Up-to-date: /home/yang/ros2_ws/install/sensor_interfaces/share/ament_index/resource_index/package_run_dependencies/sensor_interfaces
[1.572s] -- Up-to-date: /home/yang/ros2_ws/install/sensor_interfaces/share/ament_index/resource_index/parent_prefix_path/sensor_interfaces
[1.572s] -- Up-to-date: /home/yang/ros2_ws/install/sensor_interfaces/share/sensor_interfaces/environment/ament_prefix_path.sh
[1.572s] -- Up-to-date: /home/yang/ros2_ws/install/sensor_interfaces/share/sensor_interfaces/environment/ament_prefix_path.dsv
[1.572s] -- Up-to-date: /home/yang/ros2_ws/install/sensor_interfaces/share/sensor_interfaces/environment/path.sh
[1.572s] -- Up-to-date: /home/yang/ros2_ws/install/sensor_interfaces/share/sensor_interfaces/environment/path.dsv
[1.572s] -- Up-to-date: /home/yang/ros2_ws/install/sensor_interfaces/share/sensor_interfaces/local_setup.bash
[1.572s] -- Up-to-date: /home/yang/ros2_ws/install/sensor_interfaces/share/sensor_interfaces/local_setup.sh
[1.572s] -- Up-to-date: /home/yang/ros2_ws/install/sensor_interfaces/share/sensor_interfaces/local_setup.zsh
[1.572s] -- Up-to-date: /home/yang/ros2_ws/install/sensor_interfaces/share/sensor_interfaces/local_setup.dsv
[1.572s] -- Installing: /home/yang/ros2_ws/install/sensor_interfaces/share/sensor_interfaces/package.dsv
[1.572s] -- Up-to-date: /home/yang/ros2_ws/install/sensor_interfaces/share/ament_index/resource_index/packages/sensor_interfaces
[1.572s] -- Up-to-date: /home/yang/ros2_ws/install/sensor_interfaces/share/sensor_interfaces/cmake/export_sensor_interfaces__rosidl_generator_cExport.cmake
[1.573s] -- Up-to-date: /home/yang/ros2_ws/install/sensor_interfaces/share/sensor_interfaces/cmake/export_sensor_interfaces__rosidl_generator_cExport-noconfig.cmake
[1.573s] -- Up-to-date: /home/yang/ros2_ws/install/sensor_interfaces/share/sensor_interfaces/cmake/export_sensor_interfaces__rosidl_typesupport_fastrtps_cExport.cmake
[1.573s] -- Up-to-date: /home/yang/ros2_ws/install/sensor_interfaces/share/sensor_interfaces/cmake/export_sensor_interfaces__rosidl_typesupport_fastrtps_cExport-noconfig.cmake
[1.573s] -- Up-to-date: /home/yang/ros2_ws/install/sensor_interfaces/share/sensor_interfaces/cmake/export_sensor_interfaces__rosidl_generator_cppExport.cmake
[1.573s] -- Up-to-date: /home/yang/ros2_ws/install/sensor_interfaces/share/sensor_interfaces/cmake/export_sensor_interfaces__rosidl_typesupport_fastrtps_cppExport.cmake
[1.573s] -- Up-to-date: /home/yang/ros2_ws/install/sensor_interfaces/share/sensor_interfaces/cmake/export_sensor_interfaces__rosidl_typesupport_fastrtps_cppExport-noconfig.cmake
[1.573s] -- Up-to-date: /home/yang/ros2_ws/install/sensor_interfaces/share/sensor_interfaces/cmake/sensor_interfaces__rosidl_typesupport_introspection_cExport.cmake
[1.573s] -- Up-to-date: /home/yang/ros2_ws/install/sensor_interfaces/share/sensor_interfaces/cmake/sensor_interfaces__rosidl_typesupport_introspection_cExport-noconfig.cmake
[1.573s] -- Up-to-date: /home/yang/ros2_ws/install/sensor_interfaces/share/sensor_interfaces/cmake/sensor_interfaces__rosidl_typesupport_cExport.cmake
[1.573s] -- Up-to-date: /home/yang/ros2_ws/install/sensor_interfaces/share/sensor_interfaces/cmake/sensor_interfaces__rosidl_typesupport_cExport-noconfig.cmake
[1.573s] -- Up-to-date: /home/yang/ros2_ws/install/sensor_interfaces/share/sensor_interfaces/cmake/sensor_interfaces__rosidl_typesupport_introspection_cppExport.cmake
[1.573s] -- Up-to-date: /home/yang/ros2_ws/install/sensor_interfaces/share/sensor_interfaces/cmake/sensor_interfaces__rosidl_typesupport_introspection_cppExport-noconfig.cmake
[1.573s] -- Up-to-date: /home/yang/ros2_ws/install/sensor_interfaces/share/sensor_interfaces/cmake/sensor_interfaces__rosidl_typesupport_cppExport.cmake
[1.573s] -- Up-to-date: /home/yang/ros2_ws/install/sensor_interfaces/share/sensor_interfaces/cmake/sensor_interfaces__rosidl_typesupport_cppExport-noconfig.cmake
[1.573s] -- Up-to-date: /home/yang/ros2_ws/install/sensor_interfaces/share/sensor_interfaces/cmake/export_sensor_interfaces__rosidl_generator_pyExport.cmake
[1.573s] -- Up-to-date: /home/yang/ros2_ws/install/sensor_interfaces/share/sensor_interfaces/cmake/export_sensor_interfaces__rosidl_generator_pyExport-noconfig.cmake
[1.573s] -- Installing: /home/yang/ros2_ws/install/sensor_interfaces/share/sensor_interfaces/cmake/rosidl_cmake-extras.cmake
[1.573s] -- Installing: /home/yang/ros2_ws/install/sensor_interfaces/share/sensor_interfaces/cmake/ament_cmake_export_dependencies-extras.cmake
[1.573s] -- Up-to-date: /home/yang/ros2_ws/install/sensor_interfaces/share/sensor_interfaces/cmake/ament_cmake_export_include_directories-extras.cmake
[1.573s] -- Up-to-date: /home/yang/ros2_ws/install/sensor_interfaces/share/sensor_interfaces/cmake/ament_cmake_export_libraries-extras.cmake
[1.573s] -- Up-to-date: /home/yang/ros2_ws/install/sensor_interfaces/share/sensor_interfaces/cmake/ament_cmake_export_targets-extras.cmake
[1.573s] -- Up-to-date: /home/yang/ros2_ws/install/sensor_interfaces/share/sensor_interfaces/cmake/rosidl_cmake_export_typesupport_targets-extras.cmake
[1.573s] -- Up-to-date: /home/yang/ros2_ws/install/sensor_interfaces/share/sensor_interfaces/cmake/rosidl_cmake_export_typesupport_libraries-extras.cmake
[1.573s] -- Installing: /home/yang/ros2_ws/install/sensor_interfaces/share/sensor_interfaces/cmake/sensor_interfacesConfig.cmake
[1.573s] -- Installing: /home/yang/ros2_ws/install/sensor_interfaces/share/sensor_interfaces/cmake/sensor_interfacesConfig-version.cmake
[1.573s] -- Installing: /home/yang/ros2_ws/install/sensor_interfaces/share/sensor_interfaces/package.xml
[1.574s] Invoked command in '/home/yang/ros2_ws/build/sensor_interfaces' returned '0': CMAKE_PREFIX_PATH=${CMAKE_PREFIX_PATH}:/home/yang/ros2_ws/install/py_srvcli:/opt/ros/iron /usr/bin/cmake --install /home/yang/ros2_ws/build/sensor_interfaces
