-- Found ament_cmake: 2.0.4 (/opt/ros/iron/share/ament_cmake/cmake)
-- Found std_msgs: 5.0.0 (/opt/ros/iron/share/std_msgs/cmake)
-- Found rosidl_generator_c: 4.0.1 (/opt/ros/iron/share/rosidl_generator_c/cmake)
-- Found rosidl_generator_cpp: 4.0.1 (/opt/ros/iron/share/rosidl_generator_cpp/cmake)
-- Using all available rosidl_typesupport_c: rosidl_typesupport_fastrtps_c;rosidl_typesupport_introspection_c
-- Using all available rosidl_typesupport_cpp: rosidl_typesupport_fastrtps_cpp;rosidl_typesupport_introspection_cpp
-- Found rclcpp: 21.0.5 (/opt/ros/iron/share/rclcpp/cmake)
-- Found rmw_implementation_cmake: 7.1.0 (/opt/ros/iron/share/rmw_implementation_cmake/cmake)
-- Found rmw_fastrtps_cpp: 7.1.3 (/opt/ros/iron/share/rmw_fastrtps_cpp/cmake)
-- Using RMW implementation 'rmw_fastrtps_cpp' as default
-- Found rclcpp_components: 21.0.5 (/opt/ros/iron/share/rclcpp_components/cmake)
-- Found rosidl_default_generators: 1.5.0 (/opt/ros/iron/share/rosidl_default_generators/cmake)
-- Found rosidl_adapter: 4.0.1 (/opt/ros/iron/share/rosidl_adapter/cmake)
-- Found ament_cmake_ros: 0.11.2 (/opt/ros/iron/share/ament_cmake_ros/cmake)
-- Using all available rosidl_typesupport_c: rosidl_typesupport_fastrtps_c;rosidl_typesupport_introspection_c
-- Using all available rosidl_typesupport_cpp: rosidl_typesupport_fastrtps_cpp;rosidl_typesupport_introspection_cpp
-- Found python_cmake_module: 0.10.2 (/opt/ros/iron/share/python_cmake_module/cmake)
-- Using PYTHON_EXECUTABLE: /usr/bin/python3
-- Using PYTHON_INCLUDE_DIRS: /usr/include/python3.10
-- Using PYTHON_LIBRARIES: /usr/lib/x86_64-linux-gnu/libpython3.10.so
-- Configuring done
-- Generating done
-- Build files have been written to: /home/yang/ros2_ws/build/cpp_sensor_server
[35m[1mConsolidate compiler generated dependencies of target sensor_server[0m
[  2%] Built target cpp_sensor_server__rosidl_generator_type_description
[  2%] Built target ament_cmake_python_copy_cpp_sensor_server
[35m[1mConsolidate compiler generated dependencies of target cpp_sensor_server__rosidl_generator_c[0m
[  5%] Built target cpp_sensor_server__cpp
[  8%] [32mBuilding CXX object CMakeFiles/sensor_server.dir/src/sensor_server.cpp.o[0m
[ 22%] Built target cpp_sensor_server__rosidl_generator_c
[35m[1mConsolidate compiler generated dependencies of target cpp_sensor_server__rosidl_typesupport_introspection_c[0m
[35m[1mConsolidate compiler generated dependencies of target cpp_sensor_server__rosidl_typesupport_c[0m
[35m[1mConsolidate compiler generated dependencies of target cpp_sensor_server__rosidl_typesupport_cpp[0m
[35m[1mConsolidate compiler generated dependencies of target cpp_sensor_server__rosidl_typesupport_fastrtps_c[0m
[35m[1mConsolidate compiler generated dependencies of target cpp_sensor_server__rosidl_typesupport_fastrtps_cpp[0m
[35m[1mConsolidate compiler generated dependencies of target cpp_sensor_server__rosidl_typesupport_introspection_cpp[0m
[ 38%] Built target cpp_sensor_server__rosidl_typesupport_introspection_c
[ 38%] Built target cpp_sensor_server__rosidl_typesupport_c
[ 47%] Built target cpp_sensor_server__rosidl_typesupport_fastrtps_c
[ 61%] Built target cpp_sensor_server__rosidl_typesupport_introspection_cpp
[ 63%] Built target cpp_sensor_server__rosidl_typesupport_cpp
[ 72%] Built target cpp_sensor_server__rosidl_typesupport_fastrtps_cpp
[ 72%] Built target cpp_sensor_server
[ 75%] Built target cpp_sensor_server__py
[35m[1mConsolidate compiler generated dependencies of target cpp_sensor_server__rosidl_generator_py[0m
[ 80%] Built target cpp_sensor_server__rosidl_generator_py
[35m[1mConsolidate compiler generated dependencies of target cpp_sensor_server__rosidl_typesupport_c__pyext[0m
[35m[1mConsolidate compiler generated dependencies of target cpp_sensor_server__rosidl_typesupport_fastrtps_c__pyext[0m
[35m[1mConsolidate compiler generated dependencies of target cpp_sensor_server__rosidl_typesupport_introspection_c__pyext[0m
[ 97%] Built target cpp_sensor_server__rosidl_typesupport_introspection_c__pyext
[ 97%] Built target cpp_sensor_server__rosidl_typesupport_fastrtps_c__pyext
[ 97%] Built target cpp_sensor_server__rosidl_typesupport_c__pyext
running egg_info
writing cpp_sensor_server.egg-info/PKG-INFO
writing dependency_links to cpp_sensor_server.egg-info/dependency_links.txt
writing top-level names to cpp_sensor_server.egg-info/top_level.txt
reading manifest file 'cpp_sensor_server.egg-info/SOURCES.txt'
writing manifest file 'cpp_sensor_server.egg-info/SOURCES.txt'
[01m[K/home/yang/ros2_ws/src/cpp_sensor_server/src/sensor_server.cpp:2:10:[m[K [01;31m[Kfatal error: [m[Kcpp_sensor_server/srv/sensor_data.hpp: No such file or directory
    2 | #include [01;31m[K"cpp_sensor_server/srv/sensor_data.hpp"[m[K
      |          [01;31m[K^~~~~~~~~~~~~~~~~~~~~~~~~~~~~~~~~~~~~~~[m[K
compilation terminated.
gmake[2]: *** [CMakeFiles/sensor_server.dir/build.make:76: CMakeFiles/sensor_server.dir/src/sensor_server.cpp.o] Error 1
gmake[1]: *** [CMakeFiles/Makefile2:623: CMakeFiles/sensor_server.dir/all] Error 2
gmake[1]: *** Waiting for unfinished jobs....
[ 97%] Built target ament_cmake_python_build_cpp_sensor_server_egg
gmake: *** [Makefile:146: all] Error 2
