[0.008s] Invoking command in '/home/yang/ros2_ws/build/cpp_srvcli': CMAKE_PREFIX_PATH=/home/yang/ros2_ws/install/tutorial_interfaces:/home/yang/ros2_ws/install/cpp_srvcli:/home/yang/ros2_ws/install/cpp_sensor_server:/home/yang/ros2_ws/install/py_srvcli:/opt/ros/iron PYTHONPATH=/home/yang/ros2_ws/install/tutorial_interfaces/lib/python3.10/site-packages:/home/yang/ros2_ws/install/py_srvcli/lib/python3.10/site-packages:/home/yang/ros2_ws/install/cpp_sensor_server/lib/python3.10/site-packages:/opt/ros/iron/lib/python3.10/site-packages /usr/bin/cmake --build /home/yang/ros2_ws/build/cpp_srvcli -- -j16 -l16
[0.020s] -- Found ament_cmake: 2.0.4 (/opt/ros/iron/share/ament_cmake/cmake)
[0.099s] -- Found rclcpp: 21.0.5 (/opt/ros/iron/share/rclcpp/cmake)
[0.115s] -- Found rosidl_generator_c: 4.0.1 (/opt/ros/iron/share/rosidl_generator_c/cmake)
[0.119s] -- Found rosidl_generator_cpp: 4.0.1 (/opt/ros/iron/share/rosidl_generator_cpp/cmake)
[0.127s] -- Using all available rosidl_typesupport_c: rosidl_typesupport_fastrtps_c;rosidl_typesupport_introspection_c
[0.136s] -- Using all available rosidl_typesupport_cpp: rosidl_typesupport_fastrtps_cpp;rosidl_typesupport_introspection_cpp
[0.221s] -- Found rmw_implementation_cmake: 7.1.0 (/opt/ros/iron/share/rmw_implementation_cmake/cmake)
[0.222s] -- Found rmw_fastrtps_cpp: 7.1.3 (/opt/ros/iron/share/rmw_fastrtps_cpp/cmake)
[0.284s] -- Using RMW implementation 'rmw_fastrtps_cpp' as default
[0.375s] -- Found std_msgs: 5.0.0 (/opt/ros/iron/share/std_msgs/cmake)
[0.392s] -- Found tutorial_interfaces: 0.0.0 (/home/yang/ros2_ws/install/tutorial_interfaces/share/tutorial_interfaces/cmake)
[0.483s] [31mCMake Error at CMakeLists.txt:8 (find_package):
[0.483s]   By not providing "Findasio.cmake" in CMAKE_MODULE_PATH this project has
[0.484s]   asked CMake to find a package configuration file provided by "asio", but
[0.484s]   CMake did not find one.
[0.484s] 
[0.484s]   Could not find a package configuration file provided by "asio" with any of
[0.484s]   the following names:
[0.484s] 
[0.484s]     asioConfig.cmake
[0.484s]     asio-config.cmake
[0.484s] 
[0.484s]   Add the installation prefix of "asio" to CMAKE_PREFIX_PATH or set
[0.484s]   "asio_DIR" to a directory containing one of the above files.  If "asio"
[0.484s]   provides a separate development package or SDK, be sure it has been
[0.484s]   installed.
[0.484s] 
[0.484s] [0m
[0.484s] -- Configuring incomplete, errors occurred!
[0.484s] See also "/home/yang/ros2_ws/build/cpp_srvcli/CMakeFiles/CMakeOutput.log".
[0.487s] gmake: *** [Makefile:308: cmake_check_build_system] Error 1
[0.488s] Invoked command in '/home/yang/ros2_ws/build/cpp_srvcli' returned '2': CMAKE_PREFIX_PATH=/home/yang/ros2_ws/install/tutorial_interfaces:/home/yang/ros2_ws/install/cpp_srvcli:/home/yang/ros2_ws/install/cpp_sensor_server:/home/yang/ros2_ws/install/py_srvcli:/opt/ros/iron PYTHONPATH=/home/yang/ros2_ws/install/tutorial_interfaces/lib/python3.10/site-packages:/home/yang/ros2_ws/install/py_srvcli/lib/python3.10/site-packages:/home/yang/ros2_ws/install/cpp_sensor_server/lib/python3.10/site-packages:/opt/ros/iron/lib/python3.10/site-packages /usr/bin/cmake --build /home/yang/ros2_ws/build/cpp_srvcli -- -j16 -l16
