[0.007s] Invoking command in '/home/yang/ros2_ws/build/cpp_srvcli': AMENT_PREFIX_PATH=/home/yang/ros2_ws/install/tutorial_interfaces:${AMENT_PREFIX_PATH} CMAKE_PREFIX_PATH=/home/yang/ros2_ws/install/tutorial_interfaces:/opt/ros/iron LD_LIBRARY_PATH=/home/yang/ros2_ws/install/tutorial_interfaces/lib:${LD_LIBRARY_PATH} PYTHONPATH=/home/yang/ros2_ws/install/tutorial_interfaces/lib/python3.10/site-packages:${PYTHONPATH} /usr/bin/cmake --build /home/yang/ros2_ws/build/cpp_srvcli -- -j16 -l16
[0.029s] [35m[1mConsolidate compiler generated dependencies of target client[0m
[0.039s] [ 25%] [32mBuilding CXX object CMakeFiles/client.dir/src/sensor_client.cpp.o[0m
[0.040s] [ 75%] Built target server
[2.855s] [100%] [32m[1mLinking CXX executable client[0m
[2.979s] [100%] Built target client
[2.984s] Invoked command in '/home/yang/ros2_ws/build/cpp_srvcli' returned '0': AMENT_PREFIX_PATH=/home/yang/ros2_ws/install/tutorial_interfaces:${AMENT_PREFIX_PATH} CMAKE_PREFIX_PATH=/home/yang/ros2_ws/install/tutorial_interfaces:/opt/ros/iron LD_LIBRARY_PATH=/home/yang/ros2_ws/install/tutorial_interfaces/lib:${LD_LIBRARY_PATH} PYTHONPATH=/home/yang/ros2_ws/install/tutorial_interfaces/lib/python3.10/site-packages:${PYTHONPATH} /usr/bin/cmake --build /home/yang/ros2_ws/build/cpp_srvcli -- -j16 -l16
[3.002s] Invoking command in '/home/yang/ros2_ws/build/cpp_srvcli': AMENT_PREFIX_PATH=/home/yang/ros2_ws/install/tutorial_interfaces:${AMENT_PREFIX_PATH} CMAKE_PREFIX_PATH=/home/yang/ros2_ws/install/tutorial_interfaces:/opt/ros/iron LD_LIBRARY_PATH=/home/yang/ros2_ws/install/tutorial_interfaces/lib:${LD_LIBRARY_PATH} PYTHONPATH=/home/yang/ros2_ws/install/tutorial_interfaces/lib/python3.10/site-packages:${PYTHONPATH} /usr/bin/cmake --install /home/yang/ros2_ws/build/cpp_srvcli
[3.006s] -- Install configuration: ""
[3.006s] -- Up-to-date: /home/yang/ros2_ws/install/cpp_srvcli/lib/cpp_srvcli/server
[3.006s] -- Installing: /home/yang/ros2_ws/install/cpp_srvcli/lib/cpp_srvcli/client
[3.007s] -- Set runtime path of "/home/yang/ros2_ws/install/cpp_srvcli/lib/cpp_srvcli/client" to ""
[3.007s] -- Up-to-date: /home/yang/ros2_ws/install/cpp_srvcli/share/ament_index/resource_index/package_run_dependencies/cpp_srvcli
[3.007s] -- Up-to-date: /home/yang/ros2_ws/install/cpp_srvcli/share/ament_index/resource_index/parent_prefix_path/cpp_srvcli
[3.007s] -- Up-to-date: /home/yang/ros2_ws/install/cpp_srvcli/share/cpp_srvcli/environment/ament_prefix_path.sh
[3.008s] -- Up-to-date: /home/yang/ros2_ws/install/cpp_srvcli/share/cpp_srvcli/environment/ament_prefix_path.dsv
[3.008s] -- Up-to-date: /home/yang/ros2_ws/install/cpp_srvcli/share/cpp_srvcli/environment/path.sh
[3.008s] -- Up-to-date: /home/yang/ros2_ws/install/cpp_srvcli/share/cpp_srvcli/environment/path.dsv
[3.008s] -- Up-to-date: /home/yang/ros2_ws/install/cpp_srvcli/share/cpp_srvcli/local_setup.bash
[3.008s] -- Up-to-date: /home/yang/ros2_ws/install/cpp_srvcli/share/cpp_srvcli/local_setup.sh
[3.008s] -- Up-to-date: /home/yang/ros2_ws/install/cpp_srvcli/share/cpp_srvcli/local_setup.zsh
[3.008s] -- Up-to-date: /home/yang/ros2_ws/install/cpp_srvcli/share/cpp_srvcli/local_setup.dsv
[3.008s] -- Installing: /home/yang/ros2_ws/install/cpp_srvcli/share/cpp_srvcli/package.dsv
[3.008s] -- Up-to-date: /home/yang/ros2_ws/install/cpp_srvcli/share/ament_index/resource_index/packages/cpp_srvcli
[3.008s] -- Up-to-date: /home/yang/ros2_ws/install/cpp_srvcli/share/cpp_srvcli/cmake/cpp_srvcliConfig.cmake
[3.008s] -- Up-to-date: /home/yang/ros2_ws/install/cpp_srvcli/share/cpp_srvcli/cmake/cpp_srvcliConfig-version.cmake
[3.008s] -- Up-to-date: /home/yang/ros2_ws/install/cpp_srvcli/share/cpp_srvcli/package.xml
[3.008s] Invoked command in '/home/yang/ros2_ws/build/cpp_srvcli' returned '0': AMENT_PREFIX_PATH=/home/yang/ros2_ws/install/tutorial_interfaces:${AMENT_PREFIX_PATH} CMAKE_PREFIX_PATH=/home/yang/ros2_ws/install/tutorial_interfaces:/opt/ros/iron LD_LIBRARY_PATH=/home/yang/ros2_ws/install/tutorial_interfaces/lib:${LD_LIBRARY_PATH} PYTHONPATH=/home/yang/ros2_ws/install/tutorial_interfaces/lib/python3.10/site-packages:${PYTHONPATH} /usr/bin/cmake --install /home/yang/ros2_ws/build/cpp_srvcli
