[0.007s] Invoking command in '/home/yang/ros2_ws/build/cpp_srvcli': CMAKE_PREFIX_PATH=/home/yang/ros2_ws/install/tutorial_interfaces:/home/yang/ros2_ws/install/cpp_sensor_server:/home/yang/ros2_ws/install/cpp_srvcli:/home/yang/ros2_ws/install/py_srvcli:/opt/ros/iron LD_LIBRARY_PATH=/home/yang/ros2_ws/install/tutorial_interfaces/lib:/home/yang/ros2_ws/install/cpp_sensor_server/lib:/opt/ros/iron/opt/rviz_ogre_vendor/lib:/opt/ros/iron/lib/x86_64-linux-gnu:/opt/ros/iron/lib PYTHONPATH=/home/yang/ros2_ws/install/tutorial_interfaces/lib/python3.10/site-packages:/home/yang/ros2_ws/install/py_srvcli/lib/python3.10/site-packages:/home/yang/ros2_ws/install/cpp_sensor_server/lib/python3.10/site-packages:/opt/ros/iron/lib/python3.10/site-packages /usr/bin/cmake --build /home/yang/ros2_ws/build/cpp_srvcli -- -j16 -l16
[0.030s] [35m[1mConsolidate compiler generated dependencies of target client[0m
[0.040s] [ 75%] [32mBuilding CXX object CMakeFiles/client.dir/src/sensor_client.cpp.o[0m
[0.040s] [ 75%] Built target server
[1.498s] [01m[K/home/yang/ros2_ws/src/cpp_srvcli/src/sensor_client.cpp:[m[K In member function ‘[01m[Kvoid SensorClient::request_data()[m[K’:
[1.498s] [01m[K/home/yang/ros2_ws/src/cpp_srvcli/src/sensor_client.cpp:24:23:[m[K [01;31m[Kerror: [m[K‘[01m[Kstruct rclcpp::Client<tutorial_interfaces::srv::SampleRequest>::FutureAndRequestId[m[K’ has no member named ‘[01m[Kthen[m[K’
[1.498s]    24 |         result_future.[01;31m[Kthen[m[K([this](rclcpp::Client<tutorial_interfaces::srv::SampleRequest>::SharedFuture result_future) {
[1.498s]       |                       [01;31m[K^~~~[m[K
[1.498s] [01m[K/home/yang/ros2_ws/src/cpp_srvcli/src/sensor_client.cpp:[m[K In lambda function:
[1.498s] [01m[K/home/yang/ros2_ws/src/cpp_srvcli/src/sensor_client.cpp:27:36:[m[K [01;31m[Kerror: [m[Kno match for ‘[01m[Koperator=[m[K’ (operand types are ‘[01m[Kstd_msgs::msg::Float64MultiArray_<std::allocator<void> >::_data_type[m[K’ {aka ‘[01m[Kstd::vector<double, std::allocator<double> >[m[K’} and ‘[01m[Ktutorial_interfaces::srv::SampleRequest_Response_<std::allocator<void> >::_data_type[m[K’ {aka ‘[01m[Kstd_msgs::msg::Float64MultiArray_<std::allocator<void> >[m[K’})
[1.498s]    27 |             message.data = result->[01;31m[Kdata[m[K; // Assuming 'data' is a vector<double>
[1.498s]       |                                    [01;31m[K^~~~[m[K
[1.498s] In file included from [01m[K/usr/include/c++/11/vector:72[m[K,
[1.498s]                  from [01m[K/usr/include/c++/11/functional:62[m[K,
[1.498s]                  from [01m[K/usr/include/c++/11/pstl/glue_algorithm_defs.h:13[m[K,
[1.498s]                  from [01m[K/usr/include/c++/11/algorithm:74[m[K,
[1.498s]                  from [01m[K/opt/ros/iron/include/rclcpp/rclcpp/executor.hpp:18[m[K,
[1.498s]                  from [01m[K/opt/ros/iron/include/rclcpp/rclcpp/executors/multi_threaded_executor.hpp:25[m[K,
[1.498s]                  from [01m[K/opt/ros/iron/include/rclcpp/rclcpp/executors.hpp:21[m[K,
[1.498s]                  from [01m[K/opt/ros/iron/include/rclcpp/rclcpp/rclcpp.hpp:167[m[K,
[1.499s]                  from [01m[K/home/yang/ros2_ws/src/cpp_srvcli/src/sensor_client.cpp:1[m[K:
[1.499s] [01m[K/usr/include/c++/11/bits/vector.tcc:198:5:[m[K [01;36m[Knote: [m[Kcandidate: ‘[01m[Kstd::vector<_Tp, _Alloc>& std::vector<_Tp, _Alloc>::operator=(const std::vector<_Tp, _Alloc>&) [with _Tp = double; _Alloc = std::allocator<double>][m[K’
[1.499s]   198 |     [01;36m[Kvector<_Tp, _Alloc>[m[K::
[1.499s]       |     [01;36m[K^~~~~~~~~~~~~~~~~~~[m[K
[1.499s] [01m[K/usr/include/c++/11/bits/vector.tcc:199:42:[m[K [01;36m[Knote: [m[K  no known conversion for argument 1 from ‘[01m[Ktutorial_interfaces::srv::SampleRequest_Response_<std::allocator<void> >::_data_type[m[K’ {aka ‘[01m[Kstd_msgs::msg::Float64MultiArray_<std::allocator<void> >[m[K’} to ‘[01m[Kconst std::vector<double, std::allocator<double> >&[m[K’
[1.499s]   199 |     operator=([01;36m[Kconst vector<_Tp, _Alloc>& __x[m[K)
[1.499s]       |               [01;36m[K~~~~~~~~~~~~~~~~~~~~~~~~~~~^~~[m[K
[1.499s] In file included from [01m[K/usr/include/c++/11/vector:67[m[K,
[1.499s]                  from [01m[K/usr/include/c++/11/functional:62[m[K,
[1.499s]                  from [01m[K/usr/include/c++/11/pstl/glue_algorithm_defs.h:13[m[K,
[1.499s]                  from [01m[K/usr/include/c++/11/algorithm:74[m[K,
[1.499s]                  from [01m[K/opt/ros/iron/include/rclcpp/rclcpp/executor.hpp:18[m[K,
[1.499s]                  from [01m[K/opt/ros/iron/include/rclcpp/rclcpp/executors/multi_threaded_executor.hpp:25[m[K,
[1.499s]                  from [01m[K/opt/ros/iron/include/rclcpp/rclcpp/executors.hpp:21[m[K,
[1.499s]                  from [01m[K/opt/ros/iron/include/rclcpp/rclcpp/rclcpp.hpp:167[m[K,
[1.499s]                  from [01m[K/home/yang/ros2_ws/src/cpp_srvcli/src/sensor_client.cpp:1[m[K:
[1.499s] [01m[K/usr/include/c++/11/bits/stl_vector.h:709:7:[m[K [01;36m[Knote: [m[Kcandidate: ‘[01m[Kstd::vector<_Tp, _Alloc>& std::vector<_Tp, _Alloc>::operator=(std::vector<_Tp, _Alloc>&&) [with _Tp = double; _Alloc = std::allocator<double>][m[K’
[1.499s]   709 |       [01;36m[Koperator[m[K=(vector&& __x) noexcept(_Alloc_traits::_S_nothrow_move())
[1.499s]       |       [01;36m[K^~~~~~~~[m[K
[1.499s] [01m[K/usr/include/c++/11/bits/stl_vector.h:709:26:[m[K [01;36m[Knote: [m[K  no known conversion for argument 1 from ‘[01m[Ktutorial_interfaces::srv::SampleRequest_Response_<std::allocator<void> >::_data_type[m[K’ {aka ‘[01m[Kstd_msgs::msg::Float64MultiArray_<std::allocator<void> >[m[K’} to ‘[01m[Kstd::vector<double, std::allocator<double> >&&[m[K’
[1.499s]   709 |       operator=([01;36m[Kvector&& __x[m[K) noexcept(_Alloc_traits::_S_nothrow_move())
[1.499s]       |                 [01;36m[K~~~~~~~~~^~~[m[K
[1.499s] [01m[K/usr/include/c++/11/bits/stl_vector.h:730:7:[m[K [01;36m[Knote: [m[Kcandidate: ‘[01m[Kstd::vector<_Tp, _Alloc>& std::vector<_Tp, _Alloc>::operator=(std::initializer_list<_Tp>) [with _Tp = double; _Alloc = std::allocator<double>][m[K’
[1.499s]   730 |       [01;36m[Koperator[m[K=(initializer_list<value_type> __l)
[1.499s]       |       [01;36m[K^~~~~~~~[m[K
[1.500s] [01m[K/usr/include/c++/11/bits/stl_vector.h:730:46:[m[K [01;36m[Knote: [m[K  no known conversion for argument 1 from ‘[01m[Ktutorial_interfaces::srv::SampleRequest_Response_<std::allocator<void> >::_data_type[m[K’ {aka ‘[01m[Kstd_msgs::msg::Float64MultiArray_<std::allocator<void> >[m[K’} to ‘[01m[Kstd::initializer_list<double>[m[K’
[1.500s]   730 |       operator=([01;36m[Kinitializer_list<value_type> __l[m[K)
[1.500s]       |                 [01;36m[K~~~~~~~~~~~~~~~~~~~~~~~~~~~~~^~~[m[K
[2.247s] gmake[2]: *** [CMakeFiles/client.dir/build.make:76: CMakeFiles/client.dir/src/sensor_client.cpp.o] Error 1
[2.248s] gmake[1]: *** [CMakeFiles/Makefile2:165: CMakeFiles/client.dir/all] Error 2
[2.248s] gmake: *** [Makefile:146: all] Error 2
[2.249s] Invoked command in '/home/yang/ros2_ws/build/cpp_srvcli' returned '2': CMAKE_PREFIX_PATH=/home/yang/ros2_ws/install/tutorial_interfaces:/home/yang/ros2_ws/install/cpp_sensor_server:/home/yang/ros2_ws/install/cpp_srvcli:/home/yang/ros2_ws/install/py_srvcli:/opt/ros/iron LD_LIBRARY_PATH=/home/yang/ros2_ws/install/tutorial_interfaces/lib:/home/yang/ros2_ws/install/cpp_sensor_server/lib:/opt/ros/iron/opt/rviz_ogre_vendor/lib:/opt/ros/iron/lib/x86_64-linux-gnu:/opt/ros/iron/lib PYTHONPATH=/home/yang/ros2_ws/install/tutorial_interfaces/lib/python3.10/site-packages:/home/yang/ros2_ws/install/py_srvcli/lib/python3.10/site-packages:/home/yang/ros2_ws/install/cpp_sensor_server/lib/python3.10/site-packages:/opt/ros/iron/lib/python3.10/site-packages /usr/bin/cmake --build /home/yang/ros2_ws/build/cpp_srvcli -- -j16 -l16
