[0.008s] Invoking command in '/home/yang/ros2_ws/build/cpp_srvcli': CMAKE_PREFIX_PATH=/home/yang/ros2_ws/install/tutorial_interfaces:/home/yang/ros2_ws/install/cpp_srvcli:/home/yang/ros2_ws/install/cpp_sensor_server:/home/yang/ros2_ws/install/py_srvcli:/opt/ros/iron LD_LIBRARY_PATH=/home/yang/ros2_ws/install/tutorial_interfaces/lib:/home/yang/ros2_ws/install/cpp_sensor_server/lib:/opt/ros/iron/opt/rviz_ogre_vendor/lib:/opt/ros/iron/lib/x86_64-linux-gnu:/opt/ros/iron/lib PYTHONPATH=/home/yang/ros2_ws/install/tutorial_interfaces/lib/python3.10/site-packages:/home/yang/ros2_ws/install/py_srvcli/lib/python3.10/site-packages:/home/yang/ros2_ws/install/cpp_sensor_server/lib/python3.10/site-packages:/opt/ros/iron/lib/python3.10/site-packages /usr/bin/cmake --build /home/yang/ros2_ws/build/cpp_srvcli -- -j16 -l16
[0.029s] [35m[1mConsolidate compiler generated dependencies of target client[0m
[0.040s] [ 50%] Built target server
[0.040s] [100%] Built target client
[0.047s] Invoked command in '/home/yang/ros2_ws/build/cpp_srvcli' returned '0': CMAKE_PREFIX_PATH=/home/yang/ros2_ws/install/tutorial_interfaces:/home/yang/ros2_ws/install/cpp_srvcli:/home/yang/ros2_ws/install/cpp_sensor_server:/home/yang/ros2_ws/install/py_srvcli:/opt/ros/iron LD_LIBRARY_PATH=/home/yang/ros2_ws/install/tutorial_interfaces/lib:/home/yang/ros2_ws/install/cpp_sensor_server/lib:/opt/ros/iron/opt/rviz_ogre_vendor/lib:/opt/ros/iron/lib/x86_64-linux-gnu:/opt/ros/iron/lib PYTHONPATH=/home/yang/ros2_ws/install/tutorial_interfaces/lib/python3.10/site-packages:/home/yang/ros2_ws/install/py_srvcli/lib/python3.10/site-packages:/home/yang/ros2_ws/install/cpp_sensor_server/lib/python3.10/site-packages:/opt/ros/iron/lib/python3.10/site-packages /usr/bin/cmake --build /home/yang/ros2_ws/build/cpp_srvcli -- -j16 -l16
[0.067s] Invoking command in '/home/yang/ros2_ws/build/cpp_srvcli': CMAKE_PREFIX_PATH=/home/yang/ros2_ws/install/tutorial_interfaces:/home/yang/ros2_ws/install/cpp_srvcli:/home/yang/ros2_ws/install/cpp_sensor_server:/home/yang/ros2_ws/install/py_srvcli:/opt/ros/iron LD_LIBRARY_PATH=/home/yang/ros2_ws/install/tutorial_interfaces/lib:/home/yang/ros2_ws/install/cpp_sensor_server/lib:/opt/ros/iron/opt/rviz_ogre_vendor/lib:/opt/ros/iron/lib/x86_64-linux-gnu:/opt/ros/iron/lib PYTHONPATH=/home/yang/ros2_ws/install/tutorial_interfaces/lib/python3.10/site-packages:/home/yang/ros2_ws/install/py_srvcli/lib/python3.10/site-packages:/home/yang/ros2_ws/install/cpp_sensor_server/lib/python3.10/site-packages:/opt/ros/iron/lib/python3.10/site-packages /usr/bin/cmake --install /home/yang/ros2_ws/build/cpp_srvcli
[0.070s] -- Install configuration: ""
[0.070s] -- Up-to-date: /home/yang/ros2_ws/install/cpp_srvcli/lib/cpp_srvcli/server
[0.071s] -- Up-to-date: /home/yang/ros2_ws/install/cpp_srvcli/lib/cpp_srvcli/client
[0.071s] -- Up-to-date: /home/yang/ros2_ws/install/cpp_srvcli/share/ament_index/resource_index/package_run_dependencies/cpp_srvcli
[0.071s] -- Up-to-date: /home/yang/ros2_ws/install/cpp_srvcli/share/ament_index/resource_index/parent_prefix_path/cpp_srvcli
[0.071s] -- Up-to-date: /home/yang/ros2_ws/install/cpp_srvcli/share/cpp_srvcli/environment/ament_prefix_path.sh
[0.071s] -- Up-to-date: /home/yang/ros2_ws/install/cpp_srvcli/share/cpp_srvcli/environment/ament_prefix_path.dsv
[0.071s] -- Up-to-date: /home/yang/ros2_ws/install/cpp_srvcli/share/cpp_srvcli/environment/path.sh
[0.071s] -- Up-to-date: /home/yang/ros2_ws/install/cpp_srvcli/share/cpp_srvcli/environment/path.dsv
[0.071s] -- Up-to-date: /home/yang/ros2_ws/install/cpp_srvcli/share/cpp_srvcli/local_setup.bash
[0.071s] -- Up-to-date: /home/yang/ros2_ws/install/cpp_srvcli/share/cpp_srvcli/local_setup.sh
[0.071s] -- Up-to-date: /home/yang/ros2_ws/install/cpp_srvcli/share/cpp_srvcli/local_setup.zsh
[0.071s] -- Up-to-date: /home/yang/ros2_ws/install/cpp_srvcli/share/cpp_srvcli/local_setup.dsv
[0.071s] -- Installing: /home/yang/ros2_ws/install/cpp_srvcli/share/cpp_srvcli/package.dsv
[0.071s] -- Up-to-date: /home/yang/ros2_ws/install/cpp_srvcli/share/ament_index/resource_index/packages/cpp_srvcli
[0.071s] -- Up-to-date: /home/yang/ros2_ws/install/cpp_srvcli/share/cpp_srvcli/cmake/cpp_srvcliConfig.cmake
[0.072s] -- Up-to-date: /home/yang/ros2_ws/install/cpp_srvcli/share/cpp_srvcli/cmake/cpp_srvcliConfig-version.cmake
[0.072s] -- Up-to-date: /home/yang/ros2_ws/install/cpp_srvcli/share/cpp_srvcli/package.xml
[0.072s] Invoked command in '/home/yang/ros2_ws/build/cpp_srvcli' returned '0': CMAKE_PREFIX_PATH=/home/yang/ros2_ws/install/tutorial_interfaces:/home/yang/ros2_ws/install/cpp_srvcli:/home/yang/ros2_ws/install/cpp_sensor_server:/home/yang/ros2_ws/install/py_srvcli:/opt/ros/iron LD_LIBRARY_PATH=/home/yang/ros2_ws/install/tutorial_interfaces/lib:/home/yang/ros2_ws/install/cpp_sensor_server/lib:/opt/ros/iron/opt/rviz_ogre_vendor/lib:/opt/ros/iron/lib/x86_64-linux-gnu:/opt/ros/iron/lib PYTHONPATH=/home/yang/ros2_ws/install/tutorial_interfaces/lib/python3.10/site-packages:/home/yang/ros2_ws/install/py_srvcli/lib/python3.10/site-packages:/home/yang/ros2_ws/install/cpp_sensor_server/lib/python3.10/site-packages:/opt/ros/iron/lib/python3.10/site-packages /usr/bin/cmake --install /home/yang/ros2_ws/build/cpp_srvcli
