[  5%] Built target cpp_sensor_server__rosidl_generator_type_description
[  5%] [32mBuilding CXX object CMakeFiles/sensor_client.dir/src/sensor_client.cpp.o[0m
[  5%] Built target ament_cmake_python_copy_cpp_sensor_server
[  7%] Built target cpp_sensor_server__cpp
[ 21%] Built target cpp_sensor_server__rosidl_generator_c
[ 50%] Built target cpp_sensor_server__rosidl_typesupport_introspection_c
[ 50%] Built target cpp_sensor_server__rosidl_typesupport_cpp
[ 52%] Built target cpp_sensor_server__rosidl_typesupport_c
[ 52%] Built target cpp_sensor_server__rosidl_typesupport_fastrtps_c
[ 63%] Built target cpp_sensor_server__rosidl_typesupport_fastrtps_cpp
[ 68%] Built target cpp_sensor_server__rosidl_typesupport_introspection_cpp
[ 68%] Built target cpp_sensor_server
[ 71%] Built target cpp_sensor_server__py
[ 76%] Built target sensor_server
[ 81%] Built target cpp_sensor_server__rosidl_generator_py
[ 97%] Built target cpp_sensor_server__rosidl_typesupport_introspection_c__pyext
[ 97%] Built target cpp_sensor_server__rosidl_typesupport_fastrtps_c__pyext
[ 97%] Built target cpp_sensor_server__rosidl_typesupport_c__pyext
running egg_info
writing cpp_sensor_server.egg-info/PKG-INFO
writing dependency_links to cpp_sensor_server.egg-info/dependency_links.txt
writing top-level names to cpp_sensor_server.egg-info/top_level.txt
reading manifest file 'cpp_sensor_server.egg-info/SOURCES.txt'
writing manifest file 'cpp_sensor_server.egg-info/SOURCES.txt'
[ 97%] Built target ament_cmake_python_build_cpp_sensor_server_egg
