[35m[1mConsolidate compiler generated dependencies of target server[0m
[ 50%] Built target client
[ 75%] [32mBuilding CXX object CMakeFiles/server.dir/src/sensor_server.cpp.o[0m
In file included from [01m[K/opt/ros/iron/include/rclcpp/rclcpp/logging.hpp:24[m[K,
                 from [01m[K/opt/ros/iron/include/rclcpp/rclcpp/client.hpp:43[m[K,
                 from [01m[K/opt/ros/iron/include/rclcpp/rclcpp/callback_group.hpp:24[m[K,
                 from [01m[K/opt/ros/iron/include/rclcpp/rclcpp/any_executable.hpp:20[m[K,
                 from [01m[K/opt/ros/iron/include/rclcpp/rclcpp/memory_strategy.hpp:25[m[K,
                 from [01m[K/opt/ros/iron/include/rclcpp/rclcpp/memory_strategies.hpp:18[m[K,
                 from [01m[K/opt/ros/iron/include/rclcpp/rclcpp/executor_options.hpp:20[m[K,
                 from [01m[K/opt/ros/iron/include/rclcpp/rclcpp/executor.hpp:37[m[K,
                 from [01m[K/opt/ros/iron/include/rclcpp/rclcpp/executors/multi_threaded_executor.hpp:25[m[K,
                 from [01m[K/opt/ros/iron/include/rclcpp/rclcpp/executors.hpp:21[m[K,
                 from [01m[K/opt/ros/iron/include/rclcpp/rclcpp/rclcpp.hpp:167[m[K,
                 from [01m[K/home/yang/ros2_ws/src/cpp_srvcli/src/sensor_server.cpp:1[m[K:
[01m[K/home/yang/ros2_ws/src/cpp_srvcli/src/sensor_server.cpp:[m[K In member function ‘[01m[Kvoid SensorService::handle_service(std::shared_ptr<tutorial_interfaces::srv::SampleRequest_Request_<std::allocator<void> > >, std::shared_ptr<tutorial_interfaces::srv::SampleRequest_Response_<std::allocator<void> > >)[m[K’:
[01m[K/home/yang/ros2_ws/src/cpp_srvcli/src/sensor_server.cpp:64:45:[m[K [01;35m[Kwarning: [m[Kformat ‘[01m[K%d[m[K’ expects argument of type ‘[01m[Kint[m[K’, but argument 5 has type ‘[01m[Kdouble[m[K’ [[01;35m[K]8;;https://gcc.gnu.org/onlinedocs/gcc/Warning-Options.html#index-Wformat=-Wformat=]8;;[m[K]
   64 |             RCLCPP_INFO(this->get_logger(), [01;35m[K"got values%d"[m[K,[32m[Kvalue[m[K);
      |                                             [01;35m[K^~~~~~~~~~~~~~[m[K [32m[K~~~~~[m[K
      |                                                            [32m[K|[m[K
      |                                                            [32m[Kdouble[m[K
[01m[K/home/yang/ros2_ws/src/cpp_srvcli/src/sensor_server.cpp:64:57:[m[K [01;36m[Knote: [m[Kformat string is defined here
   64 |             RCLCPP_INFO(this->get_logger(), "got values[01;36m[K%d[m[K",value);
      |                                                        [01;36m[K~^[m[K
      |                                                         [01;36m[K|[m[K
      |                                                         [01;36m[Kint[m[K
      |                                                        [32m[K%f[m[K
In file included from [01m[K/opt/ros/iron/include/rclcpp/rclcpp/logging.hpp:24[m[K,
                 from [01m[K/opt/ros/iron/include/rclcpp/rclcpp/client.hpp:43[m[K,
                 from [01m[K/opt/ros/iron/include/rclcpp/rclcpp/callback_group.hpp:24[m[K,
                 from [01m[K/opt/ros/iron/include/rclcpp/rclcpp/any_executable.hpp:20[m[K,
                 from [01m[K/opt/ros/iron/include/rclcpp/rclcpp/memory_strategy.hpp:25[m[K,
                 from [01m[K/opt/ros/iron/include/rclcpp/rclcpp/memory_strategies.hpp:18[m[K,
                 from [01m[K/opt/ros/iron/include/rclcpp/rclcpp/executor_options.hpp:20[m[K,
                 from [01m[K/opt/ros/iron/include/rclcpp/rclcpp/executor.hpp:37[m[K,
                 from [01m[K/opt/ros/iron/include/rclcpp/rclcpp/executors/multi_threaded_executor.hpp:25[m[K,
                 from [01m[K/opt/ros/iron/include/rclcpp/rclcpp/executors.hpp:21[m[K,
                 from [01m[K/opt/ros/iron/include/rclcpp/rclcpp/rclcpp.hpp:167[m[K,
                 from [01m[K/home/yang/ros2_ws/src/cpp_srvcli/src/sensor_server.cpp:1[m[K:
[01m[K/home/yang/ros2_ws/src/cpp_srvcli/src/sensor_server.cpp:68:75:[m[K [01;31m[Kerror: [m[Kinvalid use of non-static member function ‘[01m[Kstd::vector<_Tp, _Alloc>::size_type std::vector<_Tp, _Alloc>::size() const [with _Tp = double; _Alloc = std::allocator<double>; std::vector<_Tp, _Alloc>::size_type = long unsigned int][m[K’
   68 | CLCPP_INFO(this->get_logger(), "sizes, %ld", [01;31m[Kresponse->data.data.size[m[K);
      |                                              [01;31m[K~~~~~~~~~~~~~~~~~~~~^~~~[m[K

In file included from [01m[K/usr/include/c++/11/vector:67[m[K,
                 from [01m[K/usr/include/c++/11/functional:62[m[K,
                 from [01m[K/usr/include/c++/11/pstl/glue_algorithm_defs.h:13[m[K,
                 from [01m[K/usr/include/c++/11/algorithm:74[m[K,
                 from [01m[K/opt/ros/iron/include/rclcpp/rclcpp/executor.hpp:18[m[K,
                 from [01m[K/opt/ros/iron/include/rclcpp/rclcpp/executors/multi_threaded_executor.hpp:25[m[K,
                 from [01m[K/opt/ros/iron/include/rclcpp/rclcpp/executors.hpp:21[m[K,
                 from [01m[K/opt/ros/iron/include/rclcpp/rclcpp/rclcpp.hpp:167[m[K,
                 from [01m[K/home/yang/ros2_ws/src/cpp_srvcli/src/sensor_server.cpp:1[m[K:
[01m[K/usr/include/c++/11/bits/stl_vector.h:918:7:[m[K [01;36m[Knote: [m[Kdeclared here
  918 |       [01;36m[Ksize[m[K() const _GLIBCXX_NOEXCEPT
      |       [01;36m[K^~~~[m[K
gmake[2]: *** [CMakeFiles/server.dir/build.make:76: CMakeFiles/server.dir/src/sensor_server.cpp.o] Error 1
gmake[1]: *** [CMakeFiles/Makefile2:139: CMakeFiles/server.dir/all] Error 2
gmake: *** [Makefile:146: all] Error 2
