[0.330s] Invoking command in '/home/yang/ros2_ws/src/py_srvcli': CMAKE_PREFIX_PATH=/home/yang/ros2_ws/install/tutorial_interfaces:/home/yang/ros2_ws/install/cpp_srvcli:/home/yang/ros2_ws/install/cpp_sensor_server LD_LIBRARY_PATH=/home/yang/ros2_ws/install/tutorial_interfaces/lib:/home/yang/ros2_ws/install/cpp_sensor_server/lib:/opt/ros/iron/opt/rviz_ogre_vendor/lib:/opt/ros/iron/lib/x86_64-linux-gnu:/opt/ros/iron/lib PYTHONPATH=/home/yang/ros2_ws/build/py_srvcli/prefix_override:/home/yang/ros2_ws/install/py_srvcli/lib/python3.10/site-packages:/home/yang/ros2_ws/install/tutorial_interfaces/lib/python3.10/site-packages:/home/yang/ros2_ws/install/py_srvcli/lib/python3.10/site-packages:/home/yang/ros2_ws/install/cpp_sensor_server/lib/python3.10/site-packages:/opt/ros/iron/lib/python3.10/site-packages /usr/bin/python3 -W ignore:setup.py install is deprecated setup.py egg_info --egg-base ../../build/py_srvcli build --build-base /home/yang/ros2_ws/build/py_srvcli/build install --record /home/yang/ros2_ws/build/py_srvcli/install.log --single-version-externally-managed install_data
[0.466s] running egg_info
[0.467s] writing ../../build/py_srvcli/py_srvcli.egg-info/PKG-INFO
[0.467s] writing dependency_links to ../../build/py_srvcli/py_srvcli.egg-info/dependency_links.txt
[0.467s] writing entry points to ../../build/py_srvcli/py_srvcli.egg-info/entry_points.txt
[0.467s] writing requirements to ../../build/py_srvcli/py_srvcli.egg-info/requires.txt
[0.467s] writing top-level names to ../../build/py_srvcli/py_srvcli.egg-info/top_level.txt
[0.468s] reading manifest file '../../build/py_srvcli/py_srvcli.egg-info/SOURCES.txt'
[0.468s] adding license file 'LICENSE'
[0.469s] writing manifest file '../../build/py_srvcli/py_srvcli.egg-info/SOURCES.txt'
[0.469s] running build
[0.469s] running build_py
[0.469s] copying py_srvcli/sensor_server.py -> /home/yang/ros2_ws/build/py_srvcli/build/lib/py_srvcli
[0.469s] running install
[0.469s] running install_lib
[0.470s] copying /home/yang/ros2_ws/build/py_srvcli/build/lib/py_srvcli/sensor_server.py -> /home/yang/ros2_ws/install/py_srvcli/lib/python3.10/site-packages/py_srvcli
[0.470s] byte-compiling /home/yang/ros2_ws/install/py_srvcli/lib/python3.10/site-packages/py_srvcli/sensor_server.py to sensor_server.cpython-310.pyc
[0.471s] running install_data
[0.471s] running install_egg_info
[0.472s] removing '/home/yang/ros2_ws/install/py_srvcli/lib/python3.10/site-packages/py_srvcli-0.0.0-py3.10.egg-info' (and everything under it)
[0.472s] Copying ../../build/py_srvcli/py_srvcli.egg-info to /home/yang/ros2_ws/install/py_srvcli/lib/python3.10/site-packages/py_srvcli-0.0.0-py3.10.egg-info
[0.472s] running install_scripts
[0.485s] Installing client script to /home/yang/ros2_ws/install/py_srvcli/lib/py_srvcli
[0.485s] Installing service script to /home/yang/ros2_ws/install/py_srvcli/lib/py_srvcli
[0.485s] Installing service2 script to /home/yang/ros2_ws/install/py_srvcli/lib/py_srvcli
[0.485s] writing list of installed files to '/home/yang/ros2_ws/build/py_srvcli/install.log'
[0.500s] Invoked command in '/home/yang/ros2_ws/src/py_srvcli' returned '0': CMAKE_PREFIX_PATH=/home/yang/ros2_ws/install/tutorial_interfaces:/home/yang/ros2_ws/install/cpp_srvcli:/home/yang/ros2_ws/install/cpp_sensor_server LD_LIBRARY_PATH=/home/yang/ros2_ws/install/tutorial_interfaces/lib:/home/yang/ros2_ws/install/cpp_sensor_server/lib:/opt/ros/iron/opt/rviz_ogre_vendor/lib:/opt/ros/iron/lib/x86_64-linux-gnu:/opt/ros/iron/lib PYTHONPATH=/home/yang/ros2_ws/build/py_srvcli/prefix_override:/home/yang/ros2_ws/install/py_srvcli/lib/python3.10/site-packages:/home/yang/ros2_ws/install/tutorial_interfaces/lib/python3.10/site-packages:/home/yang/ros2_ws/install/py_srvcli/lib/python3.10/site-packages:/home/yang/ros2_ws/install/cpp_sensor_server/lib/python3.10/site-packages:/opt/ros/iron/lib/python3.10/site-packages /usr/bin/python3 -W ignore:setup.py install is deprecated setup.py egg_info --egg-base ../../build/py_srvcli build --build-base /home/yang/ros2_ws/build/py_srvcli/build install --record /home/yang/ros2_ws/build/py_srvcli/install.log --single-version-externally-managed install_data
