[31mCMake Error at /opt/ros/iron/share/rosidl_adapter/cmake/rosidl_adapt_interfaces.cmake:57 (message):
  execute_process(/usr/bin/python3.10 -m rosidl_adapter --package-name
  cpp_sensor_server --arguments-file
  /home/yang/ros2_ws/build/cpp_sensor_server/rosidl_adapter__arguments__cpp_sensor_server.json
  --output-dir
  /home/yang/ros2_ws/build/cpp_sensor_server/rosidl_adapter/cpp_sensor_server
  --output-file
  /home/yang/ros2_ws/build/cpp_sensor_server/rosidl_adapter/cpp_sensor_server.idls)
  returned error code 1:

  Error processing 'std_msgs/msg/Float64MultiArray[] data' of
  'cpp_sensor_server/Array2D': 'std_msgs/msg/Float64MultiArray'

  Traceback (most recent call last):

    File "/usr/lib/python3.10/runpy.py", line 196, in _run_module_as_main
      return _run_code(code, main_globals, None,
    File "/usr/lib/python3.10/runpy.py", line 86, in _run_code
      exec(code, run_globals)
    File "/opt/ros/iron/lib/python3.10/site-packages/rosidl_adapter/__main__.py", line 19, in <module>
      sys.exit(main())
    File "/opt/ros/iron/lib/python3.10/site-packages/rosidl_adapter/main.py", line 53, in main
      abs_idl_file = convert_to_idl(
    File "/opt/ros/iron/lib/python3.10/site-packages/rosidl_adapter/__init__.py", line 19, in convert_to_idl
      return convert_msg_to_idl(
    File "/opt/ros/iron/lib/python3.10/site-packages/rosidl_adapter/msg/__init__.py", line 28, in convert_msg_to_idl
      msg = parse_message_string(package_name, input_file.stem, content)
    File "/opt/ros/iron/lib/python3.10/site-packages/rosidl_adapter/parser.py", line 521, in parse_message_string
      Type(type_string, context_package_name=pkg_name),
    File "/opt/ros/iron/lib/python3.10/site-packages/rosidl_adapter/parser.py", line 278, in __init__
      super(Type, self).__init__(
    File "/opt/ros/iron/lib/python3.10/site-packages/rosidl_adapter/parser.py", line 191, in __init__
      raise InvalidResourceName(type_string)

  rosidl_adapter.parser.InvalidResourceName: std_msgs/msg/Float64MultiArray

Call Stack (most recent call first):
  /opt/ros/iron/share/rosidl_cmake/cmake/rosidl_generate_interfaces.cmake:132 (rosidl_adapt_interfaces)
  CMakeLists.txt:20 (rosidl_generate_interfaces)

[0m
gmake: *** [Makefile:938: cmake_check_build_system] Error 1
