-- Found ament_cmake: 2.0.4 (/opt/ros/iron/share/ament_cmake/cmake)
-- Found rclcpp: 21.0.5 (/opt/ros/iron/share/rclcpp/cmake)
-- Found rosidl_generator_c: 4.0.1 (/opt/ros/iron/share/rosidl_generator_c/cmake)
-- Found rosidl_generator_cpp: 4.0.1 (/opt/ros/iron/share/rosidl_generator_cpp/cmake)
-- Using all available rosidl_typesupport_c: rosidl_typesupport_fastrtps_c;rosidl_typesupport_introspection_c
-- Using all available rosidl_typesupport_cpp: rosidl_typesupport_fastrtps_cpp;rosidl_typesupport_introspection_cpp
-- Found rmw_implementation_cmake: 7.1.0 (/opt/ros/iron/share/rmw_implementation_cmake/cmake)
-- Found rmw_fastrtps_cpp: 7.1.3 (/opt/ros/iron/share/rmw_fastrtps_cpp/cmake)
-- Using RMW implementation 'rmw_fastrtps_cpp' as default
-- Found rclcpp_components: 21.0.5 (/opt/ros/iron/share/rclcpp_components/cmake)
-- Found rosidl_default_generators: 1.5.0 (/opt/ros/iron/share/rosidl_default_generators/cmake)
-- Found rosidl_adapter: 4.0.1 (/opt/ros/iron/share/rosidl_adapter/cmake)
-- Found ament_cmake_ros: 0.11.2 (/opt/ros/iron/share/ament_cmake_ros/cmake)
-- Using all available rosidl_typesupport_c: rosidl_typesupport_fastrtps_c;rosidl_typesupport_introspection_c
-- Using all available rosidl_typesupport_cpp: rosidl_typesupport_fastrtps_cpp;rosidl_typesupport_introspection_cpp
-- Found PythonInterp: /usr/bin/python3 (found suitable version "3.10.12", minimum required is "3.6") 
-- Found python_cmake_module: 0.10.2 (/opt/ros/iron/share/python_cmake_module/cmake)
-- Found PythonLibs: /usr/lib/x86_64-linux-gnu/libpython3.10.so (found suitable version "3.10.12", minimum required is "3.5") 
-- Using PYTHON_EXECUTABLE: /usr/bin/python3
-- Using PYTHON_INCLUDE_DIRS: /usr/include/python3.10
-- Using PYTHON_LIBRARIES: /usr/lib/x86_64-linux-gnu/libpython3.10.so
-- Found PythonExtra: .so  
[0mCMake Deprecation Warning at /opt/ros/iron/share/rosidl_cmake/cmake/rosidl_target_interfaces.cmake:32 (message):
  Use rosidl_get_typesupport_target() and target_link_libraries() instead of
  rosidl_target_interfaces()
Call Stack (most recent call first):
  CMakeLists.txt:34 (rosidl_target_interfaces)

[0m
-- Configuring done
-- Generating done
-- Build files have been written to: /home/yang/ros2_ws/build/cpp_sensor_server
[  2%] [34m[1mGenerating type hashes for ROS interfaces[0m
[  2%] Built target ament_cmake_python_copy_cpp_sensor_server
[  2%] Built target cpp_sensor_server__rosidl_generator_type_description
[  5%] [34m[1mGenerating C code for ROS interfaces[0m
[  8%] [34m[1mGenerating C++ code for ROS interfaces[0m
running egg_info
creating cpp_sensor_server.egg-info
writing cpp_sensor_server.egg-info/PKG-INFO
writing dependency_links to cpp_sensor_server.egg-info/dependency_links.txt
writing top-level names to cpp_sensor_server.egg-info/top_level.txt
writing manifest file 'cpp_sensor_server.egg-info/SOURCES.txt'
reading manifest file 'cpp_sensor_server.egg-info/SOURCES.txt'
writing manifest file 'cpp_sensor_server.egg-info/SOURCES.txt'
[  8%] Built target ament_cmake_python_build_cpp_sensor_server_egg
[  8%] Built target cpp_sensor_server__cpp
[ 13%] [32mBuilding C object CMakeFiles/cpp_sensor_server__rosidl_generator_c.dir/rosidl_generator_c/cpp_sensor_server/srv/detail/sensor_data__description.c.o[0m
[ 13%] [32mBuilding C object CMakeFiles/cpp_sensor_server__rosidl_generator_c.dir/rosidl_generator_c/cpp_sensor_server/srv/detail/sensor_data__functions.c.o[0m
[ 16%] [32mBuilding C object CMakeFiles/cpp_sensor_server__rosidl_generator_c.dir/rosidl_generator_c/cpp_sensor_server/srv/detail/sensor_data__type_support.c.o[0m
[ 19%] [32m[1mLinking C shared library libcpp_sensor_server__rosidl_generator_c.so[0m
[ 19%] Built target cpp_sensor_server__rosidl_generator_c
[ 33%] [34m[1mGenerating C++ type support dispatch for ROS interfaces[0m
[ 33%] [34m[1mGenerating C type support for eProsima Fast-RTPS[0m
[ 33%] [34m[1mGenerating C introspection for ROS interfaces[0m
[ 33%] [34m[1mGenerating C++ type support for eProsima Fast-RTPS[0m
[ 33%] [34m[1mGenerating C type support dispatch for ROS interfaces[0m
[ 36%] [34m[1mGenerating C++ introspection for ROS interfaces[0m
[ 38%] [32mBuilding CXX object CMakeFiles/cpp_sensor_server__rosidl_typesupport_cpp.dir/rosidl_typesupport_cpp/cpp_sensor_server/srv/sensor_data__type_support.cpp.o[0m
[ 41%] [32mBuilding CXX object CMakeFiles/cpp_sensor_server__rosidl_typesupport_c.dir/rosidl_typesupport_c/cpp_sensor_server/srv/sensor_data__type_support.cpp.o[0m
[ 44%] [32mBuilding CXX object CMakeFiles/cpp_sensor_server__rosidl_typesupport_introspection_cpp.dir/rosidl_typesupport_introspection_cpp/cpp_sensor_server/srv/detail/sensor_data__type_support.cpp.o[0m
[ 47%] [32mBuilding C object CMakeFiles/cpp_sensor_server__rosidl_typesupport_introspection_c.dir/rosidl_typesupport_introspection_c/cpp_sensor_server/srv/detail/sensor_data__type_support.c.o[0m
[ 50%] [32mBuilding CXX object CMakeFiles/cpp_sensor_server__rosidl_typesupport_fastrtps_c.dir/rosidl_typesupport_fastrtps_c/cpp_sensor_server/srv/detail/sensor_data__type_support_c.cpp.o[0m
[ 55%] [32m[1mLinking CXX shared library libcpp_sensor_server__rosidl_typesupport_c.so[0m
[ 55%] [32mBuilding CXX object CMakeFiles/cpp_sensor_server__rosidl_typesupport_fastrtps_cpp.dir/rosidl_typesupport_fastrtps_cpp/cpp_sensor_server/srv/detail/dds_fastrtps/sensor_data__type_support.cpp.o[0m
[ 58%] [32m[1mLinking C shared library libcpp_sensor_server__rosidl_typesupport_introspection_c.so[0m
[ 58%] Built target cpp_sensor_server__rosidl_typesupport_c
[ 58%] Built target cpp_sensor_server__rosidl_typesupport_introspection_c
[ 61%] [32m[1mLinking CXX shared library libcpp_sensor_server__rosidl_typesupport_fastrtps_c.so[0m
[ 61%] Built target cpp_sensor_server__rosidl_typesupport_fastrtps_c
[ 63%] [32m[1mLinking CXX shared library libcpp_sensor_server__rosidl_typesupport_cpp.so[0m
[ 63%] Built target cpp_sensor_server__rosidl_typesupport_cpp
[ 66%] [32m[1mLinking CXX shared library libcpp_sensor_server__rosidl_typesupport_introspection_cpp.so[0m
[ 66%] Built target cpp_sensor_server__rosidl_typesupport_introspection_cpp
[ 69%] [32m[1mLinking CXX shared library libcpp_sensor_server__rosidl_typesupport_fastrtps_cpp.so[0m
[ 69%] Built target cpp_sensor_server__rosidl_typesupport_fastrtps_cpp
[ 69%] Built target cpp_sensor_server
[ 75%] [32mBuilding CXX object CMakeFiles/sensor_server.dir/src/sensor_server.cpp.o[0m
[ 75%] [34m[1mGenerating Python code for ROS interfaces[0m
[ 75%] Built target cpp_sensor_server__py
[ 77%] [32mBuilding C object CMakeFiles/cpp_sensor_server__rosidl_generator_py.dir/rosidl_generator_py/cpp_sensor_server/srv/_sensor_data_s.c.o[0m
[ 80%] [32m[1mLinking C shared library rosidl_generator_py/cpp_sensor_server/libcpp_sensor_server__rosidl_generator_py.so[0m
[ 80%] Built target cpp_sensor_server__rosidl_generator_py
[ 88%] [32mBuilding C object CMakeFiles/cpp_sensor_server__rosidl_typesupport_fastrtps_c__pyext.dir/rosidl_generator_py/cpp_sensor_server/_cpp_sensor_server_s.ep.rosidl_typesupport_fastrtps_c.c.o[0m
[ 88%] [32mBuilding C object CMakeFiles/cpp_sensor_server__rosidl_typesupport_introspection_c__pyext.dir/rosidl_generator_py/cpp_sensor_server/_cpp_sensor_server_s.ep.rosidl_typesupport_introspection_c.c.o[0m
[ 88%] [32mBuilding C object CMakeFiles/cpp_sensor_server__rosidl_typesupport_c__pyext.dir/rosidl_generator_py/cpp_sensor_server/_cpp_sensor_server_s.ep.rosidl_typesupport_c.c.o[0m
[ 94%] [32m[1mLinking C shared library rosidl_generator_py/cpp_sensor_server/cpp_sensor_server_s__rosidl_typesupport_c.cpython-310-x86_64-linux-gnu.so[0m
[ 94%] [32m[1mLinking C shared library rosidl_generator_py/cpp_sensor_server/cpp_sensor_server_s__rosidl_typesupport_introspection_c.cpython-310-x86_64-linux-gnu.so[0m
[ 97%] [32m[1mLinking C shared library rosidl_generator_py/cpp_sensor_server/cpp_sensor_server_s__rosidl_typesupport_fastrtps_c.cpython-310-x86_64-linux-gnu.so[0m
[ 97%] Built target cpp_sensor_server__rosidl_typesupport_fastrtps_c__pyext
[ 97%] Built target cpp_sensor_server__rosidl_typesupport_c__pyext
[ 97%] Built target cpp_sensor_server__rosidl_typesupport_introspection_c__pyext
[01m[K/home/yang/ros2_ws/src/cpp_sensor_server/src/sensor_server.cpp:[m[K In member function ‘[01m[Kvoid SensorServer::handle_sensor_data(std::shared_ptr<cpp_sensor_server::srv::SensorData_Request_<std::allocator<void> > >, std::shared_ptr<cpp_sensor_server::srv::SensorData_Response_<std::allocator<void> > >)[m[K’:
[01m[K/home/yang/ros2_ws/src/cpp_sensor_server/src/sensor_server.cpp:23:12:[m[K [01;35m[Kwarning: [m[Kunused variable ‘[01m[Klen[m[K’ [[01;35m[K]8;;https://gcc.gnu.org/onlinedocs/gcc/Warning-Options.html#index-Wunused-variable-Wunused-variable]8;;[m[K]
   23 |     size_t [01;35m[Klen[m[K = socket_.read_some(asio::buffer(buffer), ignored_error);
      |            [01;35m[K^~~[m[K
[100%] [32m[1mLinking CXX executable sensor_server[0m
[100%] Built target sensor_server
-- Install configuration: ""
-- Installing: /home/yang/ros2_ws/install/cpp_sensor_server/share/ament_index/resource_index/rosidl_interfaces/cpp_sensor_server
-- Installing: /home/yang/ros2_ws/install/cpp_sensor_server/share/cpp_sensor_server/srv/SensorData.json
-- Installing: /home/yang/ros2_ws/install/cpp_sensor_server/include/cpp_sensor_server/cpp_sensor_server
-- Installing: /home/yang/ros2_ws/install/cpp_sensor_server/include/cpp_sensor_server/cpp_sensor_server/srv
-- Installing: /home/yang/ros2_ws/install/cpp_sensor_server/include/cpp_sensor_server/cpp_sensor_server/srv/detail
-- Installing: /home/yang/ros2_ws/install/cpp_sensor_server/include/cpp_sensor_server/cpp_sensor_server/srv/detail/sensor_data__description.c
-- Installing: /home/yang/ros2_ws/install/cpp_sensor_server/include/cpp_sensor_server/cpp_sensor_server/srv/detail/sensor_data__struct.h
-- Installing: /home/yang/ros2_ws/install/cpp_sensor_server/include/cpp_sensor_server/cpp_sensor_server/srv/detail/sensor_data__functions.c
-- Installing: /home/yang/ros2_ws/install/cpp_sensor_server/include/cpp_sensor_server/cpp_sensor_server/srv/detail/sensor_data__functions.h
-- Installing: /home/yang/ros2_ws/install/cpp_sensor_server/include/cpp_sensor_server/cpp_sensor_server/srv/detail/sensor_data__type_support.c
-- Installing: /home/yang/ros2_ws/install/cpp_sensor_server/include/cpp_sensor_server/cpp_sensor_server/srv/detail/sensor_data__type_support.h
-- Installing: /home/yang/ros2_ws/install/cpp_sensor_server/include/cpp_sensor_server/cpp_sensor_server/srv/sensor_data.h
-- Installing: /home/yang/ros2_ws/install/cpp_sensor_server/include/cpp_sensor_server/cpp_sensor_server/msg
-- Installing: /home/yang/ros2_ws/install/cpp_sensor_server/include/cpp_sensor_server/cpp_sensor_server/msg/rosidl_generator_c__visibility_control.h
-- Installing: /home/yang/ros2_ws/install/cpp_sensor_server/share/cpp_sensor_server/environment/library_path.sh
-- Installing: /home/yang/ros2_ws/install/cpp_sensor_server/share/cpp_sensor_server/environment/library_path.dsv
-- Installing: /home/yang/ros2_ws/install/cpp_sensor_server/lib/libcpp_sensor_server__rosidl_generator_c.so
-- Set runtime path of "/home/yang/ros2_ws/install/cpp_sensor_server/lib/libcpp_sensor_server__rosidl_generator_c.so" to ""
-- Up-to-date: /home/yang/ros2_ws/install/cpp_sensor_server/include/cpp_sensor_server/cpp_sensor_server
-- Up-to-date: /home/yang/ros2_ws/install/cpp_sensor_server/include/cpp_sensor_server/cpp_sensor_server/srv
-- Up-to-date: /home/yang/ros2_ws/install/cpp_sensor_server/include/cpp_sensor_server/cpp_sensor_server/srv/detail
-- Installing: /home/yang/ros2_ws/install/cpp_sensor_server/include/cpp_sensor_server/cpp_sensor_server/srv/detail/sensor_data__rosidl_typesupport_fastrtps_c.h
-- Up-to-date: /home/yang/ros2_ws/install/cpp_sensor_server/include/cpp_sensor_server/cpp_sensor_server/msg
-- Installing: /home/yang/ros2_ws/install/cpp_sensor_server/include/cpp_sensor_server/cpp_sensor_server/msg/rosidl_typesupport_fastrtps_c__visibility_control.h
-- Installing: /home/yang/ros2_ws/install/cpp_sensor_server/lib/libcpp_sensor_server__rosidl_typesupport_fastrtps_c.so
-- Set runtime path of "/home/yang/ros2_ws/install/cpp_sensor_server/lib/libcpp_sensor_server__rosidl_typesupport_fastrtps_c.so" to ""
-- Up-to-date: /home/yang/ros2_ws/install/cpp_sensor_server/include/cpp_sensor_server/cpp_sensor_server
-- Up-to-date: /home/yang/ros2_ws/install/cpp_sensor_server/include/cpp_sensor_server/cpp_sensor_server/srv
-- Installing: /home/yang/ros2_ws/install/cpp_sensor_server/include/cpp_sensor_server/cpp_sensor_server/srv/sensor_data.hpp
-- Up-to-date: /home/yang/ros2_ws/install/cpp_sensor_server/include/cpp_sensor_server/cpp_sensor_server/srv/detail
-- Installing: /home/yang/ros2_ws/install/cpp_sensor_server/include/cpp_sensor_server/cpp_sensor_server/srv/detail/sensor_data__traits.hpp
-- Installing: /home/yang/ros2_ws/install/cpp_sensor_server/include/cpp_sensor_server/cpp_sensor_server/srv/detail/sensor_data__builder.hpp
-- Installing: /home/yang/ros2_ws/install/cpp_sensor_server/include/cpp_sensor_server/cpp_sensor_server/srv/detail/sensor_data__struct.hpp
-- Up-to-date: /home/yang/ros2_ws/install/cpp_sensor_server/include/cpp_sensor_server/cpp_sensor_server
-- Up-to-date: /home/yang/ros2_ws/install/cpp_sensor_server/include/cpp_sensor_server/cpp_sensor_server/srv
-- Up-to-date: /home/yang/ros2_ws/install/cpp_sensor_server/include/cpp_sensor_server/cpp_sensor_server/srv/detail
-- Installing: /home/yang/ros2_ws/install/cpp_sensor_server/include/cpp_sensor_server/cpp_sensor_server/srv/detail/sensor_data__rosidl_typesupport_fastrtps_cpp.hpp
-- Installing: /home/yang/ros2_ws/install/cpp_sensor_server/include/cpp_sensor_server/cpp_sensor_server/srv/detail/dds_fastrtps
-- Up-to-date: /home/yang/ros2_ws/install/cpp_sensor_server/include/cpp_sensor_server/cpp_sensor_server/msg
-- Installing: /home/yang/ros2_ws/install/cpp_sensor_server/include/cpp_sensor_server/cpp_sensor_server/msg/rosidl_typesupport_fastrtps_cpp__visibility_control.h
-- Installing: /home/yang/ros2_ws/install/cpp_sensor_server/lib/libcpp_sensor_server__rosidl_typesupport_fastrtps_cpp.so
-- Set runtime path of "/home/yang/ros2_ws/install/cpp_sensor_server/lib/libcpp_sensor_server__rosidl_typesupport_fastrtps_cpp.so" to ""
-- Up-to-date: /home/yang/ros2_ws/install/cpp_sensor_server/include/cpp_sensor_server/cpp_sensor_server
-- Up-to-date: /home/yang/ros2_ws/install/cpp_sensor_server/include/cpp_sensor_server/cpp_sensor_server/srv
-- Up-to-date: /home/yang/ros2_ws/install/cpp_sensor_server/include/cpp_sensor_server/cpp_sensor_server/srv/detail
-- Installing: /home/yang/ros2_ws/install/cpp_sensor_server/include/cpp_sensor_server/cpp_sensor_server/srv/detail/sensor_data__rosidl_typesupport_introspection_c.h
-- Up-to-date: /home/yang/ros2_ws/install/cpp_sensor_server/include/cpp_sensor_server/cpp_sensor_server/srv/detail/sensor_data__type_support.c
-- Up-to-date: /home/yang/ros2_ws/install/cpp_sensor_server/include/cpp_sensor_server/cpp_sensor_server/msg
-- Installing: /home/yang/ros2_ws/install/cpp_sensor_server/include/cpp_sensor_server/cpp_sensor_server/msg/rosidl_typesupport_introspection_c__visibility_control.h
-- Installing: /home/yang/ros2_ws/install/cpp_sensor_server/lib/libcpp_sensor_server__rosidl_typesupport_introspection_c.so
-- Set runtime path of "/home/yang/ros2_ws/install/cpp_sensor_server/lib/libcpp_sensor_server__rosidl_typesupport_introspection_c.so" to ""
-- Installing: /home/yang/ros2_ws/install/cpp_sensor_server/lib/libcpp_sensor_server__rosidl_typesupport_c.so
-- Set runtime path of "/home/yang/ros2_ws/install/cpp_sensor_server/lib/libcpp_sensor_server__rosidl_typesupport_c.so" to ""
-- Up-to-date: /home/yang/ros2_ws/install/cpp_sensor_server/include/cpp_sensor_server/cpp_sensor_server
-- Up-to-date: /home/yang/ros2_ws/install/cpp_sensor_server/include/cpp_sensor_server/cpp_sensor_server/srv
-- Up-to-date: /home/yang/ros2_ws/install/cpp_sensor_server/include/cpp_sensor_server/cpp_sensor_server/srv/detail
-- Installing: /home/yang/ros2_ws/install/cpp_sensor_server/include/cpp_sensor_server/cpp_sensor_server/srv/detail/sensor_data__rosidl_typesupport_introspection_cpp.hpp
-- Installing: /home/yang/ros2_ws/install/cpp_sensor_server/include/cpp_sensor_server/cpp_sensor_server/srv/detail/sensor_data__type_support.cpp
-- Installing: /home/yang/ros2_ws/install/cpp_sensor_server/lib/libcpp_sensor_server__rosidl_typesupport_introspection_cpp.so
-- Set runtime path of "/home/yang/ros2_ws/install/cpp_sensor_server/lib/libcpp_sensor_server__rosidl_typesupport_introspection_cpp.so" to ""
-- Installing: /home/yang/ros2_ws/install/cpp_sensor_server/lib/libcpp_sensor_server__rosidl_typesupport_cpp.so
-- Set runtime path of "/home/yang/ros2_ws/install/cpp_sensor_server/lib/libcpp_sensor_server__rosidl_typesupport_cpp.so" to ""
-- Installing: /home/yang/ros2_ws/install/cpp_sensor_server/share/cpp_sensor_server/environment/pythonpath.sh
-- Installing: /home/yang/ros2_ws/install/cpp_sensor_server/share/cpp_sensor_server/environment/pythonpath.dsv
-- Installing: /home/yang/ros2_ws/install/cpp_sensor_server/lib/python3.10/site-packages/cpp_sensor_server-0.0.0-py3.10.egg-info
-- Installing: /home/yang/ros2_ws/install/cpp_sensor_server/lib/python3.10/site-packages/cpp_sensor_server-0.0.0-py3.10.egg-info/SOURCES.txt
-- Installing: /home/yang/ros2_ws/install/cpp_sensor_server/lib/python3.10/site-packages/cpp_sensor_server-0.0.0-py3.10.egg-info/PKG-INFO
-- Installing: /home/yang/ros2_ws/install/cpp_sensor_server/lib/python3.10/site-packages/cpp_sensor_server-0.0.0-py3.10.egg-info/dependency_links.txt
-- Installing: /home/yang/ros2_ws/install/cpp_sensor_server/lib/python3.10/site-packages/cpp_sensor_server-0.0.0-py3.10.egg-info/top_level.txt
-- Installing: /home/yang/ros2_ws/install/cpp_sensor_server/lib/python3.10/site-packages/cpp_sensor_server
-- Installing: /home/yang/ros2_ws/install/cpp_sensor_server/lib/python3.10/site-packages/cpp_sensor_server/_cpp_sensor_server_s.ep.rosidl_typesupport_c.c
-- Installing: /home/yang/ros2_ws/install/cpp_sensor_server/lib/python3.10/site-packages/cpp_sensor_server/_cpp_sensor_server_s.ep.rosidl_typesupport_fastrtps_c.c
-- Installing: /home/yang/ros2_ws/install/cpp_sensor_server/lib/python3.10/site-packages/cpp_sensor_server/_cpp_sensor_server_s.ep.rosidl_typesupport_introspection_c.c
-- Installing: /home/yang/ros2_ws/install/cpp_sensor_server/lib/python3.10/site-packages/cpp_sensor_server/srv
-- Installing: /home/yang/ros2_ws/install/cpp_sensor_server/lib/python3.10/site-packages/cpp_sensor_server/srv/_sensor_data.py
-- Installing: /home/yang/ros2_ws/install/cpp_sensor_server/lib/python3.10/site-packages/cpp_sensor_server/srv/_sensor_data_s.c
-- Installing: /home/yang/ros2_ws/install/cpp_sensor_server/lib/python3.10/site-packages/cpp_sensor_server/srv/__init__.py
-- Installing: /home/yang/ros2_ws/install/cpp_sensor_server/lib/python3.10/site-packages/cpp_sensor_server/cpp_sensor_server_s__rosidl_typesupport_introspection_c.cpython-310-x86_64-linux-gnu.so
-- Installing: /home/yang/ros2_ws/install/cpp_sensor_server/lib/python3.10/site-packages/cpp_sensor_server/cpp_sensor_server_s__rosidl_typesupport_fastrtps_c.cpython-310-x86_64-linux-gnu.so
-- Installing: /home/yang/ros2_ws/install/cpp_sensor_server/lib/python3.10/site-packages/cpp_sensor_server/cpp_sensor_server_s__rosidl_typesupport_c.cpython-310-x86_64-linux-gnu.so
-- Installing: /home/yang/ros2_ws/install/cpp_sensor_server/lib/python3.10/site-packages/cpp_sensor_server/libcpp_sensor_server__rosidl_generator_py.so
-- Installing: /home/yang/ros2_ws/install/cpp_sensor_server/lib/python3.10/site-packages/cpp_sensor_server/__init__.py
Listing '/home/yang/ros2_ws/install/cpp_sensor_server/lib/python3.10/site-packages/cpp_sensor_server'...
Compiling '/home/yang/ros2_ws/install/cpp_sensor_server/lib/python3.10/site-packages/cpp_sensor_server/__init__.py'...
Listing '/home/yang/ros2_ws/install/cpp_sensor_server/lib/python3.10/site-packages/cpp_sensor_server/srv'...
Compiling '/home/yang/ros2_ws/install/cpp_sensor_server/lib/python3.10/site-packages/cpp_sensor_server/srv/__init__.py'...
Compiling '/home/yang/ros2_ws/install/cpp_sensor_server/lib/python3.10/site-packages/cpp_sensor_server/srv/_sensor_data.py'...
-- Installing: /home/yang/ros2_ws/install/cpp_sensor_server/lib/python3.10/site-packages/cpp_sensor_server/cpp_sensor_server_s__rosidl_typesupport_fastrtps_c.cpython-310-x86_64-linux-gnu.so
-- Set runtime path of "/home/yang/ros2_ws/install/cpp_sensor_server/lib/python3.10/site-packages/cpp_sensor_server/cpp_sensor_server_s__rosidl_typesupport_fastrtps_c.cpython-310-x86_64-linux-gnu.so" to ""
-- Installing: /home/yang/ros2_ws/install/cpp_sensor_server/lib/python3.10/site-packages/cpp_sensor_server/cpp_sensor_server_s__rosidl_typesupport_introspection_c.cpython-310-x86_64-linux-gnu.so
-- Set runtime path of "/home/yang/ros2_ws/install/cpp_sensor_server/lib/python3.10/site-packages/cpp_sensor_server/cpp_sensor_server_s__rosidl_typesupport_introspection_c.cpython-310-x86_64-linux-gnu.so" to ""
-- Installing: /home/yang/ros2_ws/install/cpp_sensor_server/lib/python3.10/site-packages/cpp_sensor_server/cpp_sensor_server_s__rosidl_typesupport_c.cpython-310-x86_64-linux-gnu.so
-- Set runtime path of "/home/yang/ros2_ws/install/cpp_sensor_server/lib/python3.10/site-packages/cpp_sensor_server/cpp_sensor_server_s__rosidl_typesupport_c.cpython-310-x86_64-linux-gnu.so" to ""
-- Installing: /home/yang/ros2_ws/install/cpp_sensor_server/lib/libcpp_sensor_server__rosidl_generator_py.so
-- Set runtime path of "/home/yang/ros2_ws/install/cpp_sensor_server/lib/libcpp_sensor_server__rosidl_generator_py.so" to ""
-- Installing: /home/yang/ros2_ws/install/cpp_sensor_server/share/cpp_sensor_server/srv/SensorData.idl
-- Installing: /home/yang/ros2_ws/install/cpp_sensor_server/share/cpp_sensor_server/srv/SensorData.srv
-- Installing: /home/yang/ros2_ws/install/cpp_sensor_server/share/cpp_sensor_server/srv/SensorData_Request.msg
-- Installing: /home/yang/ros2_ws/install/cpp_sensor_server/share/cpp_sensor_server/srv/SensorData_Response.msg
-- Installing: /home/yang/ros2_ws/install/cpp_sensor_server/lib/cpp_sensor_server/sensor_server
-- Set runtime path of "/home/yang/ros2_ws/install/cpp_sensor_server/lib/cpp_sensor_server/sensor_server" to ""
-- Installing: /home/yang/ros2_ws/install/cpp_sensor_server/share/ament_index/resource_index/package_run_dependencies/cpp_sensor_server
-- Installing: /home/yang/ros2_ws/install/cpp_sensor_server/share/ament_index/resource_index/parent_prefix_path/cpp_sensor_server
-- Installing: /home/yang/ros2_ws/install/cpp_sensor_server/share/cpp_sensor_server/environment/ament_prefix_path.sh
-- Installing: /home/yang/ros2_ws/install/cpp_sensor_server/share/cpp_sensor_server/environment/ament_prefix_path.dsv
-- Installing: /home/yang/ros2_ws/install/cpp_sensor_server/share/cpp_sensor_server/environment/path.sh
-- Installing: /home/yang/ros2_ws/install/cpp_sensor_server/share/cpp_sensor_server/environment/path.dsv
-- Installing: /home/yang/ros2_ws/install/cpp_sensor_server/share/cpp_sensor_server/local_setup.bash
-- Installing: /home/yang/ros2_ws/install/cpp_sensor_server/share/cpp_sensor_server/local_setup.sh
-- Installing: /home/yang/ros2_ws/install/cpp_sensor_server/share/cpp_sensor_server/local_setup.zsh
-- Installing: /home/yang/ros2_ws/install/cpp_sensor_server/share/cpp_sensor_server/local_setup.dsv
-- Installing: /home/yang/ros2_ws/install/cpp_sensor_server/share/cpp_sensor_server/package.dsv
-- Installing: /home/yang/ros2_ws/install/cpp_sensor_server/share/ament_index/resource_index/packages/cpp_sensor_server
-- Installing: /home/yang/ros2_ws/install/cpp_sensor_server/share/cpp_sensor_server/cmake/export_cpp_sensor_server__rosidl_generator_cExport.cmake
-- Installing: /home/yang/ros2_ws/install/cpp_sensor_server/share/cpp_sensor_server/cmake/export_cpp_sensor_server__rosidl_generator_cExport-noconfig.cmake
-- Installing: /home/yang/ros2_ws/install/cpp_sensor_server/share/cpp_sensor_server/cmake/export_cpp_sensor_server__rosidl_typesupport_fastrtps_cExport.cmake
-- Installing: /home/yang/ros2_ws/install/cpp_sensor_server/share/cpp_sensor_server/cmake/export_cpp_sensor_server__rosidl_typesupport_fastrtps_cExport-noconfig.cmake
-- Installing: /home/yang/ros2_ws/install/cpp_sensor_server/share/cpp_sensor_server/cmake/export_cpp_sensor_server__rosidl_generator_cppExport.cmake
-- Installing: /home/yang/ros2_ws/install/cpp_sensor_server/share/cpp_sensor_server/cmake/export_cpp_sensor_server__rosidl_typesupport_fastrtps_cppExport.cmake
-- Installing: /home/yang/ros2_ws/install/cpp_sensor_server/share/cpp_sensor_server/cmake/export_cpp_sensor_server__rosidl_typesupport_fastrtps_cppExport-noconfig.cmake
-- Installing: /home/yang/ros2_ws/install/cpp_sensor_server/share/cpp_sensor_server/cmake/cpp_sensor_server__rosidl_typesupport_introspection_cExport.cmake
-- Installing: /home/yang/ros2_ws/install/cpp_sensor_server/share/cpp_sensor_server/cmake/cpp_sensor_server__rosidl_typesupport_introspection_cExport-noconfig.cmake
-- Installing: /home/yang/ros2_ws/install/cpp_sensor_server/share/cpp_sensor_server/cmake/cpp_sensor_server__rosidl_typesupport_cExport.cmake
-- Installing: /home/yang/ros2_ws/install/cpp_sensor_server/share/cpp_sensor_server/cmake/cpp_sensor_server__rosidl_typesupport_cExport-noconfig.cmake
-- Installing: /home/yang/ros2_ws/install/cpp_sensor_server/share/cpp_sensor_server/cmake/cpp_sensor_server__rosidl_typesupport_introspection_cppExport.cmake
-- Installing: /home/yang/ros2_ws/install/cpp_sensor_server/share/cpp_sensor_server/cmake/cpp_sensor_server__rosidl_typesupport_introspection_cppExport-noconfig.cmake
-- Installing: /home/yang/ros2_ws/install/cpp_sensor_server/share/cpp_sensor_server/cmake/cpp_sensor_server__rosidl_typesupport_cppExport.cmake
-- Installing: /home/yang/ros2_ws/install/cpp_sensor_server/share/cpp_sensor_server/cmake/cpp_sensor_server__rosidl_typesupport_cppExport-noconfig.cmake
-- Installing: /home/yang/ros2_ws/install/cpp_sensor_server/share/cpp_sensor_server/cmake/export_cpp_sensor_server__rosidl_generator_pyExport.cmake
-- Installing: /home/yang/ros2_ws/install/cpp_sensor_server/share/cpp_sensor_server/cmake/export_cpp_sensor_server__rosidl_generator_pyExport-noconfig.cmake
-- Installing: /home/yang/ros2_ws/install/cpp_sensor_server/share/cpp_sensor_server/cmake/rosidl_cmake-extras.cmake
-- Installing: /home/yang/ros2_ws/install/cpp_sensor_server/share/cpp_sensor_server/cmake/ament_cmake_export_dependencies-extras.cmake
-- Installing: /home/yang/ros2_ws/install/cpp_sensor_server/share/cpp_sensor_server/cmake/ament_cmake_export_include_directories-extras.cmake
-- Installing: /home/yang/ros2_ws/install/cpp_sensor_server/share/cpp_sensor_server/cmake/ament_cmake_export_libraries-extras.cmake
-- Installing: /home/yang/ros2_ws/install/cpp_sensor_server/share/cpp_sensor_server/cmake/ament_cmake_export_targets-extras.cmake
-- Installing: /home/yang/ros2_ws/install/cpp_sensor_server/share/cpp_sensor_server/cmake/rosidl_cmake_export_typesupport_targets-extras.cmake
-- Installing: /home/yang/ros2_ws/install/cpp_sensor_server/share/cpp_sensor_server/cmake/rosidl_cmake_export_typesupport_libraries-extras.cmake
-- Installing: /home/yang/ros2_ws/install/cpp_sensor_server/share/cpp_sensor_server/cmake/cpp_sensor_serverConfig.cmake
-- Installing: /home/yang/ros2_ws/install/cpp_sensor_server/share/cpp_sensor_server/cmake/cpp_sensor_serverConfig-version.cmake
-- Installing: /home/yang/ros2_ws/install/cpp_sensor_server/share/cpp_sensor_server/package.xml
