[0.005s] Invoking command in '/home/yang/ros2_ws/build/cpp_sensor_server': CMAKE_PREFIX_PATH=${CMAKE_PREFIX_PATH}:/home/yang/ros2_ws/install/py_srvcli:/opt/ros/iron /usr/bin/cmake /home/yang/ros2_ws/src/cpp_sensor_server -DCMAKE_INSTALL_PREFIX=/home/yang/ros2_ws/install/cpp_sensor_server
[0.012s] -- Found ament_cmake: 2.0.4 (/opt/ros/iron/share/ament_cmake/cmake)
[0.090s] -- Found rclcpp: 21.0.5 (/opt/ros/iron/share/rclcpp/cmake)
[0.106s] -- Found rosidl_generator_c: 4.0.1 (/opt/ros/iron/share/rosidl_generator_c/cmake)
[0.111s] -- Found rosidl_generator_cpp: 4.0.1 (/opt/ros/iron/share/rosidl_generator_cpp/cmake)
[0.118s] -- Using all available rosidl_typesupport_c: rosidl_typesupport_fastrtps_c;rosidl_typesupport_introspection_c
[0.127s] -- Using all available rosidl_typesupport_cpp: rosidl_typesupport_fastrtps_cpp;rosidl_typesupport_introspection_cpp
[0.213s] -- Found rmw_implementation_cmake: 7.1.0 (/opt/ros/iron/share/rmw_implementation_cmake/cmake)
[0.213s] -- Found rmw_fastrtps_cpp: 7.1.3 (/opt/ros/iron/share/rmw_fastrtps_cpp/cmake)
[0.277s] -- Using RMW implementation 'rmw_fastrtps_cpp' as default
[0.369s] -- Found rclcpp_components: 21.0.5 (/opt/ros/iron/share/rclcpp_components/cmake)
[0.421s] -- Found rosidl_default_generators: 1.5.0 (/opt/ros/iron/share/rosidl_default_generators/cmake)
[0.425s] -- Found rosidl_adapter: 4.0.1 (/opt/ros/iron/share/rosidl_adapter/cmake)
[0.608s] -- Found ament_cmake_ros: 0.11.2 (/opt/ros/iron/share/ament_cmake_ros/cmake)
[0.779s] -- Using all available rosidl_typesupport_c: rosidl_typesupport_fastrtps_c;rosidl_typesupport_introspection_c
[0.846s] -- Using all available rosidl_typesupport_cpp: rosidl_typesupport_fastrtps_cpp;rosidl_typesupport_introspection_cpp
[0.859s] -- Found PythonInterp: /usr/bin/python3 (found suitable version "3.10.12", minimum required is "3.6") 
[0.860s] -- Found python_cmake_module: 0.10.2 (/opt/ros/iron/share/python_cmake_module/cmake)
[0.875s] -- Found PythonLibs: /usr/lib/x86_64-linux-gnu/libpython3.10.so (found suitable version "3.10.12", minimum required is "3.5") 
[0.875s] -- Using PYTHON_EXECUTABLE: /usr/bin/python3
[0.875s] -- Using PYTHON_INCLUDE_DIRS: /usr/include/python3.10
[0.875s] -- Using PYTHON_LIBRARIES: /usr/lib/x86_64-linux-gnu/libpython3.10.so
[0.887s] -- Found PythonExtra: .so  
[0.907s] [0mCMake Deprecation Warning at /opt/ros/iron/share/rosidl_cmake/cmake/rosidl_target_interfaces.cmake:32 (message):
[0.907s]   Use rosidl_get_typesupport_target() and target_link_libraries() instead of
[0.907s]   rosidl_target_interfaces()
[0.907s] Call Stack (most recent call first):
[0.907s]   CMakeLists.txt:34 (rosidl_target_interfaces)
[0.907s] 
[0.907s] [0m
[0.912s] -- Configuring done
[0.930s] -- Generating done
[0.932s] -- Build files have been written to: /home/yang/ros2_ws/build/cpp_sensor_server
[0.937s] Invoked command in '/home/yang/ros2_ws/build/cpp_sensor_server' returned '0': CMAKE_PREFIX_PATH=${CMAKE_PREFIX_PATH}:/home/yang/ros2_ws/install/py_srvcli:/opt/ros/iron /usr/bin/cmake /home/yang/ros2_ws/src/cpp_sensor_server -DCMAKE_INSTALL_PREFIX=/home/yang/ros2_ws/install/cpp_sensor_server
[0.938s] Invoking command in '/home/yang/ros2_ws/build/cpp_sensor_server': CMAKE_PREFIX_PATH=${CMAKE_PREFIX_PATH}:/home/yang/ros2_ws/install/py_srvcli:/opt/ros/iron /usr/bin/cmake --build /home/yang/ros2_ws/build/cpp_sensor_server -- -j16 -l16
[0.963s] [  2%] [34m[1mGenerating type hashes for ROS interfaces[0m
[0.967s] [  2%] Built target ament_cmake_python_copy_cpp_sensor_server
[1.074s] [  2%] Built target cpp_sensor_server__rosidl_generator_type_description
[1.080s] [  5%] [34m[1mGenerating C code for ROS interfaces[0m
[1.085s] [  8%] [34m[1mGenerating C++ code for ROS interfaces[0m
[1.099s] running egg_info
[1.099s] creating cpp_sensor_server.egg-info
[1.099s] writing cpp_sensor_server.egg-info/PKG-INFO
[1.100s] writing dependency_links to cpp_sensor_server.egg-info/dependency_links.txt
[1.100s] writing top-level names to cpp_sensor_server.egg-info/top_level.txt
[1.100s] writing manifest file 'cpp_sensor_server.egg-info/SOURCES.txt'
[1.101s] reading manifest file 'cpp_sensor_server.egg-info/SOURCES.txt'
[1.101s] writing manifest file 'cpp_sensor_server.egg-info/SOURCES.txt'
[1.116s] [  8%] Built target ament_cmake_python_build_cpp_sensor_server_egg
[1.257s] [  8%] Built target cpp_sensor_server__cpp
[1.270s] [ 13%] [32mBuilding C object CMakeFiles/cpp_sensor_server__rosidl_generator_c.dir/rosidl_generator_c/cpp_sensor_server/srv/detail/sensor_data__description.c.o[0m
[1.270s] [ 13%] [32mBuilding C object CMakeFiles/cpp_sensor_server__rosidl_generator_c.dir/rosidl_generator_c/cpp_sensor_server/srv/detail/sensor_data__functions.c.o[0m
[1.270s] [ 16%] [32mBuilding C object CMakeFiles/cpp_sensor_server__rosidl_generator_c.dir/rosidl_generator_c/cpp_sensor_server/srv/detail/sensor_data__type_support.c.o[0m
[1.313s] [ 19%] [32m[1mLinking C shared library libcpp_sensor_server__rosidl_generator_c.so[0m
[1.332s] [ 19%] Built target cpp_sensor_server__rosidl_generator_c
[1.338s] [ 33%] [34m[1mGenerating C++ type support dispatch for ROS interfaces[0m
[1.338s] [ 33%] [34m[1mGenerating C type support for eProsima Fast-RTPS[0m
[1.338s] [ 33%] [34m[1mGenerating C introspection for ROS interfaces[0m
[1.338s] [ 33%] [34m[1mGenerating C++ type support for eProsima Fast-RTPS[0m
[1.338s] [ 33%] [34m[1mGenerating C type support dispatch for ROS interfaces[0m
[1.338s] [ 36%] [34m[1mGenerating C++ introspection for ROS interfaces[0m
[1.483s] [ 38%] [32mBuilding CXX object CMakeFiles/cpp_sensor_server__rosidl_typesupport_cpp.dir/rosidl_typesupport_cpp/cpp_sensor_server/srv/sensor_data__type_support.cpp.o[0m
[1.488s] [ 41%] [32mBuilding CXX object CMakeFiles/cpp_sensor_server__rosidl_typesupport_c.dir/rosidl_typesupport_c/cpp_sensor_server/srv/sensor_data__type_support.cpp.o[0m
[1.503s] [ 44%] [32mBuilding CXX object CMakeFiles/cpp_sensor_server__rosidl_typesupport_introspection_cpp.dir/rosidl_typesupport_introspection_cpp/cpp_sensor_server/srv/detail/sensor_data__type_support.cpp.o[0m
[1.508s] [ 47%] [32mBuilding C object CMakeFiles/cpp_sensor_server__rosidl_typesupport_introspection_c.dir/rosidl_typesupport_introspection_c/cpp_sensor_server/srv/detail/sensor_data__type_support.c.o[0m
[1.512s] [ 50%] [32mBuilding CXX object CMakeFiles/cpp_sensor_server__rosidl_typesupport_fastrtps_c.dir/rosidl_typesupport_fastrtps_c/cpp_sensor_server/srv/detail/sensor_data__type_support_c.cpp.o[0m
[1.516s] [ 55%] [32m[1mLinking CXX shared library libcpp_sensor_server__rosidl_typesupport_c.so[0m
[1.516s] [ 55%] [32mBuilding CXX object CMakeFiles/cpp_sensor_server__rosidl_typesupport_fastrtps_cpp.dir/rosidl_typesupport_fastrtps_cpp/cpp_sensor_server/srv/detail/dds_fastrtps/sensor_data__type_support.cpp.o[0m
[1.538s] [ 58%] [32m[1mLinking C shared library libcpp_sensor_server__rosidl_typesupport_introspection_c.so[0m
[1.539s] [ 58%] Built target cpp_sensor_server__rosidl_typesupport_c
[1.555s] [ 58%] Built target cpp_sensor_server__rosidl_typesupport_introspection_c
[1.728s] [ 61%] [32m[1mLinking CXX shared library libcpp_sensor_server__rosidl_typesupport_fastrtps_c.so[0m
[1.771s] [ 61%] Built target cpp_sensor_server__rosidl_typesupport_fastrtps_c
[1.795s] [ 63%] [32m[1mLinking CXX shared library libcpp_sensor_server__rosidl_typesupport_cpp.so[0m
[1.836s] [ 63%] Built target cpp_sensor_server__rosidl_typesupport_cpp
[1.844s] [ 66%] [32m[1mLinking CXX shared library libcpp_sensor_server__rosidl_typesupport_introspection_cpp.so[0m
[1.884s] [ 66%] Built target cpp_sensor_server__rosidl_typesupport_introspection_cpp
[1.923s] [ 69%] [32m[1mLinking CXX shared library libcpp_sensor_server__rosidl_typesupport_fastrtps_cpp.so[0m
[1.964s] [ 69%] Built target cpp_sensor_server__rosidl_typesupport_fastrtps_cpp
[1.973s] [ 69%] Built target cpp_sensor_server
[1.983s] [ 75%] [32mBuilding CXX object CMakeFiles/sensor_server.dir/src/sensor_server.cpp.o[0m
[1.983s] [ 75%] [34m[1mGenerating Python code for ROS interfaces[0m
[2.221s] [ 75%] Built target cpp_sensor_server__py
[2.232s] [ 77%] [32mBuilding C object CMakeFiles/cpp_sensor_server__rosidl_generator_py.dir/rosidl_generator_py/cpp_sensor_server/srv/_sensor_data_s.c.o[0m
[2.306s] [ 80%] [32m[1mLinking C shared library rosidl_generator_py/cpp_sensor_server/libcpp_sensor_server__rosidl_generator_py.so[0m
[2.328s] [ 80%] Built target cpp_sensor_server__rosidl_generator_py
[2.339s] [ 88%] [32mBuilding C object CMakeFiles/cpp_sensor_server__rosidl_typesupport_fastrtps_c__pyext.dir/rosidl_generator_py/cpp_sensor_server/_cpp_sensor_server_s.ep.rosidl_typesupport_fastrtps_c.c.o[0m
[2.340s] [ 88%] [32mBuilding C object CMakeFiles/cpp_sensor_server__rosidl_typesupport_introspection_c__pyext.dir/rosidl_generator_py/cpp_sensor_server/_cpp_sensor_server_s.ep.rosidl_typesupport_introspection_c.c.o[0m
[2.340s] [ 88%] [32mBuilding C object CMakeFiles/cpp_sensor_server__rosidl_typesupport_c__pyext.dir/rosidl_generator_py/cpp_sensor_server/_cpp_sensor_server_s.ep.rosidl_typesupport_c.c.o[0m
[2.398s] [ 94%] [32m[1mLinking C shared library rosidl_generator_py/cpp_sensor_server/cpp_sensor_server_s__rosidl_typesupport_c.cpython-310-x86_64-linux-gnu.so[0m
[2.399s] [ 94%] [32m[1mLinking C shared library rosidl_generator_py/cpp_sensor_server/cpp_sensor_server_s__rosidl_typesupport_introspection_c.cpython-310-x86_64-linux-gnu.so[0m
[2.399s] [ 97%] [32m[1mLinking C shared library rosidl_generator_py/cpp_sensor_server/cpp_sensor_server_s__rosidl_typesupport_fastrtps_c.cpython-310-x86_64-linux-gnu.so[0m
[2.419s] [ 97%] Built target cpp_sensor_server__rosidl_typesupport_fastrtps_c__pyext
[2.419s] [ 97%] Built target cpp_sensor_server__rosidl_typesupport_c__pyext
[2.420s] [ 97%] Built target cpp_sensor_server__rosidl_typesupport_introspection_c__pyext
[4.140s] [01m[K/home/yang/ros2_ws/src/cpp_sensor_server/src/sensor_server.cpp:[m[K In member function ‘[01m[Kvoid SensorServer::handle_sensor_data(std::shared_ptr<cpp_sensor_server::srv::SensorData_Request_<std::allocator<void> > >, std::shared_ptr<cpp_sensor_server::srv::SensorData_Response_<std::allocator<void> > >)[m[K’:
[4.140s] [01m[K/home/yang/ros2_ws/src/cpp_sensor_server/src/sensor_server.cpp:23:12:[m[K [01;35m[Kwarning: [m[Kunused variable ‘[01m[Klen[m[K’ [[01;35m[K]8;;https://gcc.gnu.org/onlinedocs/gcc/Warning-Options.html#index-Wunused-variable-Wunused-variable]8;;[m[K]
[4.140s]    23 |     size_t [01;35m[Klen[m[K = socket_.read_some(asio::buffer(buffer), ignored_error);
[4.140s]       |            [01;35m[K^~~[m[K
[5.426s] [100%] [32m[1mLinking CXX executable sensor_server[0m
[5.542s] [100%] Built target sensor_server
[5.547s] Invoked command in '/home/yang/ros2_ws/build/cpp_sensor_server' returned '0': CMAKE_PREFIX_PATH=${CMAKE_PREFIX_PATH}:/home/yang/ros2_ws/install/py_srvcli:/opt/ros/iron /usr/bin/cmake --build /home/yang/ros2_ws/build/cpp_sensor_server -- -j16 -l16
[5.586s] Invoking command in '/home/yang/ros2_ws/build/cpp_sensor_server': CMAKE_PREFIX_PATH=${CMAKE_PREFIX_PATH}:/home/yang/ros2_ws/install/py_srvcli:/opt/ros/iron /usr/bin/cmake --install /home/yang/ros2_ws/build/cpp_sensor_server
[5.590s] -- Install configuration: ""
[5.590s] -- Installing: /home/yang/ros2_ws/install/cpp_sensor_server/share/ament_index/resource_index/rosidl_interfaces/cpp_sensor_server
[5.590s] -- Installing: /home/yang/ros2_ws/install/cpp_sensor_server/share/cpp_sensor_server/srv/SensorData.json
[5.590s] -- Installing: /home/yang/ros2_ws/install/cpp_sensor_server/include/cpp_sensor_server/cpp_sensor_server
[5.590s] -- Installing: /home/yang/ros2_ws/install/cpp_sensor_server/include/cpp_sensor_server/cpp_sensor_server/srv
[5.590s] -- Installing: /home/yang/ros2_ws/install/cpp_sensor_server/include/cpp_sensor_server/cpp_sensor_server/srv/detail
[5.590s] -- Installing: /home/yang/ros2_ws/install/cpp_sensor_server/include/cpp_sensor_server/cpp_sensor_server/srv/detail/sensor_data__description.c
[5.590s] -- Installing: /home/yang/ros2_ws/install/cpp_sensor_server/include/cpp_sensor_server/cpp_sensor_server/srv/detail/sensor_data__struct.h
[5.590s] -- Installing: /home/yang/ros2_ws/install/cpp_sensor_server/include/cpp_sensor_server/cpp_sensor_server/srv/detail/sensor_data__functions.c
[5.590s] -- Installing: /home/yang/ros2_ws/install/cpp_sensor_server/include/cpp_sensor_server/cpp_sensor_server/srv/detail/sensor_data__functions.h
[5.590s] -- Installing: /home/yang/ros2_ws/install/cpp_sensor_server/include/cpp_sensor_server/cpp_sensor_server/srv/detail/sensor_data__type_support.c
[5.590s] -- Installing: /home/yang/ros2_ws/install/cpp_sensor_server/include/cpp_sensor_server/cpp_sensor_server/srv/detail/sensor_data__type_support.h
[5.590s] -- Installing: /home/yang/ros2_ws/install/cpp_sensor_server/include/cpp_sensor_server/cpp_sensor_server/srv/sensor_data.h
[5.590s] -- Installing: /home/yang/ros2_ws/install/cpp_sensor_server/include/cpp_sensor_server/cpp_sensor_server/msg
[5.590s] -- Installing: /home/yang/ros2_ws/install/cpp_sensor_server/include/cpp_sensor_server/cpp_sensor_server/msg/rosidl_generator_c__visibility_control.h
[5.590s] -- Installing: /home/yang/ros2_ws/install/cpp_sensor_server/share/cpp_sensor_server/environment/library_path.sh
[5.590s] -- Installing: /home/yang/ros2_ws/install/cpp_sensor_server/share/cpp_sensor_server/environment/library_path.dsv
[5.591s] -- Installing: /home/yang/ros2_ws/install/cpp_sensor_server/lib/libcpp_sensor_server__rosidl_generator_c.so
[5.591s] -- Set runtime path of "/home/yang/ros2_ws/install/cpp_sensor_server/lib/libcpp_sensor_server__rosidl_generator_c.so" to ""
[5.591s] -- Up-to-date: /home/yang/ros2_ws/install/cpp_sensor_server/include/cpp_sensor_server/cpp_sensor_server
[5.591s] -- Up-to-date: /home/yang/ros2_ws/install/cpp_sensor_server/include/cpp_sensor_server/cpp_sensor_server/srv
[5.591s] -- Up-to-date: /home/yang/ros2_ws/install/cpp_sensor_server/include/cpp_sensor_server/cpp_sensor_server/srv/detail
[5.591s] -- Installing: /home/yang/ros2_ws/install/cpp_sensor_server/include/cpp_sensor_server/cpp_sensor_server/srv/detail/sensor_data__rosidl_typesupport_fastrtps_c.h
[5.591s] -- Up-to-date: /home/yang/ros2_ws/install/cpp_sensor_server/include/cpp_sensor_server/cpp_sensor_server/msg
[5.591s] -- Installing: /home/yang/ros2_ws/install/cpp_sensor_server/include/cpp_sensor_server/cpp_sensor_server/msg/rosidl_typesupport_fastrtps_c__visibility_control.h
[5.591s] -- Installing: /home/yang/ros2_ws/install/cpp_sensor_server/lib/libcpp_sensor_server__rosidl_typesupport_fastrtps_c.so
[5.591s] -- Set runtime path of "/home/yang/ros2_ws/install/cpp_sensor_server/lib/libcpp_sensor_server__rosidl_typesupport_fastrtps_c.so" to ""
[5.591s] -- Up-to-date: /home/yang/ros2_ws/install/cpp_sensor_server/include/cpp_sensor_server/cpp_sensor_server
[5.591s] -- Up-to-date: /home/yang/ros2_ws/install/cpp_sensor_server/include/cpp_sensor_server/cpp_sensor_server/srv
[5.591s] -- Installing: /home/yang/ros2_ws/install/cpp_sensor_server/include/cpp_sensor_server/cpp_sensor_server/srv/sensor_data.hpp
[5.591s] -- Up-to-date: /home/yang/ros2_ws/install/cpp_sensor_server/include/cpp_sensor_server/cpp_sensor_server/srv/detail
[5.591s] -- Installing: /home/yang/ros2_ws/install/cpp_sensor_server/include/cpp_sensor_server/cpp_sensor_server/srv/detail/sensor_data__traits.hpp
[5.591s] -- Installing: /home/yang/ros2_ws/install/cpp_sensor_server/include/cpp_sensor_server/cpp_sensor_server/srv/detail/sensor_data__builder.hpp
[5.591s] -- Installing: /home/yang/ros2_ws/install/cpp_sensor_server/include/cpp_sensor_server/cpp_sensor_server/srv/detail/sensor_data__struct.hpp
[5.591s] -- Up-to-date: /home/yang/ros2_ws/install/cpp_sensor_server/include/cpp_sensor_server/cpp_sensor_server
[5.592s] -- Up-to-date: /home/yang/ros2_ws/install/cpp_sensor_server/include/cpp_sensor_server/cpp_sensor_server/srv
[5.592s] -- Up-to-date: /home/yang/ros2_ws/install/cpp_sensor_server/include/cpp_sensor_server/cpp_sensor_server/srv/detail
[5.592s] -- Installing: /home/yang/ros2_ws/install/cpp_sensor_server/include/cpp_sensor_server/cpp_sensor_server/srv/detail/sensor_data__rosidl_typesupport_fastrtps_cpp.hpp
[5.592s] -- Installing: /home/yang/ros2_ws/install/cpp_sensor_server/include/cpp_sensor_server/cpp_sensor_server/srv/detail/dds_fastrtps
[5.592s] -- Up-to-date: /home/yang/ros2_ws/install/cpp_sensor_server/include/cpp_sensor_server/cpp_sensor_server/msg
[5.592s] -- Installing: /home/yang/ros2_ws/install/cpp_sensor_server/include/cpp_sensor_server/cpp_sensor_server/msg/rosidl_typesupport_fastrtps_cpp__visibility_control.h
[5.592s] -- Installing: /home/yang/ros2_ws/install/cpp_sensor_server/lib/libcpp_sensor_server__rosidl_typesupport_fastrtps_cpp.so
[5.592s] -- Set runtime path of "/home/yang/ros2_ws/install/cpp_sensor_server/lib/libcpp_sensor_server__rosidl_typesupport_fastrtps_cpp.so" to ""
[5.592s] -- Up-to-date: /home/yang/ros2_ws/install/cpp_sensor_server/include/cpp_sensor_server/cpp_sensor_server
[5.592s] -- Up-to-date: /home/yang/ros2_ws/install/cpp_sensor_server/include/cpp_sensor_server/cpp_sensor_server/srv
[5.592s] -- Up-to-date: /home/yang/ros2_ws/install/cpp_sensor_server/include/cpp_sensor_server/cpp_sensor_server/srv/detail
[5.592s] -- Installing: /home/yang/ros2_ws/install/cpp_sensor_server/include/cpp_sensor_server/cpp_sensor_server/srv/detail/sensor_data__rosidl_typesupport_introspection_c.h
[5.592s] -- Up-to-date: /home/yang/ros2_ws/install/cpp_sensor_server/include/cpp_sensor_server/cpp_sensor_server/srv/detail/sensor_data__type_support.c
[5.592s] -- Up-to-date: /home/yang/ros2_ws/install/cpp_sensor_server/include/cpp_sensor_server/cpp_sensor_server/msg
[5.592s] -- Installing: /home/yang/ros2_ws/install/cpp_sensor_server/include/cpp_sensor_server/cpp_sensor_server/msg/rosidl_typesupport_introspection_c__visibility_control.h
[5.592s] -- Installing: /home/yang/ros2_ws/install/cpp_sensor_server/lib/libcpp_sensor_server__rosidl_typesupport_introspection_c.so
[5.592s] -- Set runtime path of "/home/yang/ros2_ws/install/cpp_sensor_server/lib/libcpp_sensor_server__rosidl_typesupport_introspection_c.so" to ""
[5.592s] -- Installing: /home/yang/ros2_ws/install/cpp_sensor_server/lib/libcpp_sensor_server__rosidl_typesupport_c.so
[5.592s] -- Set runtime path of "/home/yang/ros2_ws/install/cpp_sensor_server/lib/libcpp_sensor_server__rosidl_typesupport_c.so" to ""
[5.592s] -- Up-to-date: /home/yang/ros2_ws/install/cpp_sensor_server/include/cpp_sensor_server/cpp_sensor_server
[5.592s] -- Up-to-date: /home/yang/ros2_ws/install/cpp_sensor_server/include/cpp_sensor_server/cpp_sensor_server/srv
[5.592s] -- Up-to-date: /home/yang/ros2_ws/install/cpp_sensor_server/include/cpp_sensor_server/cpp_sensor_server/srv/detail
[5.592s] -- Installing: /home/yang/ros2_ws/install/cpp_sensor_server/include/cpp_sensor_server/cpp_sensor_server/srv/detail/sensor_data__rosidl_typesupport_introspection_cpp.hpp
[5.592s] -- Installing: /home/yang/ros2_ws/install/cpp_sensor_server/include/cpp_sensor_server/cpp_sensor_server/srv/detail/sensor_data__type_support.cpp
[5.593s] -- Installing: /home/yang/ros2_ws/install/cpp_sensor_server/lib/libcpp_sensor_server__rosidl_typesupport_introspection_cpp.so
[5.593s] -- Set runtime path of "/home/yang/ros2_ws/install/cpp_sensor_server/lib/libcpp_sensor_server__rosidl_typesupport_introspection_cpp.so" to ""
[5.593s] -- Installing: /home/yang/ros2_ws/install/cpp_sensor_server/lib/libcpp_sensor_server__rosidl_typesupport_cpp.so
[5.593s] -- Set runtime path of "/home/yang/ros2_ws/install/cpp_sensor_server/lib/libcpp_sensor_server__rosidl_typesupport_cpp.so" to ""
[5.593s] -- Installing: /home/yang/ros2_ws/install/cpp_sensor_server/share/cpp_sensor_server/environment/pythonpath.sh
[5.593s] -- Installing: /home/yang/ros2_ws/install/cpp_sensor_server/share/cpp_sensor_server/environment/pythonpath.dsv
[5.593s] -- Installing: /home/yang/ros2_ws/install/cpp_sensor_server/lib/python3.10/site-packages/cpp_sensor_server-0.0.0-py3.10.egg-info
[5.593s] -- Installing: /home/yang/ros2_ws/install/cpp_sensor_server/lib/python3.10/site-packages/cpp_sensor_server-0.0.0-py3.10.egg-info/SOURCES.txt
[5.593s] -- Installing: /home/yang/ros2_ws/install/cpp_sensor_server/lib/python3.10/site-packages/cpp_sensor_server-0.0.0-py3.10.egg-info/PKG-INFO
[5.593s] -- Installing: /home/yang/ros2_ws/install/cpp_sensor_server/lib/python3.10/site-packages/cpp_sensor_server-0.0.0-py3.10.egg-info/dependency_links.txt
[5.593s] -- Installing: /home/yang/ros2_ws/install/cpp_sensor_server/lib/python3.10/site-packages/cpp_sensor_server-0.0.0-py3.10.egg-info/top_level.txt
[5.593s] -- Installing: /home/yang/ros2_ws/install/cpp_sensor_server/lib/python3.10/site-packages/cpp_sensor_server
[5.593s] -- Installing: /home/yang/ros2_ws/install/cpp_sensor_server/lib/python3.10/site-packages/cpp_sensor_server/_cpp_sensor_server_s.ep.rosidl_typesupport_c.c
[5.593s] -- Installing: /home/yang/ros2_ws/install/cpp_sensor_server/lib/python3.10/site-packages/cpp_sensor_server/_cpp_sensor_server_s.ep.rosidl_typesupport_fastrtps_c.c
[5.593s] -- Installing: /home/yang/ros2_ws/install/cpp_sensor_server/lib/python3.10/site-packages/cpp_sensor_server/_cpp_sensor_server_s.ep.rosidl_typesupport_introspection_c.c
[5.593s] -- Installing: /home/yang/ros2_ws/install/cpp_sensor_server/lib/python3.10/site-packages/cpp_sensor_server/srv
[5.593s] -- Installing: /home/yang/ros2_ws/install/cpp_sensor_server/lib/python3.10/site-packages/cpp_sensor_server/srv/_sensor_data.py
[5.594s] -- Installing: /home/yang/ros2_ws/install/cpp_sensor_server/lib/python3.10/site-packages/cpp_sensor_server/srv/_sensor_data_s.c
[5.594s] -- Installing: /home/yang/ros2_ws/install/cpp_sensor_server/lib/python3.10/site-packages/cpp_sensor_server/srv/__init__.py
[5.594s] -- Installing: /home/yang/ros2_ws/install/cpp_sensor_server/lib/python3.10/site-packages/cpp_sensor_server/cpp_sensor_server_s__rosidl_typesupport_introspection_c.cpython-310-x86_64-linux-gnu.so
[5.594s] -- Installing: /home/yang/ros2_ws/install/cpp_sensor_server/lib/python3.10/site-packages/cpp_sensor_server/cpp_sensor_server_s__rosidl_typesupport_fastrtps_c.cpython-310-x86_64-linux-gnu.so
[5.594s] -- Installing: /home/yang/ros2_ws/install/cpp_sensor_server/lib/python3.10/site-packages/cpp_sensor_server/cpp_sensor_server_s__rosidl_typesupport_c.cpython-310-x86_64-linux-gnu.so
[5.594s] -- Installing: /home/yang/ros2_ws/install/cpp_sensor_server/lib/python3.10/site-packages/cpp_sensor_server/libcpp_sensor_server__rosidl_generator_py.so
[5.594s] -- Installing: /home/yang/ros2_ws/install/cpp_sensor_server/lib/python3.10/site-packages/cpp_sensor_server/__init__.py
[5.614s] Listing '/home/yang/ros2_ws/install/cpp_sensor_server/lib/python3.10/site-packages/cpp_sensor_server'...
[5.614s] Compiling '/home/yang/ros2_ws/install/cpp_sensor_server/lib/python3.10/site-packages/cpp_sensor_server/__init__.py'...
[5.614s] Listing '/home/yang/ros2_ws/install/cpp_sensor_server/lib/python3.10/site-packages/cpp_sensor_server/srv'...
[5.614s] Compiling '/home/yang/ros2_ws/install/cpp_sensor_server/lib/python3.10/site-packages/cpp_sensor_server/srv/__init__.py'...
[5.614s] Compiling '/home/yang/ros2_ws/install/cpp_sensor_server/lib/python3.10/site-packages/cpp_sensor_server/srv/_sensor_data.py'...
[5.617s] -- Installing: /home/yang/ros2_ws/install/cpp_sensor_server/lib/python3.10/site-packages/cpp_sensor_server/cpp_sensor_server_s__rosidl_typesupport_fastrtps_c.cpython-310-x86_64-linux-gnu.so
[5.617s] -- Set runtime path of "/home/yang/ros2_ws/install/cpp_sensor_server/lib/python3.10/site-packages/cpp_sensor_server/cpp_sensor_server_s__rosidl_typesupport_fastrtps_c.cpython-310-x86_64-linux-gnu.so" to ""
[5.617s] -- Installing: /home/yang/ros2_ws/install/cpp_sensor_server/lib/python3.10/site-packages/cpp_sensor_server/cpp_sensor_server_s__rosidl_typesupport_introspection_c.cpython-310-x86_64-linux-gnu.so
[5.617s] -- Set runtime path of "/home/yang/ros2_ws/install/cpp_sensor_server/lib/python3.10/site-packages/cpp_sensor_server/cpp_sensor_server_s__rosidl_typesupport_introspection_c.cpython-310-x86_64-linux-gnu.so" to ""
[5.617s] -- Installing: /home/yang/ros2_ws/install/cpp_sensor_server/lib/python3.10/site-packages/cpp_sensor_server/cpp_sensor_server_s__rosidl_typesupport_c.cpython-310-x86_64-linux-gnu.so
[5.617s] -- Set runtime path of "/home/yang/ros2_ws/install/cpp_sensor_server/lib/python3.10/site-packages/cpp_sensor_server/cpp_sensor_server_s__rosidl_typesupport_c.cpython-310-x86_64-linux-gnu.so" to ""
[5.617s] -- Installing: /home/yang/ros2_ws/install/cpp_sensor_server/lib/libcpp_sensor_server__rosidl_generator_py.so
[5.617s] -- Set runtime path of "/home/yang/ros2_ws/install/cpp_sensor_server/lib/libcpp_sensor_server__rosidl_generator_py.so" to ""
[5.618s] -- Installing: /home/yang/ros2_ws/install/cpp_sensor_server/share/cpp_sensor_server/srv/SensorData.idl
[5.618s] -- Installing: /home/yang/ros2_ws/install/cpp_sensor_server/share/cpp_sensor_server/srv/SensorData.srv
[5.618s] -- Installing: /home/yang/ros2_ws/install/cpp_sensor_server/share/cpp_sensor_server/srv/SensorData_Request.msg
[5.618s] -- Installing: /home/yang/ros2_ws/install/cpp_sensor_server/share/cpp_sensor_server/srv/SensorData_Response.msg
[5.618s] -- Installing: /home/yang/ros2_ws/install/cpp_sensor_server/lib/cpp_sensor_server/sensor_server
[5.619s] -- Set runtime path of "/home/yang/ros2_ws/install/cpp_sensor_server/lib/cpp_sensor_server/sensor_server" to ""
[5.619s] -- Installing: /home/yang/ros2_ws/install/cpp_sensor_server/share/ament_index/resource_index/package_run_dependencies/cpp_sensor_server
[5.619s] -- Installing: /home/yang/ros2_ws/install/cpp_sensor_server/share/ament_index/resource_index/parent_prefix_path/cpp_sensor_server
[5.619s] -- Installing: /home/yang/ros2_ws/install/cpp_sensor_server/share/cpp_sensor_server/environment/ament_prefix_path.sh
[5.619s] -- Installing: /home/yang/ros2_ws/install/cpp_sensor_server/share/cpp_sensor_server/environment/ament_prefix_path.dsv
[5.619s] -- Installing: /home/yang/ros2_ws/install/cpp_sensor_server/share/cpp_sensor_server/environment/path.sh
[5.619s] -- Installing: /home/yang/ros2_ws/install/cpp_sensor_server/share/cpp_sensor_server/environment/path.dsv
[5.619s] -- Installing: /home/yang/ros2_ws/install/cpp_sensor_server/share/cpp_sensor_server/local_setup.bash
[5.619s] -- Installing: /home/yang/ros2_ws/install/cpp_sensor_server/share/cpp_sensor_server/local_setup.sh
[5.619s] -- Installing: /home/yang/ros2_ws/install/cpp_sensor_server/share/cpp_sensor_server/local_setup.zsh
[5.619s] -- Installing: /home/yang/ros2_ws/install/cpp_sensor_server/share/cpp_sensor_server/local_setup.dsv
[5.619s] -- Installing: /home/yang/ros2_ws/install/cpp_sensor_server/share/cpp_sensor_server/package.dsv
[5.619s] -- Installing: /home/yang/ros2_ws/install/cpp_sensor_server/share/ament_index/resource_index/packages/cpp_sensor_server
[5.619s] -- Installing: /home/yang/ros2_ws/install/cpp_sensor_server/share/cpp_sensor_server/cmake/export_cpp_sensor_server__rosidl_generator_cExport.cmake
[5.619s] -- Installing: /home/yang/ros2_ws/install/cpp_sensor_server/share/cpp_sensor_server/cmake/export_cpp_sensor_server__rosidl_generator_cExport-noconfig.cmake
[5.619s] -- Installing: /home/yang/ros2_ws/install/cpp_sensor_server/share/cpp_sensor_server/cmake/export_cpp_sensor_server__rosidl_typesupport_fastrtps_cExport.cmake
[5.620s] -- Installing: /home/yang/ros2_ws/install/cpp_sensor_server/share/cpp_sensor_server/cmake/export_cpp_sensor_server__rosidl_typesupport_fastrtps_cExport-noconfig.cmake
[5.620s] -- Installing: /home/yang/ros2_ws/install/cpp_sensor_server/share/cpp_sensor_server/cmake/export_cpp_sensor_server__rosidl_generator_cppExport.cmake
[5.620s] -- Installing: /home/yang/ros2_ws/install/cpp_sensor_server/share/cpp_sensor_server/cmake/export_cpp_sensor_server__rosidl_typesupport_fastrtps_cppExport.cmake
[5.620s] -- Installing: /home/yang/ros2_ws/install/cpp_sensor_server/share/cpp_sensor_server/cmake/export_cpp_sensor_server__rosidl_typesupport_fastrtps_cppExport-noconfig.cmake
[5.620s] -- Installing: /home/yang/ros2_ws/install/cpp_sensor_server/share/cpp_sensor_server/cmake/cpp_sensor_server__rosidl_typesupport_introspection_cExport.cmake
[5.620s] -- Installing: /home/yang/ros2_ws/install/cpp_sensor_server/share/cpp_sensor_server/cmake/cpp_sensor_server__rosidl_typesupport_introspection_cExport-noconfig.cmake
[5.620s] -- Installing: /home/yang/ros2_ws/install/cpp_sensor_server/share/cpp_sensor_server/cmake/cpp_sensor_server__rosidl_typesupport_cExport.cmake
[5.620s] -- Installing: /home/yang/ros2_ws/install/cpp_sensor_server/share/cpp_sensor_server/cmake/cpp_sensor_server__rosidl_typesupport_cExport-noconfig.cmake
[5.620s] -- Installing: /home/yang/ros2_ws/install/cpp_sensor_server/share/cpp_sensor_server/cmake/cpp_sensor_server__rosidl_typesupport_introspection_cppExport.cmake
[5.620s] -- Installing: /home/yang/ros2_ws/install/cpp_sensor_server/share/cpp_sensor_server/cmake/cpp_sensor_server__rosidl_typesupport_introspection_cppExport-noconfig.cmake
[5.620s] -- Installing: /home/yang/ros2_ws/install/cpp_sensor_server/share/cpp_sensor_server/cmake/cpp_sensor_server__rosidl_typesupport_cppExport.cmake
[5.620s] -- Installing: /home/yang/ros2_ws/install/cpp_sensor_server/share/cpp_sensor_server/cmake/cpp_sensor_server__rosidl_typesupport_cppExport-noconfig.cmake
[5.620s] -- Installing: /home/yang/ros2_ws/install/cpp_sensor_server/share/cpp_sensor_server/cmake/export_cpp_sensor_server__rosidl_generator_pyExport.cmake
[5.620s] -- Installing: /home/yang/ros2_ws/install/cpp_sensor_server/share/cpp_sensor_server/cmake/export_cpp_sensor_server__rosidl_generator_pyExport-noconfig.cmake
[5.620s] -- Installing: /home/yang/ros2_ws/install/cpp_sensor_server/share/cpp_sensor_server/cmake/rosidl_cmake-extras.cmake
[5.621s] -- Installing: /home/yang/ros2_ws/install/cpp_sensor_server/share/cpp_sensor_server/cmake/ament_cmake_export_dependencies-extras.cmake
[5.621s] -- Installing: /home/yang/ros2_ws/install/cpp_sensor_server/share/cpp_sensor_server/cmake/ament_cmake_export_include_directories-extras.cmake
[5.621s] -- Installing: /home/yang/ros2_ws/install/cpp_sensor_server/share/cpp_sensor_server/cmake/ament_cmake_export_libraries-extras.cmake
[5.621s] -- Installing: /home/yang/ros2_ws/install/cpp_sensor_server/share/cpp_sensor_server/cmake/ament_cmake_export_targets-extras.cmake
[5.621s] -- Installing: /home/yang/ros2_ws/install/cpp_sensor_server/share/cpp_sensor_server/cmake/rosidl_cmake_export_typesupport_targets-extras.cmake
[5.621s] -- Installing: /home/yang/ros2_ws/install/cpp_sensor_server/share/cpp_sensor_server/cmake/rosidl_cmake_export_typesupport_libraries-extras.cmake
[5.621s] -- Installing: /home/yang/ros2_ws/install/cpp_sensor_server/share/cpp_sensor_server/cmake/cpp_sensor_serverConfig.cmake
[5.621s] -- Installing: /home/yang/ros2_ws/install/cpp_sensor_server/share/cpp_sensor_server/cmake/cpp_sensor_serverConfig-version.cmake
[5.621s] -- Installing: /home/yang/ros2_ws/install/cpp_sensor_server/share/cpp_sensor_server/package.xml
[5.622s] Invoked command in '/home/yang/ros2_ws/build/cpp_sensor_server' returned '0': CMAKE_PREFIX_PATH=${CMAKE_PREFIX_PATH}:/home/yang/ros2_ws/install/py_srvcli:/opt/ros/iron /usr/bin/cmake --install /home/yang/ros2_ws/build/cpp_sensor_server
