[0.315s] Invoking command in '/home/yang/ros2_ws/src/py_srvcli': PYTHONPATH=/home/yang/ros2_ws/build/py_srvcli/prefix_override:/home/yang/ros2_ws/install/py_srvcli/lib/python3.10/site-packages:/home/yang/ros2_ws/install/tutorial_interfaces/lib/python3.10/site-packages:/home/yang/ros2_ws/install/py_srvcli/lib/python3.10/site-packages:/home/yang/ros2_ws/install/py_pubsub/lib/python3.10/site-packages:/opt/ros/iron/lib/python3.10/site-packages /usr/bin/python3 -W ignore:setup.py install is deprecated setup.py egg_info --egg-base ../../build/py_srvcli build --build-base /home/yang/ros2_ws/build/py_srvcli/build install --record /home/yang/ros2_ws/build/py_srvcli/install.log --single-version-externally-managed install_data
[0.441s] running egg_info
[0.441s] writing ../../build/py_srvcli/py_srvcli.egg-info/PKG-INFO
[0.441s] writing dependency_links to ../../build/py_srvcli/py_srvcli.egg-info/dependency_links.txt
[0.442s] writing entry points to ../../build/py_srvcli/py_srvcli.egg-info/entry_points.txt
[0.442s] writing requirements to ../../build/py_srvcli/py_srvcli.egg-info/requires.txt
[0.442s] writing top-level names to ../../build/py_srvcli/py_srvcli.egg-info/top_level.txt
[0.443s] reading manifest file '../../build/py_srvcli/py_srvcli.egg-info/SOURCES.txt'
[0.443s] adding license file 'LICENSE'
[0.443s] writing manifest file '../../build/py_srvcli/py_srvcli.egg-info/SOURCES.txt'
[0.443s] running build
[0.443s] running build_py
[0.443s] copying py_srvcli/sensor_server.py -> /home/yang/ros2_ws/build/py_srvcli/build/lib/py_srvcli
[0.443s] running install
[0.444s] running install_lib
[0.444s] copying /home/yang/ros2_ws/build/py_srvcli/build/lib/py_srvcli/sensor_server.py -> /home/yang/ros2_ws/install/py_srvcli/lib/python3.10/site-packages/py_srvcli
[0.444s] byte-compiling /home/yang/ros2_ws/install/py_srvcli/lib/python3.10/site-packages/py_srvcli/sensor_server.py to sensor_server.cpython-310.pyc
[0.445s] running install_data
[0.445s] running install_egg_info
[0.446s] removing '/home/yang/ros2_ws/install/py_srvcli/lib/python3.10/site-packages/py_srvcli-0.0.0-py3.10.egg-info' (and everything under it)
[0.446s] Copying ../../build/py_srvcli/py_srvcli.egg-info to /home/yang/ros2_ws/install/py_srvcli/lib/python3.10/site-packages/py_srvcli-0.0.0-py3.10.egg-info
[0.446s] running install_scripts
[0.458s] Installing client script to /home/yang/ros2_ws/install/py_srvcli/lib/py_srvcli
[0.458s] Installing service script to /home/yang/ros2_ws/install/py_srvcli/lib/py_srvcli
[0.458s] writing list of installed files to '/home/yang/ros2_ws/build/py_srvcli/install.log'
[0.470s] Invoked command in '/home/yang/ros2_ws/src/py_srvcli' returned '0': PYTHONPATH=/home/yang/ros2_ws/build/py_srvcli/prefix_override:/home/yang/ros2_ws/install/py_srvcli/lib/python3.10/site-packages:/home/yang/ros2_ws/install/tutorial_interfaces/lib/python3.10/site-packages:/home/yang/ros2_ws/install/py_srvcli/lib/python3.10/site-packages:/home/yang/ros2_ws/install/py_pubsub/lib/python3.10/site-packages:/opt/ros/iron/lib/python3.10/site-packages /usr/bin/python3 -W ignore:setup.py install is deprecated setup.py egg_info --egg-base ../../build/py_srvcli build --build-base /home/yang/ros2_ws/build/py_srvcli/build install --record /home/yang/ros2_ws/build/py_srvcli/install.log --single-version-externally-managed install_data
