[0.005s] Invoking command in '/home/yang/ros2_ws/build/cpp_srvcli': CMAKE_PREFIX_PATH=${CMAKE_PREFIX_PATH}:/home/yang/ros2_ws/install/py_srvcli:/opt/ros/iron /usr/bin/cmake /home/yang/ros2_ws/src/cpp_srvcli -DCMAKE_INSTALL_PREFIX=/home/yang/ros2_ws/install/cpp_srvcli
[0.073s] -- The C compiler identification is GNU 11.4.0
[0.103s] -- The CXX compiler identification is GNU 11.4.0
[0.107s] -- Detecting C compiler ABI info
[0.144s] -- Detecting C compiler ABI info - done
[0.148s] -- Check for working C compiler: /usr/bin/cc - skipped
[0.148s] -- Detecting C compile features
[0.149s] -- Detecting C compile features - done
[0.150s] -- Detecting CXX compiler ABI info
[0.191s] -- Detecting CXX compiler ABI info - done
[0.195s] -- Check for working CXX compiler: /usr/bin/c++ - skipped
[0.195s] -- Detecting CXX compile features
[0.196s] -- Detecting CXX compile features - done
[0.197s] -- Found ament_cmake: 2.0.4 (/opt/ros/iron/share/ament_cmake/cmake)
[0.294s] -- Found Python3: /usr/bin/python3.10 (found version "3.10.12") found components: Interpreter 
[0.342s] -- Found rclcpp: 21.0.5 (/opt/ros/iron/share/rclcpp/cmake)
[0.363s] -- Found rosidl_generator_c: 4.0.1 (/opt/ros/iron/share/rosidl_generator_c/cmake)
[0.370s] -- Found rosidl_generator_cpp: 4.0.1 (/opt/ros/iron/share/rosidl_generator_cpp/cmake)
[0.378s] -- Using all available rosidl_typesupport_c: rosidl_typesupport_fastrtps_c;rosidl_typesupport_introspection_c
[0.389s] -- Using all available rosidl_typesupport_cpp: rosidl_typesupport_fastrtps_cpp;rosidl_typesupport_introspection_cpp
[0.481s] -- Found rmw_implementation_cmake: 7.1.0 (/opt/ros/iron/share/rmw_implementation_cmake/cmake)
[0.482s] -- Found rmw_fastrtps_cpp: 7.1.3 (/opt/ros/iron/share/rmw_fastrtps_cpp/cmake)
[0.538s] -- Found OpenSSL: /usr/lib/x86_64-linux-gnu/libcrypto.so (found version "3.0.2")  
[0.552s] -- Found FastRTPS: /opt/ros/iron/include  
[0.575s] -- Using RMW implementation 'rmw_fastrtps_cpp' as default
[0.673s] -- Found example_interfaces: 0.10.2 (/opt/ros/iron/share/example_interfaces/cmake)
[0.821s] -- Configuring done
[0.827s] -- Generating done
[0.828s] -- Build files have been written to: /home/yang/ros2_ws/build/cpp_srvcli
[0.833s] Invoked command in '/home/yang/ros2_ws/build/cpp_srvcli' returned '0': CMAKE_PREFIX_PATH=${CMAKE_PREFIX_PATH}:/home/yang/ros2_ws/install/py_srvcli:/opt/ros/iron /usr/bin/cmake /home/yang/ros2_ws/src/cpp_srvcli -DCMAKE_INSTALL_PREFIX=/home/yang/ros2_ws/install/cpp_srvcli
[0.834s] Invoking command in '/home/yang/ros2_ws/build/cpp_srvcli': CMAKE_PREFIX_PATH=${CMAKE_PREFIX_PATH}:/home/yang/ros2_ws/install/py_srvcli:/opt/ros/iron /usr/bin/cmake --build /home/yang/ros2_ws/build/cpp_srvcli -- -j16 -l16
[0.859s] [ 50%] [32mBuilding CXX object CMakeFiles/client.dir/src/add_two_ints_client.cpp.o[0m
[0.859s] [ 50%] [32mBuilding CXX object CMakeFiles/server.dir/src/add_two_ints_server.cpp.o[0m
[3.078s] [ 75%] [32m[1mLinking CXX executable server[0m
[3.175s] [ 75%] Built target server
[3.227s] [100%] [32m[1mLinking CXX executable client[0m
[3.319s] [100%] Built target client
[3.325s] Invoked command in '/home/yang/ros2_ws/build/cpp_srvcli' returned '0': CMAKE_PREFIX_PATH=${CMAKE_PREFIX_PATH}:/home/yang/ros2_ws/install/py_srvcli:/opt/ros/iron /usr/bin/cmake --build /home/yang/ros2_ws/build/cpp_srvcli -- -j16 -l16
[3.344s] Invoking command in '/home/yang/ros2_ws/build/cpp_srvcli': CMAKE_PREFIX_PATH=${CMAKE_PREFIX_PATH}:/home/yang/ros2_ws/install/py_srvcli:/opt/ros/iron /usr/bin/cmake --install /home/yang/ros2_ws/build/cpp_srvcli
[3.348s] -- Install configuration: ""
[3.348s] -- Installing: /home/yang/ros2_ws/install/cpp_srvcli/lib/cpp_srvcli/server
[3.349s] -- Set runtime path of "/home/yang/ros2_ws/install/cpp_srvcli/lib/cpp_srvcli/server" to ""
[3.349s] -- Installing: /home/yang/ros2_ws/install/cpp_srvcli/lib/cpp_srvcli/client
[3.349s] -- Set runtime path of "/home/yang/ros2_ws/install/cpp_srvcli/lib/cpp_srvcli/client" to ""
[3.350s] -- Installing: /home/yang/ros2_ws/install/cpp_srvcli/share/ament_index/resource_index/package_run_dependencies/cpp_srvcli
[3.350s] -- Installing: /home/yang/ros2_ws/install/cpp_srvcli/share/ament_index/resource_index/parent_prefix_path/cpp_srvcli
[3.350s] -- Installing: /home/yang/ros2_ws/install/cpp_srvcli/share/cpp_srvcli/environment/ament_prefix_path.sh
[3.350s] -- Installing: /home/yang/ros2_ws/install/cpp_srvcli/share/cpp_srvcli/environment/ament_prefix_path.dsv
[3.350s] -- Installing: /home/yang/ros2_ws/install/cpp_srvcli/share/cpp_srvcli/environment/path.sh
[3.350s] -- Installing: /home/yang/ros2_ws/install/cpp_srvcli/share/cpp_srvcli/environment/path.dsv
[3.350s] -- Installing: /home/yang/ros2_ws/install/cpp_srvcli/share/cpp_srvcli/local_setup.bash
[3.350s] -- Installing: /home/yang/ros2_ws/install/cpp_srvcli/share/cpp_srvcli/local_setup.sh
[3.350s] -- Installing: /home/yang/ros2_ws/install/cpp_srvcli/share/cpp_srvcli/local_setup.zsh
[3.350s] -- Installing: /home/yang/ros2_ws/install/cpp_srvcli/share/cpp_srvcli/local_setup.dsv
[3.350s] -- Installing: /home/yang/ros2_ws/install/cpp_srvcli/share/cpp_srvcli/package.dsv
[3.350s] -- Installing: /home/yang/ros2_ws/install/cpp_srvcli/share/ament_index/resource_index/packages/cpp_srvcli
[3.350s] -- Installing: /home/yang/ros2_ws/install/cpp_srvcli/share/cpp_srvcli/cmake/cpp_srvcliConfig.cmake
[3.350s] -- Installing: /home/yang/ros2_ws/install/cpp_srvcli/share/cpp_srvcli/cmake/cpp_srvcliConfig-version.cmake
[3.350s] -- Installing: /home/yang/ros2_ws/install/cpp_srvcli/share/cpp_srvcli/package.xml
[3.351s] Invoked command in '/home/yang/ros2_ws/build/cpp_srvcli' returned '0': CMAKE_PREFIX_PATH=${CMAKE_PREFIX_PATH}:/home/yang/ros2_ws/install/py_srvcli:/opt/ros/iron /usr/bin/cmake --install /home/yang/ros2_ws/build/cpp_srvcli
