[0.309s] Invoking command in '/home/yang/ros2_ws/src/py_srvcli': PYTHONPATH=/home/yang/ros2_ws/build/py_srvcli/prefix_override:/home/yang/ros2_ws/install/py_srvcli/lib/python3.10/site-packages:/home/yang/ros2_ws/install/tutorial_interfaces/lib/python3.10/site-packages:/home/yang/ros2_ws/install/py_srvcli/lib/python3.10/site-packages:/home/yang/ros2_ws/install/py_pubsub/lib/python3.10/site-packages:/opt/ros/iron/lib/python3.10/site-packages /usr/bin/python3 -W ignore:setup.py install is deprecated setup.py egg_info --egg-base ../../build/py_srvcli build --build-base /home/yang/ros2_ws/build/py_srvcli/build install --record /home/yang/ros2_ws/build/py_srvcli/install.log --single-version-externally-managed install_data
[0.432s] running egg_info
[0.432s] creating ../../build/py_srvcli/py_srvcli.egg-info
[0.432s] writing ../../build/py_srvcli/py_srvcli.egg-info/PKG-INFO
[0.432s] writing dependency_links to ../../build/py_srvcli/py_srvcli.egg-info/dependency_links.txt
[0.433s] writing entry points to ../../build/py_srvcli/py_srvcli.egg-info/entry_points.txt
[0.433s] writing requirements to ../../build/py_srvcli/py_srvcli.egg-info/requires.txt
[0.433s] writing top-level names to ../../build/py_srvcli/py_srvcli.egg-info/top_level.txt
[0.433s] writing manifest file '../../build/py_srvcli/py_srvcli.egg-info/SOURCES.txt'
[0.434s] reading manifest file '../../build/py_srvcli/py_srvcli.egg-info/SOURCES.txt'
[0.434s] adding license file 'LICENSE'
[0.434s] writing manifest file '../../build/py_srvcli/py_srvcli.egg-info/SOURCES.txt'
[0.434s] running build
[0.434s] running build_py
[0.434s] creating /home/yang/ros2_ws/build/py_srvcli/build
[0.434s] creating /home/yang/ros2_ws/build/py_srvcli/build/lib
[0.434s] creating /home/yang/ros2_ws/build/py_srvcli/build/lib/py_srvcli
[0.434s] copying py_srvcli/service_member_function.py -> /home/yang/ros2_ws/build/py_srvcli/build/lib/py_srvcli
[0.434s] copying py_srvcli/sensor_client.py -> /home/yang/ros2_ws/build/py_srvcli/build/lib/py_srvcli
[0.435s] copying py_srvcli/sensor_server.py -> /home/yang/ros2_ws/build/py_srvcli/build/lib/py_srvcli
[0.435s] copying py_srvcli/client_member_function.py -> /home/yang/ros2_ws/build/py_srvcli/build/lib/py_srvcli
[0.435s] copying py_srvcli/__init__.py -> /home/yang/ros2_ws/build/py_srvcli/build/lib/py_srvcli
[0.435s] running install
[0.435s] running install_lib
[0.435s] creating /home/yang/ros2_ws/install/py_srvcli/lib/python3.10/site-packages/py_srvcli
[0.435s] copying /home/yang/ros2_ws/build/py_srvcli/build/lib/py_srvcli/service_member_function.py -> /home/yang/ros2_ws/install/py_srvcli/lib/python3.10/site-packages/py_srvcli
[0.435s] copying /home/yang/ros2_ws/build/py_srvcli/build/lib/py_srvcli/sensor_client.py -> /home/yang/ros2_ws/install/py_srvcli/lib/python3.10/site-packages/py_srvcli
[0.435s] copying /home/yang/ros2_ws/build/py_srvcli/build/lib/py_srvcli/sensor_server.py -> /home/yang/ros2_ws/install/py_srvcli/lib/python3.10/site-packages/py_srvcli
[0.435s] copying /home/yang/ros2_ws/build/py_srvcli/build/lib/py_srvcli/client_member_function.py -> /home/yang/ros2_ws/install/py_srvcli/lib/python3.10/site-packages/py_srvcli
[0.435s] copying /home/yang/ros2_ws/build/py_srvcli/build/lib/py_srvcli/__init__.py -> /home/yang/ros2_ws/install/py_srvcli/lib/python3.10/site-packages/py_srvcli
[0.435s] byte-compiling /home/yang/ros2_ws/install/py_srvcli/lib/python3.10/site-packages/py_srvcli/service_member_function.py to service_member_function.cpython-310.pyc
[0.436s] byte-compiling /home/yang/ros2_ws/install/py_srvcli/lib/python3.10/site-packages/py_srvcli/sensor_client.py to sensor_client.cpython-310.pyc
[0.436s] byte-compiling /home/yang/ros2_ws/install/py_srvcli/lib/python3.10/site-packages/py_srvcli/sensor_server.py to sensor_server.cpython-310.pyc
[0.436s] byte-compiling /home/yang/ros2_ws/install/py_srvcli/lib/python3.10/site-packages/py_srvcli/client_member_function.py to client_member_function.cpython-310.pyc
[0.437s] byte-compiling /home/yang/ros2_ws/install/py_srvcli/lib/python3.10/site-packages/py_srvcli/__init__.py to __init__.cpython-310.pyc
[0.437s] running install_data
[0.437s] creating /home/yang/ros2_ws/install/py_srvcli/share/ament_index
[0.437s] creating /home/yang/ros2_ws/install/py_srvcli/share/ament_index/resource_index
[0.437s] creating /home/yang/ros2_ws/install/py_srvcli/share/ament_index/resource_index/packages
[0.437s] copying resource/py_srvcli -> /home/yang/ros2_ws/install/py_srvcli/share/ament_index/resource_index/packages
[0.437s] copying package.xml -> /home/yang/ros2_ws/install/py_srvcli/share/py_srvcli
[0.437s] running install_egg_info
[0.438s] Copying ../../build/py_srvcli/py_srvcli.egg-info to /home/yang/ros2_ws/install/py_srvcli/lib/python3.10/site-packages/py_srvcli-0.0.0-py3.10.egg-info
[0.438s] running install_scripts
[0.450s] Installing client script to /home/yang/ros2_ws/install/py_srvcli/lib/py_srvcli
[0.450s] Installing service script to /home/yang/ros2_ws/install/py_srvcli/lib/py_srvcli
[0.450s] writing list of installed files to '/home/yang/ros2_ws/build/py_srvcli/install.log'
[0.461s] Invoked command in '/home/yang/ros2_ws/src/py_srvcli' returned '0': PYTHONPATH=/home/yang/ros2_ws/build/py_srvcli/prefix_override:/home/yang/ros2_ws/install/py_srvcli/lib/python3.10/site-packages:/home/yang/ros2_ws/install/tutorial_interfaces/lib/python3.10/site-packages:/home/yang/ros2_ws/install/py_srvcli/lib/python3.10/site-packages:/home/yang/ros2_ws/install/py_pubsub/lib/python3.10/site-packages:/opt/ros/iron/lib/python3.10/site-packages /usr/bin/python3 -W ignore:setup.py install is deprecated setup.py egg_info --egg-base ../../build/py_srvcli build --build-base /home/yang/ros2_ws/build/py_srvcli/build install --record /home/yang/ros2_ws/build/py_srvcli/install.log --single-version-externally-managed install_data
