[  2%] Built target cpp_sensor_server__rosidl_generator_type_description
[  2%] Built target ament_cmake_python_copy_cpp_sensor_server
[  5%] Built target cpp_sensor_server__cpp
[ 17%] Built target cpp_sensor_server__rosidl_generator_c
[ 25%] Built target cpp_sensor_server__rosidl_typesupport_c
[ 60%] Built target cpp_sensor_server__rosidl_typesupport_cpp
[ 60%] Built target cpp_sensor_server__rosidl_typesupport_fastrtps_cpp
[ 60%] Built target cpp_sensor_server__rosidl_typesupport_fastrtps_c
[ 60%] Built target cpp_sensor_server__rosidl_typesupport_introspection_cpp
[ 62%] Built target cpp_sensor_server__rosidl_typesupport_introspection_c
[ 62%] Built target cpp_sensor_server
[35m[1mConsolidate compiler generated dependencies of target sensor_server2[0m
[ 65%] Built target cpp_sensor_server__py
[ 70%] Built target sensor_client
[ 75%] Built target sensor_server
[ 80%] Built target cpp_sensor_server__rosidl_generator_py
[ 82%] [32mBuilding CXX object CMakeFiles/sensor_server2.dir/src/sensor_server2.cpp.o[0m
[ 97%] Built target cpp_sensor_server__rosidl_typesupport_introspection_c__pyext
[ 97%] Built target cpp_sensor_server__rosidl_typesupport_c__pyext
[ 97%] Built target cpp_sensor_server__rosidl_typesupport_fastrtps_c__pyext
running egg_info
writing cpp_sensor_server.egg-info/PKG-INFO
writing dependency_links to cpp_sensor_server.egg-info/dependency_links.txt
writing top-level names to cpp_sensor_server.egg-info/top_level.txt
reading manifest file 'cpp_sensor_server.egg-info/SOURCES.txt'
writing manifest file 'cpp_sensor_server.egg-info/SOURCES.txt'
[ 97%] Built target ament_cmake_python_build_cpp_sensor_server_egg
[01m[K/home/yang/ros2_ws/src/cpp_sensor_server/src/sensor_server2.cpp:[m[K In member function ‘[01m[Kvoid SensorServer2::handle_sensor_data(std::shared_ptr<cpp_sensor_server::srv::SensorData_Request_<std::allocator<void> > >, std::shared_ptr<cpp_sensor_server::srv::SensorData_Response_<std::allocator<void> > >)[m[K’:
[01m[K/home/yang/ros2_ws/src/cpp_sensor_server/src/sensor_server2.cpp:23:12:[m[K [01;35m[Kwarning: [m[Kunused variable ‘[01m[Klen[m[K’ [[01;35m[K]8;;https://gcc.gnu.org/onlinedocs/gcc/Warning-Options.html#index-Wunused-variable-Wunused-variable]8;;[m[K]
   23 |     size_t [01;35m[Klen[m[K = socket_.read_some(asio::buffer(buffer), ignored_error);
      |            [01;35m[K^~~[m[K
[100%] [32m[1mLinking CXX executable sensor_server2[0m
[100%] Built target sensor_server2
-- Install configuration: ""
-- Up-to-date: /home/yang/ros2_ws/install/cpp_sensor_server/share/ament_index/resource_index/rosidl_interfaces/cpp_sensor_server
-- Up-to-date: /home/yang/ros2_ws/install/cpp_sensor_server/share/cpp_sensor_server/srv/SensorData.json
-- Up-to-date: /home/yang/ros2_ws/install/cpp_sensor_server/include/cpp_sensor_server/cpp_sensor_server
-- Up-to-date: /home/yang/ros2_ws/install/cpp_sensor_server/include/cpp_sensor_server/cpp_sensor_server/srv
-- Up-to-date: /home/yang/ros2_ws/install/cpp_sensor_server/include/cpp_sensor_server/cpp_sensor_server/srv/detail
-- Up-to-date: /home/yang/ros2_ws/install/cpp_sensor_server/include/cpp_sensor_server/cpp_sensor_server/srv/detail/sensor_data__description.c
-- Up-to-date: /home/yang/ros2_ws/install/cpp_sensor_server/include/cpp_sensor_server/cpp_sensor_server/srv/detail/sensor_data__struct.h
-- Up-to-date: /home/yang/ros2_ws/install/cpp_sensor_server/include/cpp_sensor_server/cpp_sensor_server/srv/detail/sensor_data__functions.c
-- Up-to-date: /home/yang/ros2_ws/install/cpp_sensor_server/include/cpp_sensor_server/cpp_sensor_server/srv/detail/sensor_data__functions.h
-- Up-to-date: /home/yang/ros2_ws/install/cpp_sensor_server/include/cpp_sensor_server/cpp_sensor_server/srv/detail/sensor_data__type_support.c
-- Up-to-date: /home/yang/ros2_ws/install/cpp_sensor_server/include/cpp_sensor_server/cpp_sensor_server/srv/detail/sensor_data__type_support.h
-- Up-to-date: /home/yang/ros2_ws/install/cpp_sensor_server/include/cpp_sensor_server/cpp_sensor_server/srv/sensor_data.h
-- Up-to-date: /home/yang/ros2_ws/install/cpp_sensor_server/include/cpp_sensor_server/cpp_sensor_server/msg
-- Up-to-date: /home/yang/ros2_ws/install/cpp_sensor_server/include/cpp_sensor_server/cpp_sensor_server/msg/rosidl_generator_c__visibility_control.h
-- Up-to-date: /home/yang/ros2_ws/install/cpp_sensor_server/share/cpp_sensor_server/environment/library_path.sh
-- Up-to-date: /home/yang/ros2_ws/install/cpp_sensor_server/share/cpp_sensor_server/environment/library_path.dsv
-- Up-to-date: /home/yang/ros2_ws/install/cpp_sensor_server/lib/libcpp_sensor_server__rosidl_generator_c.so
-- Up-to-date: /home/yang/ros2_ws/install/cpp_sensor_server/include/cpp_sensor_server/cpp_sensor_server
-- Up-to-date: /home/yang/ros2_ws/install/cpp_sensor_server/include/cpp_sensor_server/cpp_sensor_server/srv
-- Up-to-date: /home/yang/ros2_ws/install/cpp_sensor_server/include/cpp_sensor_server/cpp_sensor_server/srv/detail
-- Up-to-date: /home/yang/ros2_ws/install/cpp_sensor_server/include/cpp_sensor_server/cpp_sensor_server/srv/detail/sensor_data__rosidl_typesupport_fastrtps_c.h
-- Up-to-date: /home/yang/ros2_ws/install/cpp_sensor_server/include/cpp_sensor_server/cpp_sensor_server/msg
-- Up-to-date: /home/yang/ros2_ws/install/cpp_sensor_server/include/cpp_sensor_server/cpp_sensor_server/msg/rosidl_typesupport_fastrtps_c__visibility_control.h
-- Up-to-date: /home/yang/ros2_ws/install/cpp_sensor_server/lib/libcpp_sensor_server__rosidl_typesupport_fastrtps_c.so
-- Up-to-date: /home/yang/ros2_ws/install/cpp_sensor_server/include/cpp_sensor_server/cpp_sensor_server
-- Up-to-date: /home/yang/ros2_ws/install/cpp_sensor_server/include/cpp_sensor_server/cpp_sensor_server/srv
-- Up-to-date: /home/yang/ros2_ws/install/cpp_sensor_server/include/cpp_sensor_server/cpp_sensor_server/srv/sensor_data.hpp
-- Up-to-date: /home/yang/ros2_ws/install/cpp_sensor_server/include/cpp_sensor_server/cpp_sensor_server/srv/detail
-- Up-to-date: /home/yang/ros2_ws/install/cpp_sensor_server/include/cpp_sensor_server/cpp_sensor_server/srv/detail/sensor_data__traits.hpp
-- Up-to-date: /home/yang/ros2_ws/install/cpp_sensor_server/include/cpp_sensor_server/cpp_sensor_server/srv/detail/sensor_data__builder.hpp
-- Up-to-date: /home/yang/ros2_ws/install/cpp_sensor_server/include/cpp_sensor_server/cpp_sensor_server/srv/detail/sensor_data__struct.hpp
-- Up-to-date: /home/yang/ros2_ws/install/cpp_sensor_server/include/cpp_sensor_server/cpp_sensor_server
-- Up-to-date: /home/yang/ros2_ws/install/cpp_sensor_server/include/cpp_sensor_server/cpp_sensor_server/srv
-- Up-to-date: /home/yang/ros2_ws/install/cpp_sensor_server/include/cpp_sensor_server/cpp_sensor_server/srv/detail
-- Up-to-date: /home/yang/ros2_ws/install/cpp_sensor_server/include/cpp_sensor_server/cpp_sensor_server/srv/detail/sensor_data__rosidl_typesupport_fastrtps_cpp.hpp
-- Up-to-date: /home/yang/ros2_ws/install/cpp_sensor_server/include/cpp_sensor_server/cpp_sensor_server/srv/detail/dds_fastrtps
-- Up-to-date: /home/yang/ros2_ws/install/cpp_sensor_server/include/cpp_sensor_server/cpp_sensor_server/msg
-- Up-to-date: /home/yang/ros2_ws/install/cpp_sensor_server/include/cpp_sensor_server/cpp_sensor_server/msg/rosidl_typesupport_fastrtps_cpp__visibility_control.h
-- Up-to-date: /home/yang/ros2_ws/install/cpp_sensor_server/lib/libcpp_sensor_server__rosidl_typesupport_fastrtps_cpp.so
-- Up-to-date: /home/yang/ros2_ws/install/cpp_sensor_server/include/cpp_sensor_server/cpp_sensor_server
-- Up-to-date: /home/yang/ros2_ws/install/cpp_sensor_server/include/cpp_sensor_server/cpp_sensor_server/srv
-- Up-to-date: /home/yang/ros2_ws/install/cpp_sensor_server/include/cpp_sensor_server/cpp_sensor_server/srv/detail
-- Up-to-date: /home/yang/ros2_ws/install/cpp_sensor_server/include/cpp_sensor_server/cpp_sensor_server/srv/detail/sensor_data__rosidl_typesupport_introspection_c.h
-- Up-to-date: /home/yang/ros2_ws/install/cpp_sensor_server/include/cpp_sensor_server/cpp_sensor_server/srv/detail/sensor_data__type_support.c
-- Up-to-date: /home/yang/ros2_ws/install/cpp_sensor_server/include/cpp_sensor_server/cpp_sensor_server/msg
-- Up-to-date: /home/yang/ros2_ws/install/cpp_sensor_server/include/cpp_sensor_server/cpp_sensor_server/msg/rosidl_typesupport_introspection_c__visibility_control.h
-- Up-to-date: /home/yang/ros2_ws/install/cpp_sensor_server/lib/libcpp_sensor_server__rosidl_typesupport_introspection_c.so
-- Up-to-date: /home/yang/ros2_ws/install/cpp_sensor_server/lib/libcpp_sensor_server__rosidl_typesupport_c.so
-- Up-to-date: /home/yang/ros2_ws/install/cpp_sensor_server/include/cpp_sensor_server/cpp_sensor_server
-- Up-to-date: /home/yang/ros2_ws/install/cpp_sensor_server/include/cpp_sensor_server/cpp_sensor_server/srv
-- Up-to-date: /home/yang/ros2_ws/install/cpp_sensor_server/include/cpp_sensor_server/cpp_sensor_server/srv/detail
-- Up-to-date: /home/yang/ros2_ws/install/cpp_sensor_server/include/cpp_sensor_server/cpp_sensor_server/srv/detail/sensor_data__rosidl_typesupport_introspection_cpp.hpp
-- Up-to-date: /home/yang/ros2_ws/install/cpp_sensor_server/include/cpp_sensor_server/cpp_sensor_server/srv/detail/sensor_data__type_support.cpp
-- Up-to-date: /home/yang/ros2_ws/install/cpp_sensor_server/lib/libcpp_sensor_server__rosidl_typesupport_introspection_cpp.so
-- Up-to-date: /home/yang/ros2_ws/install/cpp_sensor_server/lib/libcpp_sensor_server__rosidl_typesupport_cpp.so
-- Up-to-date: /home/yang/ros2_ws/install/cpp_sensor_server/share/cpp_sensor_server/environment/pythonpath.sh
-- Up-to-date: /home/yang/ros2_ws/install/cpp_sensor_server/share/cpp_sensor_server/environment/pythonpath.dsv
-- Up-to-date: /home/yang/ros2_ws/install/cpp_sensor_server/lib/python3.10/site-packages/cpp_sensor_server-0.0.0-py3.10.egg-info
-- Installing: /home/yang/ros2_ws/install/cpp_sensor_server/lib/python3.10/site-packages/cpp_sensor_server-0.0.0-py3.10.egg-info/SOURCES.txt
-- Installing: /home/yang/ros2_ws/install/cpp_sensor_server/lib/python3.10/site-packages/cpp_sensor_server-0.0.0-py3.10.egg-info/PKG-INFO
-- Installing: /home/yang/ros2_ws/install/cpp_sensor_server/lib/python3.10/site-packages/cpp_sensor_server-0.0.0-py3.10.egg-info/dependency_links.txt
-- Installing: /home/yang/ros2_ws/install/cpp_sensor_server/lib/python3.10/site-packages/cpp_sensor_server-0.0.0-py3.10.egg-info/top_level.txt
-- Up-to-date: /home/yang/ros2_ws/install/cpp_sensor_server/lib/python3.10/site-packages/cpp_sensor_server
-- Up-to-date: /home/yang/ros2_ws/install/cpp_sensor_server/lib/python3.10/site-packages/cpp_sensor_server/_cpp_sensor_server_s.ep.rosidl_typesupport_c.c
-- Up-to-date: /home/yang/ros2_ws/install/cpp_sensor_server/lib/python3.10/site-packages/cpp_sensor_server/_cpp_sensor_server_s.ep.rosidl_typesupport_fastrtps_c.c
-- Up-to-date: /home/yang/ros2_ws/install/cpp_sensor_server/lib/python3.10/site-packages/cpp_sensor_server/_cpp_sensor_server_s.ep.rosidl_typesupport_introspection_c.c
-- Up-to-date: /home/yang/ros2_ws/install/cpp_sensor_server/lib/python3.10/site-packages/cpp_sensor_server/srv
-- Up-to-date: /home/yang/ros2_ws/install/cpp_sensor_server/lib/python3.10/site-packages/cpp_sensor_server/srv/_sensor_data.py
-- Up-to-date: /home/yang/ros2_ws/install/cpp_sensor_server/lib/python3.10/site-packages/cpp_sensor_server/srv/_sensor_data_s.c
-- Up-to-date: /home/yang/ros2_ws/install/cpp_sensor_server/lib/python3.10/site-packages/cpp_sensor_server/srv/__init__.py
-- Up-to-date: /home/yang/ros2_ws/install/cpp_sensor_server/lib/python3.10/site-packages/cpp_sensor_server/cpp_sensor_server_s__rosidl_typesupport_introspection_c.cpython-310-x86_64-linux-gnu.so
-- Up-to-date: /home/yang/ros2_ws/install/cpp_sensor_server/lib/python3.10/site-packages/cpp_sensor_server/cpp_sensor_server_s__rosidl_typesupport_fastrtps_c.cpython-310-x86_64-linux-gnu.so
-- Up-to-date: /home/yang/ros2_ws/install/cpp_sensor_server/lib/python3.10/site-packages/cpp_sensor_server/cpp_sensor_server_s__rosidl_typesupport_c.cpython-310-x86_64-linux-gnu.so
-- Up-to-date: /home/yang/ros2_ws/install/cpp_sensor_server/lib/python3.10/site-packages/cpp_sensor_server/libcpp_sensor_server__rosidl_generator_py.so
-- Installing: /home/yang/ros2_ws/install/cpp_sensor_server/lib/python3.10/site-packages/cpp_sensor_server/__init__.py
Listing '/home/yang/ros2_ws/install/cpp_sensor_server/lib/python3.10/site-packages/cpp_sensor_server'...
Compiling '/home/yang/ros2_ws/install/cpp_sensor_server/lib/python3.10/site-packages/cpp_sensor_server/__init__.py'...
Listing '/home/yang/ros2_ws/install/cpp_sensor_server/lib/python3.10/site-packages/cpp_sensor_server/srv'...
-- Up-to-date: /home/yang/ros2_ws/install/cpp_sensor_server/lib/python3.10/site-packages/cpp_sensor_server/cpp_sensor_server_s__rosidl_typesupport_fastrtps_c.cpython-310-x86_64-linux-gnu.so
-- Up-to-date: /home/yang/ros2_ws/install/cpp_sensor_server/lib/python3.10/site-packages/cpp_sensor_server/cpp_sensor_server_s__rosidl_typesupport_introspection_c.cpython-310-x86_64-linux-gnu.so
-- Up-to-date: /home/yang/ros2_ws/install/cpp_sensor_server/lib/python3.10/site-packages/cpp_sensor_server/cpp_sensor_server_s__rosidl_typesupport_c.cpython-310-x86_64-linux-gnu.so
-- Up-to-date: /home/yang/ros2_ws/install/cpp_sensor_server/lib/libcpp_sensor_server__rosidl_generator_py.so
-- Up-to-date: /home/yang/ros2_ws/install/cpp_sensor_server/share/cpp_sensor_server/srv/SensorData.idl
-- Up-to-date: /home/yang/ros2_ws/install/cpp_sensor_server/share/cpp_sensor_server/srv/SensorData.srv
-- Up-to-date: /home/yang/ros2_ws/install/cpp_sensor_server/share/cpp_sensor_server/srv/SensorData_Request.msg
-- Up-to-date: /home/yang/ros2_ws/install/cpp_sensor_server/share/cpp_sensor_server/srv/SensorData_Response.msg
-- Up-to-date: /home/yang/ros2_ws/install/cpp_sensor_server/lib/cpp_sensor_server/sensor_server
-- Installing: /home/yang/ros2_ws/install/cpp_sensor_server/lib/cpp_sensor_server/sensor_server2
-- Set runtime path of "/home/yang/ros2_ws/install/cpp_sensor_server/lib/cpp_sensor_server/sensor_server2" to ""
-- Up-to-date: /home/yang/ros2_ws/install/cpp_sensor_server/lib/cpp_sensor_server/sensor_client
-- Up-to-date: /home/yang/ros2_ws/install/cpp_sensor_server/share/ament_index/resource_index/package_run_dependencies/cpp_sensor_server
-- Up-to-date: /home/yang/ros2_ws/install/cpp_sensor_server/share/ament_index/resource_index/parent_prefix_path/cpp_sensor_server
-- Up-to-date: /home/yang/ros2_ws/install/cpp_sensor_server/share/cpp_sensor_server/environment/ament_prefix_path.sh
-- Up-to-date: /home/yang/ros2_ws/install/cpp_sensor_server/share/cpp_sensor_server/environment/ament_prefix_path.dsv
-- Up-to-date: /home/yang/ros2_ws/install/cpp_sensor_server/share/cpp_sensor_server/environment/path.sh
-- Up-to-date: /home/yang/ros2_ws/install/cpp_sensor_server/share/cpp_sensor_server/environment/path.dsv
-- Up-to-date: /home/yang/ros2_ws/install/cpp_sensor_server/share/cpp_sensor_server/local_setup.bash
-- Up-to-date: /home/yang/ros2_ws/install/cpp_sensor_server/share/cpp_sensor_server/local_setup.sh
-- Up-to-date: /home/yang/ros2_ws/install/cpp_sensor_server/share/cpp_sensor_server/local_setup.zsh
-- Up-to-date: /home/yang/ros2_ws/install/cpp_sensor_server/share/cpp_sensor_server/local_setup.dsv
-- Installing: /home/yang/ros2_ws/install/cpp_sensor_server/share/cpp_sensor_server/package.dsv
-- Up-to-date: /home/yang/ros2_ws/install/cpp_sensor_server/share/ament_index/resource_index/packages/cpp_sensor_server
-- Up-to-date: /home/yang/ros2_ws/install/cpp_sensor_server/share/cpp_sensor_server/cmake/export_cpp_sensor_server__rosidl_generator_cExport.cmake
-- Up-to-date: /home/yang/ros2_ws/install/cpp_sensor_server/share/cpp_sensor_server/cmake/export_cpp_sensor_server__rosidl_generator_cExport-noconfig.cmake
-- Up-to-date: /home/yang/ros2_ws/install/cpp_sensor_server/share/cpp_sensor_server/cmake/export_cpp_sensor_server__rosidl_typesupport_fastrtps_cExport.cmake
-- Up-to-date: /home/yang/ros2_ws/install/cpp_sensor_server/share/cpp_sensor_server/cmake/export_cpp_sensor_server__rosidl_typesupport_fastrtps_cExport-noconfig.cmake
-- Up-to-date: /home/yang/ros2_ws/install/cpp_sensor_server/share/cpp_sensor_server/cmake/export_cpp_sensor_server__rosidl_generator_cppExport.cmake
-- Up-to-date: /home/yang/ros2_ws/install/cpp_sensor_server/share/cpp_sensor_server/cmake/export_cpp_sensor_server__rosidl_typesupport_fastrtps_cppExport.cmake
-- Up-to-date: /home/yang/ros2_ws/install/cpp_sensor_server/share/cpp_sensor_server/cmake/export_cpp_sensor_server__rosidl_typesupport_fastrtps_cppExport-noconfig.cmake
-- Up-to-date: /home/yang/ros2_ws/install/cpp_sensor_server/share/cpp_sensor_server/cmake/cpp_sensor_server__rosidl_typesupport_introspection_cExport.cmake
-- Up-to-date: /home/yang/ros2_ws/install/cpp_sensor_server/share/cpp_sensor_server/cmake/cpp_sensor_server__rosidl_typesupport_introspection_cExport-noconfig.cmake
-- Up-to-date: /home/yang/ros2_ws/install/cpp_sensor_server/share/cpp_sensor_server/cmake/cpp_sensor_server__rosidl_typesupport_cExport.cmake
-- Up-to-date: /home/yang/ros2_ws/install/cpp_sensor_server/share/cpp_sensor_server/cmake/cpp_sensor_server__rosidl_typesupport_cExport-noconfig.cmake
-- Up-to-date: /home/yang/ros2_ws/install/cpp_sensor_server/share/cpp_sensor_server/cmake/cpp_sensor_server__rosidl_typesupport_introspection_cppExport.cmake
-- Up-to-date: /home/yang/ros2_ws/install/cpp_sensor_server/share/cpp_sensor_server/cmake/cpp_sensor_server__rosidl_typesupport_introspection_cppExport-noconfig.cmake
-- Up-to-date: /home/yang/ros2_ws/install/cpp_sensor_server/share/cpp_sensor_server/cmake/cpp_sensor_server__rosidl_typesupport_cppExport.cmake
-- Up-to-date: /home/yang/ros2_ws/install/cpp_sensor_server/share/cpp_sensor_server/cmake/cpp_sensor_server__rosidl_typesupport_cppExport-noconfig.cmake
-- Up-to-date: /home/yang/ros2_ws/install/cpp_sensor_server/share/cpp_sensor_server/cmake/export_cpp_sensor_server__rosidl_generator_pyExport.cmake
-- Up-to-date: /home/yang/ros2_ws/install/cpp_sensor_server/share/cpp_sensor_server/cmake/export_cpp_sensor_server__rosidl_generator_pyExport-noconfig.cmake
-- Up-to-date: /home/yang/ros2_ws/install/cpp_sensor_server/share/cpp_sensor_server/cmake/rosidl_cmake-extras.cmake
-- Up-to-date: /home/yang/ros2_ws/install/cpp_sensor_server/share/cpp_sensor_server/cmake/ament_cmake_export_dependencies-extras.cmake
-- Up-to-date: /home/yang/ros2_ws/install/cpp_sensor_server/share/cpp_sensor_server/cmake/ament_cmake_export_include_directories-extras.cmake
-- Up-to-date: /home/yang/ros2_ws/install/cpp_sensor_server/share/cpp_sensor_server/cmake/ament_cmake_export_libraries-extras.cmake
-- Up-to-date: /home/yang/ros2_ws/install/cpp_sensor_server/share/cpp_sensor_server/cmake/ament_cmake_export_targets-extras.cmake
-- Up-to-date: /home/yang/ros2_ws/install/cpp_sensor_server/share/cpp_sensor_server/cmake/rosidl_cmake_export_typesupport_targets-extras.cmake
-- Up-to-date: /home/yang/ros2_ws/install/cpp_sensor_server/share/cpp_sensor_server/cmake/rosidl_cmake_export_typesupport_libraries-extras.cmake
-- Up-to-date: /home/yang/ros2_ws/install/cpp_sensor_server/share/cpp_sensor_server/cmake/cpp_sensor_serverConfig.cmake
-- Up-to-date: /home/yang/ros2_ws/install/cpp_sensor_server/share/cpp_sensor_server/cmake/cpp_sensor_serverConfig-version.cmake
-- Up-to-date: /home/yang/ros2_ws/install/cpp_sensor_server/share/cpp_sensor_server/package.xml
